[0.526s] DEBUG:colcon:Command line arguments: ['/usr/bin/colcon', 'build', '--packages-select', 'arm_control_interfaces', '--cmake-args', '-DPYTHON_EXECUTABLE=/usr/bin/python3', '-DPython3_EXECUTABLE=/usr/bin/python3']
[0.526s] DEBUG:colcon:Parsed command line arguments: Namespace(log_base=None, log_level=None, verb_name='build', build_base='build', install_base='install', merge_install=False, symlink_install=False, test_result_base=None, continue_on_error=False, executor='parallel', parallel_workers=24, event_handlers=None, ignore_user_meta=False, metas=['./colcon.meta'], base_paths=['.'], packages_ignore=None, packages_ignore_regex=None, paths=None, packages_up_to=None, packages_up_to_regex=None, packages_above=None, packages_above_and_dependencies=None, packages_above_depth=None, packages_select_by_dep=None, packages_skip_by_dep=None, packages_skip_up_to=None, packages_select_build_failed=False, packages_skip_build_finished=False, packages_select_test_failures=False, packages_skip_test_passed=False, packages_select=['arm_control_interfaces'], packages_skip=None, packages_select_regex=None, packages_skip_regex=None, packages_start=None, packages_end=None, allow_overriding=[], cmake_args=['-DPYTHON_EXECUTABLE=/usr/bin/python3', '-DPython3_EXECUTABLE=/usr/bin/python3'], cmake_target=None, cmake_target_skip_unavailable=False, cmake_clean_cache=False, cmake_clean_first=False, cmake_force_configure=False, ament_cmake_args=None, catkin_cmake_args=None, catkin_skip_building_tests=False, verb_parser=<colcon_defaults.argument_parser.defaults.DefaultArgumentsDecorator object at 0x73c60ad32c60>, verb_extension=<colcon_core.verb.build.BuildVerb object at 0x73c60ad329f0>, main=<bound method BuildVerb.main of <colcon_core.verb.build.BuildVerb object at 0x73c60ad329f0>>)
[0.673s] Level 1:colcon.colcon_core.package_discovery:discover_packages(colcon_meta) check parameters
[0.674s] Level 1:colcon.colcon_core.package_discovery:discover_packages(recursive) check parameters
[0.674s] Level 1:colcon.colcon_core.package_discovery:discover_packages(ignore) check parameters
[0.674s] Level 1:colcon.colcon_core.package_discovery:discover_packages(path) check parameters
[0.674s] Level 1:colcon.colcon_core.package_discovery:discover_packages(colcon_meta) discover
[0.675s] Level 1:colcon.colcon_core.package_discovery:discover_packages(recursive) discover
[0.675s] INFO:colcon.colcon_core.package_discovery:Crawling recursively for packages in '/home/connor/robotics_projects/surgical-arm-ros2'
[0.676s] Level 1:colcon.colcon_core.package_identification:_identify(.) by extensions ['ignore', 'ignore_ament_install']
[0.676s] Level 1:colcon.colcon_core.package_identification:_identify(.) by extension 'ignore'
[0.677s] Level 1:colcon.colcon_core.package_identification:_identify(.) by extension 'ignore_ament_install'
[0.677s] Level 1:colcon.colcon_core.package_identification:_identify(.) by extensions ['colcon_pkg']
[0.677s] Level 1:colcon.colcon_core.package_identification:_identify(.) by extension 'colcon_pkg'
[0.677s] Level 1:colcon.colcon_core.package_identification:_identify(.) by extensions ['colcon_meta']
[0.677s] Level 1:colcon.colcon_core.package_identification:_identify(.) by extension 'colcon_meta'
[0.678s] Level 1:colcon.colcon_core.package_identification:_identify(.) by extensions ['ros']
[0.678s] Level 1:colcon.colcon_core.package_identification:_identify(.) by extension 'ros'
[0.749s] Level 1:colcon.colcon_core.package_identification:_identify(.) by extensions ['cmake', 'python']
[0.750s] Level 1:colcon.colcon_core.package_identification:_identify(.) by extension 'cmake'
[0.750s] Level 1:colcon.colcon_core.package_identification:_identify(.) by extension 'python'
[0.750s] Level 1:colcon.colcon_core.package_identification:_identify(.) by extensions ['python_setup_py']
[0.750s] Level 1:colcon.colcon_core.package_identification:_identify(.) by extension 'python_setup_py'
[0.751s] Level 1:colcon.colcon_core.package_identification:_identify(build) by extensions ['ignore', 'ignore_ament_install']
[0.751s] Level 1:colcon.colcon_core.package_identification:_identify(build) by extension 'ignore'
[0.751s] Level 1:colcon.colcon_core.package_identification:_identify(build) ignored
[0.752s] Level 1:colcon.colcon_core.package_identification:_identify(install) by extensions ['ignore', 'ignore_ament_install']
[0.752s] Level 1:colcon.colcon_core.package_identification:_identify(install) by extension 'ignore'
[0.753s] Level 1:colcon.colcon_core.package_identification:_identify(install) ignored
[0.753s] Level 1:colcon.colcon_core.package_identification:_identify(log) by extensions ['ignore', 'ignore_ament_install']
[0.754s] Level 1:colcon.colcon_core.package_identification:_identify(log) by extension 'ignore'
[0.754s] Level 1:colcon.colcon_core.package_identification:_identify(log) ignored
[0.754s] Level 1:colcon.colcon_core.package_identification:_identify(old_and_tools) by extensions ['ignore', 'ignore_ament_install']
[0.755s] Level 1:colcon.colcon_core.package_identification:_identify(old_and_tools) by extension 'ignore'
[0.755s] Level 1:colcon.colcon_core.package_identification:_identify(old_and_tools) by extension 'ignore_ament_install'
[0.756s] Level 1:colcon.colcon_core.package_identification:_identify(old_and_tools) by extensions ['colcon_pkg']
[0.756s] Level 1:colcon.colcon_core.package_identification:_identify(old_and_tools) by extension 'colcon_pkg'
[0.757s] Level 1:colcon.colcon_core.package_identification:_identify(old_and_tools) by extensions ['colcon_meta']
[0.757s] Level 1:colcon.colcon_core.package_identification:_identify(old_and_tools) by extension 'colcon_meta'
[0.757s] Level 1:colcon.colcon_core.package_identification:_identify(old_and_tools) by extensions ['ros']
[0.758s] Level 1:colcon.colcon_core.package_identification:_identify(old_and_tools) by extension 'ros'
[0.758s] Level 1:colcon.colcon_core.package_identification:_identify(old_and_tools) by extensions ['cmake', 'python']
[0.759s] Level 1:colcon.colcon_core.package_identification:_identify(old_and_tools) by extension 'cmake'
[0.759s] Level 1:colcon.colcon_core.package_identification:_identify(old_and_tools) by extension 'python'
[0.760s] Level 1:colcon.colcon_core.package_identification:_identify(old_and_tools) by extensions ['python_setup_py']
[0.760s] Level 1:colcon.colcon_core.package_identification:_identify(old_and_tools) by extension 'python_setup_py'
[0.760s] Level 1:colcon.colcon_core.package_identification:_identify(src) by extensions ['ignore', 'ignore_ament_install']
[0.761s] Level 1:colcon.colcon_core.package_identification:_identify(src) by extension 'ignore'
[0.761s] Level 1:colcon.colcon_core.package_identification:_identify(src) by extension 'ignore_ament_install'
[0.762s] Level 1:colcon.colcon_core.package_identification:_identify(src) by extensions ['colcon_pkg']
[0.762s] Level 1:colcon.colcon_core.package_identification:_identify(src) by extension 'colcon_pkg'
[0.762s] Level 1:colcon.colcon_core.package_identification:_identify(src) by extensions ['colcon_meta']
[0.763s] Level 1:colcon.colcon_core.package_identification:_identify(src) by extension 'colcon_meta'
[0.763s] Level 1:colcon.colcon_core.package_identification:_identify(src) by extensions ['ros']
[0.763s] Level 1:colcon.colcon_core.package_identification:_identify(src) by extension 'ros'
[0.764s] Level 1:colcon.colcon_core.package_identification:_identify(src) by extensions ['cmake', 'python']
[0.764s] Level 1:colcon.colcon_core.package_identification:_identify(src) by extension 'cmake'
[0.764s] Level 1:colcon.colcon_core.package_identification:_identify(src) by extension 'python'
[0.765s] Level 1:colcon.colcon_core.package_identification:_identify(src) by extensions ['python_setup_py']
[0.765s] Level 1:colcon.colcon_core.package_identification:_identify(src) by extension 'python_setup_py'
[0.765s] Level 1:colcon.colcon_core.package_identification:_identify(src/arm_control) by extensions ['ignore', 'ignore_ament_install']
[0.766s] Level 1:colcon.colcon_core.package_identification:_identify(src/arm_control) by extension 'ignore'
[0.766s] Level 1:colcon.colcon_core.package_identification:_identify(src/arm_control) by extension 'ignore_ament_install'
[0.766s] Level 1:colcon.colcon_core.package_identification:_identify(src/arm_control) by extensions ['colcon_pkg']
[0.767s] Level 1:colcon.colcon_core.package_identification:_identify(src/arm_control) by extension 'colcon_pkg'
[0.767s] Level 1:colcon.colcon_core.package_identification:_identify(src/arm_control) by extensions ['colcon_meta']
[0.767s] Level 1:colcon.colcon_core.package_identification:_identify(src/arm_control) by extension 'colcon_meta'
[0.767s] Level 1:colcon.colcon_core.package_identification:_identify(src/arm_control) by extensions ['ros']
[0.767s] Level 1:colcon.colcon_core.package_identification:_identify(src/arm_control) by extension 'ros'
[0.775s] DEBUG:colcon.colcon_core.package_identification:Package 'src/arm_control' with type 'ros.ament_python' and name 'arm_control'
[0.776s] Level 1:colcon.colcon_core.package_identification:_identify(src/arm_control_interfaces) by extensions ['ignore', 'ignore_ament_install']
[0.776s] Level 1:colcon.colcon_core.package_identification:_identify(src/arm_control_interfaces) by extension 'ignore'
[0.776s] Level 1:colcon.colcon_core.package_identification:_identify(src/arm_control_interfaces) by extension 'ignore_ament_install'
[0.777s] Level 1:colcon.colcon_core.package_identification:_identify(src/arm_control_interfaces) by extensions ['colcon_pkg']
[0.777s] Level 1:colcon.colcon_core.package_identification:_identify(src/arm_control_interfaces) by extension 'colcon_pkg'
[0.777s] Level 1:colcon.colcon_core.package_identification:_identify(src/arm_control_interfaces) by extensions ['colcon_meta']
[0.777s] Level 1:colcon.colcon_core.package_identification:_identify(src/arm_control_interfaces) by extension 'colcon_meta'
[0.778s] Level 1:colcon.colcon_core.package_identification:_identify(src/arm_control_interfaces) by extensions ['ros']
[0.778s] Level 1:colcon.colcon_core.package_identification:_identify(src/arm_control_interfaces) by extension 'ros'
[0.779s] DEBUG:colcon.colcon_core.package_identification:Package 'src/arm_control_interfaces' with type 'ros.ament_cmake' and name 'arm_control_interfaces'
[0.779s] Level 1:colcon.colcon_core.package_identification:_identify(training_bags) by extensions ['ignore', 'ignore_ament_install']
[0.780s] Level 1:colcon.colcon_core.package_identification:_identify(training_bags) by extension 'ignore'
[0.780s] Level 1:colcon.colcon_core.package_identification:_identify(training_bags) by extension 'ignore_ament_install'
[0.780s] Level 1:colcon.colcon_core.package_identification:_identify(training_bags) by extensions ['colcon_pkg']
[0.780s] Level 1:colcon.colcon_core.package_identification:_identify(training_bags) by extension 'colcon_pkg'
[0.781s] Level 1:colcon.colcon_core.package_identification:_identify(training_bags) by extensions ['colcon_meta']
[0.781s] Level 1:colcon.colcon_core.package_identification:_identify(training_bags) by extension 'colcon_meta'
[0.781s] Level 1:colcon.colcon_core.package_identification:_identify(training_bags) by extensions ['ros']
[0.781s] Level 1:colcon.colcon_core.package_identification:_identify(training_bags) by extension 'ros'
[0.781s] Level 1:colcon.colcon_core.package_identification:_identify(training_bags) by extensions ['cmake', 'python']
[0.782s] Level 1:colcon.colcon_core.package_identification:_identify(training_bags) by extension 'cmake'
[0.782s] Level 1:colcon.colcon_core.package_identification:_identify(training_bags) by extension 'python'
[0.782s] Level 1:colcon.colcon_core.package_identification:_identify(training_bags) by extensions ['python_setup_py']
[0.782s] Level 1:colcon.colcon_core.package_identification:_identify(training_bags) by extension 'python_setup_py'
[0.782s] Level 1:colcon.colcon_core.package_identification:_identify(training_bags/training_episode_20260622_174229) by extensions ['ignore', 'ignore_ament_install']
[0.783s] Level 1:colcon.colcon_core.package_identification:_identify(training_bags/training_episode_20260622_174229) by extension 'ignore'
[0.783s] Level 1:colcon.colcon_core.package_identification:_identify(training_bags/training_episode_20260622_174229) by extension 'ignore_ament_install'
[0.783s] Level 1:colcon.colcon_core.package_identification:_identify(training_bags/training_episode_20260622_174229) by extensions ['colcon_pkg']
[0.784s] Level 1:colcon.colcon_core.package_identification:_identify(training_bags/training_episode_20260622_174229) by extension 'colcon_pkg'
[0.784s] Level 1:colcon.colcon_core.package_identification:_identify(training_bags/training_episode_20260622_174229) by extensions ['colcon_meta']
[0.784s] Level 1:colcon.colcon_core.package_identification:_identify(training_bags/training_episode_20260622_174229) by extension 'colcon_meta'
[0.784s] Level 1:colcon.colcon_core.package_identification:_identify(training_bags/training_episode_20260622_174229) by extensions ['ros']
[0.784s] Level 1:colcon.colcon_core.package_identification:_identify(training_bags/training_episode_20260622_174229) by extension 'ros'
[0.785s] Level 1:colcon.colcon_core.package_identification:_identify(training_bags/training_episode_20260622_174229) by extensions ['cmake', 'python']
[0.785s] Level 1:colcon.colcon_core.package_identification:_identify(training_bags/training_episode_20260622_174229) by extension 'cmake'
[0.785s] Level 1:colcon.colcon_core.package_identification:_identify(training_bags/training_episode_20260622_174229) by extension 'python'
[0.785s] Level 1:colcon.colcon_core.package_identification:_identify(training_bags/training_episode_20260622_174229) by extensions ['python_setup_py']
[0.786s] Level 1:colcon.colcon_core.package_identification:_identify(training_bags/training_episode_20260622_174229) by extension 'python_setup_py'
[0.786s] Level 1:colcon.colcon_core.package_identification:_identify(training_bags/training_episode_20260622_174330) by extensions ['ignore', 'ignore_ament_install']
[0.787s] Level 1:colcon.colcon_core.package_identification:_identify(training_bags/training_episode_20260622_174330) by extension 'ignore'
[0.787s] Level 1:colcon.colcon_core.package_identification:_identify(training_bags/training_episode_20260622_174330) by extension 'ignore_ament_install'
[0.788s] Level 1:colcon.colcon_core.package_identification:_identify(training_bags/training_episode_20260622_174330) by extensions ['colcon_pkg']
[0.788s] Level 1:colcon.colcon_core.package_identification:_identify(training_bags/training_episode_20260622_174330) by extension 'colcon_pkg'
[0.788s] Level 1:colcon.colcon_core.package_identification:_identify(training_bags/training_episode_20260622_174330) by extensions ['colcon_meta']
[0.788s] Level 1:colcon.colcon_core.package_identification:_identify(training_bags/training_episode_20260622_174330) by extension 'colcon_meta'
[0.789s] Level 1:colcon.colcon_core.package_identification:_identify(training_bags/training_episode_20260622_174330) by extensions ['ros']
[0.789s] Level 1:colcon.colcon_core.package_identification:_identify(training_bags/training_episode_20260622_174330) by extension 'ros'
[0.789s] Level 1:colcon.colcon_core.package_identification:_identify(training_bags/training_episode_20260622_174330) by extensions ['cmake', 'python']
[0.789s] Level 1:colcon.colcon_core.package_identification:_identify(training_bags/training_episode_20260622_174330) by extension 'cmake'
[0.789s] Level 1:colcon.colcon_core.package_identification:_identify(training_bags/training_episode_20260622_174330) by extension 'python'
[0.790s] Level 1:colcon.colcon_core.package_identification:_identify(training_bags/training_episode_20260622_174330) by extensions ['python_setup_py']
[0.790s] Level 1:colcon.colcon_core.package_identification:_identify(training_bags/training_episode_20260622_174330) by extension 'python_setup_py'
[0.790s] Level 1:colcon.colcon_core.package_identification:_identify(venv) by extensions ['ignore', 'ignore_ament_install']
[0.790s] Level 1:colcon.colcon_core.package_identification:_identify(venv) by extension 'ignore'
[0.791s] Level 1:colcon.colcon_core.package_identification:_identify(venv) ignored
[0.791s] Level 1:colcon.colcon_core.package_discovery:discover_packages(recursive) using defaults
[0.791s] Level 1:colcon.colcon_core.package_discovery:discover_packages(ignore) discover
[0.791s] Level 1:colcon.colcon_core.package_discovery:discover_packages(ignore) using defaults
[0.791s] Level 1:colcon.colcon_core.package_discovery:discover_packages(path) discover
[0.791s] Level 1:colcon.colcon_core.package_discovery:discover_packages(path) using defaults
[0.844s] INFO:colcon.colcon_core.package_selection:Skipping not selected package 'arm_control' in 'src/arm_control'
[0.845s] Level 1:colcon.colcon_core.package_discovery:discover_packages(prefix_path) check parameters
[0.846s] Level 1:colcon.colcon_core.package_discovery:discover_packages(prefix_path) discover
[0.851s] WARNING:colcon.colcon_ros.prefix_path.ament:The path '/home/connor/robotics_projects/surgical-arm-ros2/install/arm_control' in the environment variable AMENT_PREFIX_PATH doesn't exist
[0.854s] DEBUG:colcon.colcon_installed_package_information.package_discovery:Found 1 installed packages in /home/connor/robotics_projects/surgical-arm-ros2/install
[0.858s] DEBUG:colcon.colcon_installed_package_information.package_discovery:Found 288 installed packages in /opt/ros/jazzy
[0.860s] Level 1:colcon.colcon_core.package_discovery:discover_packages(prefix_path) using defaults
[0.944s] Level 5:colcon.colcon_core.verb:set package 'arm_control_interfaces' build argument 'cmake_args' from command line to '['-DPYTHON_EXECUTABLE=/usr/bin/python3', '-DPython3_EXECUTABLE=/usr/bin/python3']'
[0.944s] Level 5:colcon.colcon_core.verb:set package 'arm_control_interfaces' build argument 'cmake_target' from command line to 'None'
[0.944s] Level 5:colcon.colcon_core.verb:set package 'arm_control_interfaces' build argument 'cmake_target_skip_unavailable' from command line to 'False'
[0.944s] Level 5:colcon.colcon_core.verb:set package 'arm_control_interfaces' build argument 'cmake_clean_cache' from command line to 'False'
[0.944s] Level 5:colcon.colcon_core.verb:set package 'arm_control_interfaces' build argument 'cmake_clean_first' from command line to 'False'
[0.944s] Level 5:colcon.colcon_core.verb:set package 'arm_control_interfaces' build argument 'cmake_force_configure' from command line to 'False'
[0.944s] Level 5:colcon.colcon_core.verb:set package 'arm_control_interfaces' build argument 'ament_cmake_args' from command line to 'None'
[0.944s] Level 5:colcon.colcon_core.verb:set package 'arm_control_interfaces' build argument 'catkin_cmake_args' from command line to 'None'
[0.944s] Level 5:colcon.colcon_core.verb:set package 'arm_control_interfaces' build argument 'catkin_skip_building_tests' from command line to 'False'
[0.945s] DEBUG:colcon.colcon_core.verb:Building package 'arm_control_interfaces' with the following arguments: {'ament_cmake_args': None, 'build_base': '/home/connor/robotics_projects/surgical-arm-ros2/build/arm_control_interfaces', 'catkin_cmake_args': None, 'catkin_skip_building_tests': False, 'cmake_args': ['-DPYTHON_EXECUTABLE=/usr/bin/python3', '-DPython3_EXECUTABLE=/usr/bin/python3'], 'cmake_clean_cache': False, 'cmake_clean_first': False, 'cmake_force_configure': False, 'cmake_target': None, 'cmake_target_skip_unavailable': False, 'install_base': '/home/connor/robotics_projects/surgical-arm-ros2/install/arm_control_interfaces', 'merge_install': False, 'path': '/home/connor/robotics_projects/surgical-arm-ros2/src/arm_control_interfaces', 'symlink_install': False, 'test_result_base': None}
[0.945s] INFO:colcon.colcon_core.executor:Executing jobs using 'parallel' executor
[0.949s] DEBUG:colcon.colcon_parallel_executor.executor.parallel:run_until_complete
[0.951s] INFO:colcon.colcon_ros.task.ament_cmake.build:Building ROS package in '/home/connor/robotics_projects/surgical-arm-ros2/src/arm_control_interfaces' with build type 'ament_cmake'
[0.952s] INFO:colcon.colcon_cmake.task.cmake.build:Building CMake package in '/home/connor/robotics_projects/surgical-arm-ros2/src/arm_control_interfaces'
[0.957s] INFO:colcon.colcon_core.plugin_system:Skipping extension 'colcon_core.shell.bat': Not used on non-Windows systems
[0.957s] INFO:colcon.colcon_core.shell:Skip shell extension 'powershell' for command environment: Not usable outside of PowerShell
[0.958s] DEBUG:colcon.colcon_core.shell:Skip shell extension 'dsv' for command environment
[0.988s] DEBUG:colcon.colcon_core.event_handler.log_command:Invoking command in '/home/connor/robotics_projects/surgical-arm-ros2/build/arm_control_interfaces': CMAKE_PREFIX_PATH=${CMAKE_PREFIX_PATH}:/home/connor/robotics_projects/surgical-arm-ros2/install/arm_control:/opt/ros/jazzy VIRTUAL_ENV_PROMPT=(venv) /home/connor/robotics_projects/surgical-arm-ros2/venv/bin/cmake /home/connor/robotics_projects/surgical-arm-ros2/src/arm_control_interfaces -DPYTHON_EXECUTABLE=/usr/bin/python3 -DPython3_EXECUTABLE=/usr/bin/python3 -DCMAKE_INSTALL_PREFIX=/home/connor/robotics_projects/surgical-arm-ros2/install/arm_control_interfaces
[9.798s] DEBUG:colcon.colcon_core.event_handler.log_command:Invoked command in '/home/connor/robotics_projects/surgical-arm-ros2/build/arm_control_interfaces' returned '0': CMAKE_PREFIX_PATH=${CMAKE_PREFIX_PATH}:/home/connor/robotics_projects/surgical-arm-ros2/install/arm_control:/opt/ros/jazzy VIRTUAL_ENV_PROMPT=(venv) /home/connor/robotics_projects/surgical-arm-ros2/venv/bin/cmake /home/connor/robotics_projects/surgical-arm-ros2/src/arm_control_interfaces -DPYTHON_EXECUTABLE=/usr/bin/python3 -DPython3_EXECUTABLE=/usr/bin/python3 -DCMAKE_INSTALL_PREFIX=/home/connor/robotics_projects/surgical-arm-ros2/install/arm_control_interfaces
[9.802s] DEBUG:colcon.colcon_core.event_handler.log_command:Invoking command in '/home/connor/robotics_projects/surgical-arm-ros2/build/arm_control_interfaces': CMAKE_PREFIX_PATH=${CMAKE_PREFIX_PATH}:/home/connor/robotics_projects/surgical-arm-ros2/install/arm_control:/opt/ros/jazzy VIRTUAL_ENV_PROMPT=(venv) /home/connor/robotics_projects/surgical-arm-ros2/venv/bin/cmake --build /home/connor/robotics_projects/surgical-arm-ros2/build/arm_control_interfaces -- -j24 -l24
[16.622s] DEBUG:colcon.colcon_core.event_handler.log_command:Invoked command in '/home/connor/robotics_projects/surgical-arm-ros2/build/arm_control_interfaces' returned '0': CMAKE_PREFIX_PATH=${CMAKE_PREFIX_PATH}:/home/connor/robotics_projects/surgical-arm-ros2/install/arm_control:/opt/ros/jazzy VIRTUAL_ENV_PROMPT=(venv) /home/connor/robotics_projects/surgical-arm-ros2/venv/bin/cmake --build /home/connor/robotics_projects/surgical-arm-ros2/build/arm_control_interfaces -- -j24 -l24
[16.891s] DEBUG:colcon.colcon_core.event_handler.log_command:Invoking command in '/home/connor/robotics_projects/surgical-arm-ros2/build/arm_control_interfaces': CMAKE_PREFIX_PATH=${CMAKE_PREFIX_PATH}:/home/connor/robotics_projects/surgical-arm-ros2/install/arm_control:/opt/ros/jazzy VIRTUAL_ENV_PROMPT=(venv) /home/connor/robotics_projects/surgical-arm-ros2/venv/bin/cmake --install /home/connor/robotics_projects/surgical-arm-ros2/build/arm_control_interfaces
[17.359s] Level 1:colcon.colcon_core.environment:create_environment_scripts_only(arm_control_interfaces)
[17.362s] DEBUG:colcon.colcon_core.event_handler.log_command:Invoked command in '/home/connor/robotics_projects/surgical-arm-ros2/build/arm_control_interfaces' returned '0': CMAKE_PREFIX_PATH=${CMAKE_PREFIX_PATH}:/home/connor/robotics_projects/surgical-arm-ros2/install/arm_control:/opt/ros/jazzy VIRTUAL_ENV_PROMPT=(venv) /home/connor/robotics_projects/surgical-arm-ros2/venv/bin/cmake --install /home/connor/robotics_projects/surgical-arm-ros2/build/arm_control_interfaces
[17.366s] Level 1:colcon.colcon_core.environment:checking '/home/connor/robotics_projects/surgical-arm-ros2/install/arm_control_interfaces' for CMake module files
[17.367s] Level 1:colcon.colcon_core.environment:checking '/home/connor/robotics_projects/surgical-arm-ros2/install/arm_control_interfaces' for CMake config files
[17.368s] Level 1:colcon.colcon_core.shell:create_environment_hook('arm_control_interfaces', 'cmake_prefix_path')
[17.369s] INFO:colcon.colcon_core.shell:Creating environment hook '/home/connor/robotics_projects/surgical-arm-ros2/install/arm_control_interfaces/share/arm_control_interfaces/hook/cmake_prefix_path.ps1'
[17.373s] INFO:colcon.colcon_core.shell:Creating environment descriptor '/home/connor/robotics_projects/surgical-arm-ros2/install/arm_control_interfaces/share/arm_control_interfaces/hook/cmake_prefix_path.dsv'
[17.375s] INFO:colcon.colcon_core.shell:Creating environment hook '/home/connor/robotics_projects/surgical-arm-ros2/install/arm_control_interfaces/share/arm_control_interfaces/hook/cmake_prefix_path.sh'
[17.378s] Level 1:colcon.colcon_core.environment:checking '/home/connor/robotics_projects/surgical-arm-ros2/install/arm_control_interfaces/lib'
[17.379s] Level 1:colcon.colcon_core.shell:create_environment_hook('arm_control_interfaces', 'ld_library_path_lib')
[17.379s] INFO:colcon.colcon_core.shell:Creating environment hook '/home/connor/robotics_projects/surgical-arm-ros2/install/arm_control_interfaces/share/arm_control_interfaces/hook/ld_library_path_lib.ps1'
[17.381s] INFO:colcon.colcon_core.shell:Creating environment descriptor '/home/connor/robotics_projects/surgical-arm-ros2/install/arm_control_interfaces/share/arm_control_interfaces/hook/ld_library_path_lib.dsv'
[17.382s] INFO:colcon.colcon_core.shell:Creating environment hook '/home/connor/robotics_projects/surgical-arm-ros2/install/arm_control_interfaces/share/arm_control_interfaces/hook/ld_library_path_lib.sh'
[17.383s] Level 1:colcon.colcon_core.environment:checking '/home/connor/robotics_projects/surgical-arm-ros2/install/arm_control_interfaces/bin'
[17.383s] Level 1:colcon.colcon_core.environment:checking '/home/connor/robotics_projects/surgical-arm-ros2/install/arm_control_interfaces/lib/pkgconfig/arm_control_interfaces.pc'
[17.384s] Level 1:colcon.colcon_core.environment:checking '/home/connor/robotics_projects/surgical-arm-ros2/install/arm_control_interfaces/lib/python3.12/site-packages'
[17.384s] Level 1:colcon.colcon_core.shell:create_environment_hook('arm_control_interfaces', 'pythonpath')
[17.385s] INFO:colcon.colcon_core.shell:Creating environment hook '/home/connor/robotics_projects/surgical-arm-ros2/install/arm_control_interfaces/share/arm_control_interfaces/hook/pythonpath.ps1'
[17.386s] INFO:colcon.colcon_core.shell:Creating environment descriptor '/home/connor/robotics_projects/surgical-arm-ros2/install/arm_control_interfaces/share/arm_control_interfaces/hook/pythonpath.dsv'
[17.387s] INFO:colcon.colcon_core.shell:Creating environment hook '/home/connor/robotics_projects/surgical-arm-ros2/install/arm_control_interfaces/share/arm_control_interfaces/hook/pythonpath.sh'
[17.388s] Level 1:colcon.colcon_core.environment:checking '/home/connor/robotics_projects/surgical-arm-ros2/install/arm_control_interfaces/bin'
[17.389s] INFO:colcon.colcon_core.shell:Creating package script '/home/connor/robotics_projects/surgical-arm-ros2/install/arm_control_interfaces/share/arm_control_interfaces/package.ps1'
[17.391s] INFO:colcon.colcon_core.shell:Creating package descriptor '/home/connor/robotics_projects/surgical-arm-ros2/install/arm_control_interfaces/share/arm_control_interfaces/package.dsv'
[17.393s] INFO:colcon.colcon_core.shell:Creating package script '/home/connor/robotics_projects/surgical-arm-ros2/install/arm_control_interfaces/share/arm_control_interfaces/package.sh'
[17.394s] INFO:colcon.colcon_core.shell:Creating package script '/home/connor/robotics_projects/surgical-arm-ros2/install/arm_control_interfaces/share/arm_control_interfaces/package.bash'
[17.396s] INFO:colcon.colcon_core.shell:Creating package script '/home/connor/robotics_projects/surgical-arm-ros2/install/arm_control_interfaces/share/arm_control_interfaces/package.zsh'
[17.397s] Level 1:colcon.colcon_core.environment:create_file_with_runtime_dependencies(/home/connor/robotics_projects/surgical-arm-ros2/install/arm_control_interfaces/share/colcon-core/packages/arm_control_interfaces)
[17.399s] Level 1:colcon.colcon_core.environment:create_environment_scripts_only(arm_control_interfaces)
[17.399s] Level 1:colcon.colcon_core.environment:checking '/home/connor/robotics_projects/surgical-arm-ros2/install/arm_control_interfaces' for CMake module files
[17.401s] Level 1:colcon.colcon_core.environment:checking '/home/connor/robotics_projects/surgical-arm-ros2/install/arm_control_interfaces' for CMake config files
[17.401s] Level 1:colcon.colcon_core.shell:create_environment_hook('arm_control_interfaces', 'cmake_prefix_path')
[17.402s] INFO:colcon.colcon_core.shell:Creating environment hook '/home/connor/robotics_projects/surgical-arm-ros2/install/arm_control_interfaces/share/arm_control_interfaces/hook/cmake_prefix_path.ps1'
[17.403s] INFO:colcon.colcon_core.shell:Creating environment descriptor '/home/connor/robotics_projects/surgical-arm-ros2/install/arm_control_interfaces/share/arm_control_interfaces/hook/cmake_prefix_path.dsv'
[17.404s] INFO:colcon.colcon_core.shell:Creating environment hook '/home/connor/robotics_projects/surgical-arm-ros2/install/arm_control_interfaces/share/arm_control_interfaces/hook/cmake_prefix_path.sh'
[17.408s] Level 1:colcon.colcon_core.environment:checking '/home/connor/robotics_projects/surgical-arm-ros2/install/arm_control_interfaces/lib'
[17.408s] Level 1:colcon.colcon_core.shell:create_environment_hook('arm_control_interfaces', 'ld_library_path_lib')
[17.409s] INFO:colcon.colcon_core.shell:Creating environment hook '/home/connor/robotics_projects/surgical-arm-ros2/install/arm_control_interfaces/share/arm_control_interfaces/hook/ld_library_path_lib.ps1'
[17.410s] INFO:colcon.colcon_core.shell:Creating environment descriptor '/home/connor/robotics_projects/surgical-arm-ros2/install/arm_control_interfaces/share/arm_control_interfaces/hook/ld_library_path_lib.dsv'
[17.411s] INFO:colcon.colcon_core.shell:Creating environment hook '/home/connor/robotics_projects/surgical-arm-ros2/install/arm_control_interfaces/share/arm_control_interfaces/hook/ld_library_path_lib.sh'
[17.413s] Level 1:colcon.colcon_core.environment:checking '/home/connor/robotics_projects/surgical-arm-ros2/install/arm_control_interfaces/bin'
[17.413s] Level 1:colcon.colcon_core.environment:checking '/home/connor/robotics_projects/surgical-arm-ros2/install/arm_control_interfaces/lib/pkgconfig/arm_control_interfaces.pc'
[17.414s] Level 1:colcon.colcon_core.environment:checking '/home/connor/robotics_projects/surgical-arm-ros2/install/arm_control_interfaces/lib/python3.12/site-packages'
[17.414s] Level 1:colcon.colcon_core.shell:create_environment_hook('arm_control_interfaces', 'pythonpath')
[17.415s] INFO:colcon.colcon_core.shell:Creating environment hook '/home/connor/robotics_projects/surgical-arm-ros2/install/arm_control_interfaces/share/arm_control_interfaces/hook/pythonpath.ps1'
[17.416s] INFO:colcon.colcon_core.shell:Creating environment descriptor '/home/connor/robotics_projects/surgical-arm-ros2/install/arm_control_interfaces/share/arm_control_interfaces/hook/pythonpath.dsv'
[17.418s] INFO:colcon.colcon_core.shell:Creating environment hook '/home/connor/robotics_projects/surgical-arm-ros2/install/arm_control_interfaces/share/arm_control_interfaces/hook/pythonpath.sh'
[17.419s] Level 1:colcon.colcon_core.environment:checking '/home/connor/robotics_projects/surgical-arm-ros2/install/arm_control_interfaces/bin'
[17.420s] INFO:colcon.colcon_core.shell:Creating package script '/home/connor/robotics_projects/surgical-arm-ros2/install/arm_control_interfaces/share/arm_control_interfaces/package.ps1'
[17.422s] INFO:colcon.colcon_core.shell:Creating package descriptor '/home/connor/robotics_projects/surgical-arm-ros2/install/arm_control_interfaces/share/arm_control_interfaces/package.dsv'
[17.424s] INFO:colcon.colcon_core.shell:Creating package script '/home/connor/robotics_projects/surgical-arm-ros2/install/arm_control_interfaces/share/arm_control_interfaces/package.sh'
[17.425s] INFO:colcon.colcon_core.shell:Creating package script '/home/connor/robotics_projects/surgical-arm-ros2/install/arm_control_interfaces/share/arm_control_interfaces/package.bash'
[17.427s] INFO:colcon.colcon_core.shell:Creating package script '/home/connor/robotics_projects/surgical-arm-ros2/install/arm_control_interfaces/share/arm_control_interfaces/package.zsh'
[17.430s] Level 1:colcon.colcon_core.environment:create_file_with_runtime_dependencies(/home/connor/robotics_projects/surgical-arm-ros2/install/arm_control_interfaces/share/colcon-core/packages/arm_control_interfaces)
[17.432s] DEBUG:colcon.colcon_parallel_executor.executor.parallel:closing loop
[17.435s] DEBUG:colcon.colcon_parallel_executor.executor.parallel:loop closed
[17.436s] DEBUG:colcon.colcon_parallel_executor.executor.parallel:run_until_complete finished with '0'
[17.436s] DEBUG:colcon.colcon_core.event_reactor:joining thread
[17.518s] INFO:colcon.colcon_core.plugin_system:Skipping extension 'colcon_notification.desktop_notification.notify_send': Could not find 'notify-send'
[17.519s] INFO:colcon.colcon_core.plugin_system:Skipping extension 'colcon_notification.desktop_notification.terminal_notifier': Not used on non-Darwin systems
[17.519s] INFO:colcon.colcon_core.plugin_system:Skipping extension 'colcon_notification.desktop_notification.win32': Not used on non-Windows systems
[17.519s] INFO:colcon.colcon_notification.desktop_notification:Sending desktop notification using 'notify2'
[17.523s] DEBUG:colcon.colcon_notification.desktop_notification.notify2:Failed to initialize notify2: org.freedesktop.DBus.Error.ServiceUnknown: The name org.freedesktop.Notifications was not provided by any .service files
[17.523s] DEBUG:colcon.colcon_core.event_reactor:joined thread
[17.524s] INFO:colcon.colcon_core.shell:Creating prefix script '/home/connor/robotics_projects/surgical-arm-ros2/install/local_setup.ps1'
[17.527s] INFO:colcon.colcon_core.shell:Creating prefix util module '/home/connor/robotics_projects/surgical-arm-ros2/install/_local_setup_util_ps1.py'
[17.530s] INFO:colcon.colcon_core.shell:Creating prefix chain script '/home/connor/robotics_projects/surgical-arm-ros2/install/setup.ps1'
[17.532s] INFO:colcon.colcon_core.shell:Creating prefix script '/home/connor/robotics_projects/surgical-arm-ros2/install/local_setup.sh'
[17.534s] INFO:colcon.colcon_core.shell:Creating prefix util module '/home/connor/robotics_projects/surgical-arm-ros2/install/_local_setup_util_sh.py'
[17.535s] INFO:colcon.colcon_core.shell:Creating prefix chain script '/home/connor/robotics_projects/surgical-arm-ros2/install/setup.sh'
[17.538s] INFO:colcon.colcon_core.shell:Creating prefix script '/home/connor/robotics_projects/surgical-arm-ros2/install/local_setup.bash'
[17.540s] INFO:colcon.colcon_core.shell:Creating prefix chain script '/home/connor/robotics_projects/surgical-arm-ros2/install/setup.bash'
[17.542s] INFO:colcon.colcon_core.shell:Creating prefix script '/home/connor/robotics_projects/surgical-arm-ros2/install/local_setup.zsh'
[17.544s] INFO:colcon.colcon_core.shell:Creating prefix chain script '/home/connor/robotics_projects/surgical-arm-ros2/install/setup.zsh'
