-- Found ament_cmake: 2.5.6 (/opt/ros/jazzy/share/ament_cmake/cmake)
-- Found Python3: /usr/bin/python3 (found version "3.12.3") found components: Interpreter
-- Found geometry_msgs: 5.3.7 (/opt/ros/jazzy/share/geometry_msgs/cmake)
-- Found rosidl_generator_c: 4.6.7 (/opt/ros/jazzy/share/rosidl_generator_c/cmake)
-- Found rosidl_generator_cpp: 4.6.7 (/opt/ros/jazzy/share/rosidl_generator_cpp/cmake)
-- Using all available rosidl_typesupport_c: rosidl_typesupport_fastrtps_c;rosidl_typesupport_introspection_c
-- Using all available rosidl_typesupport_cpp: rosidl_typesupport_fastrtps_cpp;rosidl_typesupport_introspection_cpp
-- Found rosidl_default_generators: 1.6.0 (/opt/ros/jazzy/share/rosidl_default_generators/cmake)
-- Found rosidl_adapter: 4.6.7 (/opt/ros/jazzy/share/rosidl_adapter/cmake)
-- Found ament_cmake_ros: 0.12.0 (/opt/ros/jazzy/share/ament_cmake_ros/cmake)
-- Using all available rosidl_typesupport_c: rosidl_typesupport_fastrtps_c;rosidl_typesupport_introspection_c
-- Using all available rosidl_typesupport_cpp: rosidl_typesupport_fastrtps_cpp;rosidl_typesupport_introspection_cpp
-- Found python_cmake_module: 0.11.1 (/opt/ros/jazzy/share/python_cmake_module/cmake)
-- Found PythonExtra: /usr/bin/python3
-- Found Python3: /usr/bin/python3 (found version "3.12.3") found components: Interpreter Development NumPy Development.Module Development.Embed
-- Found Python3: /usr/bin/python3 (found version "3.12.3") found components: Interpreter
-- Configuring done (8.3s)
-- Generating done (0.2s)
-- Build files have been written to: /home/connor/robotics_projects/surgical-arm-ros2/build/arm_control_interfaces
[  2%] [1m[34mGenerating type hashes for ROS interfaces[0m
[  5%] [1m[34mGenerating Rust code for ROS interfaces[0m
[  5%] Built target ament_cmake_python_copy_arm_control_interfaces
[  5%] Built target arm_control_interfaces__rosidl_generator_type_description
[  8%] [1m[34mGenerating C code for ROS interfaces[0m
[ 11%] [1m[34mGenerating C++ code for ROS interfaces[0m
[ 11%] Built target arm_control_interfaces__rs
running egg_info
creating arm_control_interfaces.egg-info
writing arm_control_interfaces.egg-info/PKG-INFO
writing dependency_links to arm_control_interfaces.egg-info/dependency_links.txt
writing top-level names to arm_control_interfaces.egg-info/top_level.txt
writing manifest file 'arm_control_interfaces.egg-info/SOURCES.txt'
reading manifest file 'arm_control_interfaces.egg-info/SOURCES.txt'
writing manifest file 'arm_control_interfaces.egg-info/SOURCES.txt'
[ 11%] Built target ament_cmake_python_build_arm_control_interfaces_egg
[ 11%] Built target arm_control_interfaces__cpp
[ 14%] [32mBuilding C object CMakeFiles/arm_control_interfaces__rosidl_generator_c.dir/rosidl_generator_c/arm_control_interfaces/srv/detail/get_plane_at_point__description.c.o[0m
[ 17%] [32mBuilding C object CMakeFiles/arm_control_interfaces__rosidl_generator_c.dir/rosidl_generator_c/arm_control_interfaces/srv/detail/get_plane_at_point__functions.c.o[0m
[ 20%] [32mBuilding C object CMakeFiles/arm_control_interfaces__rosidl_generator_c.dir/rosidl_generator_c/arm_control_interfaces/srv/detail/get_plane_at_point__type_support.c.o[0m
[ 22%] [1m[32mLinking C shared library libarm_control_interfaces__rosidl_generator_c.so[0m
[ 22%] Built target arm_control_interfaces__rosidl_generator_c
[ 28%] [1m[34mGenerating C type support for eProsima Fast-RTPS[0m
[ 28%] [1m[34mGenerating C type support dispatch for ROS interfaces[0m
[ 34%] [1m[34mGenerating C++ type support for eProsima Fast-RTPS[0m
[ 34%] [1m[34mGenerating C++ type support dispatch for ROS interfaces[0m
[ 37%] [1m[34mGenerating C++ introspection for ROS interfaces[0m
[ 40%] [1m[34mGenerating C introspection for ROS interfaces[0m
[ 42%] [32mBuilding CXX object CMakeFiles/arm_control_interfaces__rosidl_typesupport_c.dir/rosidl_typesupport_c/arm_control_interfaces/srv/get_plane_at_point__type_support.cpp.o[0m
[ 45%] [32mBuilding CXX object CMakeFiles/arm_control_interfaces__rosidl_typesupport_cpp.dir/rosidl_typesupport_cpp/arm_control_interfaces/srv/get_plane_at_point__type_support.cpp.o[0m
[ 48%] [32mBuilding C object CMakeFiles/arm_control_interfaces__rosidl_typesupport_introspection_c.dir/rosidl_typesupport_introspection_c/arm_control_interfaces/srv/detail/get_plane_at_point__type_support.c.o[0m
[ 51%] [32mBuilding CXX object CMakeFiles/arm_control_interfaces__rosidl_typesupport_introspection_cpp.dir/rosidl_typesupport_introspection_cpp/arm_control_interfaces/srv/detail/get_plane_at_point__type_support.cpp.o[0m
[ 54%] [1m[32mLinking CXX shared library libarm_control_interfaces__rosidl_typesupport_c.so[0m
[ 57%] [32mBuilding CXX object CMakeFiles/arm_control_interfaces__rosidl_typesupport_fastrtps_cpp.dir/rosidl_typesupport_fastrtps_cpp/arm_control_interfaces/srv/detail/dds_fastrtps/get_plane_at_point__type_support.cpp.o[0m
[ 60%] [1m[32mLinking C shared library libarm_control_interfaces__rosidl_typesupport_introspection_c.so[0m
[ 62%] [32mBuilding CXX object CMakeFiles/arm_control_interfaces__rosidl_typesupport_fastrtps_c.dir/rosidl_typesupport_fastrtps_c/arm_control_interfaces/srv/detail/get_plane_at_point__type_support_c.cpp.o[0m
[ 62%] Built target arm_control_interfaces__rosidl_typesupport_c
[ 62%] Built target arm_control_interfaces__rosidl_typesupport_introspection_c
[ 65%] [1m[32mLinking CXX shared library libarm_control_interfaces__rosidl_typesupport_cpp.so[0m
[ 68%] [1m[32mLinking CXX shared library libarm_control_interfaces__rosidl_typesupport_introspection_cpp.so[0m
[ 71%] [1m[32mLinking CXX shared library libarm_control_interfaces__rosidl_typesupport_fastrtps_c.so[0m
[ 71%] Built target arm_control_interfaces__rosidl_typesupport_cpp
[ 71%] Built target arm_control_interfaces__rosidl_typesupport_fastrtps_c
[ 71%] Built target arm_control_interfaces__rosidl_typesupport_introspection_cpp
[ 74%] [1m[32mLinking CXX shared library libarm_control_interfaces__rosidl_typesupport_fastrtps_cpp.so[0m
[ 74%] Built target arm_control_interfaces__rosidl_typesupport_fastrtps_cpp
[ 74%] Built target arm_control_interfaces
[ 77%] [1m[34mGenerating Python code for ROS interfaces[0m
[ 77%] Built target arm_control_interfaces__py
[ 80%] [32mBuilding C object CMakeFiles/arm_control_interfaces__rosidl_generator_py.dir/rosidl_generator_py/arm_control_interfaces/srv/_get_plane_at_point_s.c.o[0m
[ 82%] [1m[32mLinking C shared library libarm_control_interfaces__rosidl_generator_py.so[0m
[ 82%] Built target arm_control_interfaces__rosidl_generator_py
[ 85%] [32mBuilding C object CMakeFiles/arm_control_interfaces_s__rosidl_typesupport_c.dir/rosidl_generator_py/arm_control_interfaces/_arm_control_interfaces_s.ep.rosidl_typesupport_c.c.o[0m
[ 88%] [32mBuilding C object CMakeFiles/arm_control_interfaces_s__rosidl_typesupport_fastrtps_c.dir/rosidl_generator_py/arm_control_interfaces/_arm_control_interfaces_s.ep.rosidl_typesupport_fastrtps_c.c.o[0m
[ 91%] [32mBuilding C object CMakeFiles/arm_control_interfaces_s__rosidl_typesupport_introspection_c.dir/rosidl_generator_py/arm_control_interfaces/_arm_control_interfaces_s.ep.rosidl_typesupport_introspection_c.c.o[0m
[ 94%] [1m[32mLinking C shared module rosidl_generator_py/arm_control_interfaces/arm_control_interfaces_s__rosidl_typesupport_introspection_c.so[0m
[ 97%] [1m[32mLinking C shared module rosidl_generator_py/arm_control_interfaces/arm_control_interfaces_s__rosidl_typesupport_fastrtps_c.so[0m
[100%] [1m[32mLinking C shared module rosidl_generator_py/arm_control_interfaces/arm_control_interfaces_s__rosidl_typesupport_c.so[0m
[100%] Built target arm_control_interfaces_s__rosidl_typesupport_fastrtps_c
[100%] Built target arm_control_interfaces_s__rosidl_typesupport_c
[100%] Built target arm_control_interfaces_s__rosidl_typesupport_introspection_c
-- Install configuration: ""
-- Installing: /home/connor/robotics_projects/surgical-arm-ros2/install/arm_control_interfaces/share/ament_index/resource_index/rosidl_interfaces/arm_control_interfaces
-- Installing: /home/connor/robotics_projects/surgical-arm-ros2/install/arm_control_interfaces/share/arm_control_interfaces/srv/GetPlaneAtPoint.json
-- Installing: /home/connor/robotics_projects/surgical-arm-ros2/install/arm_control_interfaces/include/arm_control_interfaces/arm_control_interfaces
-- Installing: /home/connor/robotics_projects/surgical-arm-ros2/install/arm_control_interfaces/include/arm_control_interfaces/arm_control_interfaces/srv
-- Installing: /home/connor/robotics_projects/surgical-arm-ros2/install/arm_control_interfaces/include/arm_control_interfaces/arm_control_interfaces/srv/get_plane_at_point.h
-- Installing: /home/connor/robotics_projects/surgical-arm-ros2/install/arm_control_interfaces/include/arm_control_interfaces/arm_control_interfaces/srv/detail
-- Installing: /home/connor/robotics_projects/surgical-arm-ros2/install/arm_control_interfaces/include/arm_control_interfaces/arm_control_interfaces/srv/detail/get_plane_at_point__functions.c
-- Installing: /home/connor/robotics_projects/surgical-arm-ros2/install/arm_control_interfaces/include/arm_control_interfaces/arm_control_interfaces/srv/detail/get_plane_at_point__type_support.c
-- Installing: /home/connor/robotics_projects/surgical-arm-ros2/install/arm_control_interfaces/include/arm_control_interfaces/arm_control_interfaces/srv/detail/get_plane_at_point__functions.h
-- Installing: /home/connor/robotics_projects/surgical-arm-ros2/install/arm_control_interfaces/include/arm_control_interfaces/arm_control_interfaces/srv/detail/get_plane_at_point__description.c
-- Installing: /home/connor/robotics_projects/surgical-arm-ros2/install/arm_control_interfaces/include/arm_control_interfaces/arm_control_interfaces/srv/detail/get_plane_at_point__type_support.h
-- Installing: /home/connor/robotics_projects/surgical-arm-ros2/install/arm_control_interfaces/include/arm_control_interfaces/arm_control_interfaces/srv/detail/get_plane_at_point__struct.h
-- Installing: /home/connor/robotics_projects/surgical-arm-ros2/install/arm_control_interfaces/include/arm_control_interfaces/arm_control_interfaces/msg
-- Installing: /home/connor/robotics_projects/surgical-arm-ros2/install/arm_control_interfaces/include/arm_control_interfaces/arm_control_interfaces/msg/rosidl_generator_c__visibility_control.h
-- Installing: /home/connor/robotics_projects/surgical-arm-ros2/install/arm_control_interfaces/share/arm_control_interfaces/environment/library_path.sh
-- Installing: /home/connor/robotics_projects/surgical-arm-ros2/install/arm_control_interfaces/share/arm_control_interfaces/environment/library_path.dsv
-- Installing: /home/connor/robotics_projects/surgical-arm-ros2/install/arm_control_interfaces/lib/libarm_control_interfaces__rosidl_generator_c.so
-- Set non-toolchain portion of runtime path of "/home/connor/robotics_projects/surgical-arm-ros2/install/arm_control_interfaces/lib/libarm_control_interfaces__rosidl_generator_c.so" to ""
-- Up-to-date: /home/connor/robotics_projects/surgical-arm-ros2/install/arm_control_interfaces/include/arm_control_interfaces/arm_control_interfaces
-- Up-to-date: /home/connor/robotics_projects/surgical-arm-ros2/install/arm_control_interfaces/include/arm_control_interfaces/arm_control_interfaces/srv
-- Up-to-date: /home/connor/robotics_projects/surgical-arm-ros2/install/arm_control_interfaces/include/arm_control_interfaces/arm_control_interfaces/srv/detail
-- Installing: /home/connor/robotics_projects/surgical-arm-ros2/install/arm_control_interfaces/include/arm_control_interfaces/arm_control_interfaces/srv/detail/get_plane_at_point__rosidl_typesupport_fastrtps_c.h
-- Up-to-date: /home/connor/robotics_projects/surgical-arm-ros2/install/arm_control_interfaces/include/arm_control_interfaces/arm_control_interfaces/msg
-- Installing: /home/connor/robotics_projects/surgical-arm-ros2/install/arm_control_interfaces/include/arm_control_interfaces/arm_control_interfaces/msg/rosidl_typesupport_fastrtps_c__visibility_control.h
-- Installing: /home/connor/robotics_projects/surgical-arm-ros2/install/arm_control_interfaces/lib/libarm_control_interfaces__rosidl_typesupport_fastrtps_c.so
-- Set non-toolchain portion of runtime path of "/home/connor/robotics_projects/surgical-arm-ros2/install/arm_control_interfaces/lib/libarm_control_interfaces__rosidl_typesupport_fastrtps_c.so" to ""
-- Up-to-date: /home/connor/robotics_projects/surgical-arm-ros2/install/arm_control_interfaces/include/arm_control_interfaces/arm_control_interfaces
-- Up-to-date: /home/connor/robotics_projects/surgical-arm-ros2/install/arm_control_interfaces/include/arm_control_interfaces/arm_control_interfaces/srv
-- Installing: /home/connor/robotics_projects/surgical-arm-ros2/install/arm_control_interfaces/include/arm_control_interfaces/arm_control_interfaces/srv/get_plane_at_point.hpp
-- Up-to-date: /home/connor/robotics_projects/surgical-arm-ros2/install/arm_control_interfaces/include/arm_control_interfaces/arm_control_interfaces/srv/detail
-- Installing: /home/connor/robotics_projects/surgical-arm-ros2/install/arm_control_interfaces/include/arm_control_interfaces/arm_control_interfaces/srv/detail/get_plane_at_point__struct.hpp
-- Installing: /home/connor/robotics_projects/surgical-arm-ros2/install/arm_control_interfaces/include/arm_control_interfaces/arm_control_interfaces/srv/detail/get_plane_at_point__type_support.hpp
-- Installing: /home/connor/robotics_projects/surgical-arm-ros2/install/arm_control_interfaces/include/arm_control_interfaces/arm_control_interfaces/srv/detail/get_plane_at_point__builder.hpp
-- Installing: /home/connor/robotics_projects/surgical-arm-ros2/install/arm_control_interfaces/include/arm_control_interfaces/arm_control_interfaces/srv/detail/get_plane_at_point__traits.hpp
-- Up-to-date: /home/connor/robotics_projects/surgical-arm-ros2/install/arm_control_interfaces/include/arm_control_interfaces/arm_control_interfaces/msg
-- Installing: /home/connor/robotics_projects/surgical-arm-ros2/install/arm_control_interfaces/include/arm_control_interfaces/arm_control_interfaces/msg/rosidl_generator_cpp__visibility_control.hpp
-- Up-to-date: /home/connor/robotics_projects/surgical-arm-ros2/install/arm_control_interfaces/include/arm_control_interfaces/arm_control_interfaces
-- Up-to-date: /home/connor/robotics_projects/surgical-arm-ros2/install/arm_control_interfaces/include/arm_control_interfaces/arm_control_interfaces/srv
-- Up-to-date: /home/connor/robotics_projects/surgical-arm-ros2/install/arm_control_interfaces/include/arm_control_interfaces/arm_control_interfaces/srv/detail
-- Installing: /home/connor/robotics_projects/surgical-arm-ros2/install/arm_control_interfaces/include/arm_control_interfaces/arm_control_interfaces/srv/detail/get_plane_at_point__rosidl_typesupport_fastrtps_cpp.hpp
-- Installing: /home/connor/robotics_projects/surgical-arm-ros2/install/arm_control_interfaces/include/arm_control_interfaces/arm_control_interfaces/srv/detail/dds_fastrtps
-- Up-to-date: /home/connor/robotics_projects/surgical-arm-ros2/install/arm_control_interfaces/include/arm_control_interfaces/arm_control_interfaces/msg
-- Installing: /home/connor/robotics_projects/surgical-arm-ros2/install/arm_control_interfaces/include/arm_control_interfaces/arm_control_interfaces/msg/rosidl_typesupport_fastrtps_cpp__visibility_control.h
-- Installing: /home/connor/robotics_projects/surgical-arm-ros2/install/arm_control_interfaces/lib/libarm_control_interfaces__rosidl_typesupport_fastrtps_cpp.so
-- Set non-toolchain portion of runtime path of "/home/connor/robotics_projects/surgical-arm-ros2/install/arm_control_interfaces/lib/libarm_control_interfaces__rosidl_typesupport_fastrtps_cpp.so" to ""
-- Up-to-date: /home/connor/robotics_projects/surgical-arm-ros2/install/arm_control_interfaces/include/arm_control_interfaces/arm_control_interfaces
-- Up-to-date: /home/connor/robotics_projects/surgical-arm-ros2/install/arm_control_interfaces/include/arm_control_interfaces/arm_control_interfaces/srv
-- Up-to-date: /home/connor/robotics_projects/surgical-arm-ros2/install/arm_control_interfaces/include/arm_control_interfaces/arm_control_interfaces/srv/detail
-- Installing: /home/connor/robotics_projects/surgical-arm-ros2/install/arm_control_interfaces/include/arm_control_interfaces/arm_control_interfaces/srv/detail/get_plane_at_point__type_support.c
-- Installing: /home/connor/robotics_projects/surgical-arm-ros2/install/arm_control_interfaces/include/arm_control_interfaces/arm_control_interfaces/srv/detail/get_plane_at_point__rosidl_typesupport_introspection_c.h
-- Up-to-date: /home/connor/robotics_projects/surgical-arm-ros2/install/arm_control_interfaces/include/arm_control_interfaces/arm_control_interfaces/msg
-- Installing: /home/connor/robotics_projects/surgical-arm-ros2/install/arm_control_interfaces/include/arm_control_interfaces/arm_control_interfaces/msg/rosidl_typesupport_introspection_c__visibility_control.h
-- Installing: /home/connor/robotics_projects/surgical-arm-ros2/install/arm_control_interfaces/lib/libarm_control_interfaces__rosidl_typesupport_introspection_c.so
-- Set non-toolchain portion of runtime path of "/home/connor/robotics_projects/surgical-arm-ros2/install/arm_control_interfaces/lib/libarm_control_interfaces__rosidl_typesupport_introspection_c.so" to ""
-- Installing: /home/connor/robotics_projects/surgical-arm-ros2/install/arm_control_interfaces/lib/libarm_control_interfaces__rosidl_typesupport_c.so
-- Set non-toolchain portion of runtime path of "/home/connor/robotics_projects/surgical-arm-ros2/install/arm_control_interfaces/lib/libarm_control_interfaces__rosidl_typesupport_c.so" to ""
-- Up-to-date: /home/connor/robotics_projects/surgical-arm-ros2/install/arm_control_interfaces/include/arm_control_interfaces/arm_control_interfaces
-- Up-to-date: /home/connor/robotics_projects/surgical-arm-ros2/install/arm_control_interfaces/include/arm_control_interfaces/arm_control_interfaces/srv
-- Up-to-date: /home/connor/robotics_projects/surgical-arm-ros2/install/arm_control_interfaces/include/arm_control_interfaces/arm_control_interfaces/srv/detail
-- Installing: /home/connor/robotics_projects/surgical-arm-ros2/install/arm_control_interfaces/include/arm_control_interfaces/arm_control_interfaces/srv/detail/get_plane_at_point__type_support.cpp
-- Installing: /home/connor/robotics_projects/surgical-arm-ros2/install/arm_control_interfaces/include/arm_control_interfaces/arm_control_interfaces/srv/detail/get_plane_at_point__rosidl_typesupport_introspection_cpp.hpp
-- Installing: /home/connor/robotics_projects/surgical-arm-ros2/install/arm_control_interfaces/lib/libarm_control_interfaces__rosidl_typesupport_introspection_cpp.so
-- Set non-toolchain portion of runtime path of "/home/connor/robotics_projects/surgical-arm-ros2/install/arm_control_interfaces/lib/libarm_control_interfaces__rosidl_typesupport_introspection_cpp.so" to ""
-- Installing: /home/connor/robotics_projects/surgical-arm-ros2/install/arm_control_interfaces/lib/libarm_control_interfaces__rosidl_typesupport_cpp.so
-- Set non-toolchain portion of runtime path of "/home/connor/robotics_projects/surgical-arm-ros2/install/arm_control_interfaces/lib/libarm_control_interfaces__rosidl_typesupport_cpp.so" to ""
-- Installing: /home/connor/robotics_projects/surgical-arm-ros2/install/arm_control_interfaces/share/arm_control_interfaces/environment/pythonpath.sh
-- Installing: /home/connor/robotics_projects/surgical-arm-ros2/install/arm_control_interfaces/share/arm_control_interfaces/environment/pythonpath.dsv
-- Installing: /home/connor/robotics_projects/surgical-arm-ros2/install/arm_control_interfaces/lib/python3.12/site-packages/arm_control_interfaces-0.0.0-py3.12.egg-info
-- Installing: /home/connor/robotics_projects/surgical-arm-ros2/install/arm_control_interfaces/lib/python3.12/site-packages/arm_control_interfaces-0.0.0-py3.12.egg-info/top_level.txt
-- Installing: /home/connor/robotics_projects/surgical-arm-ros2/install/arm_control_interfaces/lib/python3.12/site-packages/arm_control_interfaces-0.0.0-py3.12.egg-info/PKG-INFO
-- Installing: /home/connor/robotics_projects/surgical-arm-ros2/install/arm_control_interfaces/lib/python3.12/site-packages/arm_control_interfaces-0.0.0-py3.12.egg-info/dependency_links.txt
-- Installing: /home/connor/robotics_projects/surgical-arm-ros2/install/arm_control_interfaces/lib/python3.12/site-packages/arm_control_interfaces-0.0.0-py3.12.egg-info/SOURCES.txt
-- Installing: /home/connor/robotics_projects/surgical-arm-ros2/install/arm_control_interfaces/lib/python3.12/site-packages/arm_control_interfaces
-- Installing: /home/connor/robotics_projects/surgical-arm-ros2/install/arm_control_interfaces/lib/python3.12/site-packages/arm_control_interfaces/srv
-- Installing: /home/connor/robotics_projects/surgical-arm-ros2/install/arm_control_interfaces/lib/python3.12/site-packages/arm_control_interfaces/srv/_get_plane_at_point_s.c
-- Installing: /home/connor/robotics_projects/surgical-arm-ros2/install/arm_control_interfaces/lib/python3.12/site-packages/arm_control_interfaces/srv/__init__.py
-- Installing: /home/connor/robotics_projects/surgical-arm-ros2/install/arm_control_interfaces/lib/python3.12/site-packages/arm_control_interfaces/srv/_get_plane_at_point.py
-- Installing: /home/connor/robotics_projects/surgical-arm-ros2/install/arm_control_interfaces/lib/python3.12/site-packages/arm_control_interfaces/_arm_control_interfaces_s.ep.rosidl_typesupport_fastrtps_c.c
-- Installing: /home/connor/robotics_projects/surgical-arm-ros2/install/arm_control_interfaces/lib/python3.12/site-packages/arm_control_interfaces/_arm_control_interfaces_s.ep.rosidl_typesupport_introspection_c.c
-- Installing: /home/connor/robotics_projects/surgical-arm-ros2/install/arm_control_interfaces/lib/python3.12/site-packages/arm_control_interfaces/arm_control_interfaces_s__rosidl_typesupport_c.so
-- Installing: /home/connor/robotics_projects/surgical-arm-ros2/install/arm_control_interfaces/lib/python3.12/site-packages/arm_control_interfaces/arm_control_interfaces_s__rosidl_typesupport_introspection_c.so
-- Installing: /home/connor/robotics_projects/surgical-arm-ros2/install/arm_control_interfaces/lib/python3.12/site-packages/arm_control_interfaces/__init__.py
-- Installing: /home/connor/robotics_projects/surgical-arm-ros2/install/arm_control_interfaces/lib/python3.12/site-packages/arm_control_interfaces/arm_control_interfaces_s__rosidl_typesupport_fastrtps_c.so
-- Installing: /home/connor/robotics_projects/surgical-arm-ros2/install/arm_control_interfaces/lib/python3.12/site-packages/arm_control_interfaces/_arm_control_interfaces_s.ep.rosidl_typesupport_c.c
Listing '/home/connor/robotics_projects/surgical-arm-ros2/install/arm_control_interfaces/lib/python3.12/site-packages/arm_control_interfaces'...
Compiling '/home/connor/robotics_projects/surgical-arm-ros2/install/arm_control_interfaces/lib/python3.12/site-packages/arm_control_interfaces/__init__.py'...
Listing '/home/connor/robotics_projects/surgical-arm-ros2/install/arm_control_interfaces/lib/python3.12/site-packages/arm_control_interfaces/srv'...
Compiling '/home/connor/robotics_projects/surgical-arm-ros2/install/arm_control_interfaces/lib/python3.12/site-packages/arm_control_interfaces/srv/__init__.py'...
Compiling '/home/connor/robotics_projects/surgical-arm-ros2/install/arm_control_interfaces/lib/python3.12/site-packages/arm_control_interfaces/srv/_get_plane_at_point.py'...
-- Installing: /home/connor/robotics_projects/surgical-arm-ros2/install/arm_control_interfaces/lib/python3.12/site-packages/arm_control_interfaces/arm_control_interfaces_s__rosidl_typesupport_fastrtps_c.so
-- Set non-toolchain portion of runtime path of "/home/connor/robotics_projects/surgical-arm-ros2/install/arm_control_interfaces/lib/python3.12/site-packages/arm_control_interfaces/arm_control_interfaces_s__rosidl_typesupport_fastrtps_c.so" to ""
-- Installing: /home/connor/robotics_projects/surgical-arm-ros2/install/arm_control_interfaces/lib/python3.12/site-packages/arm_control_interfaces/arm_control_interfaces_s__rosidl_typesupport_introspection_c.so
-- Set non-toolchain portion of runtime path of "/home/connor/robotics_projects/surgical-arm-ros2/install/arm_control_interfaces/lib/python3.12/site-packages/arm_control_interfaces/arm_control_interfaces_s__rosidl_typesupport_introspection_c.so" to ""
-- Installing: /home/connor/robotics_projects/surgical-arm-ros2/install/arm_control_interfaces/lib/python3.12/site-packages/arm_control_interfaces/arm_control_interfaces_s__rosidl_typesupport_c.so
-- Set non-toolchain portion of runtime path of "/home/connor/robotics_projects/surgical-arm-ros2/install/arm_control_interfaces/lib/python3.12/site-packages/arm_control_interfaces/arm_control_interfaces_s__rosidl_typesupport_c.so" to ""
-- Installing: /home/connor/robotics_projects/surgical-arm-ros2/install/arm_control_interfaces/lib/libarm_control_interfaces__rosidl_generator_py.so
-- Set non-toolchain portion of runtime path of "/home/connor/robotics_projects/surgical-arm-ros2/install/arm_control_interfaces/lib/libarm_control_interfaces__rosidl_generator_py.so" to ""
-- Installing: /home/connor/robotics_projects/surgical-arm-ros2/install/arm_control_interfaces/share/ament_index/resource_index/rust_packages/arm_control_interfaces
-- Installing: /home/connor/robotics_projects/surgical-arm-ros2/install/arm_control_interfaces/share/arm_control_interfaces/rust
-- Installing: /home/connor/robotics_projects/surgical-arm-ros2/install/arm_control_interfaces/share/arm_control_interfaces/rust/src
-- Installing: /home/connor/robotics_projects/surgical-arm-ros2/install/arm_control_interfaces/share/arm_control_interfaces/rust/src/srv.rs
-- Installing: /home/connor/robotics_projects/surgical-arm-ros2/install/arm_control_interfaces/share/arm_control_interfaces/rust/src/srv
-- Installing: /home/connor/robotics_projects/surgical-arm-ros2/install/arm_control_interfaces/share/arm_control_interfaces/rust/src/srv/rmw.rs
-- Installing: /home/connor/robotics_projects/surgical-arm-ros2/install/arm_control_interfaces/share/arm_control_interfaces/rust/src/lib.rs
-- Installing: /home/connor/robotics_projects/surgical-arm-ros2/install/arm_control_interfaces/share/arm_control_interfaces/rust/Cargo.toml
-- Installing: /home/connor/robotics_projects/surgical-arm-ros2/install/arm_control_interfaces/share/arm_control_interfaces/rust/build.rs
-- Installing: /home/connor/robotics_projects/surgical-arm-ros2/install/arm_control_interfaces/share/arm_control_interfaces/srv/GetPlaneAtPoint.idl
-- Installing: /home/connor/robotics_projects/surgical-arm-ros2/install/arm_control_interfaces/share/arm_control_interfaces/srv/GetPlaneAtPoint.srv
-- Installing: /home/connor/robotics_projects/surgical-arm-ros2/install/arm_control_interfaces/share/ament_index/resource_index/package_run_dependencies/arm_control_interfaces
-- Installing: /home/connor/robotics_projects/surgical-arm-ros2/install/arm_control_interfaces/share/ament_index/resource_index/parent_prefix_path/arm_control_interfaces
-- Installing: /home/connor/robotics_projects/surgical-arm-ros2/install/arm_control_interfaces/share/arm_control_interfaces/environment/ament_prefix_path.sh
-- Installing: /home/connor/robotics_projects/surgical-arm-ros2/install/arm_control_interfaces/share/arm_control_interfaces/environment/ament_prefix_path.dsv
-- Installing: /home/connor/robotics_projects/surgical-arm-ros2/install/arm_control_interfaces/share/arm_control_interfaces/environment/path.sh
-- Installing: /home/connor/robotics_projects/surgical-arm-ros2/install/arm_control_interfaces/share/arm_control_interfaces/environment/path.dsv
-- Installing: /home/connor/robotics_projects/surgical-arm-ros2/install/arm_control_interfaces/share/arm_control_interfaces/local_setup.bash
-- Installing: /home/connor/robotics_projects/surgical-arm-ros2/install/arm_control_interfaces/share/arm_control_interfaces/local_setup.sh
-- Installing: /home/connor/robotics_projects/surgical-arm-ros2/install/arm_control_interfaces/share/arm_control_interfaces/local_setup.zsh
-- Installing: /home/connor/robotics_projects/surgical-arm-ros2/install/arm_control_interfaces/share/arm_control_interfaces/local_setup.dsv
-- Installing: /home/connor/robotics_projects/surgical-arm-ros2/install/arm_control_interfaces/share/arm_control_interfaces/package.dsv
-- Installing: /home/connor/robotics_projects/surgical-arm-ros2/install/arm_control_interfaces/share/ament_index/resource_index/packages/arm_control_interfaces
-- Installing: /home/connor/robotics_projects/surgical-arm-ros2/install/arm_control_interfaces/share/arm_control_interfaces/cmake/export_arm_control_interfaces__rosidl_generator_cExport.cmake
-- Installing: /home/connor/robotics_projects/surgical-arm-ros2/install/arm_control_interfaces/share/arm_control_interfaces/cmake/export_arm_control_interfaces__rosidl_generator_cExport-noconfig.cmake
-- Installing: /home/connor/robotics_projects/surgical-arm-ros2/install/arm_control_interfaces/share/arm_control_interfaces/cmake/export_arm_control_interfaces__rosidl_typesupport_fastrtps_cExport.cmake
-- Installing: /home/connor/robotics_projects/surgical-arm-ros2/install/arm_control_interfaces/share/arm_control_interfaces/cmake/export_arm_control_interfaces__rosidl_typesupport_fastrtps_cExport-noconfig.cmake
-- Installing: /home/connor/robotics_projects/surgical-arm-ros2/install/arm_control_interfaces/share/arm_control_interfaces/cmake/export_arm_control_interfaces__rosidl_generator_cppExport.cmake
-- Installing: /home/connor/robotics_projects/surgical-arm-ros2/install/arm_control_interfaces/share/arm_control_interfaces/cmake/export_arm_control_interfaces__rosidl_typesupport_fastrtps_cppExport.cmake
-- Installing: /home/connor/robotics_projects/surgical-arm-ros2/install/arm_control_interfaces/share/arm_control_interfaces/cmake/export_arm_control_interfaces__rosidl_typesupport_fastrtps_cppExport-noconfig.cmake
-- Installing: /home/connor/robotics_projects/surgical-arm-ros2/install/arm_control_interfaces/share/arm_control_interfaces/cmake/arm_control_interfaces__rosidl_typesupport_introspection_cExport.cmake
-- Installing: /home/connor/robotics_projects/surgical-arm-ros2/install/arm_control_interfaces/share/arm_control_interfaces/cmake/arm_control_interfaces__rosidl_typesupport_introspection_cExport-noconfig.cmake
-- Installing: /home/connor/robotics_projects/surgical-arm-ros2/install/arm_control_interfaces/share/arm_control_interfaces/cmake/arm_control_interfaces__rosidl_typesupport_cExport.cmake
-- Installing: /home/connor/robotics_projects/surgical-arm-ros2/install/arm_control_interfaces/share/arm_control_interfaces/cmake/arm_control_interfaces__rosidl_typesupport_cExport-noconfig.cmake
-- Installing: /home/connor/robotics_projects/surgical-arm-ros2/install/arm_control_interfaces/share/arm_control_interfaces/cmake/arm_control_interfaces__rosidl_typesupport_introspection_cppExport.cmake
-- Installing: /home/connor/robotics_projects/surgical-arm-ros2/install/arm_control_interfaces/share/arm_control_interfaces/cmake/arm_control_interfaces__rosidl_typesupport_introspection_cppExport-noconfig.cmake
-- Installing: /home/connor/robotics_projects/surgical-arm-ros2/install/arm_control_interfaces/share/arm_control_interfaces/cmake/arm_control_interfaces__rosidl_typesupport_cppExport.cmake
-- Installing: /home/connor/robotics_projects/surgical-arm-ros2/install/arm_control_interfaces/share/arm_control_interfaces/cmake/arm_control_interfaces__rosidl_typesupport_cppExport-noconfig.cmake
-- Installing: /home/connor/robotics_projects/surgical-arm-ros2/install/arm_control_interfaces/share/arm_control_interfaces/cmake/export_arm_control_interfaces__rosidl_generator_pyExport.cmake
-- Installing: /home/connor/robotics_projects/surgical-arm-ros2/install/arm_control_interfaces/share/arm_control_interfaces/cmake/export_arm_control_interfaces__rosidl_generator_pyExport-noconfig.cmake
-- Installing: /home/connor/robotics_projects/surgical-arm-ros2/install/arm_control_interfaces/share/arm_control_interfaces/cmake/rosidl_cmake-extras.cmake
-- Installing: /home/connor/robotics_projects/surgical-arm-ros2/install/arm_control_interfaces/share/arm_control_interfaces/cmake/ament_cmake_export_dependencies-extras.cmake
-- Installing: /home/connor/robotics_projects/surgical-arm-ros2/install/arm_control_interfaces/share/arm_control_interfaces/cmake/ament_cmake_export_include_directories-extras.cmake
-- Installing: /home/connor/robotics_projects/surgical-arm-ros2/install/arm_control_interfaces/share/arm_control_interfaces/cmake/ament_cmake_export_libraries-extras.cmake
-- Installing: /home/connor/robotics_projects/surgical-arm-ros2/install/arm_control_interfaces/share/arm_control_interfaces/cmake/ament_cmake_export_targets-extras.cmake
-- Installing: /home/connor/robotics_projects/surgical-arm-ros2/install/arm_control_interfaces/share/arm_control_interfaces/cmake/rosidl_cmake_export_typesupport_targets-extras.cmake
-- Installing: /home/connor/robotics_projects/surgical-arm-ros2/install/arm_control_interfaces/share/arm_control_interfaces/cmake/rosidl_cmake_export_typesupport_libraries-extras.cmake
-- Installing: /home/connor/robotics_projects/surgical-arm-ros2/install/arm_control_interfaces/share/arm_control_interfaces/cmake/arm_control_interfacesConfig.cmake
-- Installing: /home/connor/robotics_projects/surgical-arm-ros2/install/arm_control_interfaces/share/arm_control_interfaces/cmake/arm_control_interfacesConfig-version.cmake
-- Installing: /home/connor/robotics_projects/surgical-arm-ros2/install/arm_control_interfaces/share/arm_control_interfaces/package.xml
