[1.983s] Invoking command in '/home/connor/robotics_projects/surgical-arm-ros2/src/arm_control': AMENT_PREFIX_PATH=/home/connor/robotics_projects/surgical-arm-ros2/install/arm_control_interfaces:${AMENT_PREFIX_PATH} CMAKE_PREFIX_PATH=/home/connor/robotics_projects/surgical-arm-ros2/install/arm_control_interfaces:${CMAKE_PREFIX_PATH} LD_LIBRARY_PATH=/home/connor/robotics_projects/surgical-arm-ros2/install/arm_control_interfaces/lib:${LD_LIBRARY_PATH} PYTHONPATH=/home/connor/robotics_projects/surgical-arm-ros2/build/arm_control/prefix_override:/usr/lib/python3/dist-packages/colcon_core/task/python/colcon_distutils_commands:/home/connor/robotics_projects/surgical-arm-ros2/install/arm_control/lib/python3.12/site-packages:/home/connor/robotics_projects/surgical-arm-ros2/install/arm_control_interfaces/lib/python3.12/site-packages:${PYTHONPATH} VIRTUAL_ENV_PROMPT=(venv) /usr/bin/python3 -W ignore:setup.py install is deprecated -W ignore:easy_install command is deprecated setup.py egg_info --egg-base ../../build/arm_control build --build-base /home/connor/robotics_projects/surgical-arm-ros2/build/arm_control/build install --record /home/connor/robotics_projects/surgical-arm-ros2/build/arm_control/install.log --single-version-externally-managed install_data
[2.401s] running egg_info
[2.426s] writing ../../build/arm_control/arm_control.egg-info/PKG-INFO
[2.427s] writing dependency_links to ../../build/arm_control/arm_control.egg-info/dependency_links.txt
[2.428s] writing entry points to ../../build/arm_control/arm_control.egg-info/entry_points.txt
[2.428s] writing requirements to ../../build/arm_control/arm_control.egg-info/requires.txt
[2.429s] writing top-level names to ../../build/arm_control/arm_control.egg-info/top_level.txt
[2.489s] reading manifest file '../../build/arm_control/arm_control.egg-info/SOURCES.txt'
[2.490s] adding license file 'LICENSE'
[2.491s] writing manifest file '../../build/arm_control/arm_control.egg-info/SOURCES.txt'
[2.492s] running build
[2.492s] running build_py
[2.493s] copying arm_control/zed_driver.py -> /home/connor/robotics_projects/surgical-arm-ros2/build/arm_control/build/lib/arm_control
[2.493s] copying arm_control/camera_training.py -> /home/connor/robotics_projects/surgical-arm-ros2/build/arm_control/build/lib/arm_control
[2.494s] running install
[2.503s] running install_lib
[2.535s] copying /home/connor/robotics_projects/surgical-arm-ros2/build/arm_control/build/lib/arm_control/zed_driver.py -> /home/connor/robotics_projects/surgical-arm-ros2/install/arm_control/lib/python3.12/site-packages/arm_control
[2.535s] copying /home/connor/robotics_projects/surgical-arm-ros2/build/arm_control/build/lib/arm_control/camera_training.py -> /home/connor/robotics_projects/surgical-arm-ros2/install/arm_control/lib/python3.12/site-packages/arm_control
[2.537s] byte-compiling /home/connor/robotics_projects/surgical-arm-ros2/install/arm_control/lib/python3.12/site-packages/arm_control/zed_driver.py to zed_driver.cpython-312.pyc
[2.542s] byte-compiling /home/connor/robotics_projects/surgical-arm-ros2/install/arm_control/lib/python3.12/site-packages/arm_control/camera_training.py to camera_training.cpython-312.pyc
[2.548s] running install_data
[2.548s] running install_egg_info
[2.578s] removing '/home/connor/robotics_projects/surgical-arm-ros2/install/arm_control/lib/python3.12/site-packages/arm_control-0.0.0-py3.12.egg-info' (and everything under it)
[2.579s] Copying ../../build/arm_control/arm_control.egg-info to /home/connor/robotics_projects/surgical-arm-ros2/install/arm_control/lib/python3.12/site-packages/arm_control-0.0.0-py3.12.egg-info
[2.580s] running install_scripts
[2.761s] Installing camera_training script to /home/connor/robotics_projects/surgical-arm-ros2/install/arm_control/lib/arm_control
[2.761s] Installing force_sensor script to /home/connor/robotics_projects/surgical-arm-ros2/install/arm_control/lib/arm_control
[2.762s] Installing lerobot_driver script to /home/connor/robotics_projects/surgical-arm-ros2/install/arm_control/lib/arm_control
[2.762s] Installing lerobot_motionplan script to /home/connor/robotics_projects/surgical-arm-ros2/install/arm_control/lib/arm_control
[2.763s] Installing lerobot_sim script to /home/connor/robotics_projects/surgical-arm-ros2/install/arm_control/lib/arm_control
[2.764s] Installing teleop_transformer script to /home/connor/robotics_projects/surgical-arm-ros2/install/arm_control/lib/arm_control
[2.764s] Installing zed_driver script to /home/connor/robotics_projects/surgical-arm-ros2/install/arm_control/lib/arm_control
[2.765s] writing list of installed files to '/home/connor/robotics_projects/surgical-arm-ros2/build/arm_control/install.log'
[2.815s] Invoked command in '/home/connor/robotics_projects/surgical-arm-ros2/src/arm_control' returned '0': AMENT_PREFIX_PATH=/home/connor/robotics_projects/surgical-arm-ros2/install/arm_control_interfaces:${AMENT_PREFIX_PATH} CMAKE_PREFIX_PATH=/home/connor/robotics_projects/surgical-arm-ros2/install/arm_control_interfaces:${CMAKE_PREFIX_PATH} LD_LIBRARY_PATH=/home/connor/robotics_projects/surgical-arm-ros2/install/arm_control_interfaces/lib:${LD_LIBRARY_PATH} PYTHONPATH=/home/connor/robotics_projects/surgical-arm-ros2/build/arm_control/prefix_override:/usr/lib/python3/dist-packages/colcon_core/task/python/colcon_distutils_commands:/home/connor/robotics_projects/surgical-arm-ros2/install/arm_control/lib/python3.12/site-packages:/home/connor/robotics_projects/surgical-arm-ros2/install/arm_control_interfaces/lib/python3.12/site-packages:${PYTHONPATH} VIRTUAL_ENV_PROMPT=(venv) /usr/bin/python3 -W ignore:setup.py install is deprecated -W ignore:easy_install command is deprecated setup.py egg_info --egg-base ../../build/arm_control build --build-base /home/connor/robotics_projects/surgical-arm-ros2/build/arm_control/build install --record /home/connor/robotics_projects/surgical-arm-ros2/build/arm_control/install.log --single-version-externally-managed install_data
