[1.189s] Invoking command in '/home/connor/robotics_projects/surgical-arm-ros2/src/arm_control': PYTHONPATH=/home/connor/robotics_projects/surgical-arm-ros2/build/arm_control/prefix_override:/usr/lib/python3/dist-packages/colcon_core/task/python/colcon_distutils_commands:/home/connor/robotics_projects/surgical-arm-ros2/install/arm_control/lib/python3.12/site-packages:${PYTHONPATH} VIRTUAL_ENV_PROMPT=(venv) /usr/bin/python3 -W ignore:setup.py install is deprecated -W ignore:easy_install command is deprecated setup.py egg_info --egg-base ../../build/arm_control build --build-base /home/connor/robotics_projects/surgical-arm-ros2/build/arm_control/build install --record /home/connor/robotics_projects/surgical-arm-ros2/build/arm_control/install.log --single-version-externally-managed install_data
[1.604s] running egg_info
[1.626s] writing ../../build/arm_control/arm_control.egg-info/PKG-INFO
[1.627s] writing dependency_links to ../../build/arm_control/arm_control.egg-info/dependency_links.txt
[1.628s] writing entry points to ../../build/arm_control/arm_control.egg-info/entry_points.txt
[1.628s] writing requirements to ../../build/arm_control/arm_control.egg-info/requires.txt
[1.628s] writing top-level names to ../../build/arm_control/arm_control.egg-info/top_level.txt
[1.679s] reading manifest file '../../build/arm_control/arm_control.egg-info/SOURCES.txt'
[1.680s] adding license file 'LICENSE'
[1.681s] writing manifest file '../../build/arm_control/arm_control.egg-info/SOURCES.txt'
[1.682s] running build
[1.682s] running build_py
[1.683s] copying arm_control/camera_training.py -> /home/connor/robotics_projects/surgical-arm-ros2/build/arm_control/build/lib/arm_control
[1.684s] copying arm_control/utilities/rosbag_capture.py -> /home/connor/robotics_projects/surgical-arm-ros2/build/arm_control/build/lib/arm_control/utilities
[1.686s] running install
[1.694s] running install_lib
[1.717s] copying /home/connor/robotics_projects/surgical-arm-ros2/build/arm_control/build/lib/arm_control/camera_training.py -> /home/connor/robotics_projects/surgical-arm-ros2/install/arm_control/lib/python3.12/site-packages/arm_control
[1.718s] copying /home/connor/robotics_projects/surgical-arm-ros2/build/arm_control/build/lib/arm_control/utilities/rosbag_capture.py -> /home/connor/robotics_projects/surgical-arm-ros2/install/arm_control/lib/python3.12/site-packages/arm_control/utilities
[1.720s] byte-compiling /home/connor/robotics_projects/surgical-arm-ros2/install/arm_control/lib/python3.12/site-packages/arm_control/camera_training.py to camera_training.cpython-312.pyc
[1.726s] byte-compiling /home/connor/robotics_projects/surgical-arm-ros2/install/arm_control/lib/python3.12/site-packages/arm_control/utilities/rosbag_capture.py to rosbag_capture.cpython-312.pyc
[1.727s] running install_data
[1.728s] copying launch/teleop.launch.py -> /home/connor/robotics_projects/surgical-arm-ros2/install/arm_control/share/arm_control/launch
[1.728s] running install_egg_info
[1.750s] removing '/home/connor/robotics_projects/surgical-arm-ros2/install/arm_control/lib/python3.12/site-packages/arm_control-0.0.0-py3.12.egg-info' (and everything under it)
[1.751s] Copying ../../build/arm_control/arm_control.egg-info to /home/connor/robotics_projects/surgical-arm-ros2/install/arm_control/lib/python3.12/site-packages/arm_control-0.0.0-py3.12.egg-info
[1.753s] running install_scripts
[1.946s] Installing camera_playback script to /home/connor/robotics_projects/surgical-arm-ros2/install/arm_control/lib/arm_control
[1.947s] Installing camera_training script to /home/connor/robotics_projects/surgical-arm-ros2/install/arm_control/lib/arm_control
[1.948s] Installing eye_to_hand_calibration script to /home/connor/robotics_projects/surgical-arm-ros2/install/arm_control/lib/arm_control
[1.950s] Installing force_sensor script to /home/connor/robotics_projects/surgical-arm-ros2/install/arm_control/lib/arm_control
[1.950s] Installing lerobot_driver script to /home/connor/robotics_projects/surgical-arm-ros2/install/arm_control/lib/arm_control
[1.951s] Installing lerobot_motionplan script to /home/connor/robotics_projects/surgical-arm-ros2/install/arm_control/lib/arm_control
[1.952s] Installing lerobot_sim script to /home/connor/robotics_projects/surgical-arm-ros2/install/arm_control/lib/arm_control
[1.952s] Installing playback_transformer script to /home/connor/robotics_projects/surgical-arm-ros2/install/arm_control/lib/arm_control
[1.952s] Installing teleop_transformer script to /home/connor/robotics_projects/surgical-arm-ros2/install/arm_control/lib/arm_control
[1.952s] Installing zed_driver script to /home/connor/robotics_projects/surgical-arm-ros2/install/arm_control/lib/arm_control
[1.953s] writing list of installed files to '/home/connor/robotics_projects/surgical-arm-ros2/build/arm_control/install.log'
[2.007s] Invoked command in '/home/connor/robotics_projects/surgical-arm-ros2/src/arm_control' returned '0': PYTHONPATH=/home/connor/robotics_projects/surgical-arm-ros2/build/arm_control/prefix_override:/usr/lib/python3/dist-packages/colcon_core/task/python/colcon_distutils_commands:/home/connor/robotics_projects/surgical-arm-ros2/install/arm_control/lib/python3.12/site-packages:${PYTHONPATH} VIRTUAL_ENV_PROMPT=(venv) /usr/bin/python3 -W ignore:setup.py install is deprecated -W ignore:easy_install command is deprecated setup.py egg_info --egg-base ../../build/arm_control build --build-base /home/connor/robotics_projects/surgical-arm-ros2/build/arm_control/build install --record /home/connor/robotics_projects/surgical-arm-ros2/build/arm_control/install.log --single-version-externally-managed install_data
