[0.042s] Invoking command in '/home/connor/robotics_projects/surgical-arm-ros2/build/arm_control_interfaces': CMAKE_PREFIX_PATH=${CMAKE_PREFIX_PATH}:/home/connor/robotics_projects/surgical-arm-ros2/install/arm_control:/opt/ros/jazzy VIRTUAL_ENV_PROMPT=(venv) /home/connor/robotics_projects/surgical-arm-ros2/venv/bin/cmake --build /home/connor/robotics_projects/surgical-arm-ros2/build/arm_control_interfaces -- -j24 -l24
[0.338s] [0mCMake Deprecation Warning at CMakeLists.txt:1 (cmake_minimum_required):
[0.338s]   Compatibility with CMake < 3.10 will be removed from a future version of
[0.339s]   CMake.
[0.339s] 
[0.340s]   Update the VERSION argument <min> value.  Or, use the <min>...<max> syntax
[0.340s]   to tell CMake that the project requires at least <min> but has been updated
[0.340s]   to work with policies introduced by <max> or earlier.
[0.340s] 
[0.341s] [0m
[0.352s] -- Found ament_cmake: 2.5.6 (/opt/ros/jazzy/share/ament_cmake/cmake)
[0.545s] -- Found geometry_msgs: 5.3.7 (/opt/ros/jazzy/share/geometry_msgs/cmake)
[1.163s] -- Found rosidl_generator_c: 4.6.7 (/opt/ros/jazzy/share/rosidl_generator_c/cmake)
[1.177s] -- Found rosidl_generator_cpp: 4.6.7 (/opt/ros/jazzy/share/rosidl_generator_cpp/cmake)
[1.195s] -- Using all available rosidl_typesupport_c: rosidl_typesupport_fastrtps_c;rosidl_typesupport_introspection_c
[1.217s] -- Using all available rosidl_typesupport_cpp: rosidl_typesupport_fastrtps_cpp;rosidl_typesupport_introspection_cpp
[1.290s] -- Found rosidl_default_generators: 1.6.0 (/opt/ros/jazzy/share/rosidl_default_generators/cmake)
[1.319s] -- Found rosidl_adapter: 4.6.7 (/opt/ros/jazzy/share/rosidl_adapter/cmake)
[1.886s] -- Found ament_cmake_ros: 0.12.0 (/opt/ros/jazzy/share/ament_cmake_ros/cmake)
[2.423s] -- Using all available rosidl_typesupport_c: rosidl_typesupport_fastrtps_c;rosidl_typesupport_introspection_c
[2.631s] -- Using all available rosidl_typesupport_cpp: rosidl_typesupport_fastrtps_cpp;rosidl_typesupport_introspection_cpp
[2.634s] -- Found python_cmake_module: 0.11.1 (/opt/ros/jazzy/share/python_cmake_module/cmake)
[3.363s] -- Found Python3: /usr/bin/python3 (found version "3.12.3") found components: Interpreter Development NumPy Development.Module Development.Embed
[3.514s] -- Found Python3: /usr/bin/python3 (found version "3.12.3") found components: Interpreter
[3.524s] -- Configuring done (3.2s)
[3.608s] -- Generating done (0.1s)
[3.635s] -- Build files have been written to: /home/connor/robotics_projects/surgical-arm-ros2/build/arm_control_interfaces
[3.678s] [  2%] [1m[34mGenerating type hashes for ROS interfaces[0m
[3.680s] [  5%] [1m[34mGenerating Rust code for ROS interfaces[0m
[3.686s] [  5%] Built target ament_cmake_python_copy_arm_control_interfaces
[4.116s] running egg_info
[4.117s] [  5%] Built target arm_control_interfaces__rosidl_generator_type_description
[4.132s] [  8%] [1m[34mGenerating C code for ROS interfaces[0m
[4.140s] [ 11%] [1m[34mGenerating C++ code for ROS interfaces[0m
[4.159s] writing arm_control_interfaces.egg-info/PKG-INFO
[4.159s] writing dependency_links to arm_control_interfaces.egg-info/dependency_links.txt
[4.160s] writing top-level names to arm_control_interfaces.egg-info/top_level.txt
[4.163s] [ 11%] Built target arm_control_interfaces__rs
[4.232s] reading manifest file 'arm_control_interfaces.egg-info/SOURCES.txt'
[4.232s] writing manifest file 'arm_control_interfaces.egg-info/SOURCES.txt'
[4.279s] [ 11%] Built target ament_cmake_python_build_arm_control_interfaces_egg
[4.608s] [ 11%] Built target arm_control_interfaces__cpp
[4.618s] [ 17%] [32mBuilding C object CMakeFiles/arm_control_interfaces__rosidl_generator_c.dir/rosidl_generator_c/arm_control_interfaces/srv/detail/get_plane_at_point__description.c.o[0m
[4.618s] [ 17%] [32mBuilding C object CMakeFiles/arm_control_interfaces__rosidl_generator_c.dir/rosidl_generator_c/arm_control_interfaces/srv/detail/get_plane_at_point__functions.c.o[0m
[4.618s] [ 20%] [32mBuilding C object CMakeFiles/arm_control_interfaces__rosidl_generator_c.dir/rosidl_generator_c/arm_control_interfaces/srv/detail/get_plane_at_point__type_support.c.o[0m
[4.751s] [ 22%] [1m[32mLinking C shared library libarm_control_interfaces__rosidl_generator_c.so[0m
[4.967s] [ 22%] Built target arm_control_interfaces__rosidl_generator_c
[4.977s] [ 28%] [1m[34mGenerating C++ type support dispatch for ROS interfaces[0m
[4.978s] [ 28%] [1m[34mGenerating C type support dispatch for ROS interfaces[0m
[4.979s] [ 31%] [1m[34mGenerating C++ introspection for ROS interfaces[0m
[4.979s] [ 34%] [1m[34mGenerating C++ type support for eProsima Fast-RTPS[0m
[4.980s] [ 37%] [1m[34mGenerating C type support for eProsima Fast-RTPS[0m
[4.981s] [ 40%] [1m[34mGenerating C introspection for ROS interfaces[0m
[5.446s] [ 42%] [32mBuilding CXX object CMakeFiles/arm_control_interfaces__rosidl_typesupport_c.dir/rosidl_typesupport_c/arm_control_interfaces/srv/get_plane_at_point__type_support.cpp.o[0m
[5.460s] [ 45%] [32mBuilding CXX object CMakeFiles/arm_control_interfaces__rosidl_typesupport_cpp.dir/rosidl_typesupport_cpp/arm_control_interfaces/srv/get_plane_at_point__type_support.cpp.o[0m
[5.490s] [ 48%] [32mBuilding CXX object CMakeFiles/arm_control_interfaces__rosidl_typesupport_introspection_cpp.dir/rosidl_typesupport_introspection_cpp/arm_control_interfaces/srv/detail/get_plane_at_point__type_support.cpp.o[0m
[5.499s] [ 51%] [32mBuilding C object CMakeFiles/arm_control_interfaces__rosidl_typesupport_introspection_c.dir/rosidl_typesupport_introspection_c/arm_control_interfaces/srv/detail/get_plane_at_point__type_support.c.o[0m
[5.529s] [ 54%] [1m[32mLinking CXX shared library libarm_control_interfaces__rosidl_typesupport_c.so[0m
[5.567s] [ 57%] [32mBuilding CXX object CMakeFiles/arm_control_interfaces__rosidl_typesupport_fastrtps_cpp.dir/rosidl_typesupport_fastrtps_cpp/arm_control_interfaces/srv/detail/dds_fastrtps/get_plane_at_point__type_support.cpp.o[0m
[5.581s] [ 60%] [1m[32mLinking C shared library libarm_control_interfaces__rosidl_typesupport_introspection_c.so[0m
[5.584s] [ 62%] [32mBuilding CXX object CMakeFiles/arm_control_interfaces__rosidl_typesupport_fastrtps_c.dir/rosidl_typesupport_fastrtps_c/arm_control_interfaces/srv/detail/get_plane_at_point__type_support_c.cpp.o[0m
[5.794s] [ 62%] Built target arm_control_interfaces__rosidl_typesupport_c
[5.797s] [ 62%] Built target arm_control_interfaces__rosidl_typesupport_introspection_c
[6.279s] [ 65%] [1m[32mLinking CXX shared library libarm_control_interfaces__rosidl_typesupport_cpp.so[0m
[6.437s] [ 68%] [1m[32mLinking CXX shared library libarm_control_interfaces__rosidl_typesupport_introspection_cpp.so[0m
[6.537s] [ 71%] [1m[32mLinking CXX shared library libarm_control_interfaces__rosidl_typesupport_fastrtps_c.so[0m
[6.537s] [ 71%] Built target arm_control_interfaces__rosidl_typesupport_cpp
[6.679s] [ 71%] Built target arm_control_interfaces__rosidl_typesupport_introspection_cpp
[6.742s] [ 71%] Built target arm_control_interfaces__rosidl_typesupport_fastrtps_c
[6.806s] [ 74%] [1m[32mLinking CXX shared library libarm_control_interfaces__rosidl_typesupport_fastrtps_cpp.so[0m
[7.064s] [ 74%] Built target arm_control_interfaces__rosidl_typesupport_fastrtps_cpp
[7.080s] [ 74%] Built target arm_control_interfaces
[7.102s] [ 77%] [1m[34mGenerating Python code for ROS interfaces[0m
[7.687s] [ 77%] Built target arm_control_interfaces__py
[7.707s] [ 80%] [32mBuilding C object CMakeFiles/arm_control_interfaces__rosidl_generator_py.dir/rosidl_generator_py/arm_control_interfaces/srv/_get_plane_at_point_s.c.o[0m
[7.936s] [ 82%] [1m[32mLinking C shared library libarm_control_interfaces__rosidl_generator_py.so[0m
[8.167s] [ 82%] Built target arm_control_interfaces__rosidl_generator_py
[8.191s] [ 85%] [32mBuilding C object CMakeFiles/arm_control_interfaces_s__rosidl_typesupport_c.dir/rosidl_generator_py/arm_control_interfaces/_arm_control_interfaces_s.ep.rosidl_typesupport_c.c.o[0m
[8.192s] [ 88%] [32mBuilding C object CMakeFiles/arm_control_interfaces_s__rosidl_typesupport_fastrtps_c.dir/rosidl_generator_py/arm_control_interfaces/_arm_control_interfaces_s.ep.rosidl_typesupport_fastrtps_c.c.o[0m
[8.193s] [ 91%] [32mBuilding C object CMakeFiles/arm_control_interfaces_s__rosidl_typesupport_introspection_c.dir/rosidl_generator_py/arm_control_interfaces/_arm_control_interfaces_s.ep.rosidl_typesupport_introspection_c.c.o[0m
[8.357s] [ 94%] [1m[32mLinking C shared module rosidl_generator_py/arm_control_interfaces/arm_control_interfaces_s__rosidl_typesupport_fastrtps_c.so[0m
[8.357s] [ 97%] [1m[32mLinking C shared module rosidl_generator_py/arm_control_interfaces/arm_control_interfaces_s__rosidl_typesupport_introspection_c.so[0m
[8.362s] [100%] [1m[32mLinking C shared module rosidl_generator_py/arm_control_interfaces/arm_control_interfaces_s__rosidl_typesupport_c.so[0m
[8.498s] [100%] Built target arm_control_interfaces_s__rosidl_typesupport_c
[8.499s] [100%] Built target arm_control_interfaces_s__rosidl_typesupport_fastrtps_c
[8.500s] [100%] Built target arm_control_interfaces_s__rosidl_typesupport_introspection_c
[8.510s] Invoked command in '/home/connor/robotics_projects/surgical-arm-ros2/build/arm_control_interfaces' returned '0': CMAKE_PREFIX_PATH=${CMAKE_PREFIX_PATH}:/home/connor/robotics_projects/surgical-arm-ros2/install/arm_control:/opt/ros/jazzy VIRTUAL_ENV_PROMPT=(venv) /home/connor/robotics_projects/surgical-arm-ros2/venv/bin/cmake --build /home/connor/robotics_projects/surgical-arm-ros2/build/arm_control_interfaces -- -j24 -l24
[8.716s] Invoking command in '/home/connor/robotics_projects/surgical-arm-ros2/build/arm_control_interfaces': CMAKE_PREFIX_PATH=${CMAKE_PREFIX_PATH}:/home/connor/robotics_projects/surgical-arm-ros2/install/arm_control:/opt/ros/jazzy VIRTUAL_ENV_PROMPT=(venv) /home/connor/robotics_projects/surgical-arm-ros2/venv/bin/cmake --install /home/connor/robotics_projects/surgical-arm-ros2/build/arm_control_interfaces
[8.905s] -- Install configuration: ""
[8.906s] -- Up-to-date: /home/connor/robotics_projects/surgical-arm-ros2/install/arm_control_interfaces/share/ament_index/resource_index/rosidl_interfaces/arm_control_interfaces
[8.907s] -- Installing: /home/connor/robotics_projects/surgical-arm-ros2/install/arm_control_interfaces/share/arm_control_interfaces/srv/GetPlaneAtPoint.json
[8.907s] -- Up-to-date: /home/connor/robotics_projects/surgical-arm-ros2/install/arm_control_interfaces/include/arm_control_interfaces/arm_control_interfaces
[8.907s] -- Up-to-date: /home/connor/robotics_projects/surgical-arm-ros2/install/arm_control_interfaces/include/arm_control_interfaces/arm_control_interfaces/srv
[8.908s] -- Installing: /home/connor/robotics_projects/surgical-arm-ros2/install/arm_control_interfaces/include/arm_control_interfaces/arm_control_interfaces/srv/get_plane_at_point.h
[8.908s] -- Up-to-date: /home/connor/robotics_projects/surgical-arm-ros2/install/arm_control_interfaces/include/arm_control_interfaces/arm_control_interfaces/srv/detail
[8.908s] -- Installing: /home/connor/robotics_projects/surgical-arm-ros2/install/arm_control_interfaces/include/arm_control_interfaces/arm_control_interfaces/srv/detail/get_plane_at_point__functions.c
[8.908s] -- Installing: /home/connor/robotics_projects/surgical-arm-ros2/install/arm_control_interfaces/include/arm_control_interfaces/arm_control_interfaces/srv/detail/get_plane_at_point__type_support.c
[8.909s] -- Installing: /home/connor/robotics_projects/surgical-arm-ros2/install/arm_control_interfaces/include/arm_control_interfaces/arm_control_interfaces/srv/detail/get_plane_at_point__functions.h
[8.909s] -- Installing: /home/connor/robotics_projects/surgical-arm-ros2/install/arm_control_interfaces/include/arm_control_interfaces/arm_control_interfaces/srv/detail/get_plane_at_point__description.c
[8.909s] -- Installing: /home/connor/robotics_projects/surgical-arm-ros2/install/arm_control_interfaces/include/arm_control_interfaces/arm_control_interfaces/srv/detail/get_plane_at_point__type_support.h
[8.910s] -- Installing: /home/connor/robotics_projects/surgical-arm-ros2/install/arm_control_interfaces/include/arm_control_interfaces/arm_control_interfaces/srv/detail/get_plane_at_point__struct.h
[8.910s] -- Up-to-date: /home/connor/robotics_projects/surgical-arm-ros2/install/arm_control_interfaces/include/arm_control_interfaces/arm_control_interfaces/msg
[8.910s] -- Up-to-date: /home/connor/robotics_projects/surgical-arm-ros2/install/arm_control_interfaces/include/arm_control_interfaces/arm_control_interfaces/msg/rosidl_generator_c__visibility_control.h
[8.910s] -- Up-to-date: /home/connor/robotics_projects/surgical-arm-ros2/install/arm_control_interfaces/share/arm_control_interfaces/environment/library_path.sh
[8.910s] -- Up-to-date: /home/connor/robotics_projects/surgical-arm-ros2/install/arm_control_interfaces/share/arm_control_interfaces/environment/library_path.dsv
[8.910s] -- Installing: /home/connor/robotics_projects/surgical-arm-ros2/install/arm_control_interfaces/lib/libarm_control_interfaces__rosidl_generator_c.so
[8.911s] -- Set non-toolchain portion of runtime path of "/home/connor/robotics_projects/surgical-arm-ros2/install/arm_control_interfaces/lib/libarm_control_interfaces__rosidl_generator_c.so" to ""
[8.911s] -- Up-to-date: /home/connor/robotics_projects/surgical-arm-ros2/install/arm_control_interfaces/include/arm_control_interfaces/arm_control_interfaces
[8.911s] -- Up-to-date: /home/connor/robotics_projects/surgical-arm-ros2/install/arm_control_interfaces/include/arm_control_interfaces/arm_control_interfaces/srv
[8.911s] -- Up-to-date: /home/connor/robotics_projects/surgical-arm-ros2/install/arm_control_interfaces/include/arm_control_interfaces/arm_control_interfaces/srv/detail
[8.912s] -- Installing: /home/connor/robotics_projects/surgical-arm-ros2/install/arm_control_interfaces/include/arm_control_interfaces/arm_control_interfaces/srv/detail/get_plane_at_point__rosidl_typesupport_fastrtps_c.h
[8.912s] -- Up-to-date: /home/connor/robotics_projects/surgical-arm-ros2/install/arm_control_interfaces/include/arm_control_interfaces/arm_control_interfaces/msg
[8.912s] -- Up-to-date: /home/connor/robotics_projects/surgical-arm-ros2/install/arm_control_interfaces/include/arm_control_interfaces/arm_control_interfaces/msg/rosidl_typesupport_fastrtps_c__visibility_control.h
[8.913s] -- Installing: /home/connor/robotics_projects/surgical-arm-ros2/install/arm_control_interfaces/lib/libarm_control_interfaces__rosidl_typesupport_fastrtps_c.so
[8.913s] -- Set non-toolchain portion of runtime path of "/home/connor/robotics_projects/surgical-arm-ros2/install/arm_control_interfaces/lib/libarm_control_interfaces__rosidl_typesupport_fastrtps_c.so" to ""
[8.913s] -- Up-to-date: /home/connor/robotics_projects/surgical-arm-ros2/install/arm_control_interfaces/include/arm_control_interfaces/arm_control_interfaces
[8.913s] -- Up-to-date: /home/connor/robotics_projects/surgical-arm-ros2/install/arm_control_interfaces/include/arm_control_interfaces/arm_control_interfaces/srv
[8.914s] -- Installing: /home/connor/robotics_projects/surgical-arm-ros2/install/arm_control_interfaces/include/arm_control_interfaces/arm_control_interfaces/srv/get_plane_at_point.hpp
[8.914s] -- Up-to-date: /home/connor/robotics_projects/surgical-arm-ros2/install/arm_control_interfaces/include/arm_control_interfaces/arm_control_interfaces/srv/detail
[8.914s] -- Installing: /home/connor/robotics_projects/surgical-arm-ros2/install/arm_control_interfaces/include/arm_control_interfaces/arm_control_interfaces/srv/detail/get_plane_at_point__struct.hpp
[8.915s] -- Installing: /home/connor/robotics_projects/surgical-arm-ros2/install/arm_control_interfaces/include/arm_control_interfaces/arm_control_interfaces/srv/detail/get_plane_at_point__type_support.hpp
[8.915s] -- Installing: /home/connor/robotics_projects/surgical-arm-ros2/install/arm_control_interfaces/include/arm_control_interfaces/arm_control_interfaces/srv/detail/get_plane_at_point__builder.hpp
[8.915s] -- Installing: /home/connor/robotics_projects/surgical-arm-ros2/install/arm_control_interfaces/include/arm_control_interfaces/arm_control_interfaces/srv/detail/get_plane_at_point__traits.hpp
[8.916s] -- Up-to-date: /home/connor/robotics_projects/surgical-arm-ros2/install/arm_control_interfaces/include/arm_control_interfaces/arm_control_interfaces/msg
[8.916s] -- Installing: /home/connor/robotics_projects/surgical-arm-ros2/install/arm_control_interfaces/include/arm_control_interfaces/arm_control_interfaces/msg/rosidl_generator_cpp__visibility_control.hpp
[8.916s] -- Up-to-date: /home/connor/robotics_projects/surgical-arm-ros2/install/arm_control_interfaces/include/arm_control_interfaces/arm_control_interfaces
[8.916s] -- Up-to-date: /home/connor/robotics_projects/surgical-arm-ros2/install/arm_control_interfaces/include/arm_control_interfaces/arm_control_interfaces/srv
[8.916s] -- Up-to-date: /home/connor/robotics_projects/surgical-arm-ros2/install/arm_control_interfaces/include/arm_control_interfaces/arm_control_interfaces/srv/detail
[8.917s] -- Installing: /home/connor/robotics_projects/surgical-arm-ros2/install/arm_control_interfaces/include/arm_control_interfaces/arm_control_interfaces/srv/detail/get_plane_at_point__rosidl_typesupport_fastrtps_cpp.hpp
[8.917s] -- Up-to-date: /home/connor/robotics_projects/surgical-arm-ros2/install/arm_control_interfaces/include/arm_control_interfaces/arm_control_interfaces/srv/detail/dds_fastrtps
[8.917s] -- Up-to-date: /home/connor/robotics_projects/surgical-arm-ros2/install/arm_control_interfaces/include/arm_control_interfaces/arm_control_interfaces/msg
[8.917s] -- Up-to-date: /home/connor/robotics_projects/surgical-arm-ros2/install/arm_control_interfaces/include/arm_control_interfaces/arm_control_interfaces/msg/rosidl_typesupport_fastrtps_cpp__visibility_control.h
[8.917s] -- Installing: /home/connor/robotics_projects/surgical-arm-ros2/install/arm_control_interfaces/lib/libarm_control_interfaces__rosidl_typesupport_fastrtps_cpp.so
[8.919s] -- Set non-toolchain portion of runtime path of "/home/connor/robotics_projects/surgical-arm-ros2/install/arm_control_interfaces/lib/libarm_control_interfaces__rosidl_typesupport_fastrtps_cpp.so" to ""
[8.920s] -- Up-to-date: /home/connor/robotics_projects/surgical-arm-ros2/install/arm_control_interfaces/include/arm_control_interfaces/arm_control_interfaces
[8.921s] -- Up-to-date: /home/connor/robotics_projects/surgical-arm-ros2/install/arm_control_interfaces/include/arm_control_interfaces/arm_control_interfaces/srv
[8.921s] -- Up-to-date: /home/connor/robotics_projects/surgical-arm-ros2/install/arm_control_interfaces/include/arm_control_interfaces/arm_control_interfaces/srv/detail
[8.921s] -- Up-to-date: /home/connor/robotics_projects/surgical-arm-ros2/install/arm_control_interfaces/include/arm_control_interfaces/arm_control_interfaces/srv/detail/get_plane_at_point__type_support.c
[8.921s] -- Installing: /home/connor/robotics_projects/surgical-arm-ros2/install/arm_control_interfaces/include/arm_control_interfaces/arm_control_interfaces/srv/detail/get_plane_at_point__rosidl_typesupport_introspection_c.h
[8.921s] -- Up-to-date: /home/connor/robotics_projects/surgical-arm-ros2/install/arm_control_interfaces/include/arm_control_interfaces/arm_control_interfaces/msg
[8.922s] -- Up-to-date: /home/connor/robotics_projects/surgical-arm-ros2/install/arm_control_interfaces/include/arm_control_interfaces/arm_control_interfaces/msg/rosidl_typesupport_introspection_c__visibility_control.h
[8.922s] -- Installing: /home/connor/robotics_projects/surgical-arm-ros2/install/arm_control_interfaces/lib/libarm_control_interfaces__rosidl_typesupport_introspection_c.so
[8.923s] -- Set non-toolchain portion of runtime path of "/home/connor/robotics_projects/surgical-arm-ros2/install/arm_control_interfaces/lib/libarm_control_interfaces__rosidl_typesupport_introspection_c.so" to ""
[8.923s] -- Installing: /home/connor/robotics_projects/surgical-arm-ros2/install/arm_control_interfaces/lib/libarm_control_interfaces__rosidl_typesupport_c.so
[8.924s] -- Set non-toolchain portion of runtime path of "/home/connor/robotics_projects/surgical-arm-ros2/install/arm_control_interfaces/lib/libarm_control_interfaces__rosidl_typesupport_c.so" to ""
[8.924s] -- Up-to-date: /home/connor/robotics_projects/surgical-arm-ros2/install/arm_control_interfaces/include/arm_control_interfaces/arm_control_interfaces
[8.925s] -- Up-to-date: /home/connor/robotics_projects/surgical-arm-ros2/install/arm_control_interfaces/include/arm_control_interfaces/arm_control_interfaces/srv
[8.925s] -- Up-to-date: /home/connor/robotics_projects/surgical-arm-ros2/install/arm_control_interfaces/include/arm_control_interfaces/arm_control_interfaces/srv/detail
[8.925s] -- Installing: /home/connor/robotics_projects/surgical-arm-ros2/install/arm_control_interfaces/include/arm_control_interfaces/arm_control_interfaces/srv/detail/get_plane_at_point__type_support.cpp
[8.925s] -- Installing: /home/connor/robotics_projects/surgical-arm-ros2/install/arm_control_interfaces/include/arm_control_interfaces/arm_control_interfaces/srv/detail/get_plane_at_point__rosidl_typesupport_introspection_cpp.hpp
[8.925s] -- Installing: /home/connor/robotics_projects/surgical-arm-ros2/install/arm_control_interfaces/lib/libarm_control_interfaces__rosidl_typesupport_introspection_cpp.so
[8.927s] -- Set non-toolchain portion of runtime path of "/home/connor/robotics_projects/surgical-arm-ros2/install/arm_control_interfaces/lib/libarm_control_interfaces__rosidl_typesupport_introspection_cpp.so" to ""
[8.928s] -- Installing: /home/connor/robotics_projects/surgical-arm-ros2/install/arm_control_interfaces/lib/libarm_control_interfaces__rosidl_typesupport_cpp.so
[8.928s] -- Set non-toolchain portion of runtime path of "/home/connor/robotics_projects/surgical-arm-ros2/install/arm_control_interfaces/lib/libarm_control_interfaces__rosidl_typesupport_cpp.so" to ""
[8.929s] -- Up-to-date: /home/connor/robotics_projects/surgical-arm-ros2/install/arm_control_interfaces/share/arm_control_interfaces/environment/pythonpath.sh
[8.930s] -- Up-to-date: /home/connor/robotics_projects/surgical-arm-ros2/install/arm_control_interfaces/share/arm_control_interfaces/environment/pythonpath.dsv
[8.931s] -- Up-to-date: /home/connor/robotics_projects/surgical-arm-ros2/install/arm_control_interfaces/lib/python3.12/site-packages/arm_control_interfaces-0.0.0-py3.12.egg-info
[8.931s] -- Installing: /home/connor/robotics_projects/surgical-arm-ros2/install/arm_control_interfaces/lib/python3.12/site-packages/arm_control_interfaces-0.0.0-py3.12.egg-info/top_level.txt
[8.931s] -- Installing: /home/connor/robotics_projects/surgical-arm-ros2/install/arm_control_interfaces/lib/python3.12/site-packages/arm_control_interfaces-0.0.0-py3.12.egg-info/PKG-INFO
[8.931s] -- Installing: /home/connor/robotics_projects/surgical-arm-ros2/install/arm_control_interfaces/lib/python3.12/site-packages/arm_control_interfaces-0.0.0-py3.12.egg-info/dependency_links.txt
[8.931s] -- Installing: /home/connor/robotics_projects/surgical-arm-ros2/install/arm_control_interfaces/lib/python3.12/site-packages/arm_control_interfaces-0.0.0-py3.12.egg-info/SOURCES.txt
[8.932s] -- Up-to-date: /home/connor/robotics_projects/surgical-arm-ros2/install/arm_control_interfaces/lib/python3.12/site-packages/arm_control_interfaces
[8.933s] -- Up-to-date: /home/connor/robotics_projects/surgical-arm-ros2/install/arm_control_interfaces/lib/python3.12/site-packages/arm_control_interfaces/srv
[8.933s] -- Installing: /home/connor/robotics_projects/surgical-arm-ros2/install/arm_control_interfaces/lib/python3.12/site-packages/arm_control_interfaces/srv/_get_plane_at_point_s.c
[8.934s] -- Installing: /home/connor/robotics_projects/surgical-arm-ros2/install/arm_control_interfaces/lib/python3.12/site-packages/arm_control_interfaces/srv/__init__.py
[8.934s] -- Installing: /home/connor/robotics_projects/surgical-arm-ros2/install/arm_control_interfaces/lib/python3.12/site-packages/arm_control_interfaces/srv/_get_plane_at_point.py
[8.935s] -- Installing: /home/connor/robotics_projects/surgical-arm-ros2/install/arm_control_interfaces/lib/python3.12/site-packages/arm_control_interfaces/_arm_control_interfaces_s.ep.rosidl_typesupport_fastrtps_c.c
[8.935s] -- Installing: /home/connor/robotics_projects/surgical-arm-ros2/install/arm_control_interfaces/lib/python3.12/site-packages/arm_control_interfaces/_arm_control_interfaces_s.ep.rosidl_typesupport_introspection_c.c
[8.936s] -- Installing: /home/connor/robotics_projects/surgical-arm-ros2/install/arm_control_interfaces/lib/python3.12/site-packages/arm_control_interfaces/arm_control_interfaces_s__rosidl_typesupport_c.so
[8.936s] -- Installing: /home/connor/robotics_projects/surgical-arm-ros2/install/arm_control_interfaces/lib/python3.12/site-packages/arm_control_interfaces/arm_control_interfaces_s__rosidl_typesupport_introspection_c.so
[8.936s] -- Installing: /home/connor/robotics_projects/surgical-arm-ros2/install/arm_control_interfaces/lib/python3.12/site-packages/arm_control_interfaces/__init__.py
[8.936s] -- Installing: /home/connor/robotics_projects/surgical-arm-ros2/install/arm_control_interfaces/lib/python3.12/site-packages/arm_control_interfaces/arm_control_interfaces_s__rosidl_typesupport_fastrtps_c.so
[8.936s] -- Installing: /home/connor/robotics_projects/surgical-arm-ros2/install/arm_control_interfaces/lib/python3.12/site-packages/arm_control_interfaces/_arm_control_interfaces_s.ep.rosidl_typesupport_c.c
[9.010s] Listing '/home/connor/robotics_projects/surgical-arm-ros2/install/arm_control_interfaces/lib/python3.12/site-packages/arm_control_interfaces'...
[9.010s] Compiling '/home/connor/robotics_projects/surgical-arm-ros2/install/arm_control_interfaces/lib/python3.12/site-packages/arm_control_interfaces/__init__.py'...
[9.010s] Listing '/home/connor/robotics_projects/surgical-arm-ros2/install/arm_control_interfaces/lib/python3.12/site-packages/arm_control_interfaces/srv'...
[9.010s] Compiling '/home/connor/robotics_projects/surgical-arm-ros2/install/arm_control_interfaces/lib/python3.12/site-packages/arm_control_interfaces/srv/__init__.py'...
[9.010s] Compiling '/home/connor/robotics_projects/surgical-arm-ros2/install/arm_control_interfaces/lib/python3.12/site-packages/arm_control_interfaces/srv/_get_plane_at_point.py'...
[9.020s] -- Installing: /home/connor/robotics_projects/surgical-arm-ros2/install/arm_control_interfaces/lib/python3.12/site-packages/arm_control_interfaces/arm_control_interfaces_s__rosidl_typesupport_fastrtps_c.so
[9.020s] -- Set non-toolchain portion of runtime path of "/home/connor/robotics_projects/surgical-arm-ros2/install/arm_control_interfaces/lib/python3.12/site-packages/arm_control_interfaces/arm_control_interfaces_s__rosidl_typesupport_fastrtps_c.so" to ""
[9.021s] -- Installing: /home/connor/robotics_projects/surgical-arm-ros2/install/arm_control_interfaces/lib/python3.12/site-packages/arm_control_interfaces/arm_control_interfaces_s__rosidl_typesupport_introspection_c.so
[9.021s] -- Set non-toolchain portion of runtime path of "/home/connor/robotics_projects/surgical-arm-ros2/install/arm_control_interfaces/lib/python3.12/site-packages/arm_control_interfaces/arm_control_interfaces_s__rosidl_typesupport_introspection_c.so" to ""
[9.022s] -- Installing: /home/connor/robotics_projects/surgical-arm-ros2/install/arm_control_interfaces/lib/python3.12/site-packages/arm_control_interfaces/arm_control_interfaces_s__rosidl_typesupport_c.so
[9.022s] -- Set non-toolchain portion of runtime path of "/home/connor/robotics_projects/surgical-arm-ros2/install/arm_control_interfaces/lib/python3.12/site-packages/arm_control_interfaces/arm_control_interfaces_s__rosidl_typesupport_c.so" to ""
[9.023s] -- Installing: /home/connor/robotics_projects/surgical-arm-ros2/install/arm_control_interfaces/lib/libarm_control_interfaces__rosidl_generator_py.so
[9.023s] -- Set non-toolchain portion of runtime path of "/home/connor/robotics_projects/surgical-arm-ros2/install/arm_control_interfaces/lib/libarm_control_interfaces__rosidl_generator_py.so" to ""
[9.024s] -- Up-to-date: /home/connor/robotics_projects/surgical-arm-ros2/install/arm_control_interfaces/share/ament_index/resource_index/rust_packages/arm_control_interfaces
[9.025s] -- Up-to-date: /home/connor/robotics_projects/surgical-arm-ros2/install/arm_control_interfaces/share/arm_control_interfaces/rust
[9.025s] -- Up-to-date: /home/connor/robotics_projects/surgical-arm-ros2/install/arm_control_interfaces/share/arm_control_interfaces/rust/src
[9.026s] -- Installing: /home/connor/robotics_projects/surgical-arm-ros2/install/arm_control_interfaces/share/arm_control_interfaces/rust/src/srv.rs
[9.026s] -- Up-to-date: /home/connor/robotics_projects/surgical-arm-ros2/install/arm_control_interfaces/share/arm_control_interfaces/rust/src/srv
[9.026s] -- Installing: /home/connor/robotics_projects/surgical-arm-ros2/install/arm_control_interfaces/share/arm_control_interfaces/rust/src/srv/rmw.rs
[9.026s] -- Installing: /home/connor/robotics_projects/surgical-arm-ros2/install/arm_control_interfaces/share/arm_control_interfaces/rust/src/lib.rs
[9.026s] -- Installing: /home/connor/robotics_projects/surgical-arm-ros2/install/arm_control_interfaces/share/arm_control_interfaces/rust/Cargo.toml
[9.026s] -- Installing: /home/connor/robotics_projects/surgical-arm-ros2/install/arm_control_interfaces/share/arm_control_interfaces/rust/build.rs
[9.027s] -- Installing: /home/connor/robotics_projects/surgical-arm-ros2/install/arm_control_interfaces/share/arm_control_interfaces/srv/GetPlaneAtPoint.idl
[9.028s] -- Installing: /home/connor/robotics_projects/surgical-arm-ros2/install/arm_control_interfaces/share/arm_control_interfaces/srv/GetPlaneAtPoint.srv
[9.028s] -- Up-to-date: /home/connor/robotics_projects/surgical-arm-ros2/install/arm_control_interfaces/share/ament_index/resource_index/package_run_dependencies/arm_control_interfaces
[9.029s] -- Up-to-date: /home/connor/robotics_projects/surgical-arm-ros2/install/arm_control_interfaces/share/ament_index/resource_index/parent_prefix_path/arm_control_interfaces
[9.029s] -- Up-to-date: /home/connor/robotics_projects/surgical-arm-ros2/install/arm_control_interfaces/share/arm_control_interfaces/environment/ament_prefix_path.sh
[9.030s] -- Up-to-date: /home/connor/robotics_projects/surgical-arm-ros2/install/arm_control_interfaces/share/arm_control_interfaces/environment/ament_prefix_path.dsv
[9.030s] -- Up-to-date: /home/connor/robotics_projects/surgical-arm-ros2/install/arm_control_interfaces/share/arm_control_interfaces/environment/path.sh
[9.031s] -- Up-to-date: /home/connor/robotics_projects/surgical-arm-ros2/install/arm_control_interfaces/share/arm_control_interfaces/environment/path.dsv
[9.032s] -- Up-to-date: /home/connor/robotics_projects/surgical-arm-ros2/install/arm_control_interfaces/share/arm_control_interfaces/local_setup.bash
[9.032s] -- Up-to-date: /home/connor/robotics_projects/surgical-arm-ros2/install/arm_control_interfaces/share/arm_control_interfaces/local_setup.sh
[9.033s] -- Up-to-date: /home/connor/robotics_projects/surgical-arm-ros2/install/arm_control_interfaces/share/arm_control_interfaces/local_setup.zsh
[9.033s] -- Up-to-date: /home/connor/robotics_projects/surgical-arm-ros2/install/arm_control_interfaces/share/arm_control_interfaces/local_setup.dsv
[9.034s] -- Installing: /home/connor/robotics_projects/surgical-arm-ros2/install/arm_control_interfaces/share/arm_control_interfaces/package.dsv
[9.034s] -- Up-to-date: /home/connor/robotics_projects/surgical-arm-ros2/install/arm_control_interfaces/share/ament_index/resource_index/packages/arm_control_interfaces
[9.034s] -- Up-to-date: /home/connor/robotics_projects/surgical-arm-ros2/install/arm_control_interfaces/share/arm_control_interfaces/cmake/export_arm_control_interfaces__rosidl_generator_cExport.cmake
[9.034s] -- Up-to-date: /home/connor/robotics_projects/surgical-arm-ros2/install/arm_control_interfaces/share/arm_control_interfaces/cmake/export_arm_control_interfaces__rosidl_generator_cExport-noconfig.cmake
[9.034s] -- Up-to-date: /home/connor/robotics_projects/surgical-arm-ros2/install/arm_control_interfaces/share/arm_control_interfaces/cmake/export_arm_control_interfaces__rosidl_typesupport_fastrtps_cExport.cmake
[9.035s] -- Up-to-date: /home/connor/robotics_projects/surgical-arm-ros2/install/arm_control_interfaces/share/arm_control_interfaces/cmake/export_arm_control_interfaces__rosidl_typesupport_fastrtps_cExport-noconfig.cmake
[9.035s] -- Up-to-date: /home/connor/robotics_projects/surgical-arm-ros2/install/arm_control_interfaces/share/arm_control_interfaces/cmake/export_arm_control_interfaces__rosidl_generator_cppExport.cmake
[9.035s] -- Up-to-date: /home/connor/robotics_projects/surgical-arm-ros2/install/arm_control_interfaces/share/arm_control_interfaces/cmake/export_arm_control_interfaces__rosidl_typesupport_fastrtps_cppExport.cmake
[9.035s] -- Up-to-date: /home/connor/robotics_projects/surgical-arm-ros2/install/arm_control_interfaces/share/arm_control_interfaces/cmake/export_arm_control_interfaces__rosidl_typesupport_fastrtps_cppExport-noconfig.cmake
[9.035s] -- Up-to-date: /home/connor/robotics_projects/surgical-arm-ros2/install/arm_control_interfaces/share/arm_control_interfaces/cmake/arm_control_interfaces__rosidl_typesupport_introspection_cExport.cmake
[9.035s] -- Up-to-date: /home/connor/robotics_projects/surgical-arm-ros2/install/arm_control_interfaces/share/arm_control_interfaces/cmake/arm_control_interfaces__rosidl_typesupport_introspection_cExport-noconfig.cmake
[9.035s] -- Up-to-date: /home/connor/robotics_projects/surgical-arm-ros2/install/arm_control_interfaces/share/arm_control_interfaces/cmake/arm_control_interfaces__rosidl_typesupport_cExport.cmake
[9.035s] -- Up-to-date: /home/connor/robotics_projects/surgical-arm-ros2/install/arm_control_interfaces/share/arm_control_interfaces/cmake/arm_control_interfaces__rosidl_typesupport_cExport-noconfig.cmake
[9.035s] -- Up-to-date: /home/connor/robotics_projects/surgical-arm-ros2/install/arm_control_interfaces/share/arm_control_interfaces/cmake/arm_control_interfaces__rosidl_typesupport_introspection_cppExport.cmake
[9.035s] -- Up-to-date: /home/connor/robotics_projects/surgical-arm-ros2/install/arm_control_interfaces/share/arm_control_interfaces/cmake/arm_control_interfaces__rosidl_typesupport_introspection_cppExport-noconfig.cmake
[9.035s] -- Up-to-date: /home/connor/robotics_projects/surgical-arm-ros2/install/arm_control_interfaces/share/arm_control_interfaces/cmake/arm_control_interfaces__rosidl_typesupport_cppExport.cmake
[9.035s] -- Up-to-date: /home/connor/robotics_projects/surgical-arm-ros2/install/arm_control_interfaces/share/arm_control_interfaces/cmake/arm_control_interfaces__rosidl_typesupport_cppExport-noconfig.cmake
[9.035s] -- Up-to-date: /home/connor/robotics_projects/surgical-arm-ros2/install/arm_control_interfaces/share/arm_control_interfaces/cmake/export_arm_control_interfaces__rosidl_generator_pyExport.cmake
[9.036s] -- Up-to-date: /home/connor/robotics_projects/surgical-arm-ros2/install/arm_control_interfaces/share/arm_control_interfaces/cmake/export_arm_control_interfaces__rosidl_generator_pyExport-noconfig.cmake
[9.036s] -- Up-to-date: /home/connor/robotics_projects/surgical-arm-ros2/install/arm_control_interfaces/share/arm_control_interfaces/cmake/rosidl_cmake-extras.cmake
[9.037s] -- Up-to-date: /home/connor/robotics_projects/surgical-arm-ros2/install/arm_control_interfaces/share/arm_control_interfaces/cmake/ament_cmake_export_dependencies-extras.cmake
[9.038s] -- Up-to-date: /home/connor/robotics_projects/surgical-arm-ros2/install/arm_control_interfaces/share/arm_control_interfaces/cmake/ament_cmake_export_include_directories-extras.cmake
[9.039s] -- Up-to-date: /home/connor/robotics_projects/surgical-arm-ros2/install/arm_control_interfaces/share/arm_control_interfaces/cmake/ament_cmake_export_libraries-extras.cmake
[9.042s] -- Up-to-date: /home/connor/robotics_projects/surgical-arm-ros2/install/arm_control_interfaces/share/arm_control_interfaces/cmake/ament_cmake_export_targets-extras.cmake
[9.042s] -- Up-to-date: /home/connor/robotics_projects/surgical-arm-ros2/install/arm_control_interfaces/share/arm_control_interfaces/cmake/rosidl_cmake_export_typesupport_targets-extras.cmake
[9.045s] -- Up-to-date: /home/connor/robotics_projects/surgical-arm-ros2/install/arm_control_interfaces/share/arm_control_interfaces/cmake/rosidl_cmake_export_typesupport_libraries-extras.cmake
[9.046s] -- Up-to-date: /home/connor/robotics_projects/surgical-arm-ros2/install/arm_control_interfaces/share/arm_control_interfaces/cmake/arm_control_interfacesConfig.cmake
[9.049s] -- Up-to-date: /home/connor/robotics_projects/surgical-arm-ros2/install/arm_control_interfaces/share/arm_control_interfaces/cmake/arm_control_interfacesConfig-version.cmake
[9.050s] -- Up-to-date: /home/connor/robotics_projects/surgical-arm-ros2/install/arm_control_interfaces/share/arm_control_interfaces/package.xml
[9.051s] Invoked command in '/home/connor/robotics_projects/surgical-arm-ros2/build/arm_control_interfaces' returned '0': CMAKE_PREFIX_PATH=${CMAKE_PREFIX_PATH}:/home/connor/robotics_projects/surgical-arm-ros2/install/arm_control:/opt/ros/jazzy VIRTUAL_ENV_PROMPT=(venv) /home/connor/robotics_projects/surgical-arm-ros2/venv/bin/cmake --install /home/connor/robotics_projects/surgical-arm-ros2/build/arm_control_interfaces
