[  5%] Built target arm_control_interfaces__rs
[  5%] Built target arm_control_interfaces__rosidl_generator_type_description
[  5%] Built target ament_cmake_python_copy_arm_control_interfaces
[  8%] Built target arm_control_interfaces__cpp
[ 22%] Built target arm_control_interfaces__rosidl_generator_c
[ 31%] Built target arm_control_interfaces__rosidl_typesupport_c
[ 45%] Built target arm_control_interfaces__rosidl_typesupport_introspection_c
[ 48%] Built target arm_control_interfaces__rosidl_typesupport_cpp
[ 65%] Built target arm_control_interfaces__rosidl_typesupport_introspection_cpp
[ 65%] Built target arm_control_interfaces__rosidl_typesupport_fastrtps_cpp
[ 74%] Built target arm_control_interfaces__rosidl_typesupport_fastrtps_c
[ 74%] Built target arm_control_interfaces
[ 77%] Built target arm_control_interfaces__py
[ 82%] Built target arm_control_interfaces__rosidl_generator_py
[ 88%] Built target arm_control_interfaces_s__rosidl_typesupport_fastrtps_c
[ 94%] Built target arm_control_interfaces_s__rosidl_typesupport_introspection_c
[100%] Built target arm_control_interfaces_s__rosidl_typesupport_c
running egg_info
writing arm_control_interfaces.egg-info/PKG-INFO
writing dependency_links to arm_control_interfaces.egg-info/dependency_links.txt
writing top-level names to arm_control_interfaces.egg-info/top_level.txt
reading manifest file 'arm_control_interfaces.egg-info/SOURCES.txt'
writing manifest file 'arm_control_interfaces.egg-info/SOURCES.txt'
[100%] Built target ament_cmake_python_build_arm_control_interfaces_egg
-- Install configuration: ""
-- Up-to-date: /home/connor/robotics_projects/surgical-arm-ros2/install/arm_control_interfaces/share/ament_index/resource_index/rosidl_interfaces/arm_control_interfaces
-- Up-to-date: /home/connor/robotics_projects/surgical-arm-ros2/install/arm_control_interfaces/share/arm_control_interfaces/srv/GetPlaneAtPoint.json
-- Up-to-date: /home/connor/robotics_projects/surgical-arm-ros2/install/arm_control_interfaces/include/arm_control_interfaces/arm_control_interfaces
-- Up-to-date: /home/connor/robotics_projects/surgical-arm-ros2/install/arm_control_interfaces/include/arm_control_interfaces/arm_control_interfaces/srv
-- Up-to-date: /home/connor/robotics_projects/surgical-arm-ros2/install/arm_control_interfaces/include/arm_control_interfaces/arm_control_interfaces/srv/get_plane_at_point.h
-- Up-to-date: /home/connor/robotics_projects/surgical-arm-ros2/install/arm_control_interfaces/include/arm_control_interfaces/arm_control_interfaces/srv/detail
-- Up-to-date: /home/connor/robotics_projects/surgical-arm-ros2/install/arm_control_interfaces/include/arm_control_interfaces/arm_control_interfaces/srv/detail/get_plane_at_point__functions.c
-- Up-to-date: /home/connor/robotics_projects/surgical-arm-ros2/install/arm_control_interfaces/include/arm_control_interfaces/arm_control_interfaces/srv/detail/get_plane_at_point__type_support.c
-- Up-to-date: /home/connor/robotics_projects/surgical-arm-ros2/install/arm_control_interfaces/include/arm_control_interfaces/arm_control_interfaces/srv/detail/get_plane_at_point__functions.h
-- Up-to-date: /home/connor/robotics_projects/surgical-arm-ros2/install/arm_control_interfaces/include/arm_control_interfaces/arm_control_interfaces/srv/detail/get_plane_at_point__description.c
-- Up-to-date: /home/connor/robotics_projects/surgical-arm-ros2/install/arm_control_interfaces/include/arm_control_interfaces/arm_control_interfaces/srv/detail/get_plane_at_point__type_support.h
-- Up-to-date: /home/connor/robotics_projects/surgical-arm-ros2/install/arm_control_interfaces/include/arm_control_interfaces/arm_control_interfaces/srv/detail/get_plane_at_point__struct.h
-- Up-to-date: /home/connor/robotics_projects/surgical-arm-ros2/install/arm_control_interfaces/include/arm_control_interfaces/arm_control_interfaces/msg
-- Up-to-date: /home/connor/robotics_projects/surgical-arm-ros2/install/arm_control_interfaces/include/arm_control_interfaces/arm_control_interfaces/msg/rosidl_generator_c__visibility_control.h
-- Up-to-date: /home/connor/robotics_projects/surgical-arm-ros2/install/arm_control_interfaces/share/arm_control_interfaces/environment/library_path.sh
-- Up-to-date: /home/connor/robotics_projects/surgical-arm-ros2/install/arm_control_interfaces/share/arm_control_interfaces/environment/library_path.dsv
-- Up-to-date: /home/connor/robotics_projects/surgical-arm-ros2/install/arm_control_interfaces/lib/libarm_control_interfaces__rosidl_generator_c.so
-- Up-to-date: /home/connor/robotics_projects/surgical-arm-ros2/install/arm_control_interfaces/include/arm_control_interfaces/arm_control_interfaces
-- Up-to-date: /home/connor/robotics_projects/surgical-arm-ros2/install/arm_control_interfaces/include/arm_control_interfaces/arm_control_interfaces/srv
-- Up-to-date: /home/connor/robotics_projects/surgical-arm-ros2/install/arm_control_interfaces/include/arm_control_interfaces/arm_control_interfaces/srv/detail
-- Up-to-date: /home/connor/robotics_projects/surgical-arm-ros2/install/arm_control_interfaces/include/arm_control_interfaces/arm_control_interfaces/srv/detail/get_plane_at_point__rosidl_typesupport_fastrtps_c.h
-- Up-to-date: /home/connor/robotics_projects/surgical-arm-ros2/install/arm_control_interfaces/include/arm_control_interfaces/arm_control_interfaces/msg
-- Up-to-date: /home/connor/robotics_projects/surgical-arm-ros2/install/arm_control_interfaces/include/arm_control_interfaces/arm_control_interfaces/msg/rosidl_typesupport_fastrtps_c__visibility_control.h
-- Up-to-date: /home/connor/robotics_projects/surgical-arm-ros2/install/arm_control_interfaces/lib/libarm_control_interfaces__rosidl_typesupport_fastrtps_c.so
-- Up-to-date: /home/connor/robotics_projects/surgical-arm-ros2/install/arm_control_interfaces/include/arm_control_interfaces/arm_control_interfaces
-- Up-to-date: /home/connor/robotics_projects/surgical-arm-ros2/install/arm_control_interfaces/include/arm_control_interfaces/arm_control_interfaces/srv
-- Up-to-date: /home/connor/robotics_projects/surgical-arm-ros2/install/arm_control_interfaces/include/arm_control_interfaces/arm_control_interfaces/srv/get_plane_at_point.hpp
-- Up-to-date: /home/connor/robotics_projects/surgical-arm-ros2/install/arm_control_interfaces/include/arm_control_interfaces/arm_control_interfaces/srv/detail
-- Up-to-date: /home/connor/robotics_projects/surgical-arm-ros2/install/arm_control_interfaces/include/arm_control_interfaces/arm_control_interfaces/srv/detail/get_plane_at_point__struct.hpp
-- Up-to-date: /home/connor/robotics_projects/surgical-arm-ros2/install/arm_control_interfaces/include/arm_control_interfaces/arm_control_interfaces/srv/detail/get_plane_at_point__type_support.hpp
-- Up-to-date: /home/connor/robotics_projects/surgical-arm-ros2/install/arm_control_interfaces/include/arm_control_interfaces/arm_control_interfaces/srv/detail/get_plane_at_point__builder.hpp
-- Up-to-date: /home/connor/robotics_projects/surgical-arm-ros2/install/arm_control_interfaces/include/arm_control_interfaces/arm_control_interfaces/srv/detail/get_plane_at_point__traits.hpp
-- Up-to-date: /home/connor/robotics_projects/surgical-arm-ros2/install/arm_control_interfaces/include/arm_control_interfaces/arm_control_interfaces/msg
-- Up-to-date: /home/connor/robotics_projects/surgical-arm-ros2/install/arm_control_interfaces/include/arm_control_interfaces/arm_control_interfaces/msg/rosidl_generator_cpp__visibility_control.hpp
-- Up-to-date: /home/connor/robotics_projects/surgical-arm-ros2/install/arm_control_interfaces/include/arm_control_interfaces/arm_control_interfaces
-- Up-to-date: /home/connor/robotics_projects/surgical-arm-ros2/install/arm_control_interfaces/include/arm_control_interfaces/arm_control_interfaces/srv
-- Up-to-date: /home/connor/robotics_projects/surgical-arm-ros2/install/arm_control_interfaces/include/arm_control_interfaces/arm_control_interfaces/srv/detail
-- Up-to-date: /home/connor/robotics_projects/surgical-arm-ros2/install/arm_control_interfaces/include/arm_control_interfaces/arm_control_interfaces/srv/detail/get_plane_at_point__rosidl_typesupport_fastrtps_cpp.hpp
-- Up-to-date: /home/connor/robotics_projects/surgical-arm-ros2/install/arm_control_interfaces/include/arm_control_interfaces/arm_control_interfaces/srv/detail/dds_fastrtps
-- Up-to-date: /home/connor/robotics_projects/surgical-arm-ros2/install/arm_control_interfaces/include/arm_control_interfaces/arm_control_interfaces/msg
-- Up-to-date: /home/connor/robotics_projects/surgical-arm-ros2/install/arm_control_interfaces/include/arm_control_interfaces/arm_control_interfaces/msg/rosidl_typesupport_fastrtps_cpp__visibility_control.h
-- Up-to-date: /home/connor/robotics_projects/surgical-arm-ros2/install/arm_control_interfaces/lib/libarm_control_interfaces__rosidl_typesupport_fastrtps_cpp.so
-- Up-to-date: /home/connor/robotics_projects/surgical-arm-ros2/install/arm_control_interfaces/include/arm_control_interfaces/arm_control_interfaces
-- Up-to-date: /home/connor/robotics_projects/surgical-arm-ros2/install/arm_control_interfaces/include/arm_control_interfaces/arm_control_interfaces/srv
-- Up-to-date: /home/connor/robotics_projects/surgical-arm-ros2/install/arm_control_interfaces/include/arm_control_interfaces/arm_control_interfaces/srv/detail
-- Up-to-date: /home/connor/robotics_projects/surgical-arm-ros2/install/arm_control_interfaces/include/arm_control_interfaces/arm_control_interfaces/srv/detail/get_plane_at_point__type_support.c
-- Up-to-date: /home/connor/robotics_projects/surgical-arm-ros2/install/arm_control_interfaces/include/arm_control_interfaces/arm_control_interfaces/srv/detail/get_plane_at_point__rosidl_typesupport_introspection_c.h
-- Up-to-date: /home/connor/robotics_projects/surgical-arm-ros2/install/arm_control_interfaces/include/arm_control_interfaces/arm_control_interfaces/msg
-- Up-to-date: /home/connor/robotics_projects/surgical-arm-ros2/install/arm_control_interfaces/include/arm_control_interfaces/arm_control_interfaces/msg/rosidl_typesupport_introspection_c__visibility_control.h
-- Up-to-date: /home/connor/robotics_projects/surgical-arm-ros2/install/arm_control_interfaces/lib/libarm_control_interfaces__rosidl_typesupport_introspection_c.so
-- Up-to-date: /home/connor/robotics_projects/surgical-arm-ros2/install/arm_control_interfaces/lib/libarm_control_interfaces__rosidl_typesupport_c.so
-- Up-to-date: /home/connor/robotics_projects/surgical-arm-ros2/install/arm_control_interfaces/include/arm_control_interfaces/arm_control_interfaces
-- Up-to-date: /home/connor/robotics_projects/surgical-arm-ros2/install/arm_control_interfaces/include/arm_control_interfaces/arm_control_interfaces/srv
-- Up-to-date: /home/connor/robotics_projects/surgical-arm-ros2/install/arm_control_interfaces/include/arm_control_interfaces/arm_control_interfaces/srv/detail
-- Up-to-date: /home/connor/robotics_projects/surgical-arm-ros2/install/arm_control_interfaces/include/arm_control_interfaces/arm_control_interfaces/srv/detail/get_plane_at_point__type_support.cpp
-- Up-to-date: /home/connor/robotics_projects/surgical-arm-ros2/install/arm_control_interfaces/include/arm_control_interfaces/arm_control_interfaces/srv/detail/get_plane_at_point__rosidl_typesupport_introspection_cpp.hpp
-- Up-to-date: /home/connor/robotics_projects/surgical-arm-ros2/install/arm_control_interfaces/lib/libarm_control_interfaces__rosidl_typesupport_introspection_cpp.so
-- Up-to-date: /home/connor/robotics_projects/surgical-arm-ros2/install/arm_control_interfaces/lib/libarm_control_interfaces__rosidl_typesupport_cpp.so
-- Up-to-date: /home/connor/robotics_projects/surgical-arm-ros2/install/arm_control_interfaces/share/arm_control_interfaces/environment/pythonpath.sh
-- Up-to-date: /home/connor/robotics_projects/surgical-arm-ros2/install/arm_control_interfaces/share/arm_control_interfaces/environment/pythonpath.dsv
-- Up-to-date: /home/connor/robotics_projects/surgical-arm-ros2/install/arm_control_interfaces/lib/python3.12/site-packages/arm_control_interfaces-0.0.0-py3.12.egg-info
-- Installing: /home/connor/robotics_projects/surgical-arm-ros2/install/arm_control_interfaces/lib/python3.12/site-packages/arm_control_interfaces-0.0.0-py3.12.egg-info/top_level.txt
-- Installing: /home/connor/robotics_projects/surgical-arm-ros2/install/arm_control_interfaces/lib/python3.12/site-packages/arm_control_interfaces-0.0.0-py3.12.egg-info/PKG-INFO
-- Installing: /home/connor/robotics_projects/surgical-arm-ros2/install/arm_control_interfaces/lib/python3.12/site-packages/arm_control_interfaces-0.0.0-py3.12.egg-info/dependency_links.txt
-- Installing: /home/connor/robotics_projects/surgical-arm-ros2/install/arm_control_interfaces/lib/python3.12/site-packages/arm_control_interfaces-0.0.0-py3.12.egg-info/SOURCES.txt
-- Up-to-date: /home/connor/robotics_projects/surgical-arm-ros2/install/arm_control_interfaces/lib/python3.12/site-packages/arm_control_interfaces
-- Up-to-date: /home/connor/robotics_projects/surgical-arm-ros2/install/arm_control_interfaces/lib/python3.12/site-packages/arm_control_interfaces/srv
-- Up-to-date: /home/connor/robotics_projects/surgical-arm-ros2/install/arm_control_interfaces/lib/python3.12/site-packages/arm_control_interfaces/srv/_get_plane_at_point_s.c
-- Up-to-date: /home/connor/robotics_projects/surgical-arm-ros2/install/arm_control_interfaces/lib/python3.12/site-packages/arm_control_interfaces/srv/__init__.py
-- Up-to-date: /home/connor/robotics_projects/surgical-arm-ros2/install/arm_control_interfaces/lib/python3.12/site-packages/arm_control_interfaces/srv/_get_plane_at_point.py
-- Up-to-date: /home/connor/robotics_projects/surgical-arm-ros2/install/arm_control_interfaces/lib/python3.12/site-packages/arm_control_interfaces/_arm_control_interfaces_s.ep.rosidl_typesupport_fastrtps_c.c
-- Up-to-date: /home/connor/robotics_projects/surgical-arm-ros2/install/arm_control_interfaces/lib/python3.12/site-packages/arm_control_interfaces/_arm_control_interfaces_s.ep.rosidl_typesupport_introspection_c.c
-- Up-to-date: /home/connor/robotics_projects/surgical-arm-ros2/install/arm_control_interfaces/lib/python3.12/site-packages/arm_control_interfaces/arm_control_interfaces_s__rosidl_typesupport_c.so
-- Up-to-date: /home/connor/robotics_projects/surgical-arm-ros2/install/arm_control_interfaces/lib/python3.12/site-packages/arm_control_interfaces/arm_control_interfaces_s__rosidl_typesupport_introspection_c.so
-- Up-to-date: /home/connor/robotics_projects/surgical-arm-ros2/install/arm_control_interfaces/lib/python3.12/site-packages/arm_control_interfaces/__init__.py
-- Up-to-date: /home/connor/robotics_projects/surgical-arm-ros2/install/arm_control_interfaces/lib/python3.12/site-packages/arm_control_interfaces/arm_control_interfaces_s__rosidl_typesupport_fastrtps_c.so
-- Up-to-date: /home/connor/robotics_projects/surgical-arm-ros2/install/arm_control_interfaces/lib/python3.12/site-packages/arm_control_interfaces/_arm_control_interfaces_s.ep.rosidl_typesupport_c.c
Listing '/home/connor/robotics_projects/surgical-arm-ros2/install/arm_control_interfaces/lib/python3.12/site-packages/arm_control_interfaces'...
Listing '/home/connor/robotics_projects/surgical-arm-ros2/install/arm_control_interfaces/lib/python3.12/site-packages/arm_control_interfaces/srv'...
-- Up-to-date: /home/connor/robotics_projects/surgical-arm-ros2/install/arm_control_interfaces/lib/python3.12/site-packages/arm_control_interfaces/arm_control_interfaces_s__rosidl_typesupport_fastrtps_c.so
-- Up-to-date: /home/connor/robotics_projects/surgical-arm-ros2/install/arm_control_interfaces/lib/python3.12/site-packages/arm_control_interfaces/arm_control_interfaces_s__rosidl_typesupport_introspection_c.so
-- Up-to-date: /home/connor/robotics_projects/surgical-arm-ros2/install/arm_control_interfaces/lib/python3.12/site-packages/arm_control_interfaces/arm_control_interfaces_s__rosidl_typesupport_c.so
-- Up-to-date: /home/connor/robotics_projects/surgical-arm-ros2/install/arm_control_interfaces/lib/libarm_control_interfaces__rosidl_generator_py.so
-- Up-to-date: /home/connor/robotics_projects/surgical-arm-ros2/install/arm_control_interfaces/share/ament_index/resource_index/rust_packages/arm_control_interfaces
-- Up-to-date: /home/connor/robotics_projects/surgical-arm-ros2/install/arm_control_interfaces/share/arm_control_interfaces/rust
-- Up-to-date: /home/connor/robotics_projects/surgical-arm-ros2/install/arm_control_interfaces/share/arm_control_interfaces/rust/src
-- Up-to-date: /home/connor/robotics_projects/surgical-arm-ros2/install/arm_control_interfaces/share/arm_control_interfaces/rust/src/srv.rs
-- Up-to-date: /home/connor/robotics_projects/surgical-arm-ros2/install/arm_control_interfaces/share/arm_control_interfaces/rust/src/srv
-- Up-to-date: /home/connor/robotics_projects/surgical-arm-ros2/install/arm_control_interfaces/share/arm_control_interfaces/rust/src/srv/rmw.rs
-- Up-to-date: /home/connor/robotics_projects/surgical-arm-ros2/install/arm_control_interfaces/share/arm_control_interfaces/rust/src/lib.rs
-- Up-to-date: /home/connor/robotics_projects/surgical-arm-ros2/install/arm_control_interfaces/share/arm_control_interfaces/rust/Cargo.toml
-- Up-to-date: /home/connor/robotics_projects/surgical-arm-ros2/install/arm_control_interfaces/share/arm_control_interfaces/rust/build.rs
-- Up-to-date: /home/connor/robotics_projects/surgical-arm-ros2/install/arm_control_interfaces/share/arm_control_interfaces/srv/GetPlaneAtPoint.idl
-- Up-to-date: /home/connor/robotics_projects/surgical-arm-ros2/install/arm_control_interfaces/share/arm_control_interfaces/srv/GetPlaneAtPoint.srv
-- Up-to-date: /home/connor/robotics_projects/surgical-arm-ros2/install/arm_control_interfaces/share/ament_index/resource_index/package_run_dependencies/arm_control_interfaces
-- Up-to-date: /home/connor/robotics_projects/surgical-arm-ros2/install/arm_control_interfaces/share/ament_index/resource_index/parent_prefix_path/arm_control_interfaces
-- Up-to-date: /home/connor/robotics_projects/surgical-arm-ros2/install/arm_control_interfaces/share/arm_control_interfaces/environment/ament_prefix_path.sh
-- Up-to-date: /home/connor/robotics_projects/surgical-arm-ros2/install/arm_control_interfaces/share/arm_control_interfaces/environment/ament_prefix_path.dsv
-- Up-to-date: /home/connor/robotics_projects/surgical-arm-ros2/install/arm_control_interfaces/share/arm_control_interfaces/environment/path.sh
-- Up-to-date: /home/connor/robotics_projects/surgical-arm-ros2/install/arm_control_interfaces/share/arm_control_interfaces/environment/path.dsv
-- Up-to-date: /home/connor/robotics_projects/surgical-arm-ros2/install/arm_control_interfaces/share/arm_control_interfaces/local_setup.bash
-- Up-to-date: /home/connor/robotics_projects/surgical-arm-ros2/install/arm_control_interfaces/share/arm_control_interfaces/local_setup.sh
-- Up-to-date: /home/connor/robotics_projects/surgical-arm-ros2/install/arm_control_interfaces/share/arm_control_interfaces/local_setup.zsh
-- Up-to-date: /home/connor/robotics_projects/surgical-arm-ros2/install/arm_control_interfaces/share/arm_control_interfaces/local_setup.dsv
-- Installing: /home/connor/robotics_projects/surgical-arm-ros2/install/arm_control_interfaces/share/arm_control_interfaces/package.dsv
-- Up-to-date: /home/connor/robotics_projects/surgical-arm-ros2/install/arm_control_interfaces/share/ament_index/resource_index/packages/arm_control_interfaces
-- Up-to-date: /home/connor/robotics_projects/surgical-arm-ros2/install/arm_control_interfaces/share/arm_control_interfaces/cmake/export_arm_control_interfaces__rosidl_generator_cExport.cmake
-- Up-to-date: /home/connor/robotics_projects/surgical-arm-ros2/install/arm_control_interfaces/share/arm_control_interfaces/cmake/export_arm_control_interfaces__rosidl_generator_cExport-noconfig.cmake
-- Up-to-date: /home/connor/robotics_projects/surgical-arm-ros2/install/arm_control_interfaces/share/arm_control_interfaces/cmake/export_arm_control_interfaces__rosidl_typesupport_fastrtps_cExport.cmake
-- Up-to-date: /home/connor/robotics_projects/surgical-arm-ros2/install/arm_control_interfaces/share/arm_control_interfaces/cmake/export_arm_control_interfaces__rosidl_typesupport_fastrtps_cExport-noconfig.cmake
-- Up-to-date: /home/connor/robotics_projects/surgical-arm-ros2/install/arm_control_interfaces/share/arm_control_interfaces/cmake/export_arm_control_interfaces__rosidl_generator_cppExport.cmake
-- Up-to-date: /home/connor/robotics_projects/surgical-arm-ros2/install/arm_control_interfaces/share/arm_control_interfaces/cmake/export_arm_control_interfaces__rosidl_typesupport_fastrtps_cppExport.cmake
-- Up-to-date: /home/connor/robotics_projects/surgical-arm-ros2/install/arm_control_interfaces/share/arm_control_interfaces/cmake/export_arm_control_interfaces__rosidl_typesupport_fastrtps_cppExport-noconfig.cmake
-- Up-to-date: /home/connor/robotics_projects/surgical-arm-ros2/install/arm_control_interfaces/share/arm_control_interfaces/cmake/arm_control_interfaces__rosidl_typesupport_introspection_cExport.cmake
-- Up-to-date: /home/connor/robotics_projects/surgical-arm-ros2/install/arm_control_interfaces/share/arm_control_interfaces/cmake/arm_control_interfaces__rosidl_typesupport_introspection_cExport-noconfig.cmake
-- Up-to-date: /home/connor/robotics_projects/surgical-arm-ros2/install/arm_control_interfaces/share/arm_control_interfaces/cmake/arm_control_interfaces__rosidl_typesupport_cExport.cmake
-- Up-to-date: /home/connor/robotics_projects/surgical-arm-ros2/install/arm_control_interfaces/share/arm_control_interfaces/cmake/arm_control_interfaces__rosidl_typesupport_cExport-noconfig.cmake
-- Up-to-date: /home/connor/robotics_projects/surgical-arm-ros2/install/arm_control_interfaces/share/arm_control_interfaces/cmake/arm_control_interfaces__rosidl_typesupport_introspection_cppExport.cmake
-- Up-to-date: /home/connor/robotics_projects/surgical-arm-ros2/install/arm_control_interfaces/share/arm_control_interfaces/cmake/arm_control_interfaces__rosidl_typesupport_introspection_cppExport-noconfig.cmake
-- Up-to-date: /home/connor/robotics_projects/surgical-arm-ros2/install/arm_control_interfaces/share/arm_control_interfaces/cmake/arm_control_interfaces__rosidl_typesupport_cppExport.cmake
-- Up-to-date: /home/connor/robotics_projects/surgical-arm-ros2/install/arm_control_interfaces/share/arm_control_interfaces/cmake/arm_control_interfaces__rosidl_typesupport_cppExport-noconfig.cmake
-- Up-to-date: /home/connor/robotics_projects/surgical-arm-ros2/install/arm_control_interfaces/share/arm_control_interfaces/cmake/export_arm_control_interfaces__rosidl_generator_pyExport.cmake
-- Up-to-date: /home/connor/robotics_projects/surgical-arm-ros2/install/arm_control_interfaces/share/arm_control_interfaces/cmake/export_arm_control_interfaces__rosidl_generator_pyExport-noconfig.cmake
-- Up-to-date: /home/connor/robotics_projects/surgical-arm-ros2/install/arm_control_interfaces/share/arm_control_interfaces/cmake/rosidl_cmake-extras.cmake
-- Up-to-date: /home/connor/robotics_projects/surgical-arm-ros2/install/arm_control_interfaces/share/arm_control_interfaces/cmake/ament_cmake_export_dependencies-extras.cmake
-- Up-to-date: /home/connor/robotics_projects/surgical-arm-ros2/install/arm_control_interfaces/share/arm_control_interfaces/cmake/ament_cmake_export_include_directories-extras.cmake
-- Up-to-date: /home/connor/robotics_projects/surgical-arm-ros2/install/arm_control_interfaces/share/arm_control_interfaces/cmake/ament_cmake_export_libraries-extras.cmake
-- Up-to-date: /home/connor/robotics_projects/surgical-arm-ros2/install/arm_control_interfaces/share/arm_control_interfaces/cmake/ament_cmake_export_targets-extras.cmake
-- Up-to-date: /home/connor/robotics_projects/surgical-arm-ros2/install/arm_control_interfaces/share/arm_control_interfaces/cmake/rosidl_cmake_export_typesupport_targets-extras.cmake
-- Up-to-date: /home/connor/robotics_projects/surgical-arm-ros2/install/arm_control_interfaces/share/arm_control_interfaces/cmake/rosidl_cmake_export_typesupport_libraries-extras.cmake
-- Up-to-date: /home/connor/robotics_projects/surgical-arm-ros2/install/arm_control_interfaces/share/arm_control_interfaces/cmake/arm_control_interfacesConfig.cmake
-- Up-to-date: /home/connor/robotics_projects/surgical-arm-ros2/install/arm_control_interfaces/share/arm_control_interfaces/cmake/arm_control_interfacesConfig-version.cmake
-- Up-to-date: /home/connor/robotics_projects/surgical-arm-ros2/install/arm_control_interfaces/share/arm_control_interfaces/package.xml
