[2.230s] Invoking command in '/home/connor/robotics_projects/surgical-arm-ros2/src/arm_control': PS1=(venv) \[\e]0;\u@\h: \w\a\]${debian_chroot:+($debian_chroot)}\[\033[01;32m\]\u@\h\[\033[00m\]:\[\033[01;34m\]\w\[\033[00m\]\$ PYTHONPATH=/home/connor/robotics_projects/surgical-arm-ros2/build/arm_control/prefix_override:/usr/lib/python3/dist-packages/colcon_core/task/python/colcon_distutils_commands:/home/connor/robotics_projects/surgical-arm-ros2/install/arm_control/lib/python3.12/site-packages:${PYTHONPATH} VIRTUAL_ENV_PROMPT=(venv) /usr/bin/python3 -W ignore:setup.py install is deprecated -W ignore:easy_install command is deprecated setup.py egg_info --egg-base ../../build/arm_control build --build-base /home/connor/robotics_projects/surgical-arm-ros2/build/arm_control/build install --record /home/connor/robotics_projects/surgical-arm-ros2/build/arm_control/install.log --single-version-externally-managed install_data
[2.616s] running egg_info
[2.617s] creating ../../build/arm_control/arm_control.egg-info
[2.641s] writing ../../build/arm_control/arm_control.egg-info/PKG-INFO
[2.643s] writing dependency_links to ../../build/arm_control/arm_control.egg-info/dependency_links.txt
[2.644s] writing entry points to ../../build/arm_control/arm_control.egg-info/entry_points.txt
[2.644s] writing requirements to ../../build/arm_control/arm_control.egg-info/requires.txt
[2.645s] writing top-level names to ../../build/arm_control/arm_control.egg-info/top_level.txt
[2.646s] writing manifest file '../../build/arm_control/arm_control.egg-info/SOURCES.txt'
[2.694s] reading manifest file '../../build/arm_control/arm_control.egg-info/SOURCES.txt'
[2.695s] adding license file 'LICENSE'
[2.696s] writing manifest file '../../build/arm_control/arm_control.egg-info/SOURCES.txt'
[2.697s] running build
[2.698s] running build_py
[2.698s] creating /home/connor/robotics_projects/surgical-arm-ros2/build/arm_control/build
[2.699s] creating /home/connor/robotics_projects/surgical-arm-ros2/build/arm_control/build/lib
[2.700s] creating /home/connor/robotics_projects/surgical-arm-ros2/build/arm_control/build/lib/arm_control
[2.700s] copying arm_control/force_sensor.py -> /home/connor/robotics_projects/surgical-arm-ros2/build/arm_control/build/lib/arm_control
[2.701s] copying arm_control/lerobot_driver.py -> /home/connor/robotics_projects/surgical-arm-ros2/build/arm_control/build/lib/arm_control
[2.702s] copying arm_control/lerobot_motionplan.py -> /home/connor/robotics_projects/surgical-arm-ros2/build/arm_control/build/lib/arm_control
[2.705s] copying arm_control/__init__.py -> /home/connor/robotics_projects/surgical-arm-ros2/build/arm_control/build/lib/arm_control
[2.707s] creating /home/connor/robotics_projects/surgical-arm-ros2/build/arm_control/build/lib/arm_control/utilities
[2.708s] copying arm_control/utilities/RR_IK.py -> /home/connor/robotics_projects/surgical-arm-ros2/build/arm_control/build/lib/arm_control/utilities
[2.709s] copying arm_control/utilities/jacobian.py -> /home/connor/robotics_projects/surgical-arm-ros2/build/arm_control/build/lib/arm_control/utilities
[2.710s] copying arm_control/utilities/so3.py -> /home/connor/robotics_projects/surgical-arm-ros2/build/arm_control/build/lib/arm_control/utilities
[2.710s] copying arm_control/utilities/fk.py -> /home/connor/robotics_projects/surgical-arm-ros2/build/arm_control/build/lib/arm_control/utilities
[2.711s] copying arm_control/utilities/__init__.py -> /home/connor/robotics_projects/surgical-arm-ros2/build/arm_control/build/lib/arm_control/utilities
[2.711s] copying arm_control/utilities/se3.py -> /home/connor/robotics_projects/surgical-arm-ros2/build/arm_control/build/lib/arm_control/utilities
[2.711s] running install
[2.721s] running install_lib
[2.745s] creating /home/connor/robotics_projects/surgical-arm-ros2/install/arm_control/lib/python3.12/site-packages/arm_control
[2.746s] copying /home/connor/robotics_projects/surgical-arm-ros2/build/arm_control/build/lib/arm_control/force_sensor.py -> /home/connor/robotics_projects/surgical-arm-ros2/install/arm_control/lib/python3.12/site-packages/arm_control
[2.746s] copying /home/connor/robotics_projects/surgical-arm-ros2/build/arm_control/build/lib/arm_control/lerobot_driver.py -> /home/connor/robotics_projects/surgical-arm-ros2/install/arm_control/lib/python3.12/site-packages/arm_control
[2.747s] copying /home/connor/robotics_projects/surgical-arm-ros2/build/arm_control/build/lib/arm_control/lerobot_motionplan.py -> /home/connor/robotics_projects/surgical-arm-ros2/install/arm_control/lib/python3.12/site-packages/arm_control
[2.748s] copying /home/connor/robotics_projects/surgical-arm-ros2/build/arm_control/build/lib/arm_control/__init__.py -> /home/connor/robotics_projects/surgical-arm-ros2/install/arm_control/lib/python3.12/site-packages/arm_control
[2.748s] creating /home/connor/robotics_projects/surgical-arm-ros2/install/arm_control/lib/python3.12/site-packages/arm_control/utilities
[2.749s] copying /home/connor/robotics_projects/surgical-arm-ros2/build/arm_control/build/lib/arm_control/utilities/RR_IK.py -> /home/connor/robotics_projects/surgical-arm-ros2/install/arm_control/lib/python3.12/site-packages/arm_control/utilities
[2.749s] copying /home/connor/robotics_projects/surgical-arm-ros2/build/arm_control/build/lib/arm_control/utilities/jacobian.py -> /home/connor/robotics_projects/surgical-arm-ros2/install/arm_control/lib/python3.12/site-packages/arm_control/utilities
[2.749s] copying /home/connor/robotics_projects/surgical-arm-ros2/build/arm_control/build/lib/arm_control/utilities/so3.py -> /home/connor/robotics_projects/surgical-arm-ros2/install/arm_control/lib/python3.12/site-packages/arm_control/utilities
[2.750s] copying /home/connor/robotics_projects/surgical-arm-ros2/build/arm_control/build/lib/arm_control/utilities/fk.py -> /home/connor/robotics_projects/surgical-arm-ros2/install/arm_control/lib/python3.12/site-packages/arm_control/utilities
[2.750s] copying /home/connor/robotics_projects/surgical-arm-ros2/build/arm_control/build/lib/arm_control/utilities/__init__.py -> /home/connor/robotics_projects/surgical-arm-ros2/install/arm_control/lib/python3.12/site-packages/arm_control/utilities
[2.750s] copying /home/connor/robotics_projects/surgical-arm-ros2/build/arm_control/build/lib/arm_control/utilities/se3.py -> /home/connor/robotics_projects/surgical-arm-ros2/install/arm_control/lib/python3.12/site-packages/arm_control/utilities
[2.752s] byte-compiling /home/connor/robotics_projects/surgical-arm-ros2/install/arm_control/lib/python3.12/site-packages/arm_control/force_sensor.py to force_sensor.cpython-312.pyc
[2.753s] byte-compiling /home/connor/robotics_projects/surgical-arm-ros2/install/arm_control/lib/python3.12/site-packages/arm_control/lerobot_driver.py to lerobot_driver.cpython-312.pyc
[2.756s] byte-compiling /home/connor/robotics_projects/surgical-arm-ros2/install/arm_control/lib/python3.12/site-packages/arm_control/lerobot_motionplan.py to lerobot_motionplan.cpython-312.pyc
[2.759s] byte-compiling /home/connor/robotics_projects/surgical-arm-ros2/install/arm_control/lib/python3.12/site-packages/arm_control/__init__.py to __init__.cpython-312.pyc
[2.760s] byte-compiling /home/connor/robotics_projects/surgical-arm-ros2/install/arm_control/lib/python3.12/site-packages/arm_control/utilities/RR_IK.py to RR_IK.cpython-312.pyc
[2.763s] byte-compiling /home/connor/robotics_projects/surgical-arm-ros2/install/arm_control/lib/python3.12/site-packages/arm_control/utilities/jacobian.py to jacobian.cpython-312.pyc
[2.765s] byte-compiling /home/connor/robotics_projects/surgical-arm-ros2/install/arm_control/lib/python3.12/site-packages/arm_control/utilities/so3.py to so3.cpython-312.pyc
[2.768s] byte-compiling /home/connor/robotics_projects/surgical-arm-ros2/install/arm_control/lib/python3.12/site-packages/arm_control/utilities/fk.py to fk.cpython-312.pyc
[2.769s] byte-compiling /home/connor/robotics_projects/surgical-arm-ros2/install/arm_control/lib/python3.12/site-packages/arm_control/utilities/__init__.py to __init__.cpython-312.pyc
[2.770s] byte-compiling /home/connor/robotics_projects/surgical-arm-ros2/install/arm_control/lib/python3.12/site-packages/arm_control/utilities/se3.py to se3.cpython-312.pyc
[2.776s] running install_data
[2.777s] creating /home/connor/robotics_projects/surgical-arm-ros2/install/arm_control/share/ament_index
[2.778s] creating /home/connor/robotics_projects/surgical-arm-ros2/install/arm_control/share/ament_index/resource_index
[2.778s] creating /home/connor/robotics_projects/surgical-arm-ros2/install/arm_control/share/ament_index/resource_index/packages
[2.779s] copying resource/arm_control -> /home/connor/robotics_projects/surgical-arm-ros2/install/arm_control/share/ament_index/resource_index/packages
[2.780s] copying package.xml -> /home/connor/robotics_projects/surgical-arm-ros2/install/arm_control/share/arm_control
[2.781s] running install_egg_info
[2.810s] Copying ../../build/arm_control/arm_control.egg-info to /home/connor/robotics_projects/surgical-arm-ros2/install/arm_control/lib/python3.12/site-packages/arm_control-0.0.0-py3.12.egg-info
[2.814s] running install_scripts
[3.034s] Installing lerobot_driver script to /home/connor/robotics_projects/surgical-arm-ros2/install/arm_control/lib/arm_control
[3.037s] Installing lerobot_motionplan script to /home/connor/robotics_projects/surgical-arm-ros2/install/arm_control/lib/arm_control
[3.038s] writing list of installed files to '/home/connor/robotics_projects/surgical-arm-ros2/build/arm_control/install.log'
[3.089s] Invoked command in '/home/connor/robotics_projects/surgical-arm-ros2/src/arm_control' returned '0': PS1=(venv) \[\e]0;\u@\h: \w\a\]${debian_chroot:+($debian_chroot)}\[\033[01;32m\]\u@\h\[\033[00m\]:\[\033[01;34m\]\w\[\033[00m\]\$ PYTHONPATH=/home/connor/robotics_projects/surgical-arm-ros2/build/arm_control/prefix_override:/usr/lib/python3/dist-packages/colcon_core/task/python/colcon_distutils_commands:/home/connor/robotics_projects/surgical-arm-ros2/install/arm_control/lib/python3.12/site-packages:${PYTHONPATH} VIRTUAL_ENV_PROMPT=(venv) /usr/bin/python3 -W ignore:setup.py install is deprecated -W ignore:easy_install command is deprecated setup.py egg_info --egg-base ../../build/arm_control build --build-base /home/connor/robotics_projects/surgical-arm-ros2/build/arm_control/build install --record /home/connor/robotics_projects/surgical-arm-ros2/build/arm_control/install.log --single-version-externally-managed install_data
