[0.279s] DEBUG:colcon:Command line arguments: ['/usr/bin/colcon', 'build']
[0.279s] DEBUG:colcon:Parsed command line arguments: Namespace(log_base=None, log_level=None, verb_name='build', build_base='build', install_base='install', merge_install=False, symlink_install=False, test_result_base=None, continue_on_error=False, executor='parallel', parallel_workers=24, event_handlers=None, ignore_user_meta=False, metas=['./colcon.meta'], base_paths=['.'], packages_ignore=None, packages_ignore_regex=None, paths=None, packages_up_to=None, packages_up_to_regex=None, packages_above=None, packages_above_and_dependencies=None, packages_above_depth=None, packages_select_by_dep=None, packages_skip_by_dep=None, packages_skip_up_to=None, packages_select_build_failed=False, packages_skip_build_finished=False, packages_select_test_failures=False, packages_skip_test_passed=False, packages_select=None, packages_skip=None, packages_select_regex=None, packages_skip_regex=None, packages_start=None, packages_end=None, allow_overriding=[], cmake_args=None, cmake_target=None, cmake_target_skip_unavailable=False, cmake_clean_cache=False, cmake_clean_first=False, cmake_force_configure=False, ament_cmake_args=None, catkin_cmake_args=None, catkin_skip_building_tests=False, verb_parser=<colcon_defaults.argument_parser.defaults.DefaultArgumentsDecorator object at 0x7ea077e72840>, verb_extension=<colcon_core.verb.build.BuildVerb object at 0x7ea0785d8e30>, main=<bound method BuildVerb.main of <colcon_core.verb.build.BuildVerb object at 0x7ea0785d8e30>>)
[0.344s] Level 1:colcon.colcon_core.package_discovery:discover_packages(colcon_meta) check parameters
[0.344s] Level 1:colcon.colcon_core.package_discovery:discover_packages(recursive) check parameters
[0.345s] Level 1:colcon.colcon_core.package_discovery:discover_packages(ignore) check parameters
[0.345s] Level 1:colcon.colcon_core.package_discovery:discover_packages(path) check parameters
[0.345s] Level 1:colcon.colcon_core.package_discovery:discover_packages(colcon_meta) discover
[0.345s] Level 1:colcon.colcon_core.package_discovery:discover_packages(recursive) discover
[0.345s] INFO:colcon.colcon_core.package_discovery:Crawling recursively for packages in '/home/connor/robotics_projects/surgical-arm-ros2'
[0.345s] Level 1:colcon.colcon_core.package_identification:_identify(.) by extensions ['ignore', 'ignore_ament_install']
[0.346s] Level 1:colcon.colcon_core.package_identification:_identify(.) by extension 'ignore'
[0.346s] Level 1:colcon.colcon_core.package_identification:_identify(.) by extension 'ignore_ament_install'
[0.346s] Level 1:colcon.colcon_core.package_identification:_identify(.) by extensions ['colcon_pkg']
[0.346s] Level 1:colcon.colcon_core.package_identification:_identify(.) by extension 'colcon_pkg'
[0.347s] Level 1:colcon.colcon_core.package_identification:_identify(.) by extensions ['colcon_meta']
[0.347s] Level 1:colcon.colcon_core.package_identification:_identify(.) by extension 'colcon_meta'
[0.347s] Level 1:colcon.colcon_core.package_identification:_identify(.) by extensions ['ros']
[0.347s] Level 1:colcon.colcon_core.package_identification:_identify(.) by extension 'ros'
[0.393s] Level 1:colcon.colcon_core.package_identification:_identify(.) by extensions ['cmake', 'python']
[0.393s] Level 1:colcon.colcon_core.package_identification:_identify(.) by extension 'cmake'
[0.394s] Level 1:colcon.colcon_core.package_identification:_identify(.) by extension 'python'
[0.394s] Level 1:colcon.colcon_core.package_identification:_identify(.) by extensions ['python_setup_py']
[0.394s] Level 1:colcon.colcon_core.package_identification:_identify(.) by extension 'python_setup_py'
[0.394s] Level 1:colcon.colcon_core.package_identification:_identify(build) by extensions ['ignore', 'ignore_ament_install']
[0.395s] Level 1:colcon.colcon_core.package_identification:_identify(build) by extension 'ignore'
[0.395s] Level 1:colcon.colcon_core.package_identification:_identify(build) ignored
[0.395s] Level 1:colcon.colcon_core.package_identification:_identify(install) by extensions ['ignore', 'ignore_ament_install']
[0.396s] Level 1:colcon.colcon_core.package_identification:_identify(install) by extension 'ignore'
[0.396s] Level 1:colcon.colcon_core.package_identification:_identify(install) ignored
[0.396s] Level 1:colcon.colcon_core.package_identification:_identify(log) by extensions ['ignore', 'ignore_ament_install']
[0.397s] Level 1:colcon.colcon_core.package_identification:_identify(log) by extension 'ignore'
[0.397s] Level 1:colcon.colcon_core.package_identification:_identify(log) ignored
[0.397s] Level 1:colcon.colcon_core.package_identification:_identify(src) by extensions ['ignore', 'ignore_ament_install']
[0.398s] Level 1:colcon.colcon_core.package_identification:_identify(src) by extension 'ignore'
[0.398s] Level 1:colcon.colcon_core.package_identification:_identify(src) by extension 'ignore_ament_install'
[0.398s] Level 1:colcon.colcon_core.package_identification:_identify(src) by extensions ['colcon_pkg']
[0.399s] Level 1:colcon.colcon_core.package_identification:_identify(src) by extension 'colcon_pkg'
[0.399s] Level 1:colcon.colcon_core.package_identification:_identify(src) by extensions ['colcon_meta']
[0.399s] Level 1:colcon.colcon_core.package_identification:_identify(src) by extension 'colcon_meta'
[0.399s] Level 1:colcon.colcon_core.package_identification:_identify(src) by extensions ['ros']
[0.399s] Level 1:colcon.colcon_core.package_identification:_identify(src) by extension 'ros'
[0.400s] Level 1:colcon.colcon_core.package_identification:_identify(src) by extensions ['cmake', 'python']
[0.400s] Level 1:colcon.colcon_core.package_identification:_identify(src) by extension 'cmake'
[0.400s] Level 1:colcon.colcon_core.package_identification:_identify(src) by extension 'python'
[0.400s] Level 1:colcon.colcon_core.package_identification:_identify(src) by extensions ['python_setup_py']
[0.400s] Level 1:colcon.colcon_core.package_identification:_identify(src) by extension 'python_setup_py'
[0.401s] Level 1:colcon.colcon_core.package_identification:_identify(src/arm_control) by extensions ['ignore', 'ignore_ament_install']
[0.401s] Level 1:colcon.colcon_core.package_identification:_identify(src/arm_control) by extension 'ignore'
[0.401s] Level 1:colcon.colcon_core.package_identification:_identify(src/arm_control) by extension 'ignore_ament_install'
[0.402s] Level 1:colcon.colcon_core.package_identification:_identify(src/arm_control) by extensions ['colcon_pkg']
[0.402s] Level 1:colcon.colcon_core.package_identification:_identify(src/arm_control) by extension 'colcon_pkg'
[0.402s] Level 1:colcon.colcon_core.package_identification:_identify(src/arm_control) by extensions ['colcon_meta']
[0.402s] Level 1:colcon.colcon_core.package_identification:_identify(src/arm_control) by extension 'colcon_meta'
[0.402s] Level 1:colcon.colcon_core.package_identification:_identify(src/arm_control) by extensions ['ros']
[0.403s] Level 1:colcon.colcon_core.package_identification:_identify(src/arm_control) by extension 'ros'
[0.408s] DEBUG:colcon.colcon_core.package_identification:Package 'src/arm_control' with type 'ros.ament_python' and name 'arm_control'
[0.409s] Level 1:colcon.colcon_core.package_identification:_identify(venv) by extensions ['ignore', 'ignore_ament_install']
[0.409s] Level 1:colcon.colcon_core.package_identification:_identify(venv) by extension 'ignore'
[0.409s] Level 1:colcon.colcon_core.package_identification:_identify(venv) ignored
[0.409s] Level 1:colcon.colcon_core.package_discovery:discover_packages(recursive) using defaults
[0.410s] Level 1:colcon.colcon_core.package_discovery:discover_packages(ignore) discover
[0.410s] Level 1:colcon.colcon_core.package_discovery:discover_packages(ignore) using defaults
[0.410s] Level 1:colcon.colcon_core.package_discovery:discover_packages(path) discover
[0.410s] Level 1:colcon.colcon_core.package_discovery:discover_packages(path) using defaults
[0.444s] Level 1:colcon.colcon_core.package_discovery:discover_packages(prefix_path) check parameters
[0.444s] Level 1:colcon.colcon_core.package_discovery:discover_packages(prefix_path) discover
[0.447s] DEBUG:colcon.colcon_installed_package_information.package_discovery:Found 1 installed packages in /home/connor/robotics_projects/surgical-arm-ros2/install
[0.449s] DEBUG:colcon.colcon_installed_package_information.package_discovery:Found 288 installed packages in /opt/ros/jazzy
[0.450s] Level 1:colcon.colcon_core.package_discovery:discover_packages(prefix_path) using defaults
[0.510s] Level 5:colcon.colcon_core.verb:set package 'arm_control' build argument 'cmake_args' from command line to 'None'
[0.510s] Level 5:colcon.colcon_core.verb:set package 'arm_control' build argument 'cmake_target' from command line to 'None'
[0.510s] Level 5:colcon.colcon_core.verb:set package 'arm_control' build argument 'cmake_target_skip_unavailable' from command line to 'False'
[0.510s] Level 5:colcon.colcon_core.verb:set package 'arm_control' build argument 'cmake_clean_cache' from command line to 'False'
[0.510s] Level 5:colcon.colcon_core.verb:set package 'arm_control' build argument 'cmake_clean_first' from command line to 'False'
[0.511s] Level 5:colcon.colcon_core.verb:set package 'arm_control' build argument 'cmake_force_configure' from command line to 'False'
[0.511s] Level 5:colcon.colcon_core.verb:set package 'arm_control' build argument 'ament_cmake_args' from command line to 'None'
[0.511s] Level 5:colcon.colcon_core.verb:set package 'arm_control' build argument 'catkin_cmake_args' from command line to 'None'
[0.511s] Level 5:colcon.colcon_core.verb:set package 'arm_control' build argument 'catkin_skip_building_tests' from command line to 'False'
[0.511s] DEBUG:colcon.colcon_core.verb:Building package 'arm_control' with the following arguments: {'ament_cmake_args': None, 'build_base': '/home/connor/robotics_projects/surgical-arm-ros2/build/arm_control', 'catkin_cmake_args': None, 'catkin_skip_building_tests': False, 'cmake_args': None, 'cmake_clean_cache': False, 'cmake_clean_first': False, 'cmake_force_configure': False, 'cmake_target': None, 'cmake_target_skip_unavailable': False, 'install_base': '/home/connor/robotics_projects/surgical-arm-ros2/install/arm_control', 'merge_install': False, 'path': '/home/connor/robotics_projects/surgical-arm-ros2/src/arm_control', 'symlink_install': False, 'test_result_base': None}
[0.511s] INFO:colcon.colcon_core.executor:Executing jobs using 'parallel' executor
[0.513s] DEBUG:colcon.colcon_parallel_executor.executor.parallel:run_until_complete
[0.513s] INFO:colcon.colcon_ros.task.ament_python.build:Building ROS package in '/home/connor/robotics_projects/surgical-arm-ros2/src/arm_control' with build type 'ament_python'
[0.514s] Level 1:colcon.colcon_core.shell:create_environment_hook('arm_control', 'ament_prefix_path')
[0.518s] INFO:colcon.colcon_core.plugin_system:Skipping extension 'colcon_core.shell.bat': Not used on non-Windows systems
[0.519s] INFO:colcon.colcon_core.shell:Creating environment hook '/home/connor/robotics_projects/surgical-arm-ros2/install/arm_control/share/arm_control/hook/ament_prefix_path.ps1'
[0.520s] INFO:colcon.colcon_core.shell:Creating environment descriptor '/home/connor/robotics_projects/surgical-arm-ros2/install/arm_control/share/arm_control/hook/ament_prefix_path.dsv'
[0.521s] INFO:colcon.colcon_core.shell:Creating environment hook '/home/connor/robotics_projects/surgical-arm-ros2/install/arm_control/share/arm_control/hook/ament_prefix_path.sh'
[0.523s] INFO:colcon.colcon_core.shell:Skip shell extension 'powershell' for command environment: Not usable outside of PowerShell
[0.523s] DEBUG:colcon.colcon_core.shell:Skip shell extension 'dsv' for command environment
[0.859s] INFO:colcon.colcon_core.task.python.build:Building Python package in '/home/connor/robotics_projects/surgical-arm-ros2/src/arm_control'
[0.860s] INFO:colcon.colcon_core.shell:Skip shell extension 'powershell' for command environment: Not usable outside of PowerShell
[0.860s] DEBUG:colcon.colcon_core.shell:Skip shell extension 'dsv' for command environment
[1.618s] DEBUG:colcon.colcon_core.event_handler.log_command:Invoking command in '/home/connor/robotics_projects/surgical-arm-ros2/src/arm_control': PS1=(venv) \[\e]0;\u@\h: \w\a\]${debian_chroot:+($debian_chroot)}\[\033[01;32m\]\u@\h\[\033[00m\]:\[\033[01;34m\]\w\[\033[00m\]\$ PYTHONPATH=/home/connor/robotics_projects/surgical-arm-ros2/build/arm_control/prefix_override:/usr/lib/python3/dist-packages/colcon_core/task/python/colcon_distutils_commands:/home/connor/robotics_projects/surgical-arm-ros2/install/arm_control/lib/python3.12/site-packages:${PYTHONPATH} VIRTUAL_ENV_PROMPT=(venv) /usr/bin/python3 -W ignore:setup.py install is deprecated -W ignore:easy_install command is deprecated setup.py egg_info --egg-base ../../build/arm_control build --build-base /home/connor/robotics_projects/surgical-arm-ros2/build/arm_control/build install --record /home/connor/robotics_projects/surgical-arm-ros2/build/arm_control/install.log --single-version-externally-managed install_data
[2.349s] DEBUG:colcon.colcon_core.event_handler.log_command:Invoked command in '/home/connor/robotics_projects/surgical-arm-ros2/src/arm_control' returned '0': PS1=(venv) \[\e]0;\u@\h: \w\a\]${debian_chroot:+($debian_chroot)}\[\033[01;32m\]\u@\h\[\033[00m\]:\[\033[01;34m\]\w\[\033[00m\]\$ PYTHONPATH=/home/connor/robotics_projects/surgical-arm-ros2/build/arm_control/prefix_override:/usr/lib/python3/dist-packages/colcon_core/task/python/colcon_distutils_commands:/home/connor/robotics_projects/surgical-arm-ros2/install/arm_control/lib/python3.12/site-packages:${PYTHONPATH} VIRTUAL_ENV_PROMPT=(venv) /usr/bin/python3 -W ignore:setup.py install is deprecated -W ignore:easy_install command is deprecated setup.py egg_info --egg-base ../../build/arm_control build --build-base /home/connor/robotics_projects/surgical-arm-ros2/build/arm_control/build install --record /home/connor/robotics_projects/surgical-arm-ros2/build/arm_control/install.log --single-version-externally-managed install_data
[2.352s] Level 1:colcon.colcon_core.environment:checking '/home/connor/robotics_projects/surgical-arm-ros2/install/arm_control' for CMake module files
[2.353s] Level 1:colcon.colcon_core.environment:checking '/home/connor/robotics_projects/surgical-arm-ros2/install/arm_control' for CMake config files
[2.354s] Level 1:colcon.colcon_core.environment:checking '/home/connor/robotics_projects/surgical-arm-ros2/install/arm_control/lib'
[2.354s] Level 1:colcon.colcon_core.environment:checking '/home/connor/robotics_projects/surgical-arm-ros2/install/arm_control/bin'
[2.354s] Level 1:colcon.colcon_core.environment:checking '/home/connor/robotics_projects/surgical-arm-ros2/install/arm_control/lib/pkgconfig/arm_control.pc'
[2.355s] Level 1:colcon.colcon_core.environment:checking '/home/connor/robotics_projects/surgical-arm-ros2/install/arm_control/lib/python3.12/site-packages'
[2.355s] Level 1:colcon.colcon_core.shell:create_environment_hook('arm_control', 'pythonpath')
[2.356s] INFO:colcon.colcon_core.shell:Creating environment hook '/home/connor/robotics_projects/surgical-arm-ros2/install/arm_control/share/arm_control/hook/pythonpath.ps1'
[2.357s] INFO:colcon.colcon_core.shell:Creating environment descriptor '/home/connor/robotics_projects/surgical-arm-ros2/install/arm_control/share/arm_control/hook/pythonpath.dsv'
[2.358s] INFO:colcon.colcon_core.shell:Creating environment hook '/home/connor/robotics_projects/surgical-arm-ros2/install/arm_control/share/arm_control/hook/pythonpath.sh'
[2.360s] Level 1:colcon.colcon_core.environment:checking '/home/connor/robotics_projects/surgical-arm-ros2/install/arm_control/bin'
[2.360s] Level 1:colcon.colcon_core.environment:create_environment_scripts_only(arm_control)
[2.360s] INFO:colcon.colcon_core.shell:Creating package script '/home/connor/robotics_projects/surgical-arm-ros2/install/arm_control/share/arm_control/package.ps1'
[2.362s] INFO:colcon.colcon_core.shell:Creating package descriptor '/home/connor/robotics_projects/surgical-arm-ros2/install/arm_control/share/arm_control/package.dsv'
[2.363s] INFO:colcon.colcon_core.shell:Creating package script '/home/connor/robotics_projects/surgical-arm-ros2/install/arm_control/share/arm_control/package.sh'
[2.365s] INFO:colcon.colcon_core.shell:Creating package script '/home/connor/robotics_projects/surgical-arm-ros2/install/arm_control/share/arm_control/package.bash'
[2.367s] INFO:colcon.colcon_core.shell:Creating package script '/home/connor/robotics_projects/surgical-arm-ros2/install/arm_control/share/arm_control/package.zsh'
[2.368s] Level 1:colcon.colcon_core.environment:create_file_with_runtime_dependencies(/home/connor/robotics_projects/surgical-arm-ros2/install/arm_control/share/colcon-core/packages/arm_control)
[2.369s] DEBUG:colcon.colcon_parallel_executor.executor.parallel:closing loop
[2.371s] DEBUG:colcon.colcon_parallel_executor.executor.parallel:loop closed
[2.371s] DEBUG:colcon.colcon_parallel_executor.executor.parallel:run_until_complete finished with '0'
[2.372s] DEBUG:colcon.colcon_core.event_reactor:joining thread
[2.446s] INFO:colcon.colcon_core.plugin_system:Skipping extension 'colcon_notification.desktop_notification.notify_send': Could not find 'notify-send'
[2.447s] INFO:colcon.colcon_core.plugin_system:Skipping extension 'colcon_notification.desktop_notification.terminal_notifier': Not used on non-Darwin systems
[2.447s] INFO:colcon.colcon_core.plugin_system:Skipping extension 'colcon_notification.desktop_notification.win32': Not used on non-Windows systems
[2.447s] INFO:colcon.colcon_notification.desktop_notification:Sending desktop notification using 'notify2'
[2.449s] DEBUG:colcon.colcon_notification.desktop_notification.notify2:Failed to initialize notify2: org.freedesktop.DBus.Error.ServiceUnknown: The name org.freedesktop.Notifications was not provided by any .service files
[2.449s] DEBUG:colcon.colcon_core.event_reactor:joined thread
[2.450s] INFO:colcon.colcon_core.shell:Creating prefix script '/home/connor/robotics_projects/surgical-arm-ros2/install/local_setup.ps1'
[2.452s] INFO:colcon.colcon_core.shell:Creating prefix util module '/home/connor/robotics_projects/surgical-arm-ros2/install/_local_setup_util_ps1.py'
[2.453s] INFO:colcon.colcon_core.shell:Creating prefix chain script '/home/connor/robotics_projects/surgical-arm-ros2/install/setup.ps1'
[2.455s] INFO:colcon.colcon_core.shell:Creating prefix script '/home/connor/robotics_projects/surgical-arm-ros2/install/local_setup.sh'
[2.456s] INFO:colcon.colcon_core.shell:Creating prefix util module '/home/connor/robotics_projects/surgical-arm-ros2/install/_local_setup_util_sh.py'
[2.457s] INFO:colcon.colcon_core.shell:Creating prefix chain script '/home/connor/robotics_projects/surgical-arm-ros2/install/setup.sh'
[2.459s] INFO:colcon.colcon_core.shell:Creating prefix script '/home/connor/robotics_projects/surgical-arm-ros2/install/local_setup.bash'
[2.460s] INFO:colcon.colcon_core.shell:Creating prefix chain script '/home/connor/robotics_projects/surgical-arm-ros2/install/setup.bash'
[2.462s] INFO:colcon.colcon_core.shell:Creating prefix script '/home/connor/robotics_projects/surgical-arm-ros2/install/local_setup.zsh'
[2.464s] INFO:colcon.colcon_core.shell:Creating prefix chain script '/home/connor/robotics_projects/surgical-arm-ros2/install/setup.zsh'
