[1.723s] Invoking command in '/home/connor/robotics_projects/surgical-arm-ros2/src/arm_control': PS1=(venv) PYTHONPATH=/home/connor/robotics_projects/surgical-arm-ros2/build/arm_control/prefix_override:/usr/lib/python3/dist-packages/colcon_core/task/python/colcon_distutils_commands:/home/connor/robotics_projects/surgical-arm-ros2/install/arm_control/lib/python3.12/site-packages:${PYTHONPATH} VIRTUAL_ENV_PROMPT=(venv) /usr/bin/python3 -W ignore:setup.py install is deprecated -W ignore:easy_install command is deprecated setup.py egg_info --egg-base ../../build/arm_control build --build-base /home/connor/robotics_projects/surgical-arm-ros2/build/arm_control/build install --record /home/connor/robotics_projects/surgical-arm-ros2/build/arm_control/install.log --single-version-externally-managed install_data
[2.299s] running egg_info
[2.340s] writing ../../build/arm_control/arm_control.egg-info/PKG-INFO
[2.341s] writing dependency_links to ../../build/arm_control/arm_control.egg-info/dependency_links.txt
[2.343s] writing entry points to ../../build/arm_control/arm_control.egg-info/entry_points.txt
[2.344s] writing requirements to ../../build/arm_control/arm_control.egg-info/requires.txt
[2.344s] writing top-level names to ../../build/arm_control/arm_control.egg-info/top_level.txt
[2.415s] reading manifest file '../../build/arm_control/arm_control.egg-info/SOURCES.txt'
[2.416s] adding license file 'LICENSE'
[2.418s] writing manifest file '../../build/arm_control/arm_control.egg-info/SOURCES.txt'
[2.418s] running build
[2.419s] running build_py
[2.420s] copying arm_control/camera_calibration.py -> /home/connor/robotics_projects/surgical-arm-ros2/build/arm_control/build/lib/arm_control
[2.422s] running install
[2.439s] running install_lib
[2.482s] copying /home/connor/robotics_projects/surgical-arm-ros2/build/arm_control/build/lib/arm_control/camera_calibration.py -> /home/connor/robotics_projects/surgical-arm-ros2/install/arm_control/lib/python3.12/site-packages/arm_control
[2.486s] byte-compiling /home/connor/robotics_projects/surgical-arm-ros2/install/arm_control/lib/python3.12/site-packages/arm_control/camera_calibration.py to camera_calibration.cpython-312.pyc
[2.494s] running install_data
[2.495s] copying launch/calibrate.launch.py -> /home/connor/robotics_projects/surgical-arm-ros2/install/arm_control/share/arm_control/launch
[2.495s] running install_egg_info
[2.535s] removing '/home/connor/robotics_projects/surgical-arm-ros2/install/arm_control/lib/python3.12/site-packages/arm_control-0.0.0-py3.12.egg-info' (and everything under it)
[2.536s] Copying ../../build/arm_control/arm_control.egg-info to /home/connor/robotics_projects/surgical-arm-ros2/install/arm_control/lib/python3.12/site-packages/arm_control-0.0.0-py3.12.egg-info
[2.539s] running install_scripts
[2.805s] Installing camera_playback script to /home/connor/robotics_projects/surgical-arm-ros2/install/arm_control/lib/arm_control
[2.806s] Installing camera_training script to /home/connor/robotics_projects/surgical-arm-ros2/install/arm_control/lib/arm_control
[2.806s] Installing eye_to_hand_calibration script to /home/connor/robotics_projects/surgical-arm-ros2/install/arm_control/lib/arm_control
[2.808s] Installing force_sensor script to /home/connor/robotics_projects/surgical-arm-ros2/install/arm_control/lib/arm_control
[2.808s] Installing lerobot_driver script to /home/connor/robotics_projects/surgical-arm-ros2/install/arm_control/lib/arm_control
[2.809s] Installing lerobot_motionplan script to /home/connor/robotics_projects/surgical-arm-ros2/install/arm_control/lib/arm_control
[2.809s] Installing lerobot_sim script to /home/connor/robotics_projects/surgical-arm-ros2/install/arm_control/lib/arm_control
[2.809s] Installing playback_transformer script to /home/connor/robotics_projects/surgical-arm-ros2/install/arm_control/lib/arm_control
[2.810s] Installing teleop_transformer script to /home/connor/robotics_projects/surgical-arm-ros2/install/arm_control/lib/arm_control
[2.810s] Installing zed_driver script to /home/connor/robotics_projects/surgical-arm-ros2/install/arm_control/lib/arm_control
[2.812s] writing list of installed files to '/home/connor/robotics_projects/surgical-arm-ros2/build/arm_control/install.log'
[2.905s] Invoked command in '/home/connor/robotics_projects/surgical-arm-ros2/src/arm_control' returned '0': PS1=(venv) PYTHONPATH=/home/connor/robotics_projects/surgical-arm-ros2/build/arm_control/prefix_override:/usr/lib/python3/dist-packages/colcon_core/task/python/colcon_distutils_commands:/home/connor/robotics_projects/surgical-arm-ros2/install/arm_control/lib/python3.12/site-packages:${PYTHONPATH} VIRTUAL_ENV_PROMPT=(venv) /usr/bin/python3 -W ignore:setup.py install is deprecated -W ignore:easy_install command is deprecated setup.py egg_info --egg-base ../../build/arm_control build --build-base /home/connor/robotics_projects/surgical-arm-ros2/build/arm_control/build install --record /home/connor/robotics_projects/surgical-arm-ros2/build/arm_control/install.log --single-version-externally-managed install_data
