[0.613s] DEBUG:colcon:Command line arguments: ['/usr/bin/colcon', 'build']
[0.614s] DEBUG:colcon:Parsed command line arguments: Namespace(log_base=None, log_level=None, verb_name='build', build_base='build', install_base='install', merge_install=False, symlink_install=False, test_result_base=None, continue_on_error=False, executor='parallel', parallel_workers=24, event_handlers=None, ignore_user_meta=False, metas=['./colcon.meta'], base_paths=['.'], packages_ignore=None, packages_ignore_regex=None, paths=None, packages_up_to=None, packages_up_to_regex=None, packages_above=None, packages_above_and_dependencies=None, packages_above_depth=None, packages_select_by_dep=None, packages_skip_by_dep=None, packages_skip_up_to=None, packages_select_build_failed=False, packages_skip_build_finished=False, packages_select_test_failures=False, packages_skip_test_passed=False, packages_select=None, packages_skip=None, packages_select_regex=None, packages_skip_regex=None, packages_start=None, packages_end=None, allow_overriding=[], cmake_args=None, cmake_target=None, cmake_target_skip_unavailable=False, cmake_clean_cache=False, cmake_clean_first=False, cmake_force_configure=False, ament_cmake_args=None, catkin_cmake_args=None, catkin_skip_building_tests=False, verb_parser=<colcon_defaults.argument_parser.defaults.DefaultArgumentsDecorator object at 0x79e779066960>, verb_extension=<colcon_core.verb.build.BuildVerb object at 0x79e779066660>, main=<bound method BuildVerb.main of <colcon_core.verb.build.BuildVerb object at 0x79e779066660>>)
[0.719s] Level 1:colcon.colcon_core.package_discovery:discover_packages(colcon_meta) check parameters
[0.719s] Level 1:colcon.colcon_core.package_discovery:discover_packages(recursive) check parameters
[0.719s] Level 1:colcon.colcon_core.package_discovery:discover_packages(ignore) check parameters
[0.719s] Level 1:colcon.colcon_core.package_discovery:discover_packages(path) check parameters
[0.720s] Level 1:colcon.colcon_core.package_discovery:discover_packages(colcon_meta) discover
[0.720s] Level 1:colcon.colcon_core.package_discovery:discover_packages(recursive) discover
[0.720s] INFO:colcon.colcon_core.package_discovery:Crawling recursively for packages in '/home/connor/robotics_projects/surgical-arm-ros2'
[0.720s] Level 1:colcon.colcon_core.package_identification:_identify(.) by extensions ['ignore', 'ignore_ament_install']
[0.720s] Level 1:colcon.colcon_core.package_identification:_identify(.) by extension 'ignore'
[0.721s] Level 1:colcon.colcon_core.package_identification:_identify(.) by extension 'ignore_ament_install'
[0.721s] Level 1:colcon.colcon_core.package_identification:_identify(.) by extensions ['colcon_pkg']
[0.721s] Level 1:colcon.colcon_core.package_identification:_identify(.) by extension 'colcon_pkg'
[0.721s] Level 1:colcon.colcon_core.package_identification:_identify(.) by extensions ['colcon_meta']
[0.721s] Level 1:colcon.colcon_core.package_identification:_identify(.) by extension 'colcon_meta'
[0.721s] Level 1:colcon.colcon_core.package_identification:_identify(.) by extensions ['ros']
[0.721s] Level 1:colcon.colcon_core.package_identification:_identify(.) by extension 'ros'
[0.798s] Level 1:colcon.colcon_core.package_identification:_identify(.) by extensions ['cmake', 'python']
[0.798s] Level 1:colcon.colcon_core.package_identification:_identify(.) by extension 'cmake'
[0.798s] Level 1:colcon.colcon_core.package_identification:_identify(.) by extension 'python'
[0.798s] Level 1:colcon.colcon_core.package_identification:_identify(.) by extensions ['python_setup_py']
[0.798s] Level 1:colcon.colcon_core.package_identification:_identify(.) by extension 'python_setup_py'
[0.799s] Level 1:colcon.colcon_core.package_identification:_identify(build) by extensions ['ignore', 'ignore_ament_install']
[0.799s] Level 1:colcon.colcon_core.package_identification:_identify(build) by extension 'ignore'
[0.799s] Level 1:colcon.colcon_core.package_identification:_identify(build) ignored
[0.799s] Level 1:colcon.colcon_core.package_identification:_identify(install) by extensions ['ignore', 'ignore_ament_install']
[0.800s] Level 1:colcon.colcon_core.package_identification:_identify(install) by extension 'ignore'
[0.800s] Level 1:colcon.colcon_core.package_identification:_identify(install) ignored
[0.800s] Level 1:colcon.colcon_core.package_identification:_identify(log) by extensions ['ignore', 'ignore_ament_install']
[0.800s] Level 1:colcon.colcon_core.package_identification:_identify(log) by extension 'ignore'
[0.801s] Level 1:colcon.colcon_core.package_identification:_identify(log) ignored
[0.801s] Level 1:colcon.colcon_core.package_identification:_identify(old_and_tools) by extensions ['ignore', 'ignore_ament_install']
[0.801s] Level 1:colcon.colcon_core.package_identification:_identify(old_and_tools) by extension 'ignore'
[0.801s] Level 1:colcon.colcon_core.package_identification:_identify(old_and_tools) by extension 'ignore_ament_install'
[0.801s] Level 1:colcon.colcon_core.package_identification:_identify(old_and_tools) by extensions ['colcon_pkg']
[0.801s] Level 1:colcon.colcon_core.package_identification:_identify(old_and_tools) by extension 'colcon_pkg'
[0.802s] Level 1:colcon.colcon_core.package_identification:_identify(old_and_tools) by extensions ['colcon_meta']
[0.802s] Level 1:colcon.colcon_core.package_identification:_identify(old_and_tools) by extension 'colcon_meta'
[0.802s] Level 1:colcon.colcon_core.package_identification:_identify(old_and_tools) by extensions ['ros']
[0.802s] Level 1:colcon.colcon_core.package_identification:_identify(old_and_tools) by extension 'ros'
[0.802s] Level 1:colcon.colcon_core.package_identification:_identify(old_and_tools) by extensions ['cmake', 'python']
[0.802s] Level 1:colcon.colcon_core.package_identification:_identify(old_and_tools) by extension 'cmake'
[0.802s] Level 1:colcon.colcon_core.package_identification:_identify(old_and_tools) by extension 'python'
[0.803s] Level 1:colcon.colcon_core.package_identification:_identify(old_and_tools) by extensions ['python_setup_py']
[0.803s] Level 1:colcon.colcon_core.package_identification:_identify(old_and_tools) by extension 'python_setup_py'
[0.803s] Level 1:colcon.colcon_core.package_identification:_identify(src) by extensions ['ignore', 'ignore_ament_install']
[0.803s] Level 1:colcon.colcon_core.package_identification:_identify(src) by extension 'ignore'
[0.803s] Level 1:colcon.colcon_core.package_identification:_identify(src) by extension 'ignore_ament_install'
[0.804s] Level 1:colcon.colcon_core.package_identification:_identify(src) by extensions ['colcon_pkg']
[0.804s] Level 1:colcon.colcon_core.package_identification:_identify(src) by extension 'colcon_pkg'
[0.804s] Level 1:colcon.colcon_core.package_identification:_identify(src) by extensions ['colcon_meta']
[0.804s] Level 1:colcon.colcon_core.package_identification:_identify(src) by extension 'colcon_meta'
[0.804s] Level 1:colcon.colcon_core.package_identification:_identify(src) by extensions ['ros']
[0.804s] Level 1:colcon.colcon_core.package_identification:_identify(src) by extension 'ros'
[0.805s] Level 1:colcon.colcon_core.package_identification:_identify(src) by extensions ['cmake', 'python']
[0.805s] Level 1:colcon.colcon_core.package_identification:_identify(src) by extension 'cmake'
[0.805s] Level 1:colcon.colcon_core.package_identification:_identify(src) by extension 'python'
[0.805s] Level 1:colcon.colcon_core.package_identification:_identify(src) by extensions ['python_setup_py']
[0.805s] Level 1:colcon.colcon_core.package_identification:_identify(src) by extension 'python_setup_py'
[0.805s] Level 1:colcon.colcon_core.package_identification:_identify(src/arm_control) by extensions ['ignore', 'ignore_ament_install']
[0.805s] Level 1:colcon.colcon_core.package_identification:_identify(src/arm_control) by extension 'ignore'
[0.805s] Level 1:colcon.colcon_core.package_identification:_identify(src/arm_control) by extension 'ignore_ament_install'
[0.806s] Level 1:colcon.colcon_core.package_identification:_identify(src/arm_control) by extensions ['colcon_pkg']
[0.806s] Level 1:colcon.colcon_core.package_identification:_identify(src/arm_control) by extension 'colcon_pkg'
[0.806s] Level 1:colcon.colcon_core.package_identification:_identify(src/arm_control) by extensions ['colcon_meta']
[0.806s] Level 1:colcon.colcon_core.package_identification:_identify(src/arm_control) by extension 'colcon_meta'
[0.806s] Level 1:colcon.colcon_core.package_identification:_identify(src/arm_control) by extensions ['ros']
[0.806s] Level 1:colcon.colcon_core.package_identification:_identify(src/arm_control) by extension 'ros'
[0.815s] DEBUG:colcon.colcon_core.package_identification:Package 'src/arm_control' with type 'ros.ament_python' and name 'arm_control'
[0.815s] Level 1:colcon.colcon_core.package_identification:_identify(training_episode_20260622_120152) by extensions ['ignore', 'ignore_ament_install']
[0.815s] Level 1:colcon.colcon_core.package_identification:_identify(training_episode_20260622_120152) by extension 'ignore'
[0.815s] Level 1:colcon.colcon_core.package_identification:_identify(training_episode_20260622_120152) by extension 'ignore_ament_install'
[0.815s] Level 1:colcon.colcon_core.package_identification:_identify(training_episode_20260622_120152) by extensions ['colcon_pkg']
[0.816s] Level 1:colcon.colcon_core.package_identification:_identify(training_episode_20260622_120152) by extension 'colcon_pkg'
[0.816s] Level 1:colcon.colcon_core.package_identification:_identify(training_episode_20260622_120152) by extensions ['colcon_meta']
[0.816s] Level 1:colcon.colcon_core.package_identification:_identify(training_episode_20260622_120152) by extension 'colcon_meta'
[0.816s] Level 1:colcon.colcon_core.package_identification:_identify(training_episode_20260622_120152) by extensions ['ros']
[0.816s] Level 1:colcon.colcon_core.package_identification:_identify(training_episode_20260622_120152) by extension 'ros'
[0.817s] Level 1:colcon.colcon_core.package_identification:_identify(training_episode_20260622_120152) by extensions ['cmake', 'python']
[0.817s] Level 1:colcon.colcon_core.package_identification:_identify(training_episode_20260622_120152) by extension 'cmake'
[0.817s] Level 1:colcon.colcon_core.package_identification:_identify(training_episode_20260622_120152) by extension 'python'
[0.817s] Level 1:colcon.colcon_core.package_identification:_identify(training_episode_20260622_120152) by extensions ['python_setup_py']
[0.817s] Level 1:colcon.colcon_core.package_identification:_identify(training_episode_20260622_120152) by extension 'python_setup_py'
[0.818s] Level 1:colcon.colcon_core.package_identification:_identify(venv) by extensions ['ignore', 'ignore_ament_install']
[0.818s] Level 1:colcon.colcon_core.package_identification:_identify(venv) by extension 'ignore'
[0.818s] Level 1:colcon.colcon_core.package_identification:_identify(venv) ignored
[0.818s] Level 1:colcon.colcon_core.package_discovery:discover_packages(recursive) using defaults
[0.819s] Level 1:colcon.colcon_core.package_discovery:discover_packages(ignore) discover
[0.820s] Level 1:colcon.colcon_core.package_discovery:discover_packages(ignore) using defaults
[0.820s] Level 1:colcon.colcon_core.package_discovery:discover_packages(path) discover
[0.820s] Level 1:colcon.colcon_core.package_discovery:discover_packages(path) using defaults
[0.892s] Level 1:colcon.colcon_core.package_discovery:discover_packages(prefix_path) check parameters
[0.892s] Level 1:colcon.colcon_core.package_discovery:discover_packages(prefix_path) discover
[0.901s] DEBUG:colcon.colcon_installed_package_information.package_discovery:Found 1 installed packages in /home/connor/robotics_projects/surgical-arm-ros2/install
[0.903s] DEBUG:colcon.colcon_installed_package_information.package_discovery:Found 288 installed packages in /opt/ros/jazzy
[0.905s] Level 1:colcon.colcon_core.package_discovery:discover_packages(prefix_path) using defaults
[1.035s] Level 5:colcon.colcon_core.verb:set package 'arm_control' build argument 'cmake_args' from command line to 'None'
[1.035s] Level 5:colcon.colcon_core.verb:set package 'arm_control' build argument 'cmake_target' from command line to 'None'
[1.035s] Level 5:colcon.colcon_core.verb:set package 'arm_control' build argument 'cmake_target_skip_unavailable' from command line to 'False'
[1.036s] Level 5:colcon.colcon_core.verb:set package 'arm_control' build argument 'cmake_clean_cache' from command line to 'False'
[1.036s] Level 5:colcon.colcon_core.verb:set package 'arm_control' build argument 'cmake_clean_first' from command line to 'False'
[1.036s] Level 5:colcon.colcon_core.verb:set package 'arm_control' build argument 'cmake_force_configure' from command line to 'False'
[1.036s] Level 5:colcon.colcon_core.verb:set package 'arm_control' build argument 'ament_cmake_args' from command line to 'None'
[1.036s] Level 5:colcon.colcon_core.verb:set package 'arm_control' build argument 'catkin_cmake_args' from command line to 'None'
[1.036s] Level 5:colcon.colcon_core.verb:set package 'arm_control' build argument 'catkin_skip_building_tests' from command line to 'False'
[1.036s] DEBUG:colcon.colcon_core.verb:Building package 'arm_control' with the following arguments: {'ament_cmake_args': None, 'build_base': '/home/connor/robotics_projects/surgical-arm-ros2/build/arm_control', 'catkin_cmake_args': None, 'catkin_skip_building_tests': False, 'cmake_args': None, 'cmake_clean_cache': False, 'cmake_clean_first': False, 'cmake_force_configure': False, 'cmake_target': None, 'cmake_target_skip_unavailable': False, 'install_base': '/home/connor/robotics_projects/surgical-arm-ros2/install/arm_control', 'merge_install': False, 'path': '/home/connor/robotics_projects/surgical-arm-ros2/src/arm_control', 'symlink_install': False, 'test_result_base': None}
[1.036s] INFO:colcon.colcon_core.executor:Executing jobs using 'parallel' executor
[1.038s] DEBUG:colcon.colcon_parallel_executor.executor.parallel:run_until_complete
[1.039s] INFO:colcon.colcon_ros.task.ament_python.build:Building ROS package in '/home/connor/robotics_projects/surgical-arm-ros2/src/arm_control' with build type 'ament_python'
[1.040s] Level 1:colcon.colcon_core.shell:create_environment_hook('arm_control', 'ament_prefix_path')
[1.059s] INFO:colcon.colcon_core.plugin_system:Skipping extension 'colcon_core.shell.bat': Not used on non-Windows systems
[1.060s] INFO:colcon.colcon_core.shell:Creating environment hook '/home/connor/robotics_projects/surgical-arm-ros2/install/arm_control/share/arm_control/hook/ament_prefix_path.ps1'
[1.062s] INFO:colcon.colcon_core.shell:Creating environment descriptor '/home/connor/robotics_projects/surgical-arm-ros2/install/arm_control/share/arm_control/hook/ament_prefix_path.dsv'
[1.064s] INFO:colcon.colcon_core.shell:Creating environment hook '/home/connor/robotics_projects/surgical-arm-ros2/install/arm_control/share/arm_control/hook/ament_prefix_path.sh'
[1.066s] INFO:colcon.colcon_core.shell:Skip shell extension 'powershell' for command environment: Not usable outside of PowerShell
[1.066s] DEBUG:colcon.colcon_core.shell:Skip shell extension 'dsv' for command environment
[1.410s] INFO:colcon.colcon_core.task.python.build:Building Python package in '/home/connor/robotics_projects/surgical-arm-ros2/src/arm_control'
[1.411s] INFO:colcon.colcon_core.shell:Skip shell extension 'powershell' for command environment: Not usable outside of PowerShell
[1.411s] DEBUG:colcon.colcon_core.shell:Skip shell extension 'dsv' for command environment
[3.083s] DEBUG:colcon.colcon_core.event_handler.log_command:Invoking command in '/home/connor/robotics_projects/surgical-arm-ros2/src/arm_control': PS1=(venv) \[\e]0;\u@\h: \w\a\]${debian_chroot:+($debian_chroot)}\[\033[01;32m\]\u@\h\[\033[00m\]:\[\033[01;34m\]\w\[\033[00m\]\$ PYTHONPATH=/home/connor/robotics_projects/surgical-arm-ros2/build/arm_control/prefix_override:/usr/lib/python3/dist-packages/colcon_core/task/python/colcon_distutils_commands:/home/connor/robotics_projects/surgical-arm-ros2/install/arm_control/lib/python3.12/site-packages:${PYTHONPATH} VIRTUAL_ENV_PROMPT=(venv) /usr/bin/python3 -W ignore:setup.py install is deprecated -W ignore:easy_install command is deprecated setup.py egg_info --egg-base ../../build/arm_control build --build-base /home/connor/robotics_projects/surgical-arm-ros2/build/arm_control/build install --record /home/connor/robotics_projects/surgical-arm-ros2/build/arm_control/install.log --single-version-externally-managed install_data
[3.897s] DEBUG:colcon.colcon_core.event_handler.log_command:Invoked command in '/home/connor/robotics_projects/surgical-arm-ros2/src/arm_control' returned '0': PS1=(venv) \[\e]0;\u@\h: \w\a\]${debian_chroot:+($debian_chroot)}\[\033[01;32m\]\u@\h\[\033[00m\]:\[\033[01;34m\]\w\[\033[00m\]\$ PYTHONPATH=/home/connor/robotics_projects/surgical-arm-ros2/build/arm_control/prefix_override:/usr/lib/python3/dist-packages/colcon_core/task/python/colcon_distutils_commands:/home/connor/robotics_projects/surgical-arm-ros2/install/arm_control/lib/python3.12/site-packages:${PYTHONPATH} VIRTUAL_ENV_PROMPT=(venv) /usr/bin/python3 -W ignore:setup.py install is deprecated -W ignore:easy_install command is deprecated setup.py egg_info --egg-base ../../build/arm_control build --build-base /home/connor/robotics_projects/surgical-arm-ros2/build/arm_control/build install --record /home/connor/robotics_projects/surgical-arm-ros2/build/arm_control/install.log --single-version-externally-managed install_data
[3.914s] Level 1:colcon.colcon_core.environment:checking '/home/connor/robotics_projects/surgical-arm-ros2/install/arm_control' for CMake module files
[3.915s] Level 1:colcon.colcon_core.environment:checking '/home/connor/robotics_projects/surgical-arm-ros2/install/arm_control' for CMake config files
[3.916s] Level 1:colcon.colcon_core.environment:checking '/home/connor/robotics_projects/surgical-arm-ros2/install/arm_control/lib'
[3.917s] Level 1:colcon.colcon_core.environment:checking '/home/connor/robotics_projects/surgical-arm-ros2/install/arm_control/bin'
[3.917s] Level 1:colcon.colcon_core.environment:checking '/home/connor/robotics_projects/surgical-arm-ros2/install/arm_control/lib/pkgconfig/arm_control.pc'
[3.917s] Level 1:colcon.colcon_core.environment:checking '/home/connor/robotics_projects/surgical-arm-ros2/install/arm_control/lib/python3.12/site-packages'
[3.917s] Level 1:colcon.colcon_core.shell:create_environment_hook('arm_control', 'pythonpath')
[3.918s] INFO:colcon.colcon_core.shell:Creating environment hook '/home/connor/robotics_projects/surgical-arm-ros2/install/arm_control/share/arm_control/hook/pythonpath.ps1'
[3.918s] INFO:colcon.colcon_core.shell:Creating environment descriptor '/home/connor/robotics_projects/surgical-arm-ros2/install/arm_control/share/arm_control/hook/pythonpath.dsv'
[3.919s] INFO:colcon.colcon_core.shell:Creating environment hook '/home/connor/robotics_projects/surgical-arm-ros2/install/arm_control/share/arm_control/hook/pythonpath.sh'
[3.920s] Level 1:colcon.colcon_core.environment:checking '/home/connor/robotics_projects/surgical-arm-ros2/install/arm_control/bin'
[3.921s] Level 1:colcon.colcon_core.environment:create_environment_scripts_only(arm_control)
[3.921s] INFO:colcon.colcon_core.shell:Creating package script '/home/connor/robotics_projects/surgical-arm-ros2/install/arm_control/share/arm_control/package.ps1'
[3.926s] INFO:colcon.colcon_core.shell:Creating package descriptor '/home/connor/robotics_projects/surgical-arm-ros2/install/arm_control/share/arm_control/package.dsv'
[3.929s] INFO:colcon.colcon_core.shell:Creating package script '/home/connor/robotics_projects/surgical-arm-ros2/install/arm_control/share/arm_control/package.sh'
[3.930s] INFO:colcon.colcon_core.shell:Creating package script '/home/connor/robotics_projects/surgical-arm-ros2/install/arm_control/share/arm_control/package.bash'
[3.933s] INFO:colcon.colcon_core.shell:Creating package script '/home/connor/robotics_projects/surgical-arm-ros2/install/arm_control/share/arm_control/package.zsh'
[3.934s] Level 1:colcon.colcon_core.environment:create_file_with_runtime_dependencies(/home/connor/robotics_projects/surgical-arm-ros2/install/arm_control/share/colcon-core/packages/arm_control)
[3.935s] DEBUG:colcon.colcon_parallel_executor.executor.parallel:closing loop
[3.937s] DEBUG:colcon.colcon_parallel_executor.executor.parallel:loop closed
[3.937s] DEBUG:colcon.colcon_parallel_executor.executor.parallel:run_until_complete finished with '0'
[3.937s] DEBUG:colcon.colcon_core.event_reactor:joining thread
[4.041s] INFO:colcon.colcon_core.plugin_system:Skipping extension 'colcon_notification.desktop_notification.notify_send': Could not find 'notify-send'
[4.041s] INFO:colcon.colcon_core.plugin_system:Skipping extension 'colcon_notification.desktop_notification.terminal_notifier': Not used on non-Darwin systems
[4.041s] INFO:colcon.colcon_core.plugin_system:Skipping extension 'colcon_notification.desktop_notification.win32': Not used on non-Windows systems
[4.041s] INFO:colcon.colcon_notification.desktop_notification:Sending desktop notification using 'notify2'
[4.049s] DEBUG:colcon.colcon_notification.desktop_notification.notify2:Failed to initialize notify2: org.freedesktop.DBus.Error.ServiceUnknown: The name org.freedesktop.Notifications was not provided by any .service files
[4.049s] DEBUG:colcon.colcon_core.event_reactor:joined thread
[4.050s] INFO:colcon.colcon_core.shell:Creating prefix script '/home/connor/robotics_projects/surgical-arm-ros2/install/local_setup.ps1'
[4.054s] INFO:colcon.colcon_core.shell:Creating prefix util module '/home/connor/robotics_projects/surgical-arm-ros2/install/_local_setup_util_ps1.py'
[4.056s] INFO:colcon.colcon_core.shell:Creating prefix chain script '/home/connor/robotics_projects/surgical-arm-ros2/install/setup.ps1'
[4.059s] INFO:colcon.colcon_core.shell:Creating prefix script '/home/connor/robotics_projects/surgical-arm-ros2/install/local_setup.sh'
[4.061s] INFO:colcon.colcon_core.shell:Creating prefix util module '/home/connor/robotics_projects/surgical-arm-ros2/install/_local_setup_util_sh.py'
[4.062s] INFO:colcon.colcon_core.shell:Creating prefix chain script '/home/connor/robotics_projects/surgical-arm-ros2/install/setup.sh'
[4.064s] INFO:colcon.colcon_core.shell:Creating prefix script '/home/connor/robotics_projects/surgical-arm-ros2/install/local_setup.bash'
[4.065s] INFO:colcon.colcon_core.shell:Creating prefix chain script '/home/connor/robotics_projects/surgical-arm-ros2/install/setup.bash'
[4.067s] INFO:colcon.colcon_core.shell:Creating prefix script '/home/connor/robotics_projects/surgical-arm-ros2/install/local_setup.zsh'
[4.070s] INFO:colcon.colcon_core.shell:Creating prefix chain script '/home/connor/robotics_projects/surgical-arm-ros2/install/setup.zsh'
