running egg_info
creating ../../build/arm_control/arm_control.egg-info
writing ../../build/arm_control/arm_control.egg-info/PKG-INFO
writing dependency_links to ../../build/arm_control/arm_control.egg-info/dependency_links.txt
writing entry points to ../../build/arm_control/arm_control.egg-info/entry_points.txt
writing requirements to ../../build/arm_control/arm_control.egg-info/requires.txt
writing top-level names to ../../build/arm_control/arm_control.egg-info/top_level.txt
writing manifest file '../../build/arm_control/arm_control.egg-info/SOURCES.txt'
reading manifest file '../../build/arm_control/arm_control.egg-info/SOURCES.txt'
adding license file 'LICENSE'
writing manifest file '../../build/arm_control/arm_control.egg-info/SOURCES.txt'
running build
running build_py
creating /home/connor/robotics_projects/surgical-arm-ros2/build/arm_control/build
creating /home/connor/robotics_projects/surgical-arm-ros2/build/arm_control/build/lib
creating /home/connor/robotics_projects/surgical-arm-ros2/build/arm_control/build/lib/arm_control
copying arm_control/training_force_sensor.py -> /home/connor/robotics_projects/surgical-arm-ros2/build/arm_control/build/lib/arm_control
copying arm_control/camera_calibration.py -> /home/connor/robotics_projects/surgical-arm-ros2/build/arm_control/build/lib/arm_control
copying arm_control/lerobot_sim.py -> /home/connor/robotics_projects/surgical-arm-ros2/build/arm_control/build/lib/arm_control
copying arm_control/lerobot_driver.py -> /home/connor/robotics_projects/surgical-arm-ros2/build/arm_control/build/lib/arm_control
copying arm_control/lerobot_motionplan.py -> /home/connor/robotics_projects/surgical-arm-ros2/build/arm_control/build/lib/arm_control
copying arm_control/__init__.py -> /home/connor/robotics_projects/surgical-arm-ros2/build/arm_control/build/lib/arm_control
copying arm_control/teleop_transformer.py -> /home/connor/robotics_projects/surgical-arm-ros2/build/arm_control/build/lib/arm_control
creating /home/connor/robotics_projects/surgical-arm-ros2/build/arm_control/build/lib/arm_control/utilities
copying arm_control/utilities/RR_IK.py -> /home/connor/robotics_projects/surgical-arm-ros2/build/arm_control/build/lib/arm_control/utilities
copying arm_control/utilities/tool.py -> /home/connor/robotics_projects/surgical-arm-ros2/build/arm_control/build/lib/arm_control/utilities
copying arm_control/utilities/jacobian_transpose.py -> /home/connor/robotics_projects/surgical-arm-ros2/build/arm_control/build/lib/arm_control/utilities
copying arm_control/utilities/jacobian.py -> /home/connor/robotics_projects/surgical-arm-ros2/build/arm_control/build/lib/arm_control/utilities
copying arm_control/utilities/so3.py -> /home/connor/robotics_projects/surgical-arm-ros2/build/arm_control/build/lib/arm_control/utilities
copying arm_control/utilities/ZED_objectdetection.py -> /home/connor/robotics_projects/surgical-arm-ros2/build/arm_control/build/lib/arm_control/utilities
copying arm_control/utilities/fk.py -> /home/connor/robotics_projects/surgical-arm-ros2/build/arm_control/build/lib/arm_control/utilities
copying arm_control/utilities/ZED_bodytracking_18.py -> /home/connor/robotics_projects/surgical-arm-ros2/build/arm_control/build/lib/arm_control/utilities
copying arm_control/utilities/__init__.py -> /home/connor/robotics_projects/surgical-arm-ros2/build/arm_control/build/lib/arm_control/utilities
copying arm_control/utilities/ZED_planedetection.py -> /home/connor/robotics_projects/surgical-arm-ros2/build/arm_control/build/lib/arm_control/utilities
copying arm_control/utilities/se3.py -> /home/connor/robotics_projects/surgical-arm-ros2/build/arm_control/build/lib/arm_control/utilities
copying arm_control/utilities/ZED_bodytracking_34.py -> /home/connor/robotics_projects/surgical-arm-ros2/build/arm_control/build/lib/arm_control/utilities
running install
running install_lib
creating /home/connor/robotics_projects/surgical-arm-ros2/install/arm_control/lib/python3.12/site-packages/arm_control
copying /home/connor/robotics_projects/surgical-arm-ros2/build/arm_control/build/lib/arm_control/training_force_sensor.py -> /home/connor/robotics_projects/surgical-arm-ros2/install/arm_control/lib/python3.12/site-packages/arm_control
copying /home/connor/robotics_projects/surgical-arm-ros2/build/arm_control/build/lib/arm_control/camera_calibration.py -> /home/connor/robotics_projects/surgical-arm-ros2/install/arm_control/lib/python3.12/site-packages/arm_control
copying /home/connor/robotics_projects/surgical-arm-ros2/build/arm_control/build/lib/arm_control/lerobot_sim.py -> /home/connor/robotics_projects/surgical-arm-ros2/install/arm_control/lib/python3.12/site-packages/arm_control
copying /home/connor/robotics_projects/surgical-arm-ros2/build/arm_control/build/lib/arm_control/lerobot_driver.py -> /home/connor/robotics_projects/surgical-arm-ros2/install/arm_control/lib/python3.12/site-packages/arm_control
copying /home/connor/robotics_projects/surgical-arm-ros2/build/arm_control/build/lib/arm_control/lerobot_motionplan.py -> /home/connor/robotics_projects/surgical-arm-ros2/install/arm_control/lib/python3.12/site-packages/arm_control
copying /home/connor/robotics_projects/surgical-arm-ros2/build/arm_control/build/lib/arm_control/__init__.py -> /home/connor/robotics_projects/surgical-arm-ros2/install/arm_control/lib/python3.12/site-packages/arm_control
creating /home/connor/robotics_projects/surgical-arm-ros2/install/arm_control/lib/python3.12/site-packages/arm_control/utilities
copying /home/connor/robotics_projects/surgical-arm-ros2/build/arm_control/build/lib/arm_control/utilities/RR_IK.py -> /home/connor/robotics_projects/surgical-arm-ros2/install/arm_control/lib/python3.12/site-packages/arm_control/utilities
copying /home/connor/robotics_projects/surgical-arm-ros2/build/arm_control/build/lib/arm_control/utilities/tool.py -> /home/connor/robotics_projects/surgical-arm-ros2/install/arm_control/lib/python3.12/site-packages/arm_control/utilities
copying /home/connor/robotics_projects/surgical-arm-ros2/build/arm_control/build/lib/arm_control/utilities/jacobian_transpose.py -> /home/connor/robotics_projects/surgical-arm-ros2/install/arm_control/lib/python3.12/site-packages/arm_control/utilities
copying /home/connor/robotics_projects/surgical-arm-ros2/build/arm_control/build/lib/arm_control/utilities/jacobian.py -> /home/connor/robotics_projects/surgical-arm-ros2/install/arm_control/lib/python3.12/site-packages/arm_control/utilities
copying /home/connor/robotics_projects/surgical-arm-ros2/build/arm_control/build/lib/arm_control/utilities/so3.py -> /home/connor/robotics_projects/surgical-arm-ros2/install/arm_control/lib/python3.12/site-packages/arm_control/utilities
copying /home/connor/robotics_projects/surgical-arm-ros2/build/arm_control/build/lib/arm_control/utilities/ZED_objectdetection.py -> /home/connor/robotics_projects/surgical-arm-ros2/install/arm_control/lib/python3.12/site-packages/arm_control/utilities
copying /home/connor/robotics_projects/surgical-arm-ros2/build/arm_control/build/lib/arm_control/utilities/fk.py -> /home/connor/robotics_projects/surgical-arm-ros2/install/arm_control/lib/python3.12/site-packages/arm_control/utilities
copying /home/connor/robotics_projects/surgical-arm-ros2/build/arm_control/build/lib/arm_control/utilities/ZED_bodytracking_18.py -> /home/connor/robotics_projects/surgical-arm-ros2/install/arm_control/lib/python3.12/site-packages/arm_control/utilities
copying /home/connor/robotics_projects/surgical-arm-ros2/build/arm_control/build/lib/arm_control/utilities/__init__.py -> /home/connor/robotics_projects/surgical-arm-ros2/install/arm_control/lib/python3.12/site-packages/arm_control/utilities
copying /home/connor/robotics_projects/surgical-arm-ros2/build/arm_control/build/lib/arm_control/utilities/ZED_planedetection.py -> /home/connor/robotics_projects/surgical-arm-ros2/install/arm_control/lib/python3.12/site-packages/arm_control/utilities
copying /home/connor/robotics_projects/surgical-arm-ros2/build/arm_control/build/lib/arm_control/utilities/se3.py -> /home/connor/robotics_projects/surgical-arm-ros2/install/arm_control/lib/python3.12/site-packages/arm_control/utilities
copying /home/connor/robotics_projects/surgical-arm-ros2/build/arm_control/build/lib/arm_control/utilities/ZED_bodytracking_34.py -> /home/connor/robotics_projects/surgical-arm-ros2/install/arm_control/lib/python3.12/site-packages/arm_control/utilities
copying /home/connor/robotics_projects/surgical-arm-ros2/build/arm_control/build/lib/arm_control/teleop_transformer.py -> /home/connor/robotics_projects/surgical-arm-ros2/install/arm_control/lib/python3.12/site-packages/arm_control
byte-compiling /home/connor/robotics_projects/surgical-arm-ros2/install/arm_control/lib/python3.12/site-packages/arm_control/training_force_sensor.py to training_force_sensor.cpython-312.pyc
byte-compiling /home/connor/robotics_projects/surgical-arm-ros2/install/arm_control/lib/python3.12/site-packages/arm_control/camera_calibration.py to camera_calibration.cpython-312.pyc
byte-compiling /home/connor/robotics_projects/surgical-arm-ros2/install/arm_control/lib/python3.12/site-packages/arm_control/lerobot_sim.py to lerobot_sim.cpython-312.pyc
byte-compiling /home/connor/robotics_projects/surgical-arm-ros2/install/arm_control/lib/python3.12/site-packages/arm_control/lerobot_driver.py to lerobot_driver.cpython-312.pyc
byte-compiling /home/connor/robotics_projects/surgical-arm-ros2/install/arm_control/lib/python3.12/site-packages/arm_control/lerobot_motionplan.py to lerobot_motionplan.cpython-312.pyc
byte-compiling /home/connor/robotics_projects/surgical-arm-ros2/install/arm_control/lib/python3.12/site-packages/arm_control/__init__.py to __init__.cpython-312.pyc
byte-compiling /home/connor/robotics_projects/surgical-arm-ros2/install/arm_control/lib/python3.12/site-packages/arm_control/utilities/RR_IK.py to RR_IK.cpython-312.pyc
byte-compiling /home/connor/robotics_projects/surgical-arm-ros2/install/arm_control/lib/python3.12/site-packages/arm_control/utilities/tool.py to tool.cpython-312.pyc
byte-compiling /home/connor/robotics_projects/surgical-arm-ros2/install/arm_control/lib/python3.12/site-packages/arm_control/utilities/jacobian_transpose.py to jacobian_transpose.cpython-312.pyc
byte-compiling /home/connor/robotics_projects/surgical-arm-ros2/install/arm_control/lib/python3.12/site-packages/arm_control/utilities/jacobian.py to jacobian.cpython-312.pyc
byte-compiling /home/connor/robotics_projects/surgical-arm-ros2/install/arm_control/lib/python3.12/site-packages/arm_control/utilities/so3.py to so3.cpython-312.pyc
byte-compiling /home/connor/robotics_projects/surgical-arm-ros2/install/arm_control/lib/python3.12/site-packages/arm_control/utilities/ZED_objectdetection.py to ZED_objectdetection.cpython-312.pyc
byte-compiling /home/connor/robotics_projects/surgical-arm-ros2/install/arm_control/lib/python3.12/site-packages/arm_control/utilities/fk.py to fk.cpython-312.pyc
byte-compiling /home/connor/robotics_projects/surgical-arm-ros2/install/arm_control/lib/python3.12/site-packages/arm_control/utilities/ZED_bodytracking_18.py to ZED_bodytracking_18.cpython-312.pyc
byte-compiling /home/connor/robotics_projects/surgical-arm-ros2/install/arm_control/lib/python3.12/site-packages/arm_control/utilities/__init__.py to __init__.cpython-312.pyc
byte-compiling /home/connor/robotics_projects/surgical-arm-ros2/install/arm_control/lib/python3.12/site-packages/arm_control/utilities/ZED_planedetection.py to ZED_planedetection.cpython-312.pyc
byte-compiling /home/connor/robotics_projects/surgical-arm-ros2/install/arm_control/lib/python3.12/site-packages/arm_control/utilities/se3.py to se3.cpython-312.pyc
byte-compiling /home/connor/robotics_projects/surgical-arm-ros2/install/arm_control/lib/python3.12/site-packages/arm_control/utilities/ZED_bodytracking_34.py to ZED_bodytracking_34.cpython-312.pyc
byte-compiling /home/connor/robotics_projects/surgical-arm-ros2/install/arm_control/lib/python3.12/site-packages/arm_control/teleop_transformer.py to teleop_transformer.cpython-312.pyc
running install_data
creating /home/connor/robotics_projects/surgical-arm-ros2/install/arm_control/share/ament_index
creating /home/connor/robotics_projects/surgical-arm-ros2/install/arm_control/share/ament_index/resource_index
creating /home/connor/robotics_projects/surgical-arm-ros2/install/arm_control/share/ament_index/resource_index/packages
copying resource/arm_control -> /home/connor/robotics_projects/surgical-arm-ros2/install/arm_control/share/ament_index/resource_index/packages
copying package.xml -> /home/connor/robotics_projects/surgical-arm-ros2/install/arm_control/share/arm_control
running install_egg_info
Copying ../../build/arm_control/arm_control.egg-info to /home/connor/robotics_projects/surgical-arm-ros2/install/arm_control/lib/python3.12/site-packages/arm_control-0.0.0-py3.12.egg-info
running install_scripts
Installing camera_calibration script to /home/connor/robotics_projects/surgical-arm-ros2/install/arm_control/lib/arm_control
Installing lerobot_driver script to /home/connor/robotics_projects/surgical-arm-ros2/install/arm_control/lib/arm_control
Installing lerobot_motionplan script to /home/connor/robotics_projects/surgical-arm-ros2/install/arm_control/lib/arm_control
Installing lerobot_sim script to /home/connor/robotics_projects/surgical-arm-ros2/install/arm_control/lib/arm_control
Installing teleop_transformer script to /home/connor/robotics_projects/surgical-arm-ros2/install/arm_control/lib/arm_control
Installing training_force_sensor script to /home/connor/robotics_projects/surgical-arm-ros2/install/arm_control/lib/arm_control
writing list of installed files to '/home/connor/robotics_projects/surgical-arm-ros2/build/arm_control/install.log'
