[0.431s] DEBUG:colcon:Command line arguments: ['/usr/bin/colcon', 'build']
[0.432s] DEBUG:colcon:Parsed command line arguments: Namespace(log_base=None, log_level=None, verb_name='build', build_base='build', install_base='install', merge_install=False, symlink_install=False, test_result_base=None, continue_on_error=False, executor='parallel', parallel_workers=24, event_handlers=None, ignore_user_meta=False, metas=['./colcon.meta'], base_paths=['.'], packages_ignore=None, packages_ignore_regex=None, paths=None, packages_up_to=None, packages_up_to_regex=None, packages_above=None, packages_above_and_dependencies=None, packages_above_depth=None, packages_select_by_dep=None, packages_skip_by_dep=None, packages_skip_up_to=None, packages_select_build_failed=False, packages_skip_build_finished=False, packages_select_test_failures=False, packages_skip_test_passed=False, packages_select=None, packages_skip=None, packages_select_regex=None, packages_skip_regex=None, packages_start=None, packages_end=None, allow_overriding=[], cmake_args=None, cmake_target=None, cmake_target_skip_unavailable=False, cmake_clean_cache=False, cmake_clean_first=False, cmake_force_configure=False, ament_cmake_args=None, catkin_cmake_args=None, catkin_skip_building_tests=False, verb_parser=<colcon_defaults.argument_parser.defaults.DefaultArgumentsDecorator object at 0x79b6aea7ade0>, verb_extension=<colcon_core.verb.build.BuildVerb object at 0x79b6aea7ab10>, main=<bound method BuildVerb.main of <colcon_core.verb.build.BuildVerb object at 0x79b6aea7ab10>>)
[0.568s] Level 1:colcon.colcon_core.package_discovery:discover_packages(colcon_meta) check parameters
[0.568s] Level 1:colcon.colcon_core.package_discovery:discover_packages(recursive) check parameters
[0.568s] Level 1:colcon.colcon_core.package_discovery:discover_packages(ignore) check parameters
[0.569s] Level 1:colcon.colcon_core.package_discovery:discover_packages(path) check parameters
[0.569s] Level 1:colcon.colcon_core.package_discovery:discover_packages(colcon_meta) discover
[0.569s] Level 1:colcon.colcon_core.package_discovery:discover_packages(recursive) discover
[0.569s] INFO:colcon.colcon_core.package_discovery:Crawling recursively for packages in '/home/connor/robotics_projects/surgical-arm-ros2'
[0.569s] Level 1:colcon.colcon_core.package_identification:_identify(.) by extensions ['ignore', 'ignore_ament_install']
[0.569s] Level 1:colcon.colcon_core.package_identification:_identify(.) by extension 'ignore'
[0.569s] Level 1:colcon.colcon_core.package_identification:_identify(.) by extension 'ignore_ament_install'
[0.569s] Level 1:colcon.colcon_core.package_identification:_identify(.) by extensions ['colcon_pkg']
[0.569s] Level 1:colcon.colcon_core.package_identification:_identify(.) by extension 'colcon_pkg'
[0.569s] Level 1:colcon.colcon_core.package_identification:_identify(.) by extensions ['colcon_meta']
[0.569s] Level 1:colcon.colcon_core.package_identification:_identify(.) by extension 'colcon_meta'
[0.570s] Level 1:colcon.colcon_core.package_identification:_identify(.) by extensions ['ros']
[0.570s] Level 1:colcon.colcon_core.package_identification:_identify(.) by extension 'ros'
[0.638s] Level 1:colcon.colcon_core.package_identification:_identify(.) by extensions ['cmake', 'python']
[0.638s] Level 1:colcon.colcon_core.package_identification:_identify(.) by extension 'cmake'
[0.638s] Level 1:colcon.colcon_core.package_identification:_identify(.) by extension 'python'
[0.638s] Level 1:colcon.colcon_core.package_identification:_identify(.) by extensions ['python_setup_py']
[0.638s] Level 1:colcon.colcon_core.package_identification:_identify(.) by extension 'python_setup_py'
[0.639s] Level 1:colcon.colcon_core.package_identification:_identify(build) by extensions ['ignore', 'ignore_ament_install']
[0.639s] Level 1:colcon.colcon_core.package_identification:_identify(build) by extension 'ignore'
[0.639s] Level 1:colcon.colcon_core.package_identification:_identify(build) ignored
[0.639s] Level 1:colcon.colcon_core.package_identification:_identify(install) by extensions ['ignore', 'ignore_ament_install']
[0.640s] Level 1:colcon.colcon_core.package_identification:_identify(install) by extension 'ignore'
[0.640s] Level 1:colcon.colcon_core.package_identification:_identify(install) ignored
[0.640s] Level 1:colcon.colcon_core.package_identification:_identify(log) by extensions ['ignore', 'ignore_ament_install']
[0.641s] Level 1:colcon.colcon_core.package_identification:_identify(log) by extension 'ignore'
[0.641s] Level 1:colcon.colcon_core.package_identification:_identify(log) ignored
[0.641s] Level 1:colcon.colcon_core.package_identification:_identify(old_and_tools) by extensions ['ignore', 'ignore_ament_install']
[0.641s] Level 1:colcon.colcon_core.package_identification:_identify(old_and_tools) by extension 'ignore'
[0.642s] Level 1:colcon.colcon_core.package_identification:_identify(old_and_tools) by extension 'ignore_ament_install'
[0.642s] Level 1:colcon.colcon_core.package_identification:_identify(old_and_tools) by extensions ['colcon_pkg']
[0.642s] Level 1:colcon.colcon_core.package_identification:_identify(old_and_tools) by extension 'colcon_pkg'
[0.642s] Level 1:colcon.colcon_core.package_identification:_identify(old_and_tools) by extensions ['colcon_meta']
[0.642s] Level 1:colcon.colcon_core.package_identification:_identify(old_and_tools) by extension 'colcon_meta'
[0.643s] Level 1:colcon.colcon_core.package_identification:_identify(old_and_tools) by extensions ['ros']
[0.643s] Level 1:colcon.colcon_core.package_identification:_identify(old_and_tools) by extension 'ros'
[0.643s] Level 1:colcon.colcon_core.package_identification:_identify(old_and_tools) by extensions ['cmake', 'python']
[0.644s] Level 1:colcon.colcon_core.package_identification:_identify(old_and_tools) by extension 'cmake'
[0.644s] Level 1:colcon.colcon_core.package_identification:_identify(old_and_tools) by extension 'python'
[0.644s] Level 1:colcon.colcon_core.package_identification:_identify(old_and_tools) by extensions ['python_setup_py']
[0.644s] Level 1:colcon.colcon_core.package_identification:_identify(old_and_tools) by extension 'python_setup_py'
[0.644s] Level 1:colcon.colcon_core.package_identification:_identify(src) by extensions ['ignore', 'ignore_ament_install']
[0.645s] Level 1:colcon.colcon_core.package_identification:_identify(src) by extension 'ignore'
[0.645s] Level 1:colcon.colcon_core.package_identification:_identify(src) by extension 'ignore_ament_install'
[0.645s] Level 1:colcon.colcon_core.package_identification:_identify(src) by extensions ['colcon_pkg']
[0.645s] Level 1:colcon.colcon_core.package_identification:_identify(src) by extension 'colcon_pkg'
[0.646s] Level 1:colcon.colcon_core.package_identification:_identify(src) by extensions ['colcon_meta']
[0.646s] Level 1:colcon.colcon_core.package_identification:_identify(src) by extension 'colcon_meta'
[0.646s] Level 1:colcon.colcon_core.package_identification:_identify(src) by extensions ['ros']
[0.647s] Level 1:colcon.colcon_core.package_identification:_identify(src) by extension 'ros'
[0.647s] Level 1:colcon.colcon_core.package_identification:_identify(src) by extensions ['cmake', 'python']
[0.647s] Level 1:colcon.colcon_core.package_identification:_identify(src) by extension 'cmake'
[0.647s] Level 1:colcon.colcon_core.package_identification:_identify(src) by extension 'python'
[0.647s] Level 1:colcon.colcon_core.package_identification:_identify(src) by extensions ['python_setup_py']
[0.647s] Level 1:colcon.colcon_core.package_identification:_identify(src) by extension 'python_setup_py'
[0.648s] Level 1:colcon.colcon_core.package_identification:_identify(src/arm_control) by extensions ['ignore', 'ignore_ament_install']
[0.648s] Level 1:colcon.colcon_core.package_identification:_identify(src/arm_control) by extension 'ignore'
[0.648s] Level 1:colcon.colcon_core.package_identification:_identify(src/arm_control) by extension 'ignore_ament_install'
[0.648s] Level 1:colcon.colcon_core.package_identification:_identify(src/arm_control) by extensions ['colcon_pkg']
[0.648s] Level 1:colcon.colcon_core.package_identification:_identify(src/arm_control) by extension 'colcon_pkg'
[0.649s] Level 1:colcon.colcon_core.package_identification:_identify(src/arm_control) by extensions ['colcon_meta']
[0.649s] Level 1:colcon.colcon_core.package_identification:_identify(src/arm_control) by extension 'colcon_meta'
[0.649s] Level 1:colcon.colcon_core.package_identification:_identify(src/arm_control) by extensions ['ros']
[0.649s] Level 1:colcon.colcon_core.package_identification:_identify(src/arm_control) by extension 'ros'
[0.657s] DEBUG:colcon.colcon_core.package_identification:Package 'src/arm_control' with type 'ros.ament_python' and name 'arm_control'
[0.657s] Level 1:colcon.colcon_core.package_identification:_identify(training_bags) by extensions ['ignore', 'ignore_ament_install']
[0.658s] Level 1:colcon.colcon_core.package_identification:_identify(training_bags) by extension 'ignore'
[0.658s] Level 1:colcon.colcon_core.package_identification:_identify(training_bags) by extension 'ignore_ament_install'
[0.661s] Level 1:colcon.colcon_core.package_identification:_identify(training_bags) by extensions ['colcon_pkg']
[0.662s] Level 1:colcon.colcon_core.package_identification:_identify(training_bags) by extension 'colcon_pkg'
[0.662s] Level 1:colcon.colcon_core.package_identification:_identify(training_bags) by extensions ['colcon_meta']
[0.662s] Level 1:colcon.colcon_core.package_identification:_identify(training_bags) by extension 'colcon_meta'
[0.662s] Level 1:colcon.colcon_core.package_identification:_identify(training_bags) by extensions ['ros']
[0.663s] Level 1:colcon.colcon_core.package_identification:_identify(training_bags) by extension 'ros'
[0.663s] Level 1:colcon.colcon_core.package_identification:_identify(training_bags) by extensions ['cmake', 'python']
[0.663s] Level 1:colcon.colcon_core.package_identification:_identify(training_bags) by extension 'cmake'
[0.663s] Level 1:colcon.colcon_core.package_identification:_identify(training_bags) by extension 'python'
[0.664s] Level 1:colcon.colcon_core.package_identification:_identify(training_bags) by extensions ['python_setup_py']
[0.664s] Level 1:colcon.colcon_core.package_identification:_identify(training_bags) by extension 'python_setup_py'
[0.664s] Level 1:colcon.colcon_core.package_identification:_identify(training_bags/episode_20260624_162228) by extensions ['ignore', 'ignore_ament_install']
[0.665s] Level 1:colcon.colcon_core.package_identification:_identify(training_bags/episode_20260624_162228) by extension 'ignore'
[0.665s] Level 1:colcon.colcon_core.package_identification:_identify(training_bags/episode_20260624_162228) by extension 'ignore_ament_install'
[0.665s] Level 1:colcon.colcon_core.package_identification:_identify(training_bags/episode_20260624_162228) by extensions ['colcon_pkg']
[0.665s] Level 1:colcon.colcon_core.package_identification:_identify(training_bags/episode_20260624_162228) by extension 'colcon_pkg'
[0.665s] Level 1:colcon.colcon_core.package_identification:_identify(training_bags/episode_20260624_162228) by extensions ['colcon_meta']
[0.665s] Level 1:colcon.colcon_core.package_identification:_identify(training_bags/episode_20260624_162228) by extension 'colcon_meta'
[0.666s] Level 1:colcon.colcon_core.package_identification:_identify(training_bags/episode_20260624_162228) by extensions ['ros']
[0.666s] Level 1:colcon.colcon_core.package_identification:_identify(training_bags/episode_20260624_162228) by extension 'ros'
[0.666s] Level 1:colcon.colcon_core.package_identification:_identify(training_bags/episode_20260624_162228) by extensions ['cmake', 'python']
[0.666s] Level 1:colcon.colcon_core.package_identification:_identify(training_bags/episode_20260624_162228) by extension 'cmake'
[0.666s] Level 1:colcon.colcon_core.package_identification:_identify(training_bags/episode_20260624_162228) by extension 'python'
[0.667s] Level 1:colcon.colcon_core.package_identification:_identify(training_bags/episode_20260624_162228) by extensions ['python_setup_py']
[0.668s] Level 1:colcon.colcon_core.package_identification:_identify(training_bags/episode_20260624_162228) by extension 'python_setup_py'
[0.668s] Level 1:colcon.colcon_core.package_identification:_identify(training_bags/episode_20260630_134819) by extensions ['ignore', 'ignore_ament_install']
[0.669s] Level 1:colcon.colcon_core.package_identification:_identify(training_bags/episode_20260630_134819) by extension 'ignore'
[0.670s] Level 1:colcon.colcon_core.package_identification:_identify(training_bags/episode_20260630_134819) by extension 'ignore_ament_install'
[0.671s] Level 1:colcon.colcon_core.package_identification:_identify(training_bags/episode_20260630_134819) by extensions ['colcon_pkg']
[0.672s] Level 1:colcon.colcon_core.package_identification:_identify(training_bags/episode_20260630_134819) by extension 'colcon_pkg'
[0.672s] Level 1:colcon.colcon_core.package_identification:_identify(training_bags/episode_20260630_134819) by extensions ['colcon_meta']
[0.672s] Level 1:colcon.colcon_core.package_identification:_identify(training_bags/episode_20260630_134819) by extension 'colcon_meta'
[0.673s] Level 1:colcon.colcon_core.package_identification:_identify(training_bags/episode_20260630_134819) by extensions ['ros']
[0.673s] Level 1:colcon.colcon_core.package_identification:_identify(training_bags/episode_20260630_134819) by extension 'ros'
[0.673s] Level 1:colcon.colcon_core.package_identification:_identify(training_bags/episode_20260630_134819) by extensions ['cmake', 'python']
[0.673s] Level 1:colcon.colcon_core.package_identification:_identify(training_bags/episode_20260630_134819) by extension 'cmake'
[0.673s] Level 1:colcon.colcon_core.package_identification:_identify(training_bags/episode_20260630_134819) by extension 'python'
[0.673s] Level 1:colcon.colcon_core.package_identification:_identify(training_bags/episode_20260630_134819) by extensions ['python_setup_py']
[0.674s] Level 1:colcon.colcon_core.package_identification:_identify(training_bags/episode_20260630_134819) by extension 'python_setup_py'
[0.674s] Level 1:colcon.colcon_core.package_identification:_identify(training_bags/episode_20260630_134843) by extensions ['ignore', 'ignore_ament_install']
[0.674s] Level 1:colcon.colcon_core.package_identification:_identify(training_bags/episode_20260630_134843) by extension 'ignore'
[0.675s] Level 1:colcon.colcon_core.package_identification:_identify(training_bags/episode_20260630_134843) by extension 'ignore_ament_install'
[0.675s] Level 1:colcon.colcon_core.package_identification:_identify(training_bags/episode_20260630_134843) by extensions ['colcon_pkg']
[0.675s] Level 1:colcon.colcon_core.package_identification:_identify(training_bags/episode_20260630_134843) by extension 'colcon_pkg'
[0.675s] Level 1:colcon.colcon_core.package_identification:_identify(training_bags/episode_20260630_134843) by extensions ['colcon_meta']
[0.675s] Level 1:colcon.colcon_core.package_identification:_identify(training_bags/episode_20260630_134843) by extension 'colcon_meta'
[0.676s] Level 1:colcon.colcon_core.package_identification:_identify(training_bags/episode_20260630_134843) by extensions ['ros']
[0.676s] Level 1:colcon.colcon_core.package_identification:_identify(training_bags/episode_20260630_134843) by extension 'ros'
[0.676s] Level 1:colcon.colcon_core.package_identification:_identify(training_bags/episode_20260630_134843) by extensions ['cmake', 'python']
[0.676s] Level 1:colcon.colcon_core.package_identification:_identify(training_bags/episode_20260630_134843) by extension 'cmake'
[0.676s] Level 1:colcon.colcon_core.package_identification:_identify(training_bags/episode_20260630_134843) by extension 'python'
[0.676s] Level 1:colcon.colcon_core.package_identification:_identify(training_bags/episode_20260630_134843) by extensions ['python_setup_py']
[0.677s] Level 1:colcon.colcon_core.package_identification:_identify(training_bags/episode_20260630_134843) by extension 'python_setup_py'
[0.677s] Level 1:colcon.colcon_core.package_identification:_identify(training_bags/episode_20260630_141759) by extensions ['ignore', 'ignore_ament_install']
[0.677s] Level 1:colcon.colcon_core.package_identification:_identify(training_bags/episode_20260630_141759) by extension 'ignore'
[0.678s] Level 1:colcon.colcon_core.package_identification:_identify(training_bags/episode_20260630_141759) by extension 'ignore_ament_install'
[0.678s] Level 1:colcon.colcon_core.package_identification:_identify(training_bags/episode_20260630_141759) by extensions ['colcon_pkg']
[0.678s] Level 1:colcon.colcon_core.package_identification:_identify(training_bags/episode_20260630_141759) by extension 'colcon_pkg'
[0.679s] Level 1:colcon.colcon_core.package_identification:_identify(training_bags/episode_20260630_141759) by extensions ['colcon_meta']
[0.679s] Level 1:colcon.colcon_core.package_identification:_identify(training_bags/episode_20260630_141759) by extension 'colcon_meta'
[0.679s] Level 1:colcon.colcon_core.package_identification:_identify(training_bags/episode_20260630_141759) by extensions ['ros']
[0.679s] Level 1:colcon.colcon_core.package_identification:_identify(training_bags/episode_20260630_141759) by extension 'ros'
[0.679s] Level 1:colcon.colcon_core.package_identification:_identify(training_bags/episode_20260630_141759) by extensions ['cmake', 'python']
[0.679s] Level 1:colcon.colcon_core.package_identification:_identify(training_bags/episode_20260630_141759) by extension 'cmake'
[0.680s] Level 1:colcon.colcon_core.package_identification:_identify(training_bags/episode_20260630_141759) by extension 'python'
[0.680s] Level 1:colcon.colcon_core.package_identification:_identify(training_bags/episode_20260630_141759) by extensions ['python_setup_py']
[0.680s] Level 1:colcon.colcon_core.package_identification:_identify(training_bags/episode_20260630_141759) by extension 'python_setup_py'
[0.680s] Level 1:colcon.colcon_core.package_identification:_identify(training_bags/episode_20260630_142737) by extensions ['ignore', 'ignore_ament_install']
[0.680s] Level 1:colcon.colcon_core.package_identification:_identify(training_bags/episode_20260630_142737) by extension 'ignore'
[0.681s] Level 1:colcon.colcon_core.package_identification:_identify(training_bags/episode_20260630_142737) by extension 'ignore_ament_install'
[0.681s] Level 1:colcon.colcon_core.package_identification:_identify(training_bags/episode_20260630_142737) by extensions ['colcon_pkg']
[0.681s] Level 1:colcon.colcon_core.package_identification:_identify(training_bags/episode_20260630_142737) by extension 'colcon_pkg'
[0.681s] Level 1:colcon.colcon_core.package_identification:_identify(training_bags/episode_20260630_142737) by extensions ['colcon_meta']
[0.681s] Level 1:colcon.colcon_core.package_identification:_identify(training_bags/episode_20260630_142737) by extension 'colcon_meta'
[0.681s] Level 1:colcon.colcon_core.package_identification:_identify(training_bags/episode_20260630_142737) by extensions ['ros']
[0.681s] Level 1:colcon.colcon_core.package_identification:_identify(training_bags/episode_20260630_142737) by extension 'ros'
[0.682s] Level 1:colcon.colcon_core.package_identification:_identify(training_bags/episode_20260630_142737) by extensions ['cmake', 'python']
[0.682s] Level 1:colcon.colcon_core.package_identification:_identify(training_bags/episode_20260630_142737) by extension 'cmake'
[0.682s] Level 1:colcon.colcon_core.package_identification:_identify(training_bags/episode_20260630_142737) by extension 'python'
[0.682s] Level 1:colcon.colcon_core.package_identification:_identify(training_bags/episode_20260630_142737) by extensions ['python_setup_py']
[0.682s] Level 1:colcon.colcon_core.package_identification:_identify(training_bags/episode_20260630_142737) by extension 'python_setup_py'
[0.682s] Level 1:colcon.colcon_core.package_identification:_identify(training_bags/episode_20260630_144918) by extensions ['ignore', 'ignore_ament_install']
[0.683s] Level 1:colcon.colcon_core.package_identification:_identify(training_bags/episode_20260630_144918) by extension 'ignore'
[0.683s] Level 1:colcon.colcon_core.package_identification:_identify(training_bags/episode_20260630_144918) by extension 'ignore_ament_install'
[0.683s] Level 1:colcon.colcon_core.package_identification:_identify(training_bags/episode_20260630_144918) by extensions ['colcon_pkg']
[0.683s] Level 1:colcon.colcon_core.package_identification:_identify(training_bags/episode_20260630_144918) by extension 'colcon_pkg'
[0.683s] Level 1:colcon.colcon_core.package_identification:_identify(training_bags/episode_20260630_144918) by extensions ['colcon_meta']
[0.683s] Level 1:colcon.colcon_core.package_identification:_identify(training_bags/episode_20260630_144918) by extension 'colcon_meta'
[0.683s] Level 1:colcon.colcon_core.package_identification:_identify(training_bags/episode_20260630_144918) by extensions ['ros']
[0.683s] Level 1:colcon.colcon_core.package_identification:_identify(training_bags/episode_20260630_144918) by extension 'ros'
[0.684s] Level 1:colcon.colcon_core.package_identification:_identify(training_bags/episode_20260630_144918) by extensions ['cmake', 'python']
[0.684s] Level 1:colcon.colcon_core.package_identification:_identify(training_bags/episode_20260630_144918) by extension 'cmake'
[0.684s] Level 1:colcon.colcon_core.package_identification:_identify(training_bags/episode_20260630_144918) by extension 'python'
[0.684s] Level 1:colcon.colcon_core.package_identification:_identify(training_bags/episode_20260630_144918) by extensions ['python_setup_py']
[0.684s] Level 1:colcon.colcon_core.package_identification:_identify(training_bags/episode_20260630_144918) by extension 'python_setup_py'
[0.685s] Level 1:colcon.colcon_core.package_identification:_identify(training_bags/episode_20260701_150322) by extensions ['ignore', 'ignore_ament_install']
[0.685s] Level 1:colcon.colcon_core.package_identification:_identify(training_bags/episode_20260701_150322) by extension 'ignore'
[0.685s] Level 1:colcon.colcon_core.package_identification:_identify(training_bags/episode_20260701_150322) by extension 'ignore_ament_install'
[0.686s] Level 1:colcon.colcon_core.package_identification:_identify(training_bags/episode_20260701_150322) by extensions ['colcon_pkg']
[0.686s] Level 1:colcon.colcon_core.package_identification:_identify(training_bags/episode_20260701_150322) by extension 'colcon_pkg'
[0.686s] Level 1:colcon.colcon_core.package_identification:_identify(training_bags/episode_20260701_150322) by extensions ['colcon_meta']
[0.686s] Level 1:colcon.colcon_core.package_identification:_identify(training_bags/episode_20260701_150322) by extension 'colcon_meta'
[0.686s] Level 1:colcon.colcon_core.package_identification:_identify(training_bags/episode_20260701_150322) by extensions ['ros']
[0.686s] Level 1:colcon.colcon_core.package_identification:_identify(training_bags/episode_20260701_150322) by extension 'ros'
[0.686s] Level 1:colcon.colcon_core.package_identification:_identify(training_bags/episode_20260701_150322) by extensions ['cmake', 'python']
[0.686s] Level 1:colcon.colcon_core.package_identification:_identify(training_bags/episode_20260701_150322) by extension 'cmake'
[0.686s] Level 1:colcon.colcon_core.package_identification:_identify(training_bags/episode_20260701_150322) by extension 'python'
[0.687s] Level 1:colcon.colcon_core.package_identification:_identify(training_bags/episode_20260701_150322) by extensions ['python_setup_py']
[0.687s] Level 1:colcon.colcon_core.package_identification:_identify(training_bags/episode_20260701_150322) by extension 'python_setup_py'
[0.687s] Level 1:colcon.colcon_core.package_identification:_identify(training_bags/episode_20260701_150553) by extensions ['ignore', 'ignore_ament_install']
[0.687s] Level 1:colcon.colcon_core.package_identification:_identify(training_bags/episode_20260701_150553) by extension 'ignore'
[0.687s] Level 1:colcon.colcon_core.package_identification:_identify(training_bags/episode_20260701_150553) by extension 'ignore_ament_install'
[0.688s] Level 1:colcon.colcon_core.package_identification:_identify(training_bags/episode_20260701_150553) by extensions ['colcon_pkg']
[0.688s] Level 1:colcon.colcon_core.package_identification:_identify(training_bags/episode_20260701_150553) by extension 'colcon_pkg'
[0.688s] Level 1:colcon.colcon_core.package_identification:_identify(training_bags/episode_20260701_150553) by extensions ['colcon_meta']
[0.688s] Level 1:colcon.colcon_core.package_identification:_identify(training_bags/episode_20260701_150553) by extension 'colcon_meta'
[0.688s] Level 1:colcon.colcon_core.package_identification:_identify(training_bags/episode_20260701_150553) by extensions ['ros']
[0.689s] Level 1:colcon.colcon_core.package_identification:_identify(training_bags/episode_20260701_150553) by extension 'ros'
[0.689s] Level 1:colcon.colcon_core.package_identification:_identify(training_bags/episode_20260701_150553) by extensions ['cmake', 'python']
[0.689s] Level 1:colcon.colcon_core.package_identification:_identify(training_bags/episode_20260701_150553) by extension 'cmake'
[0.689s] Level 1:colcon.colcon_core.package_identification:_identify(training_bags/episode_20260701_150553) by extension 'python'
[0.689s] Level 1:colcon.colcon_core.package_identification:_identify(training_bags/episode_20260701_150553) by extensions ['python_setup_py']
[0.689s] Level 1:colcon.colcon_core.package_identification:_identify(training_bags/episode_20260701_150553) by extension 'python_setup_py'
[0.689s] Level 1:colcon.colcon_core.package_identification:_identify(training_bags/episode_20260701_150632) by extensions ['ignore', 'ignore_ament_install']
[0.690s] Level 1:colcon.colcon_core.package_identification:_identify(training_bags/episode_20260701_150632) by extension 'ignore'
[0.690s] Level 1:colcon.colcon_core.package_identification:_identify(training_bags/episode_20260701_150632) by extension 'ignore_ament_install'
[0.690s] Level 1:colcon.colcon_core.package_identification:_identify(training_bags/episode_20260701_150632) by extensions ['colcon_pkg']
[0.690s] Level 1:colcon.colcon_core.package_identification:_identify(training_bags/episode_20260701_150632) by extension 'colcon_pkg'
[0.691s] Level 1:colcon.colcon_core.package_identification:_identify(training_bags/episode_20260701_150632) by extensions ['colcon_meta']
[0.691s] Level 1:colcon.colcon_core.package_identification:_identify(training_bags/episode_20260701_150632) by extension 'colcon_meta'
[0.691s] Level 1:colcon.colcon_core.package_identification:_identify(training_bags/episode_20260701_150632) by extensions ['ros']
[0.691s] Level 1:colcon.colcon_core.package_identification:_identify(training_bags/episode_20260701_150632) by extension 'ros'
[0.691s] Level 1:colcon.colcon_core.package_identification:_identify(training_bags/episode_20260701_150632) by extensions ['cmake', 'python']
[0.691s] Level 1:colcon.colcon_core.package_identification:_identify(training_bags/episode_20260701_150632) by extension 'cmake'
[0.691s] Level 1:colcon.colcon_core.package_identification:_identify(training_bags/episode_20260701_150632) by extension 'python'
[0.692s] Level 1:colcon.colcon_core.package_identification:_identify(training_bags/episode_20260701_150632) by extensions ['python_setup_py']
[0.692s] Level 1:colcon.colcon_core.package_identification:_identify(training_bags/episode_20260701_150632) by extension 'python_setup_py'
[0.692s] Level 1:colcon.colcon_core.package_identification:_identify(training_bags/episode_20260701_152335) by extensions ['ignore', 'ignore_ament_install']
[0.692s] Level 1:colcon.colcon_core.package_identification:_identify(training_bags/episode_20260701_152335) by extension 'ignore'
[0.692s] Level 1:colcon.colcon_core.package_identification:_identify(training_bags/episode_20260701_152335) by extension 'ignore_ament_install'
[0.693s] Level 1:colcon.colcon_core.package_identification:_identify(training_bags/episode_20260701_152335) by extensions ['colcon_pkg']
[0.693s] Level 1:colcon.colcon_core.package_identification:_identify(training_bags/episode_20260701_152335) by extension 'colcon_pkg'
[0.693s] Level 1:colcon.colcon_core.package_identification:_identify(training_bags/episode_20260701_152335) by extensions ['colcon_meta']
[0.693s] Level 1:colcon.colcon_core.package_identification:_identify(training_bags/episode_20260701_152335) by extension 'colcon_meta'
[0.693s] Level 1:colcon.colcon_core.package_identification:_identify(training_bags/episode_20260701_152335) by extensions ['ros']
[0.693s] Level 1:colcon.colcon_core.package_identification:_identify(training_bags/episode_20260701_152335) by extension 'ros'
[0.693s] Level 1:colcon.colcon_core.package_identification:_identify(training_bags/episode_20260701_152335) by extensions ['cmake', 'python']
[0.693s] Level 1:colcon.colcon_core.package_identification:_identify(training_bags/episode_20260701_152335) by extension 'cmake'
[0.693s] Level 1:colcon.colcon_core.package_identification:_identify(training_bags/episode_20260701_152335) by extension 'python'
[0.694s] Level 1:colcon.colcon_core.package_identification:_identify(training_bags/episode_20260701_152335) by extensions ['python_setup_py']
[0.694s] Level 1:colcon.colcon_core.package_identification:_identify(training_bags/episode_20260701_152335) by extension 'python_setup_py'
[0.694s] Level 1:colcon.colcon_core.package_identification:_identify(training_bags/training_episode_20260622_174229) by extensions ['ignore', 'ignore_ament_install']
[0.694s] Level 1:colcon.colcon_core.package_identification:_identify(training_bags/training_episode_20260622_174229) by extension 'ignore'
[0.694s] Level 1:colcon.colcon_core.package_identification:_identify(training_bags/training_episode_20260622_174229) by extension 'ignore_ament_install'
[0.694s] Level 1:colcon.colcon_core.package_identification:_identify(training_bags/training_episode_20260622_174229) by extensions ['colcon_pkg']
[0.695s] Level 1:colcon.colcon_core.package_identification:_identify(training_bags/training_episode_20260622_174229) by extension 'colcon_pkg'
[0.695s] Level 1:colcon.colcon_core.package_identification:_identify(training_bags/training_episode_20260622_174229) by extensions ['colcon_meta']
[0.695s] Level 1:colcon.colcon_core.package_identification:_identify(training_bags/training_episode_20260622_174229) by extension 'colcon_meta'
[0.695s] Level 1:colcon.colcon_core.package_identification:_identify(training_bags/training_episode_20260622_174229) by extensions ['ros']
[0.695s] Level 1:colcon.colcon_core.package_identification:_identify(training_bags/training_episode_20260622_174229) by extension 'ros'
[0.696s] Level 1:colcon.colcon_core.package_identification:_identify(training_bags/training_episode_20260622_174229) by extensions ['cmake', 'python']
[0.696s] Level 1:colcon.colcon_core.package_identification:_identify(training_bags/training_episode_20260622_174229) by extension 'cmake'
[0.696s] Level 1:colcon.colcon_core.package_identification:_identify(training_bags/training_episode_20260622_174229) by extension 'python'
[0.696s] Level 1:colcon.colcon_core.package_identification:_identify(training_bags/training_episode_20260622_174229) by extensions ['python_setup_py']
[0.696s] Level 1:colcon.colcon_core.package_identification:_identify(training_bags/training_episode_20260622_174229) by extension 'python_setup_py'
[0.697s] Level 1:colcon.colcon_core.package_identification:_identify(training_bags/training_episode_20260622_174330) by extensions ['ignore', 'ignore_ament_install']
[0.697s] Level 1:colcon.colcon_core.package_identification:_identify(training_bags/training_episode_20260622_174330) by extension 'ignore'
[0.697s] Level 1:colcon.colcon_core.package_identification:_identify(training_bags/training_episode_20260622_174330) by extension 'ignore_ament_install'
[0.697s] Level 1:colcon.colcon_core.package_identification:_identify(training_bags/training_episode_20260622_174330) by extensions ['colcon_pkg']
[0.697s] Level 1:colcon.colcon_core.package_identification:_identify(training_bags/training_episode_20260622_174330) by extension 'colcon_pkg'
[0.697s] Level 1:colcon.colcon_core.package_identification:_identify(training_bags/training_episode_20260622_174330) by extensions ['colcon_meta']
[0.698s] Level 1:colcon.colcon_core.package_identification:_identify(training_bags/training_episode_20260622_174330) by extension 'colcon_meta'
[0.698s] Level 1:colcon.colcon_core.package_identification:_identify(training_bags/training_episode_20260622_174330) by extensions ['ros']
[0.698s] Level 1:colcon.colcon_core.package_identification:_identify(training_bags/training_episode_20260622_174330) by extension 'ros'
[0.698s] Level 1:colcon.colcon_core.package_identification:_identify(training_bags/training_episode_20260622_174330) by extensions ['cmake', 'python']
[0.698s] Level 1:colcon.colcon_core.package_identification:_identify(training_bags/training_episode_20260622_174330) by extension 'cmake'
[0.698s] Level 1:colcon.colcon_core.package_identification:_identify(training_bags/training_episode_20260622_174330) by extension 'python'
[0.698s] Level 1:colcon.colcon_core.package_identification:_identify(training_bags/training_episode_20260622_174330) by extensions ['python_setup_py']
[0.699s] Level 1:colcon.colcon_core.package_identification:_identify(training_bags/training_episode_20260622_174330) by extension 'python_setup_py'
[0.699s] Level 1:colcon.colcon_core.package_identification:_identify(venv) by extensions ['ignore', 'ignore_ament_install']
[0.699s] Level 1:colcon.colcon_core.package_identification:_identify(venv) by extension 'ignore'
[0.699s] Level 1:colcon.colcon_core.package_identification:_identify(venv) ignored
[0.699s] Level 1:colcon.colcon_core.package_discovery:discover_packages(recursive) using defaults
[0.700s] Level 1:colcon.colcon_core.package_discovery:discover_packages(ignore) discover
[0.700s] Level 1:colcon.colcon_core.package_discovery:discover_packages(ignore) using defaults
[0.700s] Level 1:colcon.colcon_core.package_discovery:discover_packages(path) discover
[0.700s] Level 1:colcon.colcon_core.package_discovery:discover_packages(path) using defaults
[0.747s] Level 1:colcon.colcon_core.package_discovery:discover_packages(prefix_path) check parameters
[0.747s] Level 1:colcon.colcon_core.package_discovery:discover_packages(prefix_path) discover
[0.752s] DEBUG:colcon.colcon_installed_package_information.package_discovery:Found 1 installed packages in /home/connor/robotics_projects/surgical-arm-ros2/install
[0.754s] DEBUG:colcon.colcon_installed_package_information.package_discovery:Found 288 installed packages in /opt/ros/jazzy
[0.756s] Level 1:colcon.colcon_core.package_discovery:discover_packages(prefix_path) using defaults
[0.893s] Level 5:colcon.colcon_core.verb:set package 'arm_control' build argument 'cmake_args' from command line to 'None'
[0.894s] Level 5:colcon.colcon_core.verb:set package 'arm_control' build argument 'cmake_target' from command line to 'None'
[0.894s] Level 5:colcon.colcon_core.verb:set package 'arm_control' build argument 'cmake_target_skip_unavailable' from command line to 'False'
[0.894s] Level 5:colcon.colcon_core.verb:set package 'arm_control' build argument 'cmake_clean_cache' from command line to 'False'
[0.894s] Level 5:colcon.colcon_core.verb:set package 'arm_control' build argument 'cmake_clean_first' from command line to 'False'
[0.894s] Level 5:colcon.colcon_core.verb:set package 'arm_control' build argument 'cmake_force_configure' from command line to 'False'
[0.895s] Level 5:colcon.colcon_core.verb:set package 'arm_control' build argument 'ament_cmake_args' from command line to 'None'
[0.895s] Level 5:colcon.colcon_core.verb:set package 'arm_control' build argument 'catkin_cmake_args' from command line to 'None'
[0.895s] Level 5:colcon.colcon_core.verb:set package 'arm_control' build argument 'catkin_skip_building_tests' from command line to 'False'
[0.895s] DEBUG:colcon.colcon_core.verb:Building package 'arm_control' with the following arguments: {'ament_cmake_args': None, 'build_base': '/home/connor/robotics_projects/surgical-arm-ros2/build/arm_control', 'catkin_cmake_args': None, 'catkin_skip_building_tests': False, 'cmake_args': None, 'cmake_clean_cache': False, 'cmake_clean_first': False, 'cmake_force_configure': False, 'cmake_target': None, 'cmake_target_skip_unavailable': False, 'install_base': '/home/connor/robotics_projects/surgical-arm-ros2/install/arm_control', 'merge_install': False, 'path': '/home/connor/robotics_projects/surgical-arm-ros2/src/arm_control', 'symlink_install': False, 'test_result_base': None}
[0.895s] INFO:colcon.colcon_core.executor:Executing jobs using 'parallel' executor
[0.897s] DEBUG:colcon.colcon_parallel_executor.executor.parallel:run_until_complete
[0.898s] INFO:colcon.colcon_ros.task.ament_python.build:Building ROS package in '/home/connor/robotics_projects/surgical-arm-ros2/src/arm_control' with build type 'ament_python'
[0.898s] Level 1:colcon.colcon_core.shell:create_environment_hook('arm_control', 'ament_prefix_path')
[0.909s] INFO:colcon.colcon_core.plugin_system:Skipping extension 'colcon_core.shell.bat': Not used on non-Windows systems
[0.910s] INFO:colcon.colcon_core.shell:Creating environment hook '/home/connor/robotics_projects/surgical-arm-ros2/install/arm_control/share/arm_control/hook/ament_prefix_path.ps1'
[0.912s] INFO:colcon.colcon_core.shell:Creating environment descriptor '/home/connor/robotics_projects/surgical-arm-ros2/install/arm_control/share/arm_control/hook/ament_prefix_path.dsv'
[0.913s] INFO:colcon.colcon_core.shell:Creating environment hook '/home/connor/robotics_projects/surgical-arm-ros2/install/arm_control/share/arm_control/hook/ament_prefix_path.sh'
[0.915s] INFO:colcon.colcon_core.shell:Skip shell extension 'powershell' for command environment: Not usable outside of PowerShell
[0.915s] DEBUG:colcon.colcon_core.shell:Skip shell extension 'dsv' for command environment
[0.822s] INFO:colcon.colcon_core.task.python.build:Building Python package in '/home/connor/robotics_projects/surgical-arm-ros2/src/arm_control'
[0.822s] INFO:colcon.colcon_core.shell:Skip shell extension 'powershell' for command environment: Not usable outside of PowerShell
[0.822s] DEBUG:colcon.colcon_core.shell:Skip shell extension 'dsv' for command environment
[2.201s] DEBUG:colcon.colcon_core.event_handler.log_command:Invoking command in '/home/connor/robotics_projects/surgical-arm-ros2/src/arm_control': PYTHONPATH=/home/connor/robotics_projects/surgical-arm-ros2/build/arm_control/prefix_override:/usr/lib/python3/dist-packages/colcon_core/task/python/colcon_distutils_commands:/home/connor/robotics_projects/surgical-arm-ros2/install/arm_control/lib/python3.12/site-packages:${PYTHONPATH} VIRTUAL_ENV_PROMPT=(venv) /usr/bin/python3 -W ignore:setup.py install is deprecated -W ignore:easy_install command is deprecated setup.py egg_info --egg-base ../../build/arm_control build --build-base /home/connor/robotics_projects/surgical-arm-ros2/build/arm_control/build install --record /home/connor/robotics_projects/surgical-arm-ros2/build/arm_control/install.log --single-version-externally-managed install_data
[3.046s] DEBUG:colcon.colcon_core.event_handler.log_command:Invoked command in '/home/connor/robotics_projects/surgical-arm-ros2/src/arm_control' returned '0': PYTHONPATH=/home/connor/robotics_projects/surgical-arm-ros2/build/arm_control/prefix_override:/usr/lib/python3/dist-packages/colcon_core/task/python/colcon_distutils_commands:/home/connor/robotics_projects/surgical-arm-ros2/install/arm_control/lib/python3.12/site-packages:${PYTHONPATH} VIRTUAL_ENV_PROMPT=(venv) /usr/bin/python3 -W ignore:setup.py install is deprecated -W ignore:easy_install command is deprecated setup.py egg_info --egg-base ../../build/arm_control build --build-base /home/connor/robotics_projects/surgical-arm-ros2/build/arm_control/build install --record /home/connor/robotics_projects/surgical-arm-ros2/build/arm_control/install.log --single-version-externally-managed install_data
[3.055s] Level 1:colcon.colcon_core.environment:checking '/home/connor/robotics_projects/surgical-arm-ros2/install/arm_control' for CMake module files
[3.056s] Level 1:colcon.colcon_core.environment:checking '/home/connor/robotics_projects/surgical-arm-ros2/install/arm_control' for CMake config files
[3.057s] Level 1:colcon.colcon_core.environment:checking '/home/connor/robotics_projects/surgical-arm-ros2/install/arm_control/lib'
[3.057s] Level 1:colcon.colcon_core.environment:checking '/home/connor/robotics_projects/surgical-arm-ros2/install/arm_control/bin'
[3.058s] Level 1:colcon.colcon_core.environment:checking '/home/connor/robotics_projects/surgical-arm-ros2/install/arm_control/lib/pkgconfig/arm_control.pc'
[3.058s] Level 1:colcon.colcon_core.environment:checking '/home/connor/robotics_projects/surgical-arm-ros2/install/arm_control/lib/python3.12/site-packages'
[3.058s] Level 1:colcon.colcon_core.shell:create_environment_hook('arm_control', 'pythonpath')
[3.058s] INFO:colcon.colcon_core.shell:Creating environment hook '/home/connor/robotics_projects/surgical-arm-ros2/install/arm_control/share/arm_control/hook/pythonpath.ps1'
[3.060s] INFO:colcon.colcon_core.shell:Creating environment descriptor '/home/connor/robotics_projects/surgical-arm-ros2/install/arm_control/share/arm_control/hook/pythonpath.dsv'
[3.060s] INFO:colcon.colcon_core.shell:Creating environment hook '/home/connor/robotics_projects/surgical-arm-ros2/install/arm_control/share/arm_control/hook/pythonpath.sh'
[3.062s] Level 1:colcon.colcon_core.environment:checking '/home/connor/robotics_projects/surgical-arm-ros2/install/arm_control/bin'
[3.062s] Level 1:colcon.colcon_core.environment:create_environment_scripts_only(arm_control)
[3.063s] INFO:colcon.colcon_core.shell:Creating package script '/home/connor/robotics_projects/surgical-arm-ros2/install/arm_control/share/arm_control/package.ps1'
[3.064s] INFO:colcon.colcon_core.shell:Creating package descriptor '/home/connor/robotics_projects/surgical-arm-ros2/install/arm_control/share/arm_control/package.dsv'
[3.066s] INFO:colcon.colcon_core.shell:Creating package script '/home/connor/robotics_projects/surgical-arm-ros2/install/arm_control/share/arm_control/package.sh'
[3.067s] INFO:colcon.colcon_core.shell:Creating package script '/home/connor/robotics_projects/surgical-arm-ros2/install/arm_control/share/arm_control/package.bash'
[3.068s] INFO:colcon.colcon_core.shell:Creating package script '/home/connor/robotics_projects/surgical-arm-ros2/install/arm_control/share/arm_control/package.zsh'
[3.069s] Level 1:colcon.colcon_core.environment:create_file_with_runtime_dependencies(/home/connor/robotics_projects/surgical-arm-ros2/install/arm_control/share/colcon-core/packages/arm_control)
[3.070s] DEBUG:colcon.colcon_parallel_executor.executor.parallel:closing loop
[3.072s] DEBUG:colcon.colcon_parallel_executor.executor.parallel:loop closed
[3.072s] DEBUG:colcon.colcon_parallel_executor.executor.parallel:run_until_complete finished with '0'
[3.072s] DEBUG:colcon.colcon_core.event_reactor:joining thread
[3.175s] INFO:colcon.colcon_core.plugin_system:Skipping extension 'colcon_notification.desktop_notification.notify_send': Could not find 'notify-send'
[3.176s] INFO:colcon.colcon_core.plugin_system:Skipping extension 'colcon_notification.desktop_notification.terminal_notifier': Not used on non-Darwin systems
[3.176s] INFO:colcon.colcon_core.plugin_system:Skipping extension 'colcon_notification.desktop_notification.win32': Not used on non-Windows systems
[3.176s] INFO:colcon.colcon_notification.desktop_notification:Sending desktop notification using 'notify2'
[3.182s] DEBUG:colcon.colcon_notification.desktop_notification.notify2:Failed to initialize notify2: org.freedesktop.DBus.Error.ServiceUnknown: The name org.freedesktop.Notifications was not provided by any .service files
[3.182s] DEBUG:colcon.colcon_core.event_reactor:joined thread
[3.183s] INFO:colcon.colcon_core.shell:Creating prefix script '/home/connor/robotics_projects/surgical-arm-ros2/install/local_setup.ps1'
[3.185s] INFO:colcon.colcon_core.shell:Creating prefix util module '/home/connor/robotics_projects/surgical-arm-ros2/install/_local_setup_util_ps1.py'
[3.188s] INFO:colcon.colcon_core.shell:Creating prefix chain script '/home/connor/robotics_projects/surgical-arm-ros2/install/setup.ps1'
[3.190s] INFO:colcon.colcon_core.shell:Creating prefix script '/home/connor/robotics_projects/surgical-arm-ros2/install/local_setup.sh'
[3.192s] INFO:colcon.colcon_core.shell:Creating prefix util module '/home/connor/robotics_projects/surgical-arm-ros2/install/_local_setup_util_sh.py'
[3.193s] INFO:colcon.colcon_core.shell:Creating prefix chain script '/home/connor/robotics_projects/surgical-arm-ros2/install/setup.sh'
[3.195s] INFO:colcon.colcon_core.shell:Creating prefix script '/home/connor/robotics_projects/surgical-arm-ros2/install/local_setup.bash'
[3.196s] INFO:colcon.colcon_core.shell:Creating prefix chain script '/home/connor/robotics_projects/surgical-arm-ros2/install/setup.bash'
[3.198s] INFO:colcon.colcon_core.shell:Creating prefix script '/home/connor/robotics_projects/surgical-arm-ros2/install/local_setup.zsh'
[3.201s] INFO:colcon.colcon_core.shell:Creating prefix chain script '/home/connor/robotics_projects/surgical-arm-ros2/install/setup.zsh'
