[2.352s] Invoking command in '/home/connor/robotics_projects/surgical-arm-ros2/src/arm_control': PS1=(venv) \[\e]0;\u@\h: \w\a\]${debian_chroot:+($debian_chroot)}\[\033[01;32m\]\u@\h\[\033[00m\]:\[\033[01;34m\]\w\[\033[00m\]\$ PYTHONPATH=/home/connor/robotics_projects/surgical-arm-ros2/build/arm_control/prefix_override:/usr/lib/python3/dist-packages/colcon_core/task/python/colcon_distutils_commands:/home/connor/robotics_projects/surgical-arm-ros2/install/arm_control/lib/python3.12/site-packages:${PYTHONPATH} VIRTUAL_ENV_PROMPT=(venv) /usr/bin/python3 -W ignore:setup.py install is deprecated -W ignore:easy_install command is deprecated setup.py egg_info --egg-base ../../build/arm_control build --build-base /home/connor/robotics_projects/surgical-arm-ros2/build/arm_control/build install --record /home/connor/robotics_projects/surgical-arm-ros2/build/arm_control/install.log --single-version-externally-managed install_data
[2.768s] running egg_info
[2.804s] writing ../../build/arm_control/arm_control.egg-info/PKG-INFO
[2.806s] writing dependency_links to ../../build/arm_control/arm_control.egg-info/dependency_links.txt
[2.807s] writing entry points to ../../build/arm_control/arm_control.egg-info/entry_points.txt
[2.807s] writing requirements to ../../build/arm_control/arm_control.egg-info/requires.txt
[2.808s] writing top-level names to ../../build/arm_control/arm_control.egg-info/top_level.txt
[2.895s] reading manifest file '../../build/arm_control/arm_control.egg-info/SOURCES.txt'
[2.903s] adding license file 'LICENSE'
[2.904s] writing manifest file '../../build/arm_control/arm_control.egg-info/SOURCES.txt'
[2.905s] running build
[2.906s] running build_py
[2.907s] copying arm_control/training_force_sensor.py -> /home/connor/robotics_projects/surgical-arm-ros2/build/arm_control/build/lib/arm_control
[2.908s] copying arm_control/camera_driver.py -> /home/connor/robotics_projects/surgical-arm-ros2/build/arm_control/build/lib/arm_control
[2.911s] copying arm_control/utilities/tool.py -> /home/connor/robotics_projects/surgical-arm-ros2/build/arm_control/build/lib/arm_control/utilities
[2.913s] copying arm_control/utilities/ZED_objectdetection.py -> /home/connor/robotics_projects/surgical-arm-ros2/build/arm_control/build/lib/arm_control/utilities
[2.914s] copying arm_control/utilities/ZED_bodytracking_18.py -> /home/connor/robotics_projects/surgical-arm-ros2/build/arm_control/build/lib/arm_control/utilities
[2.915s] copying arm_control/utilities/ZED_planedetection.py -> /home/connor/robotics_projects/surgical-arm-ros2/build/arm_control/build/lib/arm_control/utilities
[2.915s] copying arm_control/utilities/ZED_bodytracking_34.py -> /home/connor/robotics_projects/surgical-arm-ros2/build/arm_control/build/lib/arm_control/utilities
[2.916s] running install
[2.930s] running install_lib
[2.970s] copying /home/connor/robotics_projects/surgical-arm-ros2/build/arm_control/build/lib/arm_control/training_force_sensor.py -> /home/connor/robotics_projects/surgical-arm-ros2/install/arm_control/lib/python3.12/site-packages/arm_control
[2.972s] copying /home/connor/robotics_projects/surgical-arm-ros2/build/arm_control/build/lib/arm_control/camera_driver.py -> /home/connor/robotics_projects/surgical-arm-ros2/install/arm_control/lib/python3.12/site-packages/arm_control
[2.975s] copying /home/connor/robotics_projects/surgical-arm-ros2/build/arm_control/build/lib/arm_control/utilities/tool.py -> /home/connor/robotics_projects/surgical-arm-ros2/install/arm_control/lib/python3.12/site-packages/arm_control/utilities
[2.977s] copying /home/connor/robotics_projects/surgical-arm-ros2/build/arm_control/build/lib/arm_control/utilities/ZED_objectdetection.py -> /home/connor/robotics_projects/surgical-arm-ros2/install/arm_control/lib/python3.12/site-packages/arm_control/utilities
[2.978s] copying /home/connor/robotics_projects/surgical-arm-ros2/build/arm_control/build/lib/arm_control/utilities/ZED_bodytracking_18.py -> /home/connor/robotics_projects/surgical-arm-ros2/install/arm_control/lib/python3.12/site-packages/arm_control/utilities
[2.978s] copying /home/connor/robotics_projects/surgical-arm-ros2/build/arm_control/build/lib/arm_control/utilities/ZED_planedetection.py -> /home/connor/robotics_projects/surgical-arm-ros2/install/arm_control/lib/python3.12/site-packages/arm_control/utilities
[2.979s] copying /home/connor/robotics_projects/surgical-arm-ros2/build/arm_control/build/lib/arm_control/utilities/ZED_bodytracking_34.py -> /home/connor/robotics_projects/surgical-arm-ros2/install/arm_control/lib/python3.12/site-packages/arm_control/utilities
[2.981s] byte-compiling /home/connor/robotics_projects/surgical-arm-ros2/install/arm_control/lib/python3.12/site-packages/arm_control/training_force_sensor.py to training_force_sensor.cpython-312.pyc
[2.987s] byte-compiling /home/connor/robotics_projects/surgical-arm-ros2/install/arm_control/lib/python3.12/site-packages/arm_control/camera_driver.py to camera_driver.cpython-312.pyc
[2.999s] byte-compiling /home/connor/robotics_projects/surgical-arm-ros2/install/arm_control/lib/python3.12/site-packages/arm_control/utilities/tool.py to tool.cpython-312.pyc
[3.002s] byte-compiling /home/connor/robotics_projects/surgical-arm-ros2/install/arm_control/lib/python3.12/site-packages/arm_control/utilities/ZED_objectdetection.py to ZED_objectdetection.cpython-312.pyc
[3.003s] byte-compiling /home/connor/robotics_projects/surgical-arm-ros2/install/arm_control/lib/python3.12/site-packages/arm_control/utilities/ZED_bodytracking_18.py to ZED_bodytracking_18.cpython-312.pyc
[3.013s] byte-compiling /home/connor/robotics_projects/surgical-arm-ros2/install/arm_control/lib/python3.12/site-packages/arm_control/utilities/ZED_planedetection.py to ZED_planedetection.cpython-312.pyc
[3.016s] byte-compiling /home/connor/robotics_projects/surgical-arm-ros2/install/arm_control/lib/python3.12/site-packages/arm_control/utilities/ZED_bodytracking_34.py to ZED_bodytracking_34.cpython-312.pyc
[3.024s] running install_data
[3.024s] running install_egg_info
[3.059s] removing '/home/connor/robotics_projects/surgical-arm-ros2/install/arm_control/lib/python3.12/site-packages/arm_control-0.0.0-py3.12.egg-info' (and everything under it)
[3.070s] Copying ../../build/arm_control/arm_control.egg-info to /home/connor/robotics_projects/surgical-arm-ros2/install/arm_control/lib/python3.12/site-packages/arm_control-0.0.0-py3.12.egg-info
[3.074s] running install_scripts
[3.288s] Installing camera_driver script to /home/connor/robotics_projects/surgical-arm-ros2/install/arm_control/lib/arm_control
[3.297s] Installing force_sensor_training script to /home/connor/robotics_projects/surgical-arm-ros2/install/arm_control/lib/arm_control
[3.297s] Installing lerobot_driver script to /home/connor/robotics_projects/surgical-arm-ros2/install/arm_control/lib/arm_control
[3.298s] Installing lerobot_motionplan script to /home/connor/robotics_projects/surgical-arm-ros2/install/arm_control/lib/arm_control
[3.298s] Installing lerobot_sim script to /home/connor/robotics_projects/surgical-arm-ros2/install/arm_control/lib/arm_control
[3.299s] Installing teleop_transformer script to /home/connor/robotics_projects/surgical-arm-ros2/install/arm_control/lib/arm_control
[3.300s] writing list of installed files to '/home/connor/robotics_projects/surgical-arm-ros2/build/arm_control/install.log'
[3.349s] Invoked command in '/home/connor/robotics_projects/surgical-arm-ros2/src/arm_control' returned '0': PS1=(venv) \[\e]0;\u@\h: \w\a\]${debian_chroot:+($debian_chroot)}\[\033[01;32m\]\u@\h\[\033[00m\]:\[\033[01;34m\]\w\[\033[00m\]\$ PYTHONPATH=/home/connor/robotics_projects/surgical-arm-ros2/build/arm_control/prefix_override:/usr/lib/python3/dist-packages/colcon_core/task/python/colcon_distutils_commands:/home/connor/robotics_projects/surgical-arm-ros2/install/arm_control/lib/python3.12/site-packages:${PYTHONPATH} VIRTUAL_ENV_PROMPT=(venv) /usr/bin/python3 -W ignore:setup.py install is deprecated -W ignore:easy_install command is deprecated setup.py egg_info --egg-base ../../build/arm_control build --build-base /home/connor/robotics_projects/surgical-arm-ros2/build/arm_control/build install --record /home/connor/robotics_projects/surgical-arm-ros2/build/arm_control/install.log --single-version-externally-managed install_data
