[35.761s] Invoking command in '/mnt/c/Users/conno/OneDrive/Documents/Github/surgical-arm-ros2/build/arm_control': PS1=(.venv) \[\e]0;\u@\h: \w\a\]${debian_chroot:+($debian_chroot)}\[\033[01;32m\]\u@\h\[\033[00m\]:\[\033[01;34m\]\w\[\033[00m\]\$ PYTHONPATH=/mnt/c/Users/conno/OneDrive/Documents/Github/surgical-arm-ros2/build/arm_control/prefix_override:/usr/lib/python3/dist-packages/colcon_core/task/python/colcon_distutils_commands:/mnt/c/Users/conno/OneDrive/Documents/Github/surgical-arm-ros2/install/arm_control/lib/python3.12/site-packages:${PYTHONPATH} VIRTUAL_ENV_PROMPT=(.venv) /usr/bin/python3 -W ignore:setup.py install is deprecated -W ignore:easy_install command is deprecated setup.py develop --uninstall --editable --build-directory /mnt/c/Users/conno/OneDrive/Documents/Github/surgical-arm-ros2/build/arm_control/build
[50.014s] running develop
[54.563s] Removing /mnt/c/Users/conno/OneDrive/Documents/Github/surgical-arm-ros2/install/arm_control/lib/python3.12/site-packages/arm-control.egg-link (link to .)
[54.655s] Invoked command in '/mnt/c/Users/conno/OneDrive/Documents/Github/surgical-arm-ros2/build/arm_control' returned '0': PS1=(.venv) \[\e]0;\u@\h: \w\a\]${debian_chroot:+($debian_chroot)}\[\033[01;32m\]\u@\h\[\033[00m\]:\[\033[01;34m\]\w\[\033[00m\]\$ PYTHONPATH=/mnt/c/Users/conno/OneDrive/Documents/Github/surgical-arm-ros2/build/arm_control/prefix_override:/usr/lib/python3/dist-packages/colcon_core/task/python/colcon_distutils_commands:/mnt/c/Users/conno/OneDrive/Documents/Github/surgical-arm-ros2/install/arm_control/lib/python3.12/site-packages:${PYTHONPATH} VIRTUAL_ENV_PROMPT=(.venv) /usr/bin/python3 -W ignore:setup.py install is deprecated -W ignore:easy_install command is deprecated setup.py develop --uninstall --editable --build-directory /mnt/c/Users/conno/OneDrive/Documents/Github/surgical-arm-ros2/build/arm_control/build
[54.702s] Invoking command in '/mnt/c/Users/conno/OneDrive/Documents/Github/surgical-arm-ros2/src/arm_control': PS1=(.venv) \[\e]0;\u@\h: \w\a\]${debian_chroot:+($debian_chroot)}\[\033[01;32m\]\u@\h\[\033[00m\]:\[\033[01;34m\]\w\[\033[00m\]\$ PYTHONPATH=/mnt/c/Users/conno/OneDrive/Documents/Github/surgical-arm-ros2/build/arm_control/prefix_override:/usr/lib/python3/dist-packages/colcon_core/task/python/colcon_distutils_commands:/mnt/c/Users/conno/OneDrive/Documents/Github/surgical-arm-ros2/install/arm_control/lib/python3.12/site-packages:${PYTHONPATH} VIRTUAL_ENV_PROMPT=(.venv) /usr/bin/python3 -W ignore:setup.py install is deprecated -W ignore:easy_install command is deprecated setup.py egg_info --egg-base ../../build/arm_control build --build-base /mnt/c/Users/conno/OneDrive/Documents/Github/surgical-arm-ros2/build/arm_control/build install --record /mnt/c/Users/conno/OneDrive/Documents/Github/surgical-arm-ros2/build/arm_control/install.log --single-version-externally-managed install_data --force
[66.101s] running egg_info
[66.389s] writing ../../build/arm_control/arm_control.egg-info/PKG-INFO
[66.413s] writing dependency_links to ../../build/arm_control/arm_control.egg-info/dependency_links.txt
[66.427s] writing entry points to ../../build/arm_control/arm_control.egg-info/entry_points.txt
[66.444s] writing requirements to ../../build/arm_control/arm_control.egg-info/requires.txt
[66.470s] writing top-level names to ../../build/arm_control/arm_control.egg-info/top_level.txt
[67.216s] reading manifest file '../../build/arm_control/arm_control.egg-info/SOURCES.txt'
[67.368s] adding license file 'LICENSE'
[67.464s] writing manifest file '../../build/arm_control/arm_control.egg-info/SOURCES.txt'
[67.476s] running build
[67.478s] running build_py
[67.492s] creating /mnt/c/Users/conno/OneDrive/Documents/Github/surgical-arm-ros2/build/arm_control/build
[67.498s] creating /mnt/c/Users/conno/OneDrive/Documents/Github/surgical-arm-ros2/build/arm_control/build/lib
[67.506s] creating /mnt/c/Users/conno/OneDrive/Documents/Github/surgical-arm-ros2/build/arm_control/build/lib/arm_control
[67.533s] copying arm_control/force_sensor.py -> /mnt/c/Users/conno/OneDrive/Documents/Github/surgical-arm-ros2/build/arm_control/build/lib/arm_control
[67.594s] copying arm_control/lerobot_driver.py -> /mnt/c/Users/conno/OneDrive/Documents/Github/surgical-arm-ros2/build/arm_control/build/lib/arm_control
[67.679s] copying arm_control/__init__.py -> /mnt/c/Users/conno/OneDrive/Documents/Github/surgical-arm-ros2/build/arm_control/build/lib/arm_control
[67.738s] creating /mnt/c/Users/conno/OneDrive/Documents/Github/surgical-arm-ros2/build/arm_control/build/lib/arm_control/utilities
[67.776s] copying arm_control/utilities/fk.py -> /mnt/c/Users/conno/OneDrive/Documents/Github/surgical-arm-ros2/build/arm_control/build/lib/arm_control/utilities
[67.877s] copying arm_control/utilities/jacobian.py -> /mnt/c/Users/conno/OneDrive/Documents/Github/surgical-arm-ros2/build/arm_control/build/lib/arm_control/utilities
[67.979s] copying arm_control/utilities/se3.py -> /mnt/c/Users/conno/OneDrive/Documents/Github/surgical-arm-ros2/build/arm_control/build/lib/arm_control/utilities
[68.066s] copying arm_control/utilities/so3.py -> /mnt/c/Users/conno/OneDrive/Documents/Github/surgical-arm-ros2/build/arm_control/build/lib/arm_control/utilities
[68.167s] copying arm_control/utilities/__init__.py -> /mnt/c/Users/conno/OneDrive/Documents/Github/surgical-arm-ros2/build/arm_control/build/lib/arm_control/utilities
[68.226s] running install
[68.347s] running install_lib
[68.720s] creating /mnt/c/Users/conno/OneDrive/Documents/Github/surgical-arm-ros2/install/arm_control/lib/python3.12/site-packages/arm_control
[68.774s] copying /mnt/c/Users/conno/OneDrive/Documents/Github/surgical-arm-ros2/build/arm_control/build/lib/arm_control/force_sensor.py -> /mnt/c/Users/conno/OneDrive/Documents/Github/surgical-arm-ros2/install/arm_control/lib/python3.12/site-packages/arm_control
[68.877s] copying /mnt/c/Users/conno/OneDrive/Documents/Github/surgical-arm-ros2/build/arm_control/build/lib/arm_control/lerobot_driver.py -> /mnt/c/Users/conno/OneDrive/Documents/Github/surgical-arm-ros2/install/arm_control/lib/python3.12/site-packages/arm_control
[68.987s] creating /mnt/c/Users/conno/OneDrive/Documents/Github/surgical-arm-ros2/install/arm_control/lib/python3.12/site-packages/arm_control/utilities
[69.048s] copying /mnt/c/Users/conno/OneDrive/Documents/Github/surgical-arm-ros2/build/arm_control/build/lib/arm_control/utilities/fk.py -> /mnt/c/Users/conno/OneDrive/Documents/Github/surgical-arm-ros2/install/arm_control/lib/python3.12/site-packages/arm_control/utilities
[69.166s] copying /mnt/c/Users/conno/OneDrive/Documents/Github/surgical-arm-ros2/build/arm_control/build/lib/arm_control/utilities/jacobian.py -> /mnt/c/Users/conno/OneDrive/Documents/Github/surgical-arm-ros2/install/arm_control/lib/python3.12/site-packages/arm_control/utilities
[69.287s] copying /mnt/c/Users/conno/OneDrive/Documents/Github/surgical-arm-ros2/build/arm_control/build/lib/arm_control/utilities/se3.py -> /mnt/c/Users/conno/OneDrive/Documents/Github/surgical-arm-ros2/install/arm_control/lib/python3.12/site-packages/arm_control/utilities
[69.407s] copying /mnt/c/Users/conno/OneDrive/Documents/Github/surgical-arm-ros2/build/arm_control/build/lib/arm_control/utilities/so3.py -> /mnt/c/Users/conno/OneDrive/Documents/Github/surgical-arm-ros2/install/arm_control/lib/python3.12/site-packages/arm_control/utilities
[69.524s] copying /mnt/c/Users/conno/OneDrive/Documents/Github/surgical-arm-ros2/build/arm_control/build/lib/arm_control/utilities/__init__.py -> /mnt/c/Users/conno/OneDrive/Documents/Github/surgical-arm-ros2/install/arm_control/lib/python3.12/site-packages/arm_control/utilities
[69.630s] copying /mnt/c/Users/conno/OneDrive/Documents/Github/surgical-arm-ros2/build/arm_control/build/lib/arm_control/__init__.py -> /mnt/c/Users/conno/OneDrive/Documents/Github/surgical-arm-ros2/install/arm_control/lib/python3.12/site-packages/arm_control
[69.819s] byte-compiling /mnt/c/Users/conno/OneDrive/Documents/Github/surgical-arm-ros2/install/arm_control/lib/python3.12/site-packages/arm_control/force_sensor.py to force_sensor.cpython-312.pyc
[69.939s] byte-compiling /mnt/c/Users/conno/OneDrive/Documents/Github/surgical-arm-ros2/install/arm_control/lib/python3.12/site-packages/arm_control/lerobot_driver.py to lerobot_driver.cpython-312.pyc
[70.067s] byte-compiling /mnt/c/Users/conno/OneDrive/Documents/Github/surgical-arm-ros2/install/arm_control/lib/python3.12/site-packages/arm_control/utilities/fk.py to fk.cpython-312.pyc
[70.200s] byte-compiling /mnt/c/Users/conno/OneDrive/Documents/Github/surgical-arm-ros2/install/arm_control/lib/python3.12/site-packages/arm_control/utilities/jacobian.py to jacobian.cpython-312.pyc
[70.337s] byte-compiling /mnt/c/Users/conno/OneDrive/Documents/Github/surgical-arm-ros2/install/arm_control/lib/python3.12/site-packages/arm_control/utilities/se3.py to se3.cpython-312.pyc
[70.470s] byte-compiling /mnt/c/Users/conno/OneDrive/Documents/Github/surgical-arm-ros2/install/arm_control/lib/python3.12/site-packages/arm_control/utilities/so3.py to so3.cpython-312.pyc
[70.617s] byte-compiling /mnt/c/Users/conno/OneDrive/Documents/Github/surgical-arm-ros2/install/arm_control/lib/python3.12/site-packages/arm_control/utilities/__init__.py to __init__.cpython-312.pyc
[70.749s] byte-compiling /mnt/c/Users/conno/OneDrive/Documents/Github/surgical-arm-ros2/install/arm_control/lib/python3.12/site-packages/arm_control/__init__.py to __init__.cpython-312.pyc
[70.847s] running install_data
[70.871s] copying resource/arm_control -> /mnt/c/Users/conno/OneDrive/Documents/Github/surgical-arm-ros2/install/arm_control/share/ament_index/resource_index/packages
[70.952s] copying package.xml -> /mnt/c/Users/conno/OneDrive/Documents/Github/surgical-arm-ros2/install/arm_control/share/arm_control
[71.012s] running install_egg_info
[71.449s] Copying ../../build/arm_control/arm_control.egg-info to /mnt/c/Users/conno/OneDrive/Documents/Github/surgical-arm-ros2/install/arm_control/lib/python3.12/site-packages/arm_control-0.0.0-py3.12.egg-info
[72.215s] running install_scripts
[76.461s] Installing lerobot script to /mnt/c/Users/conno/OneDrive/Documents/Github/surgical-arm-ros2/install/arm_control/lib/arm_control
[76.536s] writing list of installed files to '/mnt/c/Users/conno/OneDrive/Documents/Github/surgical-arm-ros2/build/arm_control/install.log'
[76.623s] Invoked command in '/mnt/c/Users/conno/OneDrive/Documents/Github/surgical-arm-ros2/src/arm_control' returned '0': PS1=(.venv) \[\e]0;\u@\h: \w\a\]${debian_chroot:+($debian_chroot)}\[\033[01;32m\]\u@\h\[\033[00m\]:\[\033[01;34m\]\w\[\033[00m\]\$ PYTHONPATH=/mnt/c/Users/conno/OneDrive/Documents/Github/surgical-arm-ros2/build/arm_control/prefix_override:/usr/lib/python3/dist-packages/colcon_core/task/python/colcon_distutils_commands:/mnt/c/Users/conno/OneDrive/Documents/Github/surgical-arm-ros2/install/arm_control/lib/python3.12/site-packages:${PYTHONPATH} VIRTUAL_ENV_PROMPT=(.venv) /usr/bin/python3 -W ignore:setup.py install is deprecated -W ignore:easy_install command is deprecated setup.py egg_info --egg-base ../../build/arm_control build --build-base /mnt/c/Users/conno/OneDrive/Documents/Github/surgical-arm-ros2/build/arm_control/build install --record /mnt/c/Users/conno/OneDrive/Documents/Github/surgical-arm-ros2/build/arm_control/install.log --single-version-externally-managed install_data --force
