running develop
running egg_info
creating arm_control.egg-info
writing arm_control.egg-info/PKG-INFO
writing dependency_links to arm_control.egg-info/dependency_links.txt
writing entry points to arm_control.egg-info/entry_points.txt
writing requirements to arm_control.egg-info/requires.txt
writing top-level names to arm_control.egg-info/top_level.txt
writing manifest file 'arm_control.egg-info/SOURCES.txt'
reading manifest file 'arm_control.egg-info/SOURCES.txt'
writing manifest file 'arm_control.egg-info/SOURCES.txt'
running build_ext
Creating /mnt/c/Users/conno/OneDrive/Documents/Github/surgical-arm-ros2/install/arm_control/lib/python3.12/site-packages/arm-control.egg-link (link to .)
Installing lerobot script to /mnt/c/Users/conno/OneDrive/Documents/Github/surgical-arm-ros2/install/arm_control/lib/arm_control

Installed /mnt/c/Users/conno/OneDrive/Documents/Github/surgical-arm-ros2/build/arm_control
running symlink_data
creating /mnt/c/Users/conno/OneDrive/Documents/Github/surgical-arm-ros2/install/arm_control/share/ament_index
creating /mnt/c/Users/conno/OneDrive/Documents/Github/surgical-arm-ros2/install/arm_control/share/ament_index/resource_index
creating /mnt/c/Users/conno/OneDrive/Documents/Github/surgical-arm-ros2/install/arm_control/share/ament_index/resource_index/packages
symbolically linking /mnt/c/Users/conno/OneDrive/Documents/Github/surgical-arm-ros2/build/arm_control/resource/arm_control -> /mnt/c/Users/conno/OneDrive/Documents/Github/surgical-arm-ros2/install/arm_control/share/ament_index/resource_index/packages
symbolically linking /mnt/c/Users/conno/OneDrive/Documents/Github/surgical-arm-ros2/build/arm_control/package.xml -> /mnt/c/Users/conno/OneDrive/Documents/Github/surgical-arm-ros2/install/arm_control/share/arm_control
