[22.690s] Invoking command in '/mnt/c/Users/conno/OneDrive/Documents/Github/surgical-arm-ros2/build/arm_control': PYTHONPATH=/mnt/c/Users/conno/OneDrive/Documents/Github/surgical-arm-ros2/build/arm_control/prefix_override:/usr/lib/python3/dist-packages/colcon_core/task/python/colcon_distutils_commands:/mnt/c/Users/conno/OneDrive/Documents/Github/surgical-arm-ros2/install/arm_control/lib/python3.12/site-packages:${PYTHONPATH} /usr/bin/python3 -W ignore:setup.py install is deprecated -W ignore:easy_install command is deprecated setup.py develop --editable --build-directory /mnt/c/Users/conno/OneDrive/Documents/Github/surgical-arm-ros2/build/arm_control/build --no-deps symlink_data
[33.003s] running develop
[36.152s] running egg_info
[36.155s] creating arm_control.egg-info
[36.367s] writing arm_control.egg-info/PKG-INFO
[36.384s] writing dependency_links to arm_control.egg-info/dependency_links.txt
[36.393s] writing entry points to arm_control.egg-info/entry_points.txt
[36.401s] writing requirements to arm_control.egg-info/requires.txt
[36.408s] writing top-level names to arm_control.egg-info/top_level.txt
[36.422s] writing manifest file 'arm_control.egg-info/SOURCES.txt'
[36.948s] reading manifest file 'arm_control.egg-info/SOURCES.txt'
[37.060s] writing manifest file 'arm_control.egg-info/SOURCES.txt'
[37.396s] running build_ext
[37.399s] Creating /mnt/c/Users/conno/OneDrive/Documents/Github/surgical-arm-ros2/install/arm_control/lib/python3.12/site-packages/arm-control.egg-link (link to .)
[37.449s] Installing lerobot script to /mnt/c/Users/conno/OneDrive/Documents/Github/surgical-arm-ros2/install/arm_control/lib/arm_control
[37.489s] 
[37.491s] Installed /mnt/c/Users/conno/OneDrive/Documents/Github/surgical-arm-ros2/build/arm_control
[37.498s] running symlink_data
[37.516s] creating /mnt/c/Users/conno/OneDrive/Documents/Github/surgical-arm-ros2/install/arm_control/share/ament_index
[37.522s] creating /mnt/c/Users/conno/OneDrive/Documents/Github/surgical-arm-ros2/install/arm_control/share/ament_index/resource_index
[37.530s] creating /mnt/c/Users/conno/OneDrive/Documents/Github/surgical-arm-ros2/install/arm_control/share/ament_index/resource_index/packages
[37.565s] symbolically linking /mnt/c/Users/conno/OneDrive/Documents/Github/surgical-arm-ros2/build/arm_control/resource/arm_control -> /mnt/c/Users/conno/OneDrive/Documents/Github/surgical-arm-ros2/install/arm_control/share/ament_index/resource_index/packages
[37.606s] symbolically linking /mnt/c/Users/conno/OneDrive/Documents/Github/surgical-arm-ros2/build/arm_control/package.xml -> /mnt/c/Users/conno/OneDrive/Documents/Github/surgical-arm-ros2/install/arm_control/share/arm_control
[37.687s] Invoked command in '/mnt/c/Users/conno/OneDrive/Documents/Github/surgical-arm-ros2/build/arm_control' returned '0': PYTHONPATH=/mnt/c/Users/conno/OneDrive/Documents/Github/surgical-arm-ros2/build/arm_control/prefix_override:/usr/lib/python3/dist-packages/colcon_core/task/python/colcon_distutils_commands:/mnt/c/Users/conno/OneDrive/Documents/Github/surgical-arm-ros2/install/arm_control/lib/python3.12/site-packages:${PYTHONPATH} /usr/bin/python3 -W ignore:setup.py install is deprecated -W ignore:easy_install command is deprecated setup.py develop --editable --build-directory /mnt/c/Users/conno/OneDrive/Documents/Github/surgical-arm-ros2/build/arm_control/build --no-deps symlink_data
