[2.140s] Invoking command in '/home/connor/robotics_projects/surgical-arm-ros2/src/arm_control': PS1=(venv) PYTHONPATH=/home/connor/robotics_projects/surgical-arm-ros2/build/arm_control/prefix_override:/usr/lib/python3/dist-packages/colcon_core/task/python/colcon_distutils_commands:/home/connor/robotics_projects/surgical-arm-ros2/install/arm_control/lib/python3.12/site-packages:${PYTHONPATH} VIRTUAL_ENV_PROMPT=(venv) /usr/bin/python3 -W ignore:setup.py install is deprecated -W ignore:easy_install command is deprecated setup.py egg_info --egg-base ../../build/arm_control build --build-base /home/connor/robotics_projects/surgical-arm-ros2/build/arm_control/build install --record /home/connor/robotics_projects/surgical-arm-ros2/build/arm_control/install.log --single-version-externally-managed install_data
[2.762s] running egg_info
[2.802s] writing ../../build/arm_control/arm_control.egg-info/PKG-INFO
[2.803s] writing dependency_links to ../../build/arm_control/arm_control.egg-info/dependency_links.txt
[2.804s] writing entry points to ../../build/arm_control/arm_control.egg-info/entry_points.txt
[2.805s] writing requirements to ../../build/arm_control/arm_control.egg-info/requires.txt
[2.805s] writing top-level names to ../../build/arm_control/arm_control.egg-info/top_level.txt
[2.882s] reading manifest file '../../build/arm_control/arm_control.egg-info/SOURCES.txt'
[2.883s] adding license file 'LICENSE'
[2.884s] writing manifest file '../../build/arm_control/arm_control.egg-info/SOURCES.txt'
[2.885s] running build
[2.885s] running build_py
[2.888s] running install
[2.899s] running install_lib
[2.941s] running install_data
[2.942s] copying launch/teleop.launch.py -> /home/connor/robotics_projects/surgical-arm-ros2/install/arm_control/share/arm_control/launch
[2.942s] copying launch/playback.launch.py -> /home/connor/robotics_projects/surgical-arm-ros2/install/arm_control/share/arm_control/launch
[2.943s] copying launch/training.launch.py -> /home/connor/robotics_projects/surgical-arm-ros2/install/arm_control/share/arm_control/launch
[2.943s] running install_egg_info
[3.006s] removing '/home/connor/robotics_projects/surgical-arm-ros2/install/arm_control/lib/python3.12/site-packages/arm_control-0.0.0-py3.12.egg-info' (and everything under it)
[3.007s] Copying ../../build/arm_control/arm_control.egg-info to /home/connor/robotics_projects/surgical-arm-ros2/install/arm_control/lib/python3.12/site-packages/arm_control-0.0.0-py3.12.egg-info
[3.010s] running install_scripts
[3.396s] Installing camera_playback script to /home/connor/robotics_projects/surgical-arm-ros2/install/arm_control/lib/arm_control
[3.397s] Installing camera_training script to /home/connor/robotics_projects/surgical-arm-ros2/install/arm_control/lib/arm_control
[3.398s] Installing eye_to_hand_calibration script to /home/connor/robotics_projects/surgical-arm-ros2/install/arm_control/lib/arm_control
[3.399s] Installing force_sensor script to /home/connor/robotics_projects/surgical-arm-ros2/install/arm_control/lib/arm_control
[3.399s] Installing lerobot_driver script to /home/connor/robotics_projects/surgical-arm-ros2/install/arm_control/lib/arm_control
[3.401s] Installing lerobot_motionplan script to /home/connor/robotics_projects/surgical-arm-ros2/install/arm_control/lib/arm_control
[3.401s] Installing lerobot_sim script to /home/connor/robotics_projects/surgical-arm-ros2/install/arm_control/lib/arm_control
[3.403s] Installing playback_transformer script to /home/connor/robotics_projects/surgical-arm-ros2/install/arm_control/lib/arm_control
[3.403s] Installing teleop_transformer script to /home/connor/robotics_projects/surgical-arm-ros2/install/arm_control/lib/arm_control
[3.403s] Installing zed_driver script to /home/connor/robotics_projects/surgical-arm-ros2/install/arm_control/lib/arm_control
[3.405s] writing list of installed files to '/home/connor/robotics_projects/surgical-arm-ros2/build/arm_control/install.log'
[3.521s] Invoked command in '/home/connor/robotics_projects/surgical-arm-ros2/src/arm_control' returned '0': PS1=(venv) PYTHONPATH=/home/connor/robotics_projects/surgical-arm-ros2/build/arm_control/prefix_override:/usr/lib/python3/dist-packages/colcon_core/task/python/colcon_distutils_commands:/home/connor/robotics_projects/surgical-arm-ros2/install/arm_control/lib/python3.12/site-packages:${PYTHONPATH} VIRTUAL_ENV_PROMPT=(venv) /usr/bin/python3 -W ignore:setup.py install is deprecated -W ignore:easy_install command is deprecated setup.py egg_info --egg-base ../../build/arm_control build --build-base /home/connor/robotics_projects/surgical-arm-ros2/build/arm_control/build install --record /home/connor/robotics_projects/surgical-arm-ros2/build/arm_control/install.log --single-version-externally-managed install_data
