[1.360s] Invoking command in '/home/connor/robotics_projects/surgical-arm-ros2/src/arm_control': PYTHONPATH=/home/connor/robotics_projects/surgical-arm-ros2/build/arm_control/prefix_override:/usr/lib/python3/dist-packages/colcon_core/task/python/colcon_distutils_commands:/home/connor/robotics_projects/surgical-arm-ros2/install/arm_control/lib/python3.12/site-packages:${PYTHONPATH} VIRTUAL_ENV_PROMPT=(venv) /usr/bin/python3 -W ignore:setup.py install is deprecated -W ignore:easy_install command is deprecated setup.py egg_info --egg-base ../../build/arm_control build --build-base /home/connor/robotics_projects/surgical-arm-ros2/build/arm_control/build install --record /home/connor/robotics_projects/surgical-arm-ros2/build/arm_control/install.log --single-version-externally-managed install_data
[1.758s] running egg_info
[1.781s] writing ../../build/arm_control/arm_control.egg-info/PKG-INFO
[1.781s] writing dependency_links to ../../build/arm_control/arm_control.egg-info/dependency_links.txt
[1.782s] writing entry points to ../../build/arm_control/arm_control.egg-info/entry_points.txt
[1.783s] writing requirements to ../../build/arm_control/arm_control.egg-info/requires.txt
[1.783s] writing top-level names to ../../build/arm_control/arm_control.egg-info/top_level.txt
[1.842s] reading manifest file '../../build/arm_control/arm_control.egg-info/SOURCES.txt'
[1.842s] adding license file 'LICENSE'
[1.844s] writing manifest file '../../build/arm_control/arm_control.egg-info/SOURCES.txt'
[1.845s] running build
[1.845s] running build_py
[1.847s] running install
[1.858s] running install_lib
[1.890s] running install_data
[1.892s] copying launch/teleop.launch.py -> /home/connor/robotics_projects/surgical-arm-ros2/install/arm_control/share/arm_control/launch
[1.892s] copying launch/training.launch.py -> /home/connor/robotics_projects/surgical-arm-ros2/install/arm_control/share/arm_control/launch
[1.892s] running install_egg_info
[1.917s] removing '/home/connor/robotics_projects/surgical-arm-ros2/install/arm_control/lib/python3.12/site-packages/arm_control-0.0.0-py3.12.egg-info' (and everything under it)
[1.918s] Copying ../../build/arm_control/arm_control.egg-info to /home/connor/robotics_projects/surgical-arm-ros2/install/arm_control/lib/python3.12/site-packages/arm_control-0.0.0-py3.12.egg-info
[1.920s] running install_scripts
[2.157s] Installing camera_playback script to /home/connor/robotics_projects/surgical-arm-ros2/install/arm_control/lib/arm_control
[2.158s] Installing camera_training script to /home/connor/robotics_projects/surgical-arm-ros2/install/arm_control/lib/arm_control
[2.159s] Installing eye_to_hand_calibration script to /home/connor/robotics_projects/surgical-arm-ros2/install/arm_control/lib/arm_control
[2.159s] Installing force_sensor script to /home/connor/robotics_projects/surgical-arm-ros2/install/arm_control/lib/arm_control
[2.160s] Installing lerobot_driver script to /home/connor/robotics_projects/surgical-arm-ros2/install/arm_control/lib/arm_control
[2.161s] Installing lerobot_motionplan script to /home/connor/robotics_projects/surgical-arm-ros2/install/arm_control/lib/arm_control
[2.162s] Installing lerobot_sim script to /home/connor/robotics_projects/surgical-arm-ros2/install/arm_control/lib/arm_control
[2.162s] Installing playback_transformer script to /home/connor/robotics_projects/surgical-arm-ros2/install/arm_control/lib/arm_control
[2.163s] Installing teleop_transformer script to /home/connor/robotics_projects/surgical-arm-ros2/install/arm_control/lib/arm_control
[2.163s] Installing zed_driver script to /home/connor/robotics_projects/surgical-arm-ros2/install/arm_control/lib/arm_control
[2.165s] writing list of installed files to '/home/connor/robotics_projects/surgical-arm-ros2/build/arm_control/install.log'
[2.204s] Invoked command in '/home/connor/robotics_projects/surgical-arm-ros2/src/arm_control' returned '0': PYTHONPATH=/home/connor/robotics_projects/surgical-arm-ros2/build/arm_control/prefix_override:/usr/lib/python3/dist-packages/colcon_core/task/python/colcon_distutils_commands:/home/connor/robotics_projects/surgical-arm-ros2/install/arm_control/lib/python3.12/site-packages:${PYTHONPATH} VIRTUAL_ENV_PROMPT=(venv) /usr/bin/python3 -W ignore:setup.py install is deprecated -W ignore:easy_install command is deprecated setup.py egg_info --egg-base ../../build/arm_control build --build-base /home/connor/robotics_projects/surgical-arm-ros2/build/arm_control/build install --record /home/connor/robotics_projects/surgical-arm-ros2/build/arm_control/install.log --single-version-externally-managed install_data
