[5.969s] DEBUG:colcon:Command line arguments: ['/usr/bin/colcon', 'build']
[5.971s] DEBUG:colcon:Parsed command line arguments: Namespace(log_base=None, log_level=None, verb_name='build', build_base='build', install_base='install', merge_install=False, symlink_install=False, test_result_base=None, continue_on_error=False, executor='parallel', parallel_workers=24, event_handlers=None, ignore_user_meta=False, metas=['./colcon.meta'], base_paths=['.'], packages_ignore=None, packages_ignore_regex=None, paths=None, packages_up_to=None, packages_up_to_regex=None, packages_above=None, packages_above_and_dependencies=None, packages_above_depth=None, packages_select_by_dep=None, packages_skip_by_dep=None, packages_skip_up_to=None, packages_select_build_failed=False, packages_skip_build_finished=False, packages_select_test_failures=False, packages_skip_test_passed=False, packages_select=None, packages_skip=None, packages_select_regex=None, packages_skip_regex=None, packages_start=None, packages_end=None, allow_overriding=[], cmake_args=None, cmake_target=None, cmake_target_skip_unavailable=False, cmake_clean_cache=False, cmake_clean_first=False, cmake_force_configure=False, ament_cmake_args=None, catkin_cmake_args=None, catkin_skip_building_tests=False, verb_parser=<colcon_defaults.argument_parser.defaults.DefaultArgumentsDecorator object at 0x734aeee777a0>, verb_extension=<colcon_core.verb.build.BuildVerb object at 0x734aeee774d0>, main=<bound method BuildVerb.main of <colcon_core.verb.build.BuildVerb object at 0x734aeee774d0>>)
[6.892s] Level 1:colcon.colcon_core.package_discovery:discover_packages(colcon_meta) check parameters
[6.893s] Level 1:colcon.colcon_core.package_discovery:discover_packages(recursive) check parameters
[6.894s] Level 1:colcon.colcon_core.package_discovery:discover_packages(ignore) check parameters
[6.895s] Level 1:colcon.colcon_core.package_discovery:discover_packages(path) check parameters
[6.895s] Level 1:colcon.colcon_core.package_discovery:discover_packages(colcon_meta) discover
[6.896s] Level 1:colcon.colcon_core.package_discovery:discover_packages(recursive) discover
[6.896s] INFO:colcon.colcon_core.package_discovery:Crawling recursively for packages in '/mnt/c/Users/conno/OneDrive/Documents/Github/surgical-arm-ros2'
[6.901s] Level 1:colcon.colcon_core.package_identification:_identify(.) by extensions ['ignore', 'ignore_ament_install']
[6.902s] Level 1:colcon.colcon_core.package_identification:_identify(.) by extension 'ignore'
[6.903s] Level 1:colcon.colcon_core.package_identification:_identify(.) by extension 'ignore_ament_install'
[6.905s] Level 1:colcon.colcon_core.package_identification:_identify(.) by extensions ['colcon_pkg']
[6.906s] Level 1:colcon.colcon_core.package_identification:_identify(.) by extension 'colcon_pkg'
[6.907s] Level 1:colcon.colcon_core.package_identification:_identify(.) by extensions ['colcon_meta']
[6.907s] Level 1:colcon.colcon_core.package_identification:_identify(.) by extension 'colcon_meta'
[6.908s] Level 1:colcon.colcon_core.package_identification:_identify(.) by extensions ['ros']
[6.908s] Level 1:colcon.colcon_core.package_identification:_identify(.) by extension 'ros'
[7.449s] Level 1:colcon.colcon_core.package_identification:_identify(.) by extensions ['cmake', 'python']
[7.449s] Level 1:colcon.colcon_core.package_identification:_identify(.) by extension 'cmake'
[7.450s] Level 1:colcon.colcon_core.package_identification:_identify(.) by extension 'python'
[7.453s] Level 1:colcon.colcon_core.package_identification:_identify(.) by extensions ['python_setup_py']
[7.453s] Level 1:colcon.colcon_core.package_identification:_identify(.) by extension 'python_setup_py'
[7.461s] Level 1:colcon.colcon_core.package_identification:_identify(build) by extensions ['ignore', 'ignore_ament_install']
[7.462s] Level 1:colcon.colcon_core.package_identification:_identify(build) by extension 'ignore'
[7.466s] Level 1:colcon.colcon_core.package_identification:_identify(build) ignored
[7.475s] Level 1:colcon.colcon_core.package_identification:_identify(install) by extensions ['ignore', 'ignore_ament_install']
[7.475s] Level 1:colcon.colcon_core.package_identification:_identify(install) by extension 'ignore'
[7.479s] Level 1:colcon.colcon_core.package_identification:_identify(install) ignored
[7.492s] Level 1:colcon.colcon_core.package_identification:_identify(log) by extensions ['ignore', 'ignore_ament_install']
[7.493s] Level 1:colcon.colcon_core.package_identification:_identify(log) by extension 'ignore'
[7.495s] Level 1:colcon.colcon_core.package_identification:_identify(log) ignored
[7.502s] Level 1:colcon.colcon_core.package_identification:_identify(src) by extensions ['ignore', 'ignore_ament_install']
[7.503s] Level 1:colcon.colcon_core.package_identification:_identify(src) by extension 'ignore'
[7.505s] Level 1:colcon.colcon_core.package_identification:_identify(src) by extension 'ignore_ament_install'
[7.508s] Level 1:colcon.colcon_core.package_identification:_identify(src) by extensions ['colcon_pkg']
[7.509s] Level 1:colcon.colcon_core.package_identification:_identify(src) by extension 'colcon_pkg'
[7.511s] Level 1:colcon.colcon_core.package_identification:_identify(src) by extensions ['colcon_meta']
[7.512s] Level 1:colcon.colcon_core.package_identification:_identify(src) by extension 'colcon_meta'
[7.514s] Level 1:colcon.colcon_core.package_identification:_identify(src) by extensions ['ros']
[7.514s] Level 1:colcon.colcon_core.package_identification:_identify(src) by extension 'ros'
[7.523s] Level 1:colcon.colcon_core.package_identification:_identify(src) by extensions ['cmake', 'python']
[7.523s] Level 1:colcon.colcon_core.package_identification:_identify(src) by extension 'cmake'
[7.525s] Level 1:colcon.colcon_core.package_identification:_identify(src) by extension 'python'
[7.528s] Level 1:colcon.colcon_core.package_identification:_identify(src) by extensions ['python_setup_py']
[7.528s] Level 1:colcon.colcon_core.package_identification:_identify(src) by extension 'python_setup_py'
[7.542s] Level 1:colcon.colcon_core.package_identification:_identify(src/arm_control) by extensions ['ignore', 'ignore_ament_install']
[7.542s] Level 1:colcon.colcon_core.package_identification:_identify(src/arm_control) by extension 'ignore'
[7.545s] Level 1:colcon.colcon_core.package_identification:_identify(src/arm_control) by extension 'ignore_ament_install'
[7.553s] Level 1:colcon.colcon_core.package_identification:_identify(src/arm_control) by extensions ['colcon_pkg']
[7.553s] Level 1:colcon.colcon_core.package_identification:_identify(src/arm_control) by extension 'colcon_pkg'
[7.556s] Level 1:colcon.colcon_core.package_identification:_identify(src/arm_control) by extensions ['colcon_meta']
[7.557s] Level 1:colcon.colcon_core.package_identification:_identify(src/arm_control) by extension 'colcon_meta'
[7.562s] Level 1:colcon.colcon_core.package_identification:_identify(src/arm_control) by extensions ['ros']
[7.563s] Level 1:colcon.colcon_core.package_identification:_identify(src/arm_control) by extension 'ros'
[7.624s] DEBUG:colcon.colcon_core.package_identification:Package 'src/arm_control' with type 'ros.ament_python' and name 'arm_control'
[7.624s] Level 1:colcon.colcon_core.package_discovery:discover_packages(recursive) using defaults
[7.625s] Level 1:colcon.colcon_core.package_discovery:discover_packages(ignore) discover
[7.625s] Level 1:colcon.colcon_core.package_discovery:discover_packages(ignore) using defaults
[7.626s] Level 1:colcon.colcon_core.package_discovery:discover_packages(path) discover
[7.626s] Level 1:colcon.colcon_core.package_discovery:discover_packages(path) using defaults
[8.699s] Level 1:colcon.colcon_core.package_discovery:discover_packages(prefix_path) check parameters
[8.700s] Level 1:colcon.colcon_core.package_discovery:discover_packages(prefix_path) discover
[8.731s] WARNING:colcon.colcon_ros.prefix_path.ament:The path '/mnt/c/Users/conno/OneDrive/Documents/Github/surgical-arm-ros2/install/my_package' in the environment variable AMENT_PREFIX_PATH doesn't exist
[8.734s] WARNING:colcon.colcon_ros.prefix_path.ament:The path '/mnt/c/Users/conno/OneDrive/Documents/Github/surgical-arm-ros2/install/arm-control' in the environment variable AMENT_PREFIX_PATH doesn't exist
[9.445s] DEBUG:colcon.colcon_installed_package_information.package_discovery:Found 1 installed packages in /mnt/c/Users/conno/OneDrive/Documents/Github/surgical-arm-ros2/install
[9.978s] DEBUG:colcon.colcon_installed_package_information.package_discovery:Found 22 installed packages in /mnt/c/Users/conno/OneDrive/Documents/Github/learn-ros2-ws/install
[9.984s] DEBUG:colcon.colcon_installed_package_information.package_discovery:Found 288 installed packages in /opt/ros/jazzy
[10.208s] Level 1:colcon.colcon_core.package_discovery:discover_packages(prefix_path) using defaults
[11.708s] Level 5:colcon.colcon_core.verb:set package 'arm_control' build argument 'cmake_args' from command line to 'None'
[11.709s] Level 5:colcon.colcon_core.verb:set package 'arm_control' build argument 'cmake_target' from command line to 'None'
[11.710s] Level 5:colcon.colcon_core.verb:set package 'arm_control' build argument 'cmake_target_skip_unavailable' from command line to 'False'
[11.710s] Level 5:colcon.colcon_core.verb:set package 'arm_control' build argument 'cmake_clean_cache' from command line to 'False'
[11.711s] Level 5:colcon.colcon_core.verb:set package 'arm_control' build argument 'cmake_clean_first' from command line to 'False'
[11.711s] Level 5:colcon.colcon_core.verb:set package 'arm_control' build argument 'cmake_force_configure' from command line to 'False'
[11.712s] Level 5:colcon.colcon_core.verb:set package 'arm_control' build argument 'ament_cmake_args' from command line to 'None'
[11.712s] Level 5:colcon.colcon_core.verb:set package 'arm_control' build argument 'catkin_cmake_args' from command line to 'None'
[11.713s] Level 5:colcon.colcon_core.verb:set package 'arm_control' build argument 'catkin_skip_building_tests' from command line to 'False'
[11.713s] DEBUG:colcon.colcon_core.verb:Building package 'arm_control' with the following arguments: {'ament_cmake_args': None, 'build_base': '/mnt/c/Users/conno/OneDrive/Documents/Github/surgical-arm-ros2/build/arm_control', 'catkin_cmake_args': None, 'catkin_skip_building_tests': False, 'cmake_args': None, 'cmake_clean_cache': False, 'cmake_clean_first': False, 'cmake_force_configure': False, 'cmake_target': None, 'cmake_target_skip_unavailable': False, 'install_base': '/mnt/c/Users/conno/OneDrive/Documents/Github/surgical-arm-ros2/install/arm_control', 'merge_install': False, 'path': '/mnt/c/Users/conno/OneDrive/Documents/Github/surgical-arm-ros2/src/arm_control', 'symlink_install': False, 'test_result_base': None}
[11.714s] INFO:colcon.colcon_core.executor:Executing jobs using 'parallel' executor
[11.717s] DEBUG:colcon.colcon_parallel_executor.executor.parallel:run_until_complete
[11.718s] INFO:colcon.colcon_ros.task.ament_python.build:Building ROS package in '/mnt/c/Users/conno/OneDrive/Documents/Github/surgical-arm-ros2/src/arm_control' with build type 'ament_python'
[11.718s] Level 1:colcon.colcon_core.shell:create_environment_hook('arm_control', 'ament_prefix_path')
[11.913s] INFO:colcon.colcon_core.plugin_system:Skipping extension 'colcon_core.shell.bat': Not used on non-Windows systems
[11.914s] INFO:colcon.colcon_core.shell:Creating environment hook '/mnt/c/Users/conno/OneDrive/Documents/Github/surgical-arm-ros2/install/arm_control/share/arm_control/hook/ament_prefix_path.ps1'
[11.985s] INFO:colcon.colcon_core.shell:Creating environment descriptor '/mnt/c/Users/conno/OneDrive/Documents/Github/surgical-arm-ros2/install/arm_control/share/arm_control/hook/ament_prefix_path.dsv'
[12.044s] INFO:colcon.colcon_core.shell:Creating environment hook '/mnt/c/Users/conno/OneDrive/Documents/Github/surgical-arm-ros2/install/arm_control/share/arm_control/hook/ament_prefix_path.sh'
[12.102s] INFO:colcon.colcon_core.shell:Skip shell extension 'powershell' for command environment: Not usable outside of PowerShell
[12.103s] DEBUG:colcon.colcon_core.shell:Skip shell extension 'dsv' for command environment
[24.630s] INFO:colcon.colcon_core.task.python.build:Building Python package in '/mnt/c/Users/conno/OneDrive/Documents/Github/surgical-arm-ros2/src/arm_control'
[24.631s] INFO:colcon.colcon_core.shell:Skip shell extension 'powershell' for command environment: Not usable outside of PowerShell
[24.632s] DEBUG:colcon.colcon_core.shell:Skip shell extension 'dsv' for command environment
[48.058s] DEBUG:colcon.colcon_core.event_handler.log_command:Invoking command in '/mnt/c/Users/conno/OneDrive/Documents/Github/surgical-arm-ros2/build/arm_control': PS1=(.venv) \[\e]0;\u@\h: \w\a\]${debian_chroot:+($debian_chroot)}\[\033[01;32m\]\u@\h\[\033[00m\]:\[\033[01;34m\]\w\[\033[00m\]\$ PYTHONPATH=/mnt/c/Users/conno/OneDrive/Documents/Github/surgical-arm-ros2/build/arm_control/prefix_override:/usr/lib/python3/dist-packages/colcon_core/task/python/colcon_distutils_commands:/mnt/c/Users/conno/OneDrive/Documents/Github/surgical-arm-ros2/install/arm_control/lib/python3.12/site-packages:${PYTHONPATH} VIRTUAL_ENV_PROMPT=(.venv) /usr/bin/python3 -W ignore:setup.py install is deprecated -W ignore:easy_install command is deprecated setup.py develop --uninstall --editable --build-directory /mnt/c/Users/conno/OneDrive/Documents/Github/surgical-arm-ros2/build/arm_control/build
[67.525s] DEBUG:colcon.colcon_core.event_handler.log_command:Invoked command in '/mnt/c/Users/conno/OneDrive/Documents/Github/surgical-arm-ros2/build/arm_control' returned '0': PS1=(.venv) \[\e]0;\u@\h: \w\a\]${debian_chroot:+($debian_chroot)}\[\033[01;32m\]\u@\h\[\033[00m\]:\[\033[01;34m\]\w\[\033[00m\]\$ PYTHONPATH=/mnt/c/Users/conno/OneDrive/Documents/Github/surgical-arm-ros2/build/arm_control/prefix_override:/usr/lib/python3/dist-packages/colcon_core/task/python/colcon_distutils_commands:/mnt/c/Users/conno/OneDrive/Documents/Github/surgical-arm-ros2/install/arm_control/lib/python3.12/site-packages:${PYTHONPATH} VIRTUAL_ENV_PROMPT=(.venv) /usr/bin/python3 -W ignore:setup.py install is deprecated -W ignore:easy_install command is deprecated setup.py develop --uninstall --editable --build-directory /mnt/c/Users/conno/OneDrive/Documents/Github/surgical-arm-ros2/build/arm_control/build
[67.572s] DEBUG:colcon.colcon_core.event_handler.log_command:Invoking command in '/mnt/c/Users/conno/OneDrive/Documents/Github/surgical-arm-ros2/src/arm_control': PS1=(.venv) \[\e]0;\u@\h: \w\a\]${debian_chroot:+($debian_chroot)}\[\033[01;32m\]\u@\h\[\033[00m\]:\[\033[01;34m\]\w\[\033[00m\]\$ PYTHONPATH=/mnt/c/Users/conno/OneDrive/Documents/Github/surgical-arm-ros2/build/arm_control/prefix_override:/usr/lib/python3/dist-packages/colcon_core/task/python/colcon_distutils_commands:/mnt/c/Users/conno/OneDrive/Documents/Github/surgical-arm-ros2/install/arm_control/lib/python3.12/site-packages:${PYTHONPATH} VIRTUAL_ENV_PROMPT=(.venv) /usr/bin/python3 -W ignore:setup.py install is deprecated -W ignore:easy_install command is deprecated setup.py egg_info --egg-base ../../build/arm_control build --build-base /mnt/c/Users/conno/OneDrive/Documents/Github/surgical-arm-ros2/build/arm_control/build install --record /mnt/c/Users/conno/OneDrive/Documents/Github/surgical-arm-ros2/build/arm_control/install.log --single-version-externally-managed install_data --force
[89.493s] DEBUG:colcon.colcon_core.event_handler.log_command:Invoked command in '/mnt/c/Users/conno/OneDrive/Documents/Github/surgical-arm-ros2/src/arm_control' returned '0': PS1=(.venv) \[\e]0;\u@\h: \w\a\]${debian_chroot:+($debian_chroot)}\[\033[01;32m\]\u@\h\[\033[00m\]:\[\033[01;34m\]\w\[\033[00m\]\$ PYTHONPATH=/mnt/c/Users/conno/OneDrive/Documents/Github/surgical-arm-ros2/build/arm_control/prefix_override:/usr/lib/python3/dist-packages/colcon_core/task/python/colcon_distutils_commands:/mnt/c/Users/conno/OneDrive/Documents/Github/surgical-arm-ros2/install/arm_control/lib/python3.12/site-packages:${PYTHONPATH} VIRTUAL_ENV_PROMPT=(.venv) /usr/bin/python3 -W ignore:setup.py install is deprecated -W ignore:easy_install command is deprecated setup.py egg_info --egg-base ../../build/arm_control build --build-base /mnt/c/Users/conno/OneDrive/Documents/Github/surgical-arm-ros2/build/arm_control/build install --record /mnt/c/Users/conno/OneDrive/Documents/Github/surgical-arm-ros2/build/arm_control/install.log --single-version-externally-managed install_data --force
[89.734s] Level 1:colcon.colcon_core.environment:checking '/mnt/c/Users/conno/OneDrive/Documents/Github/surgical-arm-ros2/install/arm_control' for CMake module files
[89.900s] Level 1:colcon.colcon_core.environment:checking '/mnt/c/Users/conno/OneDrive/Documents/Github/surgical-arm-ros2/install/arm_control' for CMake config files
[90.226s] Level 1:colcon.colcon_core.environment:checking '/mnt/c/Users/conno/OneDrive/Documents/Github/surgical-arm-ros2/install/arm_control/lib'
[90.240s] Level 1:colcon.colcon_core.environment:checking '/mnt/c/Users/conno/OneDrive/Documents/Github/surgical-arm-ros2/install/arm_control/bin'
[90.245s] Level 1:colcon.colcon_core.environment:checking '/mnt/c/Users/conno/OneDrive/Documents/Github/surgical-arm-ros2/install/arm_control/lib/pkgconfig/arm_control.pc'
[90.251s] Level 1:colcon.colcon_core.environment:checking '/mnt/c/Users/conno/OneDrive/Documents/Github/surgical-arm-ros2/install/arm_control/lib/python3.12/site-packages'
[90.259s] Level 1:colcon.colcon_core.shell:create_environment_hook('arm_control', 'pythonpath')
[90.260s] INFO:colcon.colcon_core.shell:Creating environment hook '/mnt/c/Users/conno/OneDrive/Documents/Github/surgical-arm-ros2/install/arm_control/share/arm_control/hook/pythonpath.ps1'
[90.327s] INFO:colcon.colcon_core.shell:Creating environment descriptor '/mnt/c/Users/conno/OneDrive/Documents/Github/surgical-arm-ros2/install/arm_control/share/arm_control/hook/pythonpath.dsv'
[90.384s] INFO:colcon.colcon_core.shell:Creating environment hook '/mnt/c/Users/conno/OneDrive/Documents/Github/surgical-arm-ros2/install/arm_control/share/arm_control/hook/pythonpath.sh'
[90.443s] Level 1:colcon.colcon_core.environment:checking '/mnt/c/Users/conno/OneDrive/Documents/Github/surgical-arm-ros2/install/arm_control/bin'
[90.447s] Level 1:colcon.colcon_core.environment:create_environment_scripts_only(arm_control)
[90.448s] INFO:colcon.colcon_core.shell:Creating package script '/mnt/c/Users/conno/OneDrive/Documents/Github/surgical-arm-ros2/install/arm_control/share/arm_control/package.ps1'
[90.518s] INFO:colcon.colcon_core.shell:Creating package descriptor '/mnt/c/Users/conno/OneDrive/Documents/Github/surgical-arm-ros2/install/arm_control/share/arm_control/package.dsv'
[90.574s] INFO:colcon.colcon_core.shell:Creating package script '/mnt/c/Users/conno/OneDrive/Documents/Github/surgical-arm-ros2/install/arm_control/share/arm_control/package.sh'
[90.638s] INFO:colcon.colcon_core.shell:Creating package script '/mnt/c/Users/conno/OneDrive/Documents/Github/surgical-arm-ros2/install/arm_control/share/arm_control/package.bash'
[90.691s] INFO:colcon.colcon_core.shell:Creating package script '/mnt/c/Users/conno/OneDrive/Documents/Github/surgical-arm-ros2/install/arm_control/share/arm_control/package.zsh'
[90.749s] Level 1:colcon.colcon_core.environment:create_file_with_runtime_dependencies(/mnt/c/Users/conno/OneDrive/Documents/Github/surgical-arm-ros2/install/arm_control/share/colcon-core/packages/arm_control)
[90.778s] DEBUG:colcon.colcon_parallel_executor.executor.parallel:closing loop
[90.779s] DEBUG:colcon.colcon_parallel_executor.executor.parallel:loop closed
[90.780s] DEBUG:colcon.colcon_parallel_executor.executor.parallel:run_until_complete finished with '0'
[90.782s] DEBUG:colcon.colcon_core.event_reactor:joining thread
[91.363s] INFO:colcon.colcon_core.plugin_system:Skipping extension 'colcon_notification.desktop_notification.notify_send': Could not find 'notify-send'
[91.364s] INFO:colcon.colcon_core.plugin_system:Skipping extension 'colcon_notification.desktop_notification.terminal_notifier': Not used on non-Darwin systems
[91.365s] INFO:colcon.colcon_core.plugin_system:Skipping extension 'colcon_notification.desktop_notification.win32': Not used on non-Windows systems
[91.365s] INFO:colcon.colcon_notification.desktop_notification:Sending desktop notification using 'notify2'
[91.378s] DEBUG:colcon.colcon_notification.desktop_notification.notify2:Failed to initialize notify2: org.freedesktop.DBus.Error.ServiceUnknown: The name org.freedesktop.Notifications was not provided by any .service files
[91.379s] DEBUG:colcon.colcon_core.event_reactor:joined thread
[91.380s] INFO:colcon.colcon_core.shell:Creating prefix script '/mnt/c/Users/conno/OneDrive/Documents/Github/surgical-arm-ros2/install/local_setup.ps1'
[91.442s] INFO:colcon.colcon_core.shell:Creating prefix util module '/mnt/c/Users/conno/OneDrive/Documents/Github/surgical-arm-ros2/install/_local_setup_util_ps1.py'
[91.483s] INFO:colcon.colcon_core.shell:Creating prefix chain script '/mnt/c/Users/conno/OneDrive/Documents/Github/surgical-arm-ros2/install/setup.ps1'
[92.229s] INFO:colcon.colcon_core.shell:Creating prefix script '/mnt/c/Users/conno/OneDrive/Documents/Github/surgical-arm-ros2/install/local_setup.sh'
[92.278s] INFO:colcon.colcon_core.shell:Creating prefix util module '/mnt/c/Users/conno/OneDrive/Documents/Github/surgical-arm-ros2/install/_local_setup_util_sh.py'
[92.322s] INFO:colcon.colcon_core.shell:Creating prefix chain script '/mnt/c/Users/conno/OneDrive/Documents/Github/surgical-arm-ros2/install/setup.sh'
[93.047s] INFO:colcon.colcon_core.shell:Creating prefix script '/mnt/c/Users/conno/OneDrive/Documents/Github/surgical-arm-ros2/install/local_setup.bash'
[93.099s] INFO:colcon.colcon_core.shell:Creating prefix chain script '/mnt/c/Users/conno/OneDrive/Documents/Github/surgical-arm-ros2/install/setup.bash'
[93.818s] INFO:colcon.colcon_core.shell:Creating prefix script '/mnt/c/Users/conno/OneDrive/Documents/Github/surgical-arm-ros2/install/local_setup.zsh'
[93.857s] INFO:colcon.colcon_core.shell:Creating prefix chain script '/mnt/c/Users/conno/OneDrive/Documents/Github/surgical-arm-ros2/install/setup.zsh'
