[3.399s] DEBUG:colcon:Command line arguments: ['/usr/bin/colcon', 'build', '--symlink-install']
[3.400s] DEBUG:colcon:Parsed command line arguments: Namespace(log_base=None, log_level=None, verb_name='build', build_base='build', install_base='install', merge_install=False, symlink_install=True, test_result_base=None, continue_on_error=False, executor='parallel', parallel_workers=24, event_handlers=None, ignore_user_meta=False, metas=['./colcon.meta'], base_paths=['.'], packages_ignore=None, packages_ignore_regex=None, paths=None, packages_up_to=None, packages_up_to_regex=None, packages_above=None, packages_above_and_dependencies=None, packages_above_depth=None, packages_select_by_dep=None, packages_skip_by_dep=None, packages_skip_up_to=None, packages_select_build_failed=False, packages_skip_build_finished=False, packages_select_test_failures=False, packages_skip_test_passed=False, packages_select=None, packages_skip=None, packages_select_regex=None, packages_skip_regex=None, packages_start=None, packages_end=None, allow_overriding=[], cmake_args=None, cmake_target=None, cmake_target_skip_unavailable=False, cmake_clean_cache=False, cmake_clean_first=False, cmake_force_configure=False, ament_cmake_args=None, catkin_cmake_args=None, catkin_skip_building_tests=False, verb_parser=<colcon_defaults.argument_parser.defaults.DefaultArgumentsDecorator object at 0x7a5789833470>, verb_extension=<colcon_core.verb.build.BuildVerb object at 0x7a57898331a0>, main=<bound method BuildVerb.main of <colcon_core.verb.build.BuildVerb object at 0x7a57898331a0>>)
[3.928s] Level 1:colcon.colcon_core.package_discovery:discover_packages(colcon_meta) check parameters
[3.930s] Level 1:colcon.colcon_core.package_discovery:discover_packages(recursive) check parameters
[3.931s] Level 1:colcon.colcon_core.package_discovery:discover_packages(ignore) check parameters
[3.932s] Level 1:colcon.colcon_core.package_discovery:discover_packages(path) check parameters
[3.933s] Level 1:colcon.colcon_core.package_discovery:discover_packages(colcon_meta) discover
[3.933s] Level 1:colcon.colcon_core.package_discovery:discover_packages(recursive) discover
[3.934s] INFO:colcon.colcon_core.package_discovery:Crawling recursively for packages in '/mnt/c/Users/conno/OneDrive/Documents/Github/surgical-arm-ros2'
[3.939s] Level 1:colcon.colcon_core.package_identification:_identify(.) by extensions ['ignore', 'ignore_ament_install']
[3.939s] Level 1:colcon.colcon_core.package_identification:_identify(.) by extension 'ignore'
[3.940s] Level 1:colcon.colcon_core.package_identification:_identify(.) by extension 'ignore_ament_install'
[3.942s] Level 1:colcon.colcon_core.package_identification:_identify(.) by extensions ['colcon_pkg']
[3.942s] Level 1:colcon.colcon_core.package_identification:_identify(.) by extension 'colcon_pkg'
[3.943s] Level 1:colcon.colcon_core.package_identification:_identify(.) by extensions ['colcon_meta']
[3.944s] Level 1:colcon.colcon_core.package_identification:_identify(.) by extension 'colcon_meta'
[3.944s] Level 1:colcon.colcon_core.package_identification:_identify(.) by extensions ['ros']
[3.945s] Level 1:colcon.colcon_core.package_identification:_identify(.) by extension 'ros'
[4.272s] Level 1:colcon.colcon_core.package_identification:_identify(.) by extensions ['cmake', 'python']
[4.272s] Level 1:colcon.colcon_core.package_identification:_identify(.) by extension 'cmake'
[4.274s] Level 1:colcon.colcon_core.package_identification:_identify(.) by extension 'python'
[4.275s] Level 1:colcon.colcon_core.package_identification:_identify(.) by extensions ['python_setup_py']
[4.275s] Level 1:colcon.colcon_core.package_identification:_identify(.) by extension 'python_setup_py'
[4.282s] Level 1:colcon.colcon_core.package_identification:_identify(build) by extensions ['ignore', 'ignore_ament_install']
[4.283s] Level 1:colcon.colcon_core.package_identification:_identify(build) by extension 'ignore'
[4.285s] Level 1:colcon.colcon_core.package_identification:_identify(build) ignored
[4.292s] Level 1:colcon.colcon_core.package_identification:_identify(install) by extensions ['ignore', 'ignore_ament_install']
[4.292s] Level 1:colcon.colcon_core.package_identification:_identify(install) by extension 'ignore'
[4.296s] Level 1:colcon.colcon_core.package_identification:_identify(install) ignored
[4.306s] Level 1:colcon.colcon_core.package_identification:_identify(log) by extensions ['ignore', 'ignore_ament_install']
[4.306s] Level 1:colcon.colcon_core.package_identification:_identify(log) by extension 'ignore'
[4.308s] Level 1:colcon.colcon_core.package_identification:_identify(log) ignored
[4.314s] Level 1:colcon.colcon_core.package_identification:_identify(src) by extensions ['ignore', 'ignore_ament_install']
[4.315s] Level 1:colcon.colcon_core.package_identification:_identify(src) by extension 'ignore'
[4.317s] Level 1:colcon.colcon_core.package_identification:_identify(src) by extension 'ignore_ament_install'
[4.321s] Level 1:colcon.colcon_core.package_identification:_identify(src) by extensions ['colcon_pkg']
[4.322s] Level 1:colcon.colcon_core.package_identification:_identify(src) by extension 'colcon_pkg'
[4.324s] Level 1:colcon.colcon_core.package_identification:_identify(src) by extensions ['colcon_meta']
[4.324s] Level 1:colcon.colcon_core.package_identification:_identify(src) by extension 'colcon_meta'
[4.326s] Level 1:colcon.colcon_core.package_identification:_identify(src) by extensions ['ros']
[4.327s] Level 1:colcon.colcon_core.package_identification:_identify(src) by extension 'ros'
[4.335s] Level 1:colcon.colcon_core.package_identification:_identify(src) by extensions ['cmake', 'python']
[4.335s] Level 1:colcon.colcon_core.package_identification:_identify(src) by extension 'cmake'
[4.338s] Level 1:colcon.colcon_core.package_identification:_identify(src) by extension 'python'
[4.339s] Level 1:colcon.colcon_core.package_identification:_identify(src) by extensions ['python_setup_py']
[4.340s] Level 1:colcon.colcon_core.package_identification:_identify(src) by extension 'python_setup_py'
[4.349s] Level 1:colcon.colcon_core.package_identification:_identify(src/arm_control) by extensions ['ignore', 'ignore_ament_install']
[4.350s] Level 1:colcon.colcon_core.package_identification:_identify(src/arm_control) by extension 'ignore'
[4.353s] Level 1:colcon.colcon_core.package_identification:_identify(src/arm_control) by extension 'ignore_ament_install'
[4.358s] Level 1:colcon.colcon_core.package_identification:_identify(src/arm_control) by extensions ['colcon_pkg']
[4.358s] Level 1:colcon.colcon_core.package_identification:_identify(src/arm_control) by extension 'colcon_pkg'
[4.362s] Level 1:colcon.colcon_core.package_identification:_identify(src/arm_control) by extensions ['colcon_meta']
[4.362s] Level 1:colcon.colcon_core.package_identification:_identify(src/arm_control) by extension 'colcon_meta'
[4.367s] Level 1:colcon.colcon_core.package_identification:_identify(src/arm_control) by extensions ['ros']
[4.368s] Level 1:colcon.colcon_core.package_identification:_identify(src/arm_control) by extension 'ros'
[4.406s] DEBUG:colcon.colcon_core.package_identification:Package 'src/arm_control' with type 'ros.ament_python' and name 'arm_control'
[4.407s] Level 1:colcon.colcon_core.package_discovery:discover_packages(recursive) using defaults
[4.408s] Level 1:colcon.colcon_core.package_discovery:discover_packages(ignore) discover
[4.408s] Level 1:colcon.colcon_core.package_discovery:discover_packages(ignore) using defaults
[4.409s] Level 1:colcon.colcon_core.package_discovery:discover_packages(path) discover
[4.409s] Level 1:colcon.colcon_core.package_discovery:discover_packages(path) using defaults
[5.202s] Level 1:colcon.colcon_core.package_discovery:discover_packages(prefix_path) check parameters
[5.203s] Level 1:colcon.colcon_core.package_discovery:discover_packages(prefix_path) discover
[5.211s] WARNING:colcon.colcon_ros.prefix_path.ament:The path '/mnt/c/Users/conno/OneDrive/Documents/Github/surgical-arm-ros2/install/my_package' in the environment variable AMENT_PREFIX_PATH doesn't exist
[5.214s] WARNING:colcon.colcon_ros.prefix_path.ament:The path '/mnt/c/Users/conno/OneDrive/Documents/Github/surgical-arm-ros2/install/arm-control' in the environment variable AMENT_PREFIX_PATH doesn't exist
[5.717s] DEBUG:colcon.colcon_installed_package_information.package_discovery:Found 0 installed packages in /mnt/c/Users/conno/OneDrive/Documents/Github/surgical-arm-ros2/install
[6.047s] DEBUG:colcon.colcon_installed_package_information.package_discovery:Found 22 installed packages in /mnt/c/Users/conno/OneDrive/Documents/Github/learn-ros2-ws/install
[6.050s] DEBUG:colcon.colcon_installed_package_information.package_discovery:Found 288 installed packages in /opt/ros/jazzy
[6.161s] Level 1:colcon.colcon_core.package_discovery:discover_packages(prefix_path) using defaults
[6.917s] Level 5:colcon.colcon_core.verb:set package 'arm_control' build argument 'cmake_args' from command line to 'None'
[6.917s] Level 5:colcon.colcon_core.verb:set package 'arm_control' build argument 'cmake_target' from command line to 'None'
[6.918s] Level 5:colcon.colcon_core.verb:set package 'arm_control' build argument 'cmake_target_skip_unavailable' from command line to 'False'
[6.918s] Level 5:colcon.colcon_core.verb:set package 'arm_control' build argument 'cmake_clean_cache' from command line to 'False'
[6.919s] Level 5:colcon.colcon_core.verb:set package 'arm_control' build argument 'cmake_clean_first' from command line to 'False'
[6.919s] Level 5:colcon.colcon_core.verb:set package 'arm_control' build argument 'cmake_force_configure' from command line to 'False'
[6.920s] Level 5:colcon.colcon_core.verb:set package 'arm_control' build argument 'ament_cmake_args' from command line to 'None'
[6.920s] Level 5:colcon.colcon_core.verb:set package 'arm_control' build argument 'catkin_cmake_args' from command line to 'None'
[6.921s] Level 5:colcon.colcon_core.verb:set package 'arm_control' build argument 'catkin_skip_building_tests' from command line to 'False'
[6.921s] DEBUG:colcon.colcon_core.verb:Building package 'arm_control' with the following arguments: {'ament_cmake_args': None, 'build_base': '/mnt/c/Users/conno/OneDrive/Documents/Github/surgical-arm-ros2/build/arm_control', 'catkin_cmake_args': None, 'catkin_skip_building_tests': False, 'cmake_args': None, 'cmake_clean_cache': False, 'cmake_clean_first': False, 'cmake_force_configure': False, 'cmake_target': None, 'cmake_target_skip_unavailable': False, 'install_base': '/mnt/c/Users/conno/OneDrive/Documents/Github/surgical-arm-ros2/install/arm_control', 'merge_install': False, 'path': '/mnt/c/Users/conno/OneDrive/Documents/Github/surgical-arm-ros2/src/arm_control', 'symlink_install': True, 'test_result_base': None}
[6.922s] INFO:colcon.colcon_core.executor:Executing jobs using 'parallel' executor
[6.925s] DEBUG:colcon.colcon_parallel_executor.executor.parallel:run_until_complete
[6.926s] INFO:colcon.colcon_ros.task.ament_python.build:Building ROS package in '/mnt/c/Users/conno/OneDrive/Documents/Github/surgical-arm-ros2/src/arm_control' with build type 'ament_python'
[6.927s] Level 1:colcon.colcon_core.shell:create_environment_hook('arm_control', 'ament_prefix_path')
[7.054s] INFO:colcon.colcon_core.plugin_system:Skipping extension 'colcon_core.shell.bat': Not used on non-Windows systems
[7.054s] INFO:colcon.colcon_core.shell:Creating environment hook '/mnt/c/Users/conno/OneDrive/Documents/Github/surgical-arm-ros2/install/arm_control/share/arm_control/hook/ament_prefix_path.ps1'
[7.092s] INFO:colcon.colcon_core.shell:Creating environment descriptor '/mnt/c/Users/conno/OneDrive/Documents/Github/surgical-arm-ros2/install/arm_control/share/arm_control/hook/ament_prefix_path.dsv'
[7.122s] INFO:colcon.colcon_core.shell:Creating environment hook '/mnt/c/Users/conno/OneDrive/Documents/Github/surgical-arm-ros2/install/arm_control/share/arm_control/hook/ament_prefix_path.sh'
[7.157s] INFO:colcon.colcon_core.shell:Skip shell extension 'powershell' for command environment: Not usable outside of PowerShell
[7.157s] DEBUG:colcon.colcon_core.shell:Skip shell extension 'dsv' for command environment
[14.897s] INFO:colcon.colcon_core.task.python.build:Building Python package in '/mnt/c/Users/conno/OneDrive/Documents/Github/surgical-arm-ros2/src/arm_control'
[14.898s] INFO:colcon.colcon_core.shell:Skip shell extension 'powershell' for command environment: Not usable outside of PowerShell
[14.898s] DEBUG:colcon.colcon_core.shell:Skip shell extension 'dsv' for command environment
[29.621s] DEBUG:colcon.colcon_core.event_handler.log_command:Invoking command in '/mnt/c/Users/conno/OneDrive/Documents/Github/surgical-arm-ros2/build/arm_control': PYTHONPATH=/mnt/c/Users/conno/OneDrive/Documents/Github/surgical-arm-ros2/build/arm_control/prefix_override:/usr/lib/python3/dist-packages/colcon_core/task/python/colcon_distutils_commands:/mnt/c/Users/conno/OneDrive/Documents/Github/surgical-arm-ros2/install/arm_control/lib/python3.12/site-packages:${PYTHONPATH} /usr/bin/python3 -W ignore:setup.py install is deprecated -W ignore:easy_install command is deprecated setup.py develop --editable --build-directory /mnt/c/Users/conno/OneDrive/Documents/Github/surgical-arm-ros2/build/arm_control/build --no-deps symlink_data
[44.615s] Level 1:colcon.colcon_core.shell:create_environment_hook('arm_control', 'pythonpath_develop')
[44.617s] INFO:colcon.colcon_core.shell:Creating environment hook '/mnt/c/Users/conno/OneDrive/Documents/Github/surgical-arm-ros2/build/arm_control/share/arm_control/hook/pythonpath_develop.ps1'
[44.619s] DEBUG:colcon.colcon_core.event_handler.log_command:Invoked command in '/mnt/c/Users/conno/OneDrive/Documents/Github/surgical-arm-ros2/build/arm_control' returned '0': PYTHONPATH=/mnt/c/Users/conno/OneDrive/Documents/Github/surgical-arm-ros2/build/arm_control/prefix_override:/usr/lib/python3/dist-packages/colcon_core/task/python/colcon_distutils_commands:/mnt/c/Users/conno/OneDrive/Documents/Github/surgical-arm-ros2/install/arm_control/lib/python3.12/site-packages:${PYTHONPATH} /usr/bin/python3 -W ignore:setup.py install is deprecated -W ignore:easy_install command is deprecated setup.py develop --editable --build-directory /mnt/c/Users/conno/OneDrive/Documents/Github/surgical-arm-ros2/build/arm_control/build --no-deps symlink_data
[44.658s] INFO:colcon.colcon_core.shell:Creating environment descriptor '/mnt/c/Users/conno/OneDrive/Documents/Github/surgical-arm-ros2/build/arm_control/share/arm_control/hook/pythonpath_develop.dsv'
[44.690s] INFO:colcon.colcon_core.shell:Creating environment hook '/mnt/c/Users/conno/OneDrive/Documents/Github/surgical-arm-ros2/build/arm_control/share/arm_control/hook/pythonpath_develop.sh'
[44.837s] Level 1:colcon.colcon_core.environment:checking '/mnt/c/Users/conno/OneDrive/Documents/Github/surgical-arm-ros2/install/arm_control' for CMake module files
[44.939s] Level 1:colcon.colcon_core.environment:checking '/mnt/c/Users/conno/OneDrive/Documents/Github/surgical-arm-ros2/install/arm_control' for CMake config files
[45.092s] Level 1:colcon.colcon_core.environment:checking '/mnt/c/Users/conno/OneDrive/Documents/Github/surgical-arm-ros2/install/arm_control/lib'
[45.102s] Level 1:colcon.colcon_core.environment:checking '/mnt/c/Users/conno/OneDrive/Documents/Github/surgical-arm-ros2/install/arm_control/bin'
[45.104s] Level 1:colcon.colcon_core.environment:checking '/mnt/c/Users/conno/OneDrive/Documents/Github/surgical-arm-ros2/install/arm_control/lib/pkgconfig/arm_control.pc'
[45.108s] Level 1:colcon.colcon_core.environment:checking '/mnt/c/Users/conno/OneDrive/Documents/Github/surgical-arm-ros2/install/arm_control/lib/python3.12/site-packages'
[45.114s] Level 1:colcon.colcon_core.shell:create_environment_hook('arm_control', 'pythonpath')
[45.115s] INFO:colcon.colcon_core.shell:Creating environment hook '/mnt/c/Users/conno/OneDrive/Documents/Github/surgical-arm-ros2/install/arm_control/share/arm_control/hook/pythonpath.ps1'
[45.145s] INFO:colcon.colcon_core.shell:Creating environment descriptor '/mnt/c/Users/conno/OneDrive/Documents/Github/surgical-arm-ros2/install/arm_control/share/arm_control/hook/pythonpath.dsv'
[45.179s] INFO:colcon.colcon_core.shell:Creating environment hook '/mnt/c/Users/conno/OneDrive/Documents/Github/surgical-arm-ros2/install/arm_control/share/arm_control/hook/pythonpath.sh'
[45.210s] Level 1:colcon.colcon_core.environment:checking '/mnt/c/Users/conno/OneDrive/Documents/Github/surgical-arm-ros2/install/arm_control/bin'
[45.213s] Level 1:colcon.colcon_core.environment:create_environment_scripts_only(arm_control)
[45.214s] INFO:colcon.colcon_core.shell:Creating package script '/mnt/c/Users/conno/OneDrive/Documents/Github/surgical-arm-ros2/install/arm_control/share/arm_control/package.ps1'
[45.239s] INFO:colcon.colcon_core.shell:Creating package descriptor '/mnt/c/Users/conno/OneDrive/Documents/Github/surgical-arm-ros2/install/arm_control/share/arm_control/package.dsv'
[45.264s] INFO:colcon.colcon_core.shell:Creating package script '/mnt/c/Users/conno/OneDrive/Documents/Github/surgical-arm-ros2/install/arm_control/share/arm_control/package.sh'
[45.291s] INFO:colcon.colcon_core.shell:Creating package script '/mnt/c/Users/conno/OneDrive/Documents/Github/surgical-arm-ros2/install/arm_control/share/arm_control/package.bash'
[45.318s] INFO:colcon.colcon_core.shell:Creating package script '/mnt/c/Users/conno/OneDrive/Documents/Github/surgical-arm-ros2/install/arm_control/share/arm_control/package.zsh'
[45.344s] Level 1:colcon.colcon_core.environment:create_file_with_runtime_dependencies(/mnt/c/Users/conno/OneDrive/Documents/Github/surgical-arm-ros2/install/arm_control/share/colcon-core/packages/arm_control)
[45.372s] DEBUG:colcon.colcon_parallel_executor.executor.parallel:closing loop
[45.374s] DEBUG:colcon.colcon_parallel_executor.executor.parallel:loop closed
[45.374s] DEBUG:colcon.colcon_parallel_executor.executor.parallel:run_until_complete finished with '0'
[45.375s] DEBUG:colcon.colcon_core.event_reactor:joining thread
[45.715s] INFO:colcon.colcon_core.plugin_system:Skipping extension 'colcon_notification.desktop_notification.notify_send': Could not find 'notify-send'
[45.716s] INFO:colcon.colcon_core.plugin_system:Skipping extension 'colcon_notification.desktop_notification.terminal_notifier': Not used on non-Darwin systems
[45.716s] INFO:colcon.colcon_core.plugin_system:Skipping extension 'colcon_notification.desktop_notification.win32': Not used on non-Windows systems
[45.717s] INFO:colcon.colcon_notification.desktop_notification:Sending desktop notification using 'notify2'
[45.720s] DEBUG:colcon.colcon_notification.desktop_notification.notify2:Failed to initialize notify2: org.freedesktop.DBus.Error.ServiceUnknown: The name org.freedesktop.Notifications was not provided by any .service files
[45.721s] DEBUG:colcon.colcon_core.event_reactor:joined thread
[45.721s] INFO:colcon.colcon_core.shell:Creating prefix script '/mnt/c/Users/conno/OneDrive/Documents/Github/surgical-arm-ros2/install/local_setup.ps1'
[45.732s] INFO:colcon.colcon_core.shell:Creating prefix util module '/mnt/c/Users/conno/OneDrive/Documents/Github/surgical-arm-ros2/install/_local_setup_util_ps1.py'
[45.746s] INFO:colcon.colcon_core.shell:Creating prefix chain script '/mnt/c/Users/conno/OneDrive/Documents/Github/surgical-arm-ros2/install/setup.ps1'
[46.142s] INFO:colcon.colcon_core.shell:Creating prefix script '/mnt/c/Users/conno/OneDrive/Documents/Github/surgical-arm-ros2/install/local_setup.sh'
[46.156s] INFO:colcon.colcon_core.shell:Creating prefix util module '/mnt/c/Users/conno/OneDrive/Documents/Github/surgical-arm-ros2/install/_local_setup_util_sh.py'
[46.169s] INFO:colcon.colcon_core.shell:Creating prefix chain script '/mnt/c/Users/conno/OneDrive/Documents/Github/surgical-arm-ros2/install/setup.sh'
[46.582s] INFO:colcon.colcon_core.shell:Creating prefix script '/mnt/c/Users/conno/OneDrive/Documents/Github/surgical-arm-ros2/install/local_setup.bash'
[46.595s] INFO:colcon.colcon_core.shell:Creating prefix chain script '/mnt/c/Users/conno/OneDrive/Documents/Github/surgical-arm-ros2/install/setup.bash'
[47.021s] INFO:colcon.colcon_core.shell:Creating prefix script '/mnt/c/Users/conno/OneDrive/Documents/Github/surgical-arm-ros2/install/local_setup.zsh'
[47.035s] INFO:colcon.colcon_core.shell:Creating prefix chain script '/mnt/c/Users/conno/OneDrive/Documents/Github/surgical-arm-ros2/install/setup.zsh'
