[4.274s] DEBUG:colcon:Command line arguments: ['/usr/bin/colcon', 'build']
[4.275s] DEBUG:colcon:Parsed command line arguments: Namespace(log_base=None, log_level=None, verb_name='build', build_base='build', install_base='install', merge_install=False, symlink_install=False, test_result_base=None, continue_on_error=False, executor='parallel', parallel_workers=24, event_handlers=None, ignore_user_meta=False, metas=['./colcon.meta'], base_paths=['.'], packages_ignore=None, packages_ignore_regex=None, paths=None, packages_up_to=None, packages_up_to_regex=None, packages_above=None, packages_above_and_dependencies=None, packages_above_depth=None, packages_select_by_dep=None, packages_skip_by_dep=None, packages_skip_up_to=None, packages_select_build_failed=False, packages_skip_build_finished=False, packages_select_test_failures=False, packages_skip_test_passed=False, packages_select=None, packages_skip=None, packages_select_regex=None, packages_skip_regex=None, packages_start=None, packages_end=None, allow_overriding=[], cmake_args=None, cmake_target=None, cmake_target_skip_unavailable=False, cmake_clean_cache=False, cmake_clean_first=False, cmake_force_configure=False, ament_cmake_args=None, catkin_cmake_args=None, catkin_skip_building_tests=False, verb_parser=<colcon_defaults.argument_parser.defaults.DefaultArgumentsDecorator object at 0x75d198377980>, verb_extension=<colcon_core.verb.build.BuildVerb object at 0x75d1983776e0>, main=<bound method BuildVerb.main of <colcon_core.verb.build.BuildVerb object at 0x75d1983776e0>>)
[4.962s] Level 1:colcon.colcon_core.package_discovery:discover_packages(colcon_meta) check parameters
[4.963s] Level 1:colcon.colcon_core.package_discovery:discover_packages(recursive) check parameters
[4.964s] Level 1:colcon.colcon_core.package_discovery:discover_packages(ignore) check parameters
[4.964s] Level 1:colcon.colcon_core.package_discovery:discover_packages(path) check parameters
[4.965s] Level 1:colcon.colcon_core.package_discovery:discover_packages(colcon_meta) discover
[4.965s] Level 1:colcon.colcon_core.package_discovery:discover_packages(recursive) discover
[4.966s] INFO:colcon.colcon_core.package_discovery:Crawling recursively for packages in '/mnt/c/Users/conno/OneDrive/Documents/Github/surgical-arm-ros2'
[4.970s] Level 1:colcon.colcon_core.package_identification:_identify(.) by extensions ['ignore', 'ignore_ament_install']
[4.970s] Level 1:colcon.colcon_core.package_identification:_identify(.) by extension 'ignore'
[4.971s] Level 1:colcon.colcon_core.package_identification:_identify(.) by extension 'ignore_ament_install'
[4.972s] Level 1:colcon.colcon_core.package_identification:_identify(.) by extensions ['colcon_pkg']
[4.973s] Level 1:colcon.colcon_core.package_identification:_identify(.) by extension 'colcon_pkg'
[4.973s] Level 1:colcon.colcon_core.package_identification:_identify(.) by extensions ['colcon_meta']
[4.974s] Level 1:colcon.colcon_core.package_identification:_identify(.) by extension 'colcon_meta'
[4.974s] Level 1:colcon.colcon_core.package_identification:_identify(.) by extensions ['ros']
[4.975s] Level 1:colcon.colcon_core.package_identification:_identify(.) by extension 'ros'
[5.396s] Level 1:colcon.colcon_core.package_identification:_identify(.) by extensions ['cmake', 'python']
[5.397s] Level 1:colcon.colcon_core.package_identification:_identify(.) by extension 'cmake'
[5.398s] Level 1:colcon.colcon_core.package_identification:_identify(.) by extension 'python'
[5.399s] Level 1:colcon.colcon_core.package_identification:_identify(.) by extensions ['python_setup_py']
[5.399s] Level 1:colcon.colcon_core.package_identification:_identify(.) by extension 'python_setup_py'
[5.405s] Level 1:colcon.colcon_core.package_identification:_identify(build) by extensions ['ignore', 'ignore_ament_install']
[5.406s] Level 1:colcon.colcon_core.package_identification:_identify(build) by extension 'ignore'
[5.409s] Level 1:colcon.colcon_core.package_identification:_identify(build) ignored
[5.416s] Level 1:colcon.colcon_core.package_identification:_identify(install) by extensions ['ignore', 'ignore_ament_install']
[5.416s] Level 1:colcon.colcon_core.package_identification:_identify(install) by extension 'ignore'
[5.419s] Level 1:colcon.colcon_core.package_identification:_identify(install) ignored
[5.429s] Level 1:colcon.colcon_core.package_identification:_identify(log) by extensions ['ignore', 'ignore_ament_install']
[5.430s] Level 1:colcon.colcon_core.package_identification:_identify(log) by extension 'ignore'
[5.432s] Level 1:colcon.colcon_core.package_identification:_identify(log) ignored
[5.437s] Level 1:colcon.colcon_core.package_identification:_identify(src) by extensions ['ignore', 'ignore_ament_install']
[5.437s] Level 1:colcon.colcon_core.package_identification:_identify(src) by extension 'ignore'
[5.439s] Level 1:colcon.colcon_core.package_identification:_identify(src) by extension 'ignore_ament_install'
[5.443s] Level 1:colcon.colcon_core.package_identification:_identify(src) by extensions ['colcon_pkg']
[5.444s] Level 1:colcon.colcon_core.package_identification:_identify(src) by extension 'colcon_pkg'
[5.446s] Level 1:colcon.colcon_core.package_identification:_identify(src) by extensions ['colcon_meta']
[5.447s] Level 1:colcon.colcon_core.package_identification:_identify(src) by extension 'colcon_meta'
[5.449s] Level 1:colcon.colcon_core.package_identification:_identify(src) by extensions ['ros']
[5.449s] Level 1:colcon.colcon_core.package_identification:_identify(src) by extension 'ros'
[5.456s] Level 1:colcon.colcon_core.package_identification:_identify(src) by extensions ['cmake', 'python']
[5.457s] Level 1:colcon.colcon_core.package_identification:_identify(src) by extension 'cmake'
[5.459s] Level 1:colcon.colcon_core.package_identification:_identify(src) by extension 'python'
[5.460s] Level 1:colcon.colcon_core.package_identification:_identify(src) by extensions ['python_setup_py']
[5.461s] Level 1:colcon.colcon_core.package_identification:_identify(src) by extension 'python_setup_py'
[5.472s] Level 1:colcon.colcon_core.package_identification:_identify(src/arm_control) by extensions ['ignore', 'ignore_ament_install']
[5.473s] Level 1:colcon.colcon_core.package_identification:_identify(src/arm_control) by extension 'ignore'
[5.476s] Level 1:colcon.colcon_core.package_identification:_identify(src/arm_control) by extension 'ignore_ament_install'
[5.481s] Level 1:colcon.colcon_core.package_identification:_identify(src/arm_control) by extensions ['colcon_pkg']
[5.482s] Level 1:colcon.colcon_core.package_identification:_identify(src/arm_control) by extension 'colcon_pkg'
[5.485s] Level 1:colcon.colcon_core.package_identification:_identify(src/arm_control) by extensions ['colcon_meta']
[5.485s] Level 1:colcon.colcon_core.package_identification:_identify(src/arm_control) by extension 'colcon_meta'
[5.489s] Level 1:colcon.colcon_core.package_identification:_identify(src/arm_control) by extensions ['ros']
[5.490s] Level 1:colcon.colcon_core.package_identification:_identify(src/arm_control) by extension 'ros'
[5.523s] DEBUG:colcon.colcon_core.package_identification:Package 'src/arm_control' with type 'ros.ament_python' and name 'arm_control'
[5.524s] Level 1:colcon.colcon_core.package_discovery:discover_packages(recursive) using defaults
[5.524s] Level 1:colcon.colcon_core.package_discovery:discover_packages(ignore) discover
[5.525s] Level 1:colcon.colcon_core.package_discovery:discover_packages(ignore) using defaults
[5.525s] Level 1:colcon.colcon_core.package_discovery:discover_packages(path) discover
[5.525s] Level 1:colcon.colcon_core.package_discovery:discover_packages(path) using defaults
[6.450s] Level 1:colcon.colcon_core.package_discovery:discover_packages(prefix_path) check parameters
[6.451s] Level 1:colcon.colcon_core.package_discovery:discover_packages(prefix_path) discover
[6.473s] WARNING:colcon.colcon_ros.prefix_path.ament:The path '/mnt/c/Users/conno/OneDrive/Documents/Github/surgical-arm-ros2/install/my_package' in the environment variable AMENT_PREFIX_PATH doesn't exist
[6.475s] WARNING:colcon.colcon_ros.prefix_path.ament:The path '/mnt/c/Users/conno/OneDrive/Documents/Github/surgical-arm-ros2/install/arm-control' in the environment variable AMENT_PREFIX_PATH doesn't exist
[7.481s] DEBUG:colcon.colcon_installed_package_information.package_discovery:Found 1 installed packages in /mnt/c/Users/conno/OneDrive/Documents/Github/surgical-arm-ros2/install
[7.870s] DEBUG:colcon.colcon_installed_package_information.package_discovery:Found 22 installed packages in /mnt/c/Users/conno/OneDrive/Documents/Github/learn-ros2-ws/install
[7.874s] DEBUG:colcon.colcon_installed_package_information.package_discovery:Found 288 installed packages in /opt/ros/jazzy
[8.028s] Level 1:colcon.colcon_core.package_discovery:discover_packages(prefix_path) using defaults
[9.097s] Level 5:colcon.colcon_core.verb:set package 'arm_control' build argument 'cmake_args' from command line to 'None'
[9.098s] Level 5:colcon.colcon_core.verb:set package 'arm_control' build argument 'cmake_target' from command line to 'None'
[9.098s] Level 5:colcon.colcon_core.verb:set package 'arm_control' build argument 'cmake_target_skip_unavailable' from command line to 'False'
[9.099s] Level 5:colcon.colcon_core.verb:set package 'arm_control' build argument 'cmake_clean_cache' from command line to 'False'
[9.099s] Level 5:colcon.colcon_core.verb:set package 'arm_control' build argument 'cmake_clean_first' from command line to 'False'
[9.099s] Level 5:colcon.colcon_core.verb:set package 'arm_control' build argument 'cmake_force_configure' from command line to 'False'
[9.100s] Level 5:colcon.colcon_core.verb:set package 'arm_control' build argument 'ament_cmake_args' from command line to 'None'
[9.100s] Level 5:colcon.colcon_core.verb:set package 'arm_control' build argument 'catkin_cmake_args' from command line to 'None'
[9.101s] Level 5:colcon.colcon_core.verb:set package 'arm_control' build argument 'catkin_skip_building_tests' from command line to 'False'
[9.101s] DEBUG:colcon.colcon_core.verb:Building package 'arm_control' with the following arguments: {'ament_cmake_args': None, 'build_base': '/mnt/c/Users/conno/OneDrive/Documents/Github/surgical-arm-ros2/build/arm_control', 'catkin_cmake_args': None, 'catkin_skip_building_tests': False, 'cmake_args': None, 'cmake_clean_cache': False, 'cmake_clean_first': False, 'cmake_force_configure': False, 'cmake_target': None, 'cmake_target_skip_unavailable': False, 'install_base': '/mnt/c/Users/conno/OneDrive/Documents/Github/surgical-arm-ros2/install/arm_control', 'merge_install': False, 'path': '/mnt/c/Users/conno/OneDrive/Documents/Github/surgical-arm-ros2/src/arm_control', 'symlink_install': False, 'test_result_base': None}
[9.102s] INFO:colcon.colcon_core.executor:Executing jobs using 'parallel' executor
[9.105s] DEBUG:colcon.colcon_parallel_executor.executor.parallel:run_until_complete
[9.106s] INFO:colcon.colcon_ros.task.ament_python.build:Building ROS package in '/mnt/c/Users/conno/OneDrive/Documents/Github/surgical-arm-ros2/src/arm_control' with build type 'ament_python'
[9.106s] Level 1:colcon.colcon_core.shell:create_environment_hook('arm_control', 'ament_prefix_path')
[9.266s] INFO:colcon.colcon_core.plugin_system:Skipping extension 'colcon_core.shell.bat': Not used on non-Windows systems
[9.267s] INFO:colcon.colcon_core.shell:Creating environment hook '/mnt/c/Users/conno/OneDrive/Documents/Github/surgical-arm-ros2/install/arm_control/share/arm_control/hook/ament_prefix_path.ps1'
[9.318s] INFO:colcon.colcon_core.shell:Creating environment descriptor '/mnt/c/Users/conno/OneDrive/Documents/Github/surgical-arm-ros2/install/arm_control/share/arm_control/hook/ament_prefix_path.dsv'
[9.351s] INFO:colcon.colcon_core.shell:Creating environment hook '/mnt/c/Users/conno/OneDrive/Documents/Github/surgical-arm-ros2/install/arm_control/share/arm_control/hook/ament_prefix_path.sh'
[9.395s] INFO:colcon.colcon_core.shell:Skip shell extension 'powershell' for command environment: Not usable outside of PowerShell
[9.395s] DEBUG:colcon.colcon_core.shell:Skip shell extension 'dsv' for command environment
[18.886s] INFO:colcon.colcon_core.task.python.build:Building Python package in '/mnt/c/Users/conno/OneDrive/Documents/Github/surgical-arm-ros2/src/arm_control'
[18.887s] INFO:colcon.colcon_core.shell:Skip shell extension 'powershell' for command environment: Not usable outside of PowerShell
[18.887s] DEBUG:colcon.colcon_core.shell:Skip shell extension 'dsv' for command environment
[37.972s] DEBUG:colcon.colcon_core.event_handler.log_command:Invoking command in '/mnt/c/Users/conno/OneDrive/Documents/Github/surgical-arm-ros2/src/arm_control': PS1=(.venv) \[\e]0;\u@\h: \w\a\]${debian_chroot:+($debian_chroot)}\[\033[01;32m\]\u@\h\[\033[00m\]:\[\033[01;34m\]\w\[\033[00m\]\$ PYTHONPATH=/mnt/c/Users/conno/OneDrive/Documents/Github/surgical-arm-ros2/build/arm_control/prefix_override:/usr/lib/python3/dist-packages/colcon_core/task/python/colcon_distutils_commands:/mnt/c/Users/conno/OneDrive/Documents/Github/surgical-arm-ros2/install/arm_control/lib/python3.12/site-packages:${PYTHONPATH} VIRTUAL_ENV_PROMPT=(.venv) /usr/bin/python3 -W ignore:setup.py install is deprecated -W ignore:easy_install command is deprecated setup.py egg_info --egg-base ../../build/arm_control build --build-base /mnt/c/Users/conno/OneDrive/Documents/Github/surgical-arm-ros2/build/arm_control/build install --record /mnt/c/Users/conno/OneDrive/Documents/Github/surgical-arm-ros2/build/arm_control/install.log --single-version-externally-managed install_data
[57.424s] DEBUG:colcon.colcon_core.event_handler.log_command:Invoked command in '/mnt/c/Users/conno/OneDrive/Documents/Github/surgical-arm-ros2/src/arm_control' returned '0': PS1=(.venv) \[\e]0;\u@\h: \w\a\]${debian_chroot:+($debian_chroot)}\[\033[01;32m\]\u@\h\[\033[00m\]:\[\033[01;34m\]\w\[\033[00m\]\$ PYTHONPATH=/mnt/c/Users/conno/OneDrive/Documents/Github/surgical-arm-ros2/build/arm_control/prefix_override:/usr/lib/python3/dist-packages/colcon_core/task/python/colcon_distutils_commands:/mnt/c/Users/conno/OneDrive/Documents/Github/surgical-arm-ros2/install/arm_control/lib/python3.12/site-packages:${PYTHONPATH} VIRTUAL_ENV_PROMPT=(.venv) /usr/bin/python3 -W ignore:setup.py install is deprecated -W ignore:easy_install command is deprecated setup.py egg_info --egg-base ../../build/arm_control build --build-base /mnt/c/Users/conno/OneDrive/Documents/Github/surgical-arm-ros2/build/arm_control/build install --record /mnt/c/Users/conno/OneDrive/Documents/Github/surgical-arm-ros2/build/arm_control/install.log --single-version-externally-managed install_data
[57.599s] Level 1:colcon.colcon_core.environment:checking '/mnt/c/Users/conno/OneDrive/Documents/Github/surgical-arm-ros2/install/arm_control' for CMake module files
[57.726s] Level 1:colcon.colcon_core.environment:checking '/mnt/c/Users/conno/OneDrive/Documents/Github/surgical-arm-ros2/install/arm_control' for CMake config files
[58.043s] Level 1:colcon.colcon_core.environment:checking '/mnt/c/Users/conno/OneDrive/Documents/Github/surgical-arm-ros2/install/arm_control/lib'
[58.056s] Level 1:colcon.colcon_core.environment:checking '/mnt/c/Users/conno/OneDrive/Documents/Github/surgical-arm-ros2/install/arm_control/bin'
[58.060s] Level 1:colcon.colcon_core.environment:checking '/mnt/c/Users/conno/OneDrive/Documents/Github/surgical-arm-ros2/install/arm_control/lib/pkgconfig/arm_control.pc'
[58.065s] Level 1:colcon.colcon_core.environment:checking '/mnt/c/Users/conno/OneDrive/Documents/Github/surgical-arm-ros2/install/arm_control/lib/python3.12/site-packages'
[58.074s] Level 1:colcon.colcon_core.shell:create_environment_hook('arm_control', 'pythonpath')
[58.075s] INFO:colcon.colcon_core.shell:Creating environment hook '/mnt/c/Users/conno/OneDrive/Documents/Github/surgical-arm-ros2/install/arm_control/share/arm_control/hook/pythonpath.ps1'
[58.126s] INFO:colcon.colcon_core.shell:Creating environment descriptor '/mnt/c/Users/conno/OneDrive/Documents/Github/surgical-arm-ros2/install/arm_control/share/arm_control/hook/pythonpath.dsv'
[58.161s] INFO:colcon.colcon_core.shell:Creating environment hook '/mnt/c/Users/conno/OneDrive/Documents/Github/surgical-arm-ros2/install/arm_control/share/arm_control/hook/pythonpath.sh'
[58.213s] Level 1:colcon.colcon_core.environment:checking '/mnt/c/Users/conno/OneDrive/Documents/Github/surgical-arm-ros2/install/arm_control/bin'
[58.216s] Level 1:colcon.colcon_core.environment:create_environment_scripts_only(arm_control)
[58.217s] INFO:colcon.colcon_core.shell:Creating package script '/mnt/c/Users/conno/OneDrive/Documents/Github/surgical-arm-ros2/install/arm_control/share/arm_control/package.ps1'
[58.273s] INFO:colcon.colcon_core.shell:Creating package descriptor '/mnt/c/Users/conno/OneDrive/Documents/Github/surgical-arm-ros2/install/arm_control/share/arm_control/package.dsv'
[58.306s] INFO:colcon.colcon_core.shell:Creating package script '/mnt/c/Users/conno/OneDrive/Documents/Github/surgical-arm-ros2/install/arm_control/share/arm_control/package.sh'
[58.497s] INFO:colcon.colcon_core.shell:Creating package script '/mnt/c/Users/conno/OneDrive/Documents/Github/surgical-arm-ros2/install/arm_control/share/arm_control/package.bash'
[58.544s] INFO:colcon.colcon_core.shell:Creating package script '/mnt/c/Users/conno/OneDrive/Documents/Github/surgical-arm-ros2/install/arm_control/share/arm_control/package.zsh'
[58.591s] Level 1:colcon.colcon_core.environment:create_file_with_runtime_dependencies(/mnt/c/Users/conno/OneDrive/Documents/Github/surgical-arm-ros2/install/arm_control/share/colcon-core/packages/arm_control)
[58.615s] DEBUG:colcon.colcon_parallel_executor.executor.parallel:closing loop
[58.616s] DEBUG:colcon.colcon_parallel_executor.executor.parallel:loop closed
[58.618s] DEBUG:colcon.colcon_parallel_executor.executor.parallel:run_until_complete finished with '0'
[58.618s] DEBUG:colcon.colcon_core.event_reactor:joining thread
[59.075s] INFO:colcon.colcon_core.plugin_system:Skipping extension 'colcon_notification.desktop_notification.notify_send': Could not find 'notify-send'
[59.076s] INFO:colcon.colcon_core.plugin_system:Skipping extension 'colcon_notification.desktop_notification.terminal_notifier': Not used on non-Darwin systems
[59.077s] INFO:colcon.colcon_core.plugin_system:Skipping extension 'colcon_notification.desktop_notification.win32': Not used on non-Windows systems
[59.077s] INFO:colcon.colcon_notification.desktop_notification:Sending desktop notification using 'notify2'
[59.084s] DEBUG:colcon.colcon_notification.desktop_notification.notify2:Failed to initialize notify2: org.freedesktop.DBus.Error.ServiceUnknown: The name org.freedesktop.Notifications was not provided by any .service files
[59.085s] DEBUG:colcon.colcon_core.event_reactor:joined thread
[59.086s] INFO:colcon.colcon_core.shell:Creating prefix script '/mnt/c/Users/conno/OneDrive/Documents/Github/surgical-arm-ros2/install/local_setup.ps1'
[59.142s] INFO:colcon.colcon_core.shell:Creating prefix util module '/mnt/c/Users/conno/OneDrive/Documents/Github/surgical-arm-ros2/install/_local_setup_util_ps1.py'
[59.157s] INFO:colcon.colcon_core.shell:Creating prefix chain script '/mnt/c/Users/conno/OneDrive/Documents/Github/surgical-arm-ros2/install/setup.ps1'
[59.784s] INFO:colcon.colcon_core.shell:Creating prefix script '/mnt/c/Users/conno/OneDrive/Documents/Github/surgical-arm-ros2/install/local_setup.sh'
[59.831s] INFO:colcon.colcon_core.shell:Creating prefix util module '/mnt/c/Users/conno/OneDrive/Documents/Github/surgical-arm-ros2/install/_local_setup_util_sh.py'
[59.845s] INFO:colcon.colcon_core.shell:Creating prefix chain script '/mnt/c/Users/conno/OneDrive/Documents/Github/surgical-arm-ros2/install/setup.sh'
[60.560s] INFO:colcon.colcon_core.shell:Creating prefix script '/mnt/c/Users/conno/OneDrive/Documents/Github/surgical-arm-ros2/install/local_setup.bash'
[60.577s] INFO:colcon.colcon_core.shell:Creating prefix chain script '/mnt/c/Users/conno/OneDrive/Documents/Github/surgical-arm-ros2/install/setup.bash'
[61.195s] INFO:colcon.colcon_core.shell:Creating prefix script '/mnt/c/Users/conno/OneDrive/Documents/Github/surgical-arm-ros2/install/local_setup.zsh'
[61.231s] INFO:colcon.colcon_core.shell:Creating prefix chain script '/mnt/c/Users/conno/OneDrive/Documents/Github/surgical-arm-ros2/install/setup.zsh'
