[1.491s] Invoking command in '/home/connor/robotics_projects/surgical-arm-ros2/src/arm_control': PS1=(venv) \[\e]0;\u@\h: \w\a\]${debian_chroot:+($debian_chroot)}\[\033[01;32m\]\u@\h\[\033[00m\]:\[\033[01;34m\]\w\[\033[00m\]\$ PYTHONPATH=/home/connor/robotics_projects/surgical-arm-ros2/build/arm_control/prefix_override:/usr/lib/python3/dist-packages/colcon_core/task/python/colcon_distutils_commands:/home/connor/robotics_projects/surgical-arm-ros2/install/arm_control/lib/python3.12/site-packages:${PYTHONPATH} VIRTUAL_ENV_PROMPT=(venv) /usr/bin/python3 -W ignore:setup.py install is deprecated -W ignore:easy_install command is deprecated setup.py egg_info --egg-base ../../build/arm_control build --build-base /home/connor/robotics_projects/surgical-arm-ros2/build/arm_control/build install --record /home/connor/robotics_projects/surgical-arm-ros2/build/arm_control/install.log --single-version-externally-managed install_data
[1.935s] running egg_info
[1.972s] writing ../../build/arm_control/arm_control.egg-info/PKG-INFO
[1.973s] writing dependency_links to ../../build/arm_control/arm_control.egg-info/dependency_links.txt
[1.973s] writing entry points to ../../build/arm_control/arm_control.egg-info/entry_points.txt
[1.975s] writing requirements to ../../build/arm_control/arm_control.egg-info/requires.txt
[1.976s] writing top-level names to ../../build/arm_control/arm_control.egg-info/top_level.txt
[2.048s] reading manifest file '../../build/arm_control/arm_control.egg-info/SOURCES.txt'
[2.049s] adding license file 'LICENSE'
[2.051s] writing manifest file '../../build/arm_control/arm_control.egg-info/SOURCES.txt'
[2.051s] running build
[2.052s] running build_py
[2.052s] copying arm_control/teleop_transformer.py -> /home/connor/robotics_projects/surgical-arm-ros2/build/arm_control/build/lib/arm_control
[2.054s] running install
[2.067s] running install_lib
[2.100s] copying /home/connor/robotics_projects/surgical-arm-ros2/build/arm_control/build/lib/arm_control/teleop_transformer.py -> /home/connor/robotics_projects/surgical-arm-ros2/install/arm_control/lib/python3.12/site-packages/arm_control
[2.102s] byte-compiling /home/connor/robotics_projects/surgical-arm-ros2/install/arm_control/lib/python3.12/site-packages/arm_control/teleop_transformer.py to teleop_transformer.cpython-312.pyc
[2.104s] running install_data
[2.106s] running install_egg_info
[2.135s] removing '/home/connor/robotics_projects/surgical-arm-ros2/install/arm_control/lib/python3.12/site-packages/arm_control-0.0.0-py3.12.egg-info' (and everything under it)
[2.136s] Copying ../../build/arm_control/arm_control.egg-info to /home/connor/robotics_projects/surgical-arm-ros2/install/arm_control/lib/python3.12/site-packages/arm_control-0.0.0-py3.12.egg-info
[2.138s] running install_scripts
[2.367s] Installing camera_driver script to /home/connor/robotics_projects/surgical-arm-ros2/install/arm_control/lib/arm_control
[2.368s] Installing lerobot_driver script to /home/connor/robotics_projects/surgical-arm-ros2/install/arm_control/lib/arm_control
[2.368s] Installing lerobot_motionplan script to /home/connor/robotics_projects/surgical-arm-ros2/install/arm_control/lib/arm_control
[2.369s] Installing teleop_transformer script to /home/connor/robotics_projects/surgical-arm-ros2/install/arm_control/lib/arm_control
[2.370s] writing list of installed files to '/home/connor/robotics_projects/surgical-arm-ros2/build/arm_control/install.log'
[2.421s] Invoked command in '/home/connor/robotics_projects/surgical-arm-ros2/src/arm_control' returned '0': PS1=(venv) \[\e]0;\u@\h: \w\a\]${debian_chroot:+($debian_chroot)}\[\033[01;32m\]\u@\h\[\033[00m\]:\[\033[01;34m\]\w\[\033[00m\]\$ PYTHONPATH=/home/connor/robotics_projects/surgical-arm-ros2/build/arm_control/prefix_override:/usr/lib/python3/dist-packages/colcon_core/task/python/colcon_distutils_commands:/home/connor/robotics_projects/surgical-arm-ros2/install/arm_control/lib/python3.12/site-packages:${PYTHONPATH} VIRTUAL_ENV_PROMPT=(venv) /usr/bin/python3 -W ignore:setup.py install is deprecated -W ignore:easy_install command is deprecated setup.py egg_info --egg-base ../../build/arm_control build --build-base /home/connor/robotics_projects/surgical-arm-ros2/build/arm_control/build install --record /home/connor/robotics_projects/surgical-arm-ros2/build/arm_control/install.log --single-version-externally-managed install_data
