[0.538s] DEBUG:colcon:Command line arguments: ['/usr/bin/colcon', 'build']
[0.538s] DEBUG:colcon:Parsed command line arguments: Namespace(log_base=None, log_level=None, verb_name='build', build_base='build', install_base='install', merge_install=False, symlink_install=False, test_result_base=None, continue_on_error=False, executor='parallel', parallel_workers=24, event_handlers=None, ignore_user_meta=False, metas=['./colcon.meta'], base_paths=['.'], packages_ignore=None, packages_ignore_regex=None, paths=None, packages_up_to=None, packages_up_to_regex=None, packages_above=None, packages_above_and_dependencies=None, packages_above_depth=None, packages_select_by_dep=None, packages_skip_by_dep=None, packages_skip_up_to=None, packages_select_build_failed=False, packages_skip_build_finished=False, packages_select_test_failures=False, packages_skip_test_passed=False, packages_select=None, packages_skip=None, packages_select_regex=None, packages_skip_regex=None, packages_start=None, packages_end=None, allow_overriding=[], cmake_args=None, cmake_target=None, cmake_target_skip_unavailable=False, cmake_clean_cache=False, cmake_clean_first=False, cmake_force_configure=False, ament_cmake_args=None, catkin_cmake_args=None, catkin_skip_building_tests=False, verb_parser=<colcon_defaults.argument_parser.defaults.DefaultArgumentsDecorator object at 0x71d5cef3ec00>, verb_extension=<colcon_core.verb.build.BuildVerb object at 0x71d5cef3e8d0>, main=<bound method BuildVerb.main of <colcon_core.verb.build.BuildVerb object at 0x71d5cef3e8d0>>)
[0.658s] Level 1:colcon.colcon_core.package_discovery:discover_packages(colcon_meta) check parameters
[0.659s] Level 1:colcon.colcon_core.package_discovery:discover_packages(recursive) check parameters
[0.659s] Level 1:colcon.colcon_core.package_discovery:discover_packages(ignore) check parameters
[0.659s] Level 1:colcon.colcon_core.package_discovery:discover_packages(path) check parameters
[0.659s] Level 1:colcon.colcon_core.package_discovery:discover_packages(colcon_meta) discover
[0.659s] Level 1:colcon.colcon_core.package_discovery:discover_packages(recursive) discover
[0.660s] INFO:colcon.colcon_core.package_discovery:Crawling recursively for packages in '/home/connor/robotics_projects/surgical-arm-ros2'
[0.660s] Level 1:colcon.colcon_core.package_identification:_identify(.) by extensions ['ignore', 'ignore_ament_install']
[0.660s] Level 1:colcon.colcon_core.package_identification:_identify(.) by extension 'ignore'
[0.661s] Level 1:colcon.colcon_core.package_identification:_identify(.) by extension 'ignore_ament_install'
[0.661s] Level 1:colcon.colcon_core.package_identification:_identify(.) by extensions ['colcon_pkg']
[0.661s] Level 1:colcon.colcon_core.package_identification:_identify(.) by extension 'colcon_pkg'
[0.661s] Level 1:colcon.colcon_core.package_identification:_identify(.) by extensions ['colcon_meta']
[0.661s] Level 1:colcon.colcon_core.package_identification:_identify(.) by extension 'colcon_meta'
[0.661s] Level 1:colcon.colcon_core.package_identification:_identify(.) by extensions ['ros']
[0.661s] Level 1:colcon.colcon_core.package_identification:_identify(.) by extension 'ros'
[0.749s] Level 1:colcon.colcon_core.package_identification:_identify(.) by extensions ['cmake', 'python']
[0.749s] Level 1:colcon.colcon_core.package_identification:_identify(.) by extension 'cmake'
[0.750s] Level 1:colcon.colcon_core.package_identification:_identify(.) by extension 'python'
[0.750s] Level 1:colcon.colcon_core.package_identification:_identify(.) by extensions ['python_setup_py']
[0.750s] Level 1:colcon.colcon_core.package_identification:_identify(.) by extension 'python_setup_py'
[0.750s] Level 1:colcon.colcon_core.package_identification:_identify(build) by extensions ['ignore', 'ignore_ament_install']
[0.751s] Level 1:colcon.colcon_core.package_identification:_identify(build) by extension 'ignore'
[0.751s] Level 1:colcon.colcon_core.package_identification:_identify(build) ignored
[0.751s] Level 1:colcon.colcon_core.package_identification:_identify(install) by extensions ['ignore', 'ignore_ament_install']
[0.752s] Level 1:colcon.colcon_core.package_identification:_identify(install) by extension 'ignore'
[0.752s] Level 1:colcon.colcon_core.package_identification:_identify(install) ignored
[0.752s] Level 1:colcon.colcon_core.package_identification:_identify(log) by extensions ['ignore', 'ignore_ament_install']
[0.753s] Level 1:colcon.colcon_core.package_identification:_identify(log) by extension 'ignore'
[0.753s] Level 1:colcon.colcon_core.package_identification:_identify(log) ignored
[0.753s] Level 1:colcon.colcon_core.package_identification:_identify(old_and_tools) by extensions ['ignore', 'ignore_ament_install']
[0.754s] Level 1:colcon.colcon_core.package_identification:_identify(old_and_tools) by extension 'ignore'
[0.754s] Level 1:colcon.colcon_core.package_identification:_identify(old_and_tools) by extension 'ignore_ament_install'
[0.754s] Level 1:colcon.colcon_core.package_identification:_identify(old_and_tools) by extensions ['colcon_pkg']
[0.754s] Level 1:colcon.colcon_core.package_identification:_identify(old_and_tools) by extension 'colcon_pkg'
[0.755s] Level 1:colcon.colcon_core.package_identification:_identify(old_and_tools) by extensions ['colcon_meta']
[0.755s] Level 1:colcon.colcon_core.package_identification:_identify(old_and_tools) by extension 'colcon_meta'
[0.755s] Level 1:colcon.colcon_core.package_identification:_identify(old_and_tools) by extensions ['ros']
[0.755s] Level 1:colcon.colcon_core.package_identification:_identify(old_and_tools) by extension 'ros'
[0.755s] Level 1:colcon.colcon_core.package_identification:_identify(old_and_tools) by extensions ['cmake', 'python']
[0.756s] Level 1:colcon.colcon_core.package_identification:_identify(old_and_tools) by extension 'cmake'
[0.756s] Level 1:colcon.colcon_core.package_identification:_identify(old_and_tools) by extension 'python'
[0.756s] Level 1:colcon.colcon_core.package_identification:_identify(old_and_tools) by extensions ['python_setup_py']
[0.756s] Level 1:colcon.colcon_core.package_identification:_identify(old_and_tools) by extension 'python_setup_py'
[0.757s] Level 1:colcon.colcon_core.package_identification:_identify(src) by extensions ['ignore', 'ignore_ament_install']
[0.757s] Level 1:colcon.colcon_core.package_identification:_identify(src) by extension 'ignore'
[0.757s] Level 1:colcon.colcon_core.package_identification:_identify(src) by extension 'ignore_ament_install'
[0.757s] Level 1:colcon.colcon_core.package_identification:_identify(src) by extensions ['colcon_pkg']
[0.758s] Level 1:colcon.colcon_core.package_identification:_identify(src) by extension 'colcon_pkg'
[0.758s] Level 1:colcon.colcon_core.package_identification:_identify(src) by extensions ['colcon_meta']
[0.758s] Level 1:colcon.colcon_core.package_identification:_identify(src) by extension 'colcon_meta'
[0.758s] Level 1:colcon.colcon_core.package_identification:_identify(src) by extensions ['ros']
[0.758s] Level 1:colcon.colcon_core.package_identification:_identify(src) by extension 'ros'
[0.759s] Level 1:colcon.colcon_core.package_identification:_identify(src) by extensions ['cmake', 'python']
[0.759s] Level 1:colcon.colcon_core.package_identification:_identify(src) by extension 'cmake'
[0.759s] Level 1:colcon.colcon_core.package_identification:_identify(src) by extension 'python'
[0.759s] Level 1:colcon.colcon_core.package_identification:_identify(src) by extensions ['python_setup_py']
[0.759s] Level 1:colcon.colcon_core.package_identification:_identify(src) by extension 'python_setup_py'
[0.760s] Level 1:colcon.colcon_core.package_identification:_identify(src/arm_control) by extensions ['ignore', 'ignore_ament_install']
[0.760s] Level 1:colcon.colcon_core.package_identification:_identify(src/arm_control) by extension 'ignore'
[0.760s] Level 1:colcon.colcon_core.package_identification:_identify(src/arm_control) by extension 'ignore_ament_install'
[0.761s] Level 1:colcon.colcon_core.package_identification:_identify(src/arm_control) by extensions ['colcon_pkg']
[0.761s] Level 1:colcon.colcon_core.package_identification:_identify(src/arm_control) by extension 'colcon_pkg'
[0.761s] Level 1:colcon.colcon_core.package_identification:_identify(src/arm_control) by extensions ['colcon_meta']
[0.761s] Level 1:colcon.colcon_core.package_identification:_identify(src/arm_control) by extension 'colcon_meta'
[0.761s] Level 1:colcon.colcon_core.package_identification:_identify(src/arm_control) by extensions ['ros']
[0.761s] Level 1:colcon.colcon_core.package_identification:_identify(src/arm_control) by extension 'ros'
[0.770s] DEBUG:colcon.colcon_core.package_identification:Package 'src/arm_control' with type 'ros.ament_python' and name 'arm_control'
[0.771s] Level 1:colcon.colcon_core.package_identification:_identify(training_bags) by extensions ['ignore', 'ignore_ament_install']
[0.771s] Level 1:colcon.colcon_core.package_identification:_identify(training_bags) by extension 'ignore'
[0.771s] Level 1:colcon.colcon_core.package_identification:_identify(training_bags) by extension 'ignore_ament_install'
[0.771s] Level 1:colcon.colcon_core.package_identification:_identify(training_bags) by extensions ['colcon_pkg']
[0.771s] Level 1:colcon.colcon_core.package_identification:_identify(training_bags) by extension 'colcon_pkg'
[0.771s] Level 1:colcon.colcon_core.package_identification:_identify(training_bags) by extensions ['colcon_meta']
[0.771s] Level 1:colcon.colcon_core.package_identification:_identify(training_bags) by extension 'colcon_meta'
[0.772s] Level 1:colcon.colcon_core.package_identification:_identify(training_bags) by extensions ['ros']
[0.772s] Level 1:colcon.colcon_core.package_identification:_identify(training_bags) by extension 'ros'
[0.772s] Level 1:colcon.colcon_core.package_identification:_identify(training_bags) by extensions ['cmake', 'python']
[0.772s] Level 1:colcon.colcon_core.package_identification:_identify(training_bags) by extension 'cmake'
[0.772s] Level 1:colcon.colcon_core.package_identification:_identify(training_bags) by extension 'python'
[0.772s] Level 1:colcon.colcon_core.package_identification:_identify(training_bags) by extensions ['python_setup_py']
[0.773s] Level 1:colcon.colcon_core.package_identification:_identify(training_bags) by extension 'python_setup_py'
[0.773s] Level 1:colcon.colcon_core.package_identification:_identify(training_bags/episode_20260624_162228) by extensions ['ignore', 'ignore_ament_install']
[0.773s] Level 1:colcon.colcon_core.package_identification:_identify(training_bags/episode_20260624_162228) by extension 'ignore'
[0.773s] Level 1:colcon.colcon_core.package_identification:_identify(training_bags/episode_20260624_162228) by extension 'ignore_ament_install'
[0.773s] Level 1:colcon.colcon_core.package_identification:_identify(training_bags/episode_20260624_162228) by extensions ['colcon_pkg']
[0.774s] Level 1:colcon.colcon_core.package_identification:_identify(training_bags/episode_20260624_162228) by extension 'colcon_pkg'
[0.774s] Level 1:colcon.colcon_core.package_identification:_identify(training_bags/episode_20260624_162228) by extensions ['colcon_meta']
[0.774s] Level 1:colcon.colcon_core.package_identification:_identify(training_bags/episode_20260624_162228) by extension 'colcon_meta'
[0.774s] Level 1:colcon.colcon_core.package_identification:_identify(training_bags/episode_20260624_162228) by extensions ['ros']
[0.774s] Level 1:colcon.colcon_core.package_identification:_identify(training_bags/episode_20260624_162228) by extension 'ros'
[0.774s] Level 1:colcon.colcon_core.package_identification:_identify(training_bags/episode_20260624_162228) by extensions ['cmake', 'python']
[0.775s] Level 1:colcon.colcon_core.package_identification:_identify(training_bags/episode_20260624_162228) by extension 'cmake'
[0.775s] Level 1:colcon.colcon_core.package_identification:_identify(training_bags/episode_20260624_162228) by extension 'python'
[0.775s] Level 1:colcon.colcon_core.package_identification:_identify(training_bags/episode_20260624_162228) by extensions ['python_setup_py']
[0.775s] Level 1:colcon.colcon_core.package_identification:_identify(training_bags/episode_20260624_162228) by extension 'python_setup_py'
[0.775s] Level 1:colcon.colcon_core.package_identification:_identify(training_bags/episode_20260630_134819) by extensions ['ignore', 'ignore_ament_install']
[0.776s] Level 1:colcon.colcon_core.package_identification:_identify(training_bags/episode_20260630_134819) by extension 'ignore'
[0.776s] Level 1:colcon.colcon_core.package_identification:_identify(training_bags/episode_20260630_134819) by extension 'ignore_ament_install'
[0.776s] Level 1:colcon.colcon_core.package_identification:_identify(training_bags/episode_20260630_134819) by extensions ['colcon_pkg']
[0.777s] Level 1:colcon.colcon_core.package_identification:_identify(training_bags/episode_20260630_134819) by extension 'colcon_pkg'
[0.778s] Level 1:colcon.colcon_core.package_identification:_identify(training_bags/episode_20260630_134819) by extensions ['colcon_meta']
[0.778s] Level 1:colcon.colcon_core.package_identification:_identify(training_bags/episode_20260630_134819) by extension 'colcon_meta'
[0.778s] Level 1:colcon.colcon_core.package_identification:_identify(training_bags/episode_20260630_134819) by extensions ['ros']
[0.778s] Level 1:colcon.colcon_core.package_identification:_identify(training_bags/episode_20260630_134819) by extension 'ros'
[0.778s] Level 1:colcon.colcon_core.package_identification:_identify(training_bags/episode_20260630_134819) by extensions ['cmake', 'python']
[0.778s] Level 1:colcon.colcon_core.package_identification:_identify(training_bags/episode_20260630_134819) by extension 'cmake'
[0.778s] Level 1:colcon.colcon_core.package_identification:_identify(training_bags/episode_20260630_134819) by extension 'python'
[0.779s] Level 1:colcon.colcon_core.package_identification:_identify(training_bags/episode_20260630_134819) by extensions ['python_setup_py']
[0.780s] Level 1:colcon.colcon_core.package_identification:_identify(training_bags/episode_20260630_134819) by extension 'python_setup_py'
[0.780s] Level 1:colcon.colcon_core.package_identification:_identify(training_bags/episode_20260630_134843) by extensions ['ignore', 'ignore_ament_install']
[0.780s] Level 1:colcon.colcon_core.package_identification:_identify(training_bags/episode_20260630_134843) by extension 'ignore'
[0.781s] Level 1:colcon.colcon_core.package_identification:_identify(training_bags/episode_20260630_134843) by extension 'ignore_ament_install'
[0.781s] Level 1:colcon.colcon_core.package_identification:_identify(training_bags/episode_20260630_134843) by extensions ['colcon_pkg']
[0.781s] Level 1:colcon.colcon_core.package_identification:_identify(training_bags/episode_20260630_134843) by extension 'colcon_pkg'
[0.781s] Level 1:colcon.colcon_core.package_identification:_identify(training_bags/episode_20260630_134843) by extensions ['colcon_meta']
[0.781s] Level 1:colcon.colcon_core.package_identification:_identify(training_bags/episode_20260630_134843) by extension 'colcon_meta'
[0.782s] Level 1:colcon.colcon_core.package_identification:_identify(training_bags/episode_20260630_134843) by extensions ['ros']
[0.782s] Level 1:colcon.colcon_core.package_identification:_identify(training_bags/episode_20260630_134843) by extension 'ros'
[0.782s] Level 1:colcon.colcon_core.package_identification:_identify(training_bags/episode_20260630_134843) by extensions ['cmake', 'python']
[0.782s] Level 1:colcon.colcon_core.package_identification:_identify(training_bags/episode_20260630_134843) by extension 'cmake'
[0.782s] Level 1:colcon.colcon_core.package_identification:_identify(training_bags/episode_20260630_134843) by extension 'python'
[0.783s] Level 1:colcon.colcon_core.package_identification:_identify(training_bags/episode_20260630_134843) by extensions ['python_setup_py']
[0.783s] Level 1:colcon.colcon_core.package_identification:_identify(training_bags/episode_20260630_134843) by extension 'python_setup_py'
[0.784s] Level 1:colcon.colcon_core.package_identification:_identify(training_bags/episode_20260630_141759) by extensions ['ignore', 'ignore_ament_install']
[0.784s] Level 1:colcon.colcon_core.package_identification:_identify(training_bags/episode_20260630_141759) by extension 'ignore'
[0.784s] Level 1:colcon.colcon_core.package_identification:_identify(training_bags/episode_20260630_141759) by extension 'ignore_ament_install'
[0.785s] Level 1:colcon.colcon_core.package_identification:_identify(training_bags/episode_20260630_141759) by extensions ['colcon_pkg']
[0.785s] Level 1:colcon.colcon_core.package_identification:_identify(training_bags/episode_20260630_141759) by extension 'colcon_pkg'
[0.786s] Level 1:colcon.colcon_core.package_identification:_identify(training_bags/episode_20260630_141759) by extensions ['colcon_meta']
[0.786s] Level 1:colcon.colcon_core.package_identification:_identify(training_bags/episode_20260630_141759) by extension 'colcon_meta'
[0.786s] Level 1:colcon.colcon_core.package_identification:_identify(training_bags/episode_20260630_141759) by extensions ['ros']
[0.786s] Level 1:colcon.colcon_core.package_identification:_identify(training_bags/episode_20260630_141759) by extension 'ros'
[0.787s] Level 1:colcon.colcon_core.package_identification:_identify(training_bags/episode_20260630_141759) by extensions ['cmake', 'python']
[0.788s] Level 1:colcon.colcon_core.package_identification:_identify(training_bags/episode_20260630_141759) by extension 'cmake'
[0.789s] Level 1:colcon.colcon_core.package_identification:_identify(training_bags/episode_20260630_141759) by extension 'python'
[0.790s] Level 1:colcon.colcon_core.package_identification:_identify(training_bags/episode_20260630_141759) by extensions ['python_setup_py']
[0.790s] Level 1:colcon.colcon_core.package_identification:_identify(training_bags/episode_20260630_141759) by extension 'python_setup_py'
[0.790s] Level 1:colcon.colcon_core.package_identification:_identify(training_bags/episode_20260630_142737) by extensions ['ignore', 'ignore_ament_install']
[0.790s] Level 1:colcon.colcon_core.package_identification:_identify(training_bags/episode_20260630_142737) by extension 'ignore'
[0.791s] Level 1:colcon.colcon_core.package_identification:_identify(training_bags/episode_20260630_142737) by extension 'ignore_ament_install'
[0.791s] Level 1:colcon.colcon_core.package_identification:_identify(training_bags/episode_20260630_142737) by extensions ['colcon_pkg']
[0.791s] Level 1:colcon.colcon_core.package_identification:_identify(training_bags/episode_20260630_142737) by extension 'colcon_pkg'
[0.791s] Level 1:colcon.colcon_core.package_identification:_identify(training_bags/episode_20260630_142737) by extensions ['colcon_meta']
[0.791s] Level 1:colcon.colcon_core.package_identification:_identify(training_bags/episode_20260630_142737) by extension 'colcon_meta'
[0.791s] Level 1:colcon.colcon_core.package_identification:_identify(training_bags/episode_20260630_142737) by extensions ['ros']
[0.791s] Level 1:colcon.colcon_core.package_identification:_identify(training_bags/episode_20260630_142737) by extension 'ros'
[0.792s] Level 1:colcon.colcon_core.package_identification:_identify(training_bags/episode_20260630_142737) by extensions ['cmake', 'python']
[0.792s] Level 1:colcon.colcon_core.package_identification:_identify(training_bags/episode_20260630_142737) by extension 'cmake'
[0.792s] Level 1:colcon.colcon_core.package_identification:_identify(training_bags/episode_20260630_142737) by extension 'python'
[0.792s] Level 1:colcon.colcon_core.package_identification:_identify(training_bags/episode_20260630_142737) by extensions ['python_setup_py']
[0.792s] Level 1:colcon.colcon_core.package_identification:_identify(training_bags/episode_20260630_142737) by extension 'python_setup_py'
[0.793s] Level 1:colcon.colcon_core.package_identification:_identify(training_bags/training_episode_20260622_174229) by extensions ['ignore', 'ignore_ament_install']
[0.793s] Level 1:colcon.colcon_core.package_identification:_identify(training_bags/training_episode_20260622_174229) by extension 'ignore'
[0.793s] Level 1:colcon.colcon_core.package_identification:_identify(training_bags/training_episode_20260622_174229) by extension 'ignore_ament_install'
[0.793s] Level 1:colcon.colcon_core.package_identification:_identify(training_bags/training_episode_20260622_174229) by extensions ['colcon_pkg']
[0.794s] Level 1:colcon.colcon_core.package_identification:_identify(training_bags/training_episode_20260622_174229) by extension 'colcon_pkg'
[0.794s] Level 1:colcon.colcon_core.package_identification:_identify(training_bags/training_episode_20260622_174229) by extensions ['colcon_meta']
[0.794s] Level 1:colcon.colcon_core.package_identification:_identify(training_bags/training_episode_20260622_174229) by extension 'colcon_meta'
[0.794s] Level 1:colcon.colcon_core.package_identification:_identify(training_bags/training_episode_20260622_174229) by extensions ['ros']
[0.794s] Level 1:colcon.colcon_core.package_identification:_identify(training_bags/training_episode_20260622_174229) by extension 'ros'
[0.794s] Level 1:colcon.colcon_core.package_identification:_identify(training_bags/training_episode_20260622_174229) by extensions ['cmake', 'python']
[0.794s] Level 1:colcon.colcon_core.package_identification:_identify(training_bags/training_episode_20260622_174229) by extension 'cmake'
[0.795s] Level 1:colcon.colcon_core.package_identification:_identify(training_bags/training_episode_20260622_174229) by extension 'python'
[0.795s] Level 1:colcon.colcon_core.package_identification:_identify(training_bags/training_episode_20260622_174229) by extensions ['python_setup_py']
[0.795s] Level 1:colcon.colcon_core.package_identification:_identify(training_bags/training_episode_20260622_174229) by extension 'python_setup_py'
[0.795s] Level 1:colcon.colcon_core.package_identification:_identify(training_bags/training_episode_20260622_174330) by extensions ['ignore', 'ignore_ament_install']
[0.796s] Level 1:colcon.colcon_core.package_identification:_identify(training_bags/training_episode_20260622_174330) by extension 'ignore'
[0.796s] Level 1:colcon.colcon_core.package_identification:_identify(training_bags/training_episode_20260622_174330) by extension 'ignore_ament_install'
[0.796s] Level 1:colcon.colcon_core.package_identification:_identify(training_bags/training_episode_20260622_174330) by extensions ['colcon_pkg']
[0.796s] Level 1:colcon.colcon_core.package_identification:_identify(training_bags/training_episode_20260622_174330) by extension 'colcon_pkg'
[0.796s] Level 1:colcon.colcon_core.package_identification:_identify(training_bags/training_episode_20260622_174330) by extensions ['colcon_meta']
[0.796s] Level 1:colcon.colcon_core.package_identification:_identify(training_bags/training_episode_20260622_174330) by extension 'colcon_meta'
[0.797s] Level 1:colcon.colcon_core.package_identification:_identify(training_bags/training_episode_20260622_174330) by extensions ['ros']
[0.797s] Level 1:colcon.colcon_core.package_identification:_identify(training_bags/training_episode_20260622_174330) by extension 'ros'
[0.797s] Level 1:colcon.colcon_core.package_identification:_identify(training_bags/training_episode_20260622_174330) by extensions ['cmake', 'python']
[0.797s] Level 1:colcon.colcon_core.package_identification:_identify(training_bags/training_episode_20260622_174330) by extension 'cmake'
[0.797s] Level 1:colcon.colcon_core.package_identification:_identify(training_bags/training_episode_20260622_174330) by extension 'python'
[0.797s] Level 1:colcon.colcon_core.package_identification:_identify(training_bags/training_episode_20260622_174330) by extensions ['python_setup_py']
[0.798s] Level 1:colcon.colcon_core.package_identification:_identify(training_bags/training_episode_20260622_174330) by extension 'python_setup_py'
[0.798s] Level 1:colcon.colcon_core.package_identification:_identify(venv) by extensions ['ignore', 'ignore_ament_install']
[0.798s] Level 1:colcon.colcon_core.package_identification:_identify(venv) by extension 'ignore'
[0.798s] Level 1:colcon.colcon_core.package_identification:_identify(venv) ignored
[0.799s] Level 1:colcon.colcon_core.package_discovery:discover_packages(recursive) using defaults
[0.799s] Level 1:colcon.colcon_core.package_discovery:discover_packages(ignore) discover
[0.799s] Level 1:colcon.colcon_core.package_discovery:discover_packages(ignore) using defaults
[0.799s] Level 1:colcon.colcon_core.package_discovery:discover_packages(path) discover
[0.799s] Level 1:colcon.colcon_core.package_discovery:discover_packages(path) using defaults
[0.843s] Level 1:colcon.colcon_core.package_discovery:discover_packages(prefix_path) check parameters
[0.844s] Level 1:colcon.colcon_core.package_discovery:discover_packages(prefix_path) discover
[0.849s] DEBUG:colcon.colcon_installed_package_information.package_discovery:Found 1 installed packages in /home/connor/robotics_projects/surgical-arm-ros2/install
[0.853s] DEBUG:colcon.colcon_installed_package_information.package_discovery:Found 288 installed packages in /opt/ros/jazzy
[0.855s] Level 1:colcon.colcon_core.package_discovery:discover_packages(prefix_path) using defaults
[0.960s] Level 5:colcon.colcon_core.verb:set package 'arm_control' build argument 'cmake_args' from command line to 'None'
[0.960s] Level 5:colcon.colcon_core.verb:set package 'arm_control' build argument 'cmake_target' from command line to 'None'
[0.961s] Level 5:colcon.colcon_core.verb:set package 'arm_control' build argument 'cmake_target_skip_unavailable' from command line to 'False'
[0.961s] Level 5:colcon.colcon_core.verb:set package 'arm_control' build argument 'cmake_clean_cache' from command line to 'False'
[0.961s] Level 5:colcon.colcon_core.verb:set package 'arm_control' build argument 'cmake_clean_first' from command line to 'False'
[0.961s] Level 5:colcon.colcon_core.verb:set package 'arm_control' build argument 'cmake_force_configure' from command line to 'False'
[0.962s] Level 5:colcon.colcon_core.verb:set package 'arm_control' build argument 'ament_cmake_args' from command line to 'None'
[0.962s] Level 5:colcon.colcon_core.verb:set package 'arm_control' build argument 'catkin_cmake_args' from command line to 'None'
[0.962s] Level 5:colcon.colcon_core.verb:set package 'arm_control' build argument 'catkin_skip_building_tests' from command line to 'False'
[0.962s] DEBUG:colcon.colcon_core.verb:Building package 'arm_control' with the following arguments: {'ament_cmake_args': None, 'build_base': '/home/connor/robotics_projects/surgical-arm-ros2/build/arm_control', 'catkin_cmake_args': None, 'catkin_skip_building_tests': False, 'cmake_args': None, 'cmake_clean_cache': False, 'cmake_clean_first': False, 'cmake_force_configure': False, 'cmake_target': None, 'cmake_target_skip_unavailable': False, 'install_base': '/home/connor/robotics_projects/surgical-arm-ros2/install/arm_control', 'merge_install': False, 'path': '/home/connor/robotics_projects/surgical-arm-ros2/src/arm_control', 'symlink_install': False, 'test_result_base': None}
[0.962s] INFO:colcon.colcon_core.executor:Executing jobs using 'parallel' executor
[0.965s] DEBUG:colcon.colcon_parallel_executor.executor.parallel:run_until_complete
[0.967s] INFO:colcon.colcon_ros.task.ament_python.build:Building ROS package in '/home/connor/robotics_projects/surgical-arm-ros2/src/arm_control' with build type 'ament_python'
[0.968s] Level 1:colcon.colcon_core.shell:create_environment_hook('arm_control', 'ament_prefix_path')
[0.976s] INFO:colcon.colcon_core.plugin_system:Skipping extension 'colcon_core.shell.bat': Not used on non-Windows systems
[0.978s] INFO:colcon.colcon_core.shell:Creating environment hook '/home/connor/robotics_projects/surgical-arm-ros2/install/arm_control/share/arm_control/hook/ament_prefix_path.ps1'
[0.980s] INFO:colcon.colcon_core.shell:Creating environment descriptor '/home/connor/robotics_projects/surgical-arm-ros2/install/arm_control/share/arm_control/hook/ament_prefix_path.dsv'
[0.984s] INFO:colcon.colcon_core.shell:Creating environment hook '/home/connor/robotics_projects/surgical-arm-ros2/install/arm_control/share/arm_control/hook/ament_prefix_path.sh'
[0.987s] INFO:colcon.colcon_core.shell:Skip shell extension 'powershell' for command environment: Not usable outside of PowerShell
[0.987s] DEBUG:colcon.colcon_core.shell:Skip shell extension 'dsv' for command environment
[1.662s] INFO:colcon.colcon_core.task.python.build:Building Python package in '/home/connor/robotics_projects/surgical-arm-ros2/src/arm_control'
[1.662s] INFO:colcon.colcon_core.shell:Skip shell extension 'powershell' for command environment: Not usable outside of PowerShell
[1.663s] DEBUG:colcon.colcon_core.shell:Skip shell extension 'dsv' for command environment
[3.109s] DEBUG:colcon.colcon_core.event_handler.log_command:Invoking command in '/home/connor/robotics_projects/surgical-arm-ros2/src/arm_control': PS1=(venv) PYTHONPATH=/home/connor/robotics_projects/surgical-arm-ros2/build/arm_control/prefix_override:/usr/lib/python3/dist-packages/colcon_core/task/python/colcon_distutils_commands:/home/connor/robotics_projects/surgical-arm-ros2/install/arm_control/lib/python3.12/site-packages:${PYTHONPATH} VIRTUAL_ENV_PROMPT=(venv) /usr/bin/python3 -W ignore:setup.py install is deprecated -W ignore:easy_install command is deprecated setup.py egg_info --egg-base ../../build/arm_control build --build-base /home/connor/robotics_projects/surgical-arm-ros2/build/arm_control/build install --record /home/connor/robotics_projects/surgical-arm-ros2/build/arm_control/install.log --single-version-externally-managed install_data
[4.489s] DEBUG:colcon.colcon_core.event_handler.log_command:Invoked command in '/home/connor/robotics_projects/surgical-arm-ros2/src/arm_control' returned '0': PS1=(venv) PYTHONPATH=/home/connor/robotics_projects/surgical-arm-ros2/build/arm_control/prefix_override:/usr/lib/python3/dist-packages/colcon_core/task/python/colcon_distutils_commands:/home/connor/robotics_projects/surgical-arm-ros2/install/arm_control/lib/python3.12/site-packages:${PYTHONPATH} VIRTUAL_ENV_PROMPT=(venv) /usr/bin/python3 -W ignore:setup.py install is deprecated -W ignore:easy_install command is deprecated setup.py egg_info --egg-base ../../build/arm_control build --build-base /home/connor/robotics_projects/surgical-arm-ros2/build/arm_control/build install --record /home/connor/robotics_projects/surgical-arm-ros2/build/arm_control/install.log --single-version-externally-managed install_data
[4.498s] Level 1:colcon.colcon_core.environment:checking '/home/connor/robotics_projects/surgical-arm-ros2/install/arm_control' for CMake module files
[4.500s] Level 1:colcon.colcon_core.environment:checking '/home/connor/robotics_projects/surgical-arm-ros2/install/arm_control' for CMake config files
[4.502s] Level 1:colcon.colcon_core.environment:checking '/home/connor/robotics_projects/surgical-arm-ros2/install/arm_control/lib'
[4.502s] Level 1:colcon.colcon_core.environment:checking '/home/connor/robotics_projects/surgical-arm-ros2/install/arm_control/bin'
[4.503s] Level 1:colcon.colcon_core.environment:checking '/home/connor/robotics_projects/surgical-arm-ros2/install/arm_control/lib/pkgconfig/arm_control.pc'
[4.503s] Level 1:colcon.colcon_core.environment:checking '/home/connor/robotics_projects/surgical-arm-ros2/install/arm_control/lib/python3.12/site-packages'
[4.503s] Level 1:colcon.colcon_core.shell:create_environment_hook('arm_control', 'pythonpath')
[4.504s] INFO:colcon.colcon_core.shell:Creating environment hook '/home/connor/robotics_projects/surgical-arm-ros2/install/arm_control/share/arm_control/hook/pythonpath.ps1'
[4.507s] INFO:colcon.colcon_core.shell:Creating environment descriptor '/home/connor/robotics_projects/surgical-arm-ros2/install/arm_control/share/arm_control/hook/pythonpath.dsv'
[4.510s] INFO:colcon.colcon_core.shell:Creating environment hook '/home/connor/robotics_projects/surgical-arm-ros2/install/arm_control/share/arm_control/hook/pythonpath.sh'
[4.516s] Level 1:colcon.colcon_core.environment:checking '/home/connor/robotics_projects/surgical-arm-ros2/install/arm_control/bin'
[4.517s] Level 1:colcon.colcon_core.environment:create_environment_scripts_only(arm_control)
[4.517s] INFO:colcon.colcon_core.shell:Creating package script '/home/connor/robotics_projects/surgical-arm-ros2/install/arm_control/share/arm_control/package.ps1'
[4.520s] INFO:colcon.colcon_core.shell:Creating package descriptor '/home/connor/robotics_projects/surgical-arm-ros2/install/arm_control/share/arm_control/package.dsv'
[4.522s] INFO:colcon.colcon_core.shell:Creating package script '/home/connor/robotics_projects/surgical-arm-ros2/install/arm_control/share/arm_control/package.sh'
[4.525s] INFO:colcon.colcon_core.shell:Creating package script '/home/connor/robotics_projects/surgical-arm-ros2/install/arm_control/share/arm_control/package.bash'
[4.527s] INFO:colcon.colcon_core.shell:Creating package script '/home/connor/robotics_projects/surgical-arm-ros2/install/arm_control/share/arm_control/package.zsh'
[4.529s] Level 1:colcon.colcon_core.environment:create_file_with_runtime_dependencies(/home/connor/robotics_projects/surgical-arm-ros2/install/arm_control/share/colcon-core/packages/arm_control)
[4.531s] DEBUG:colcon.colcon_parallel_executor.executor.parallel:closing loop
[4.533s] DEBUG:colcon.colcon_parallel_executor.executor.parallel:loop closed
[4.534s] DEBUG:colcon.colcon_parallel_executor.executor.parallel:run_until_complete finished with '0'
[4.534s] DEBUG:colcon.colcon_core.event_reactor:joining thread
[4.685s] INFO:colcon.colcon_core.plugin_system:Skipping extension 'colcon_notification.desktop_notification.notify_send': Could not find 'notify-send'
[4.685s] INFO:colcon.colcon_core.plugin_system:Skipping extension 'colcon_notification.desktop_notification.terminal_notifier': Not used on non-Darwin systems
[4.686s] INFO:colcon.colcon_core.plugin_system:Skipping extension 'colcon_notification.desktop_notification.win32': Not used on non-Windows systems
[4.686s] INFO:colcon.colcon_notification.desktop_notification:Sending desktop notification using 'notify2'
[4.689s] DEBUG:colcon.colcon_notification.desktop_notification.notify2:Failed to initialize notify2: org.freedesktop.DBus.Error.ServiceUnknown: The name org.freedesktop.Notifications was not provided by any .service files
[4.690s] DEBUG:colcon.colcon_core.event_reactor:joined thread
[4.690s] INFO:colcon.colcon_core.shell:Creating prefix script '/home/connor/robotics_projects/surgical-arm-ros2/install/local_setup.ps1'
[4.692s] INFO:colcon.colcon_core.shell:Creating prefix util module '/home/connor/robotics_projects/surgical-arm-ros2/install/_local_setup_util_ps1.py'
[4.695s] INFO:colcon.colcon_core.shell:Creating prefix chain script '/home/connor/robotics_projects/surgical-arm-ros2/install/setup.ps1'
[4.697s] INFO:colcon.colcon_core.shell:Creating prefix script '/home/connor/robotics_projects/surgical-arm-ros2/install/local_setup.sh'
[4.698s] INFO:colcon.colcon_core.shell:Creating prefix util module '/home/connor/robotics_projects/surgical-arm-ros2/install/_local_setup_util_sh.py'
[4.699s] INFO:colcon.colcon_core.shell:Creating prefix chain script '/home/connor/robotics_projects/surgical-arm-ros2/install/setup.sh'
[4.700s] INFO:colcon.colcon_core.shell:Creating prefix script '/home/connor/robotics_projects/surgical-arm-ros2/install/local_setup.bash'
[4.701s] INFO:colcon.colcon_core.shell:Creating prefix chain script '/home/connor/robotics_projects/surgical-arm-ros2/install/setup.bash'
[4.703s] INFO:colcon.colcon_core.shell:Creating prefix script '/home/connor/robotics_projects/surgical-arm-ros2/install/local_setup.zsh'
[4.705s] INFO:colcon.colcon_core.shell:Creating prefix chain script '/home/connor/robotics_projects/surgical-arm-ros2/install/setup.zsh'
